[0.007s] Invoking command in '/home/yuzhench/Desktop/Intership/smart_arm/arm_sim_ws/src/build/movit_robot_arm_sim': AMENT_PREFIX_PATH=/home/yuzhench/Desktop/Intership/smart_arm/arm_sim_ws/src/install/arm_sim_pkg:${AMENT_PREFIX_PATH} CMAKE_PREFIX_PATH=/home/yuzhench/Desktop/Intership/smart_arm/arm_sim_ws/src/install/arm_sim_pkg:/opt/ros/humble LD_LIBRARY_PATH=/home/yuzhench/Desktop/Intership/smart_arm/arm_sim_ws/src/install/arm_sim_pkg/lib:${LD_LIBRARY_PATH} /usr/bin/cmake /home/yuzhench/Desktop/Intership/smart_arm/arm_sim_ws/src/movit_robot_arm_sim -DAMENT_CMAKE_SYMLINK_INSTALL=1 -DCMAKE_INSTALL_PREFIX=/home/yuzhench/Desktop/Intership/smart_arm/arm_sim_ws/src/install/movit_robot_arm_sim
[0.052s] -- The C compiler identification is GNU 11.4.0
[0.093s] -- The CXX compiler identification is GNU 11.4.0
[0.102s] -- Detecting C compiler ABI info
[0.166s] -- Detecting C compiler ABI info - done
[0.170s] -- Check for working C compiler: /usr/bin/cc - skipped
[0.170s] -- Detecting C compile features
[0.171s] -- Detecting C compile features - done
[0.172s] -- Detecting CXX compiler ABI info
[0.239s] -- Detecting CXX compiler ABI info - done
[0.243s] -- Check for working CXX compiler: /usr/bin/c++ - skipped
[0.243s] -- Detecting CXX compile features
[0.243s] -- Detecting CXX compile features - done
[0.245s] -- Found ament_cmake: 1.3.12 (/opt/ros/humble/share/ament_cmake/cmake)
[0.345s] -- Found Python3: /usr/bin/python3 (found version "3.10.12") found components: Interpreter 
[0.385s] -- Override CMake install command with custom implementation using symlinks instead of copying resources
[0.474s] -- Configuring done
[0.479s] -- Generating done
[0.481s] -- Build files have been written to: /home/yuzhench/Desktop/Intership/smart_arm/arm_sim_ws/src/build/movit_robot_arm_sim
[0.488s] Invoked command in '/home/yuzhench/Desktop/Intership/smart_arm/arm_sim_ws/src/build/movit_robot_arm_sim' returned '0': AMENT_PREFIX_PATH=/home/yuzhench/Desktop/Intership/smart_arm/arm_sim_ws/src/install/arm_sim_pkg:${AMENT_PREFIX_PATH} CMAKE_PREFIX_PATH=/home/yuzhench/Desktop/Intership/smart_arm/arm_sim_ws/src/install/arm_sim_pkg:/opt/ros/humble LD_LIBRARY_PATH=/home/yuzhench/Desktop/Intership/smart_arm/arm_sim_ws/src/install/arm_sim_pkg/lib:${LD_LIBRARY_PATH} /usr/bin/cmake /home/yuzhench/Desktop/Intership/smart_arm/arm_sim_ws/src/movit_robot_arm_sim -DAMENT_CMAKE_SYMLINK_INSTALL=1 -DCMAKE_INSTALL_PREFIX=/home/yuzhench/Desktop/Intership/smart_arm/arm_sim_ws/src/install/movit_robot_arm_sim
[0.489s] Invoking command in '/home/yuzhench/Desktop/Intership/smart_arm/arm_sim_ws/src/build/movit_robot_arm_sim': AMENT_PREFIX_PATH=/home/yuzhench/Desktop/Intership/smart_arm/arm_sim_ws/src/install/arm_sim_pkg:${AMENT_PREFIX_PATH} CMAKE_PREFIX_PATH=/home/yuzhench/Desktop/Intership/smart_arm/arm_sim_ws/src/install/arm_sim_pkg:/opt/ros/humble LD_LIBRARY_PATH=/home/yuzhench/Desktop/Intership/smart_arm/arm_sim_ws/src/install/arm_sim_pkg/lib:${LD_LIBRARY_PATH} /usr/bin/cmake --build /home/yuzhench/Desktop/Intership/smart_arm/arm_sim_ws/src/build/movit_robot_arm_sim -- -j16 -l16
[0.522s] Invoked command in '/home/yuzhench/Desktop/Intership/smart_arm/arm_sim_ws/src/build/movit_robot_arm_sim' returned '0': AMENT_PREFIX_PATH=/home/yuzhench/Desktop/Intership/smart_arm/arm_sim_ws/src/install/arm_sim_pkg:${AMENT_PREFIX_PATH} CMAKE_PREFIX_PATH=/home/yuzhench/Desktop/Intership/smart_arm/arm_sim_ws/src/install/arm_sim_pkg:/opt/ros/humble LD_LIBRARY_PATH=/home/yuzhench/Desktop/Intership/smart_arm/arm_sim_ws/src/install/arm_sim_pkg/lib:${LD_LIBRARY_PATH} /usr/bin/cmake --build /home/yuzhench/Desktop/Intership/smart_arm/arm_sim_ws/src/build/movit_robot_arm_sim -- -j16 -l16
[0.524s] Invoking command in '/home/yuzhench/Desktop/Intership/smart_arm/arm_sim_ws/src/build/movit_robot_arm_sim': AMENT_PREFIX_PATH=/home/yuzhench/Desktop/Intership/smart_arm/arm_sim_ws/src/install/arm_sim_pkg:${AMENT_PREFIX_PATH} CMAKE_PREFIX_PATH=/home/yuzhench/Desktop/Intership/smart_arm/arm_sim_ws/src/install/arm_sim_pkg:/opt/ros/humble LD_LIBRARY_PATH=/home/yuzhench/Desktop/Intership/smart_arm/arm_sim_ws/src/install/arm_sim_pkg/lib:${LD_LIBRARY_PATH} /usr/bin/cmake --install /home/yuzhench/Desktop/Intership/smart_arm/arm_sim_ws/src/build/movit_robot_arm_sim
[0.532s] -- Install configuration: ""
[0.532s] -- Execute custom install script
[0.532s] -- Symlinking: /home/yuzhench/Desktop/Intership/smart_arm/arm_sim_ws/src/install/movit_robot_arm_sim/share/ament_index/resource_index/package_run_dependencies/movit_robot_arm_sim
[0.540s] -- Symlinking: /home/yuzhench/Desktop/Intership/smart_arm/arm_sim_ws/src/install/movit_robot_arm_sim/share/ament_index/resource_index/parent_prefix_path/movit_robot_arm_sim
[0.547s] -- Symlinking: /home/yuzhench/Desktop/Intership/smart_arm/arm_sim_ws/src/install/movit_robot_arm_sim/share/movit_robot_arm_sim/environment/ament_prefix_path.sh
[0.554s] -- Symlinking: /home/yuzhench/Desktop/Intership/smart_arm/arm_sim_ws/src/install/movit_robot_arm_sim/share/movit_robot_arm_sim/environment/ament_prefix_path.dsv
[0.561s] -- Symlinking: /home/yuzhench/Desktop/Intership/smart_arm/arm_sim_ws/src/install/movit_robot_arm_sim/share/movit_robot_arm_sim/environment/path.sh
[0.568s] -- Symlinking: /home/yuzhench/Desktop/Intership/smart_arm/arm_sim_ws/src/install/movit_robot_arm_sim/share/movit_robot_arm_sim/environment/path.dsv
[0.576s] -- Symlinking: /home/yuzhench/Desktop/Intership/smart_arm/arm_sim_ws/src/install/movit_robot_arm_sim/share/movit_robot_arm_sim/local_setup.bash
[0.583s] -- Symlinking: /home/yuzhench/Desktop/Intership/smart_arm/arm_sim_ws/src/install/movit_robot_arm_sim/share/movit_robot_arm_sim/local_setup.sh
[0.589s] -- Symlinking: /home/yuzhench/Desktop/Intership/smart_arm/arm_sim_ws/src/install/movit_robot_arm_sim/share/movit_robot_arm_sim/local_setup.zsh
[0.596s] -- Symlinking: /home/yuzhench/Desktop/Intership/smart_arm/arm_sim_ws/src/install/movit_robot_arm_sim/share/movit_robot_arm_sim/local_setup.dsv
[0.604s] -- Symlinking: /home/yuzhench/Desktop/Intership/smart_arm/arm_sim_ws/src/install/movit_robot_arm_sim/share/movit_robot_arm_sim/package.dsv
[0.611s] -- Symlinking: /home/yuzhench/Desktop/Intership/smart_arm/arm_sim_ws/src/install/movit_robot_arm_sim/share/ament_index/resource_index/packages/movit_robot_arm_sim
[0.618s] -- Symlinking: /home/yuzhench/Desktop/Intership/smart_arm/arm_sim_ws/src/install/movit_robot_arm_sim/share/movit_robot_arm_sim/cmake/movit_robot_arm_simConfig.cmake
[0.625s] -- Symlinking: /home/yuzhench/Desktop/Intership/smart_arm/arm_sim_ws/src/install/movit_robot_arm_sim/share/movit_robot_arm_sim/cmake/movit_robot_arm_simConfig-version.cmake
[0.632s] -- Symlinking: /home/yuzhench/Desktop/Intership/smart_arm/arm_sim_ws/src/install/movit_robot_arm_sim/share/movit_robot_arm_sim/package.xml
[0.639s] -- Symlinking: /home/yuzhench/Desktop/Intership/smart_arm/arm_sim_ws/src/install/movit_robot_arm_sim/share/movit_robot_arm_sim/launch/demo.launch.py
[0.647s] -- Symlinking: /home/yuzhench/Desktop/Intership/smart_arm/arm_sim_ws/src/install/movit_robot_arm_sim/share/movit_robot_arm_sim/launch/move_group.launch.py
[0.655s] -- Symlinking: /home/yuzhench/Desktop/Intership/smart_arm/arm_sim_ws/src/install/movit_robot_arm_sim/share/movit_robot_arm_sim/launch/moveit_rviz.launch.py
[0.662s] -- Symlinking: /home/yuzhench/Desktop/Intership/smart_arm/arm_sim_ws/src/install/movit_robot_arm_sim/share/movit_robot_arm_sim/launch/rsp.launch.py
[0.669s] -- Symlinking: /home/yuzhench/Desktop/Intership/smart_arm/arm_sim_ws/src/install/movit_robot_arm_sim/share/movit_robot_arm_sim/launch/setup_assistant.launch.py
[0.677s] -- Symlinking: /home/yuzhench/Desktop/Intership/smart_arm/arm_sim_ws/src/install/movit_robot_arm_sim/share/movit_robot_arm_sim/launch/spawn_controllers.launch.py
[0.685s] -- Symlinking: /home/yuzhench/Desktop/Intership/smart_arm/arm_sim_ws/src/install/movit_robot_arm_sim/share/movit_robot_arm_sim/launch/static_virtual_joint_tfs.launch.py
[0.692s] -- Symlinking: /home/yuzhench/Desktop/Intership/smart_arm/arm_sim_ws/src/install/movit_robot_arm_sim/share/movit_robot_arm_sim/launch/warehouse_db.launch.py
[0.700s] -- Symlinking: /home/yuzhench/Desktop/Intership/smart_arm/arm_sim_ws/src/install/movit_robot_arm_sim/share/movit_robot_arm_sim/config/five_joint_arm.ros2_control.xacro
[0.707s] -- Symlinking: /home/yuzhench/Desktop/Intership/smart_arm/arm_sim_ws/src/install/movit_robot_arm_sim/share/movit_robot_arm_sim/config/five_joint_arm.srdf
[0.715s] -- Symlinking: /home/yuzhench/Desktop/Intership/smart_arm/arm_sim_ws/src/install/movit_robot_arm_sim/share/movit_robot_arm_sim/config/five_joint_arm.urdf.xacro
[0.722s] -- Symlinking: /home/yuzhench/Desktop/Intership/smart_arm/arm_sim_ws/src/install/movit_robot_arm_sim/share/movit_robot_arm_sim/config/initial_positions.yaml
[0.729s] -- Symlinking: /home/yuzhench/Desktop/Intership/smart_arm/arm_sim_ws/src/install/movit_robot_arm_sim/share/movit_robot_arm_sim/config/joint_limits.yaml
[0.741s] -- Symlinking: /home/yuzhench/Desktop/Intership/smart_arm/arm_sim_ws/src/install/movit_robot_arm_sim/share/movit_robot_arm_sim/config/kinematics.yaml
[0.749s] -- Symlinking: /home/yuzhench/Desktop/Intership/smart_arm/arm_sim_ws/src/install/movit_robot_arm_sim/share/movit_robot_arm_sim/config/moveit.rviz
[0.758s] -- Symlinking: /home/yuzhench/Desktop/Intership/smart_arm/arm_sim_ws/src/install/movit_robot_arm_sim/share/movit_robot_arm_sim/config/pilz_cartesian_limits.yaml
[0.765s] -- Symlinking: /home/yuzhench/Desktop/Intership/smart_arm/arm_sim_ws/src/install/movit_robot_arm_sim/share/movit_robot_arm_sim/.setup_assistant
[0.777s] Invoked command in '/home/yuzhench/Desktop/Intership/smart_arm/arm_sim_ws/src/build/movit_robot_arm_sim' returned '0': AMENT_PREFIX_PATH=/home/yuzhench/Desktop/Intership/smart_arm/arm_sim_ws/src/install/arm_sim_pkg:${AMENT_PREFIX_PATH} CMAKE_PREFIX_PATH=/home/yuzhench/Desktop/Intership/smart_arm/arm_sim_ws/src/install/arm_sim_pkg:/opt/ros/humble LD_LIBRARY_PATH=/home/yuzhench/Desktop/Intership/smart_arm/arm_sim_ws/src/install/arm_sim_pkg/lib:${LD_LIBRARY_PATH} /usr/bin/cmake --install /home/yuzhench/Desktop/Intership/smart_arm/arm_sim_ws/src/build/movit_robot_arm_sim
