-- The C compiler identification is GNU 11.4.0
-- The CXX compiler identification is GNU 11.4.0
-- Detecting C compiler ABI info
-- Detecting C compiler ABI info - done
-- Check for working C compiler: /usr/bin/cc - skipped
-- Detecting C compile features
-- Detecting C compile features - done
-- Detecting CXX compiler ABI info
-- Detecting CXX compiler ABI info - done
-- Check for working CXX compiler: /usr/bin/c++ - skipped
-- Detecting CXX compile features
-- Detecting CXX compile features - done
-- Found ament_cmake: 1.3.12 (/opt/ros/humble/share/ament_cmake/cmake)
-- Found Python3: /usr/bin/python3 (found version "3.10.12") found components: Interpreter 
-- Override CMake install command with custom implementation using symlinks instead of copying resources
-- Found rclcpp: 16.0.14 (/opt/ros/humble/share/rclcpp/cmake)
-- Found rosidl_generator_c: 3.1.7 (/opt/ros/humble/share/rosidl_generator_c/cmake)
-- Found rosidl_adapter: 3.1.7 (/opt/ros/humble/share/rosidl_adapter/cmake)
-- Found rosidl_generator_cpp: 3.1.7 (/opt/ros/humble/share/rosidl_generator_cpp/cmake)
-- Using all available rosidl_typesupport_c: rosidl_typesupport_fastrtps_c;rosidl_typesupport_introspection_c
-- Using all available rosidl_typesupport_cpp: rosidl_typesupport_fastrtps_cpp;rosidl_typesupport_introspection_cpp
-- Found rmw_implementation_cmake: 6.1.2 (/opt/ros/humble/share/rmw_implementation_cmake/cmake)
-- Found rmw_fastrtps_cpp: 6.2.8 (/opt/ros/humble/share/rmw_fastrtps_cpp/cmake)
-- Found OpenSSL: /usr/lib/x86_64-linux-gnu/libcrypto.so (found version "3.0.2")  
-- Found FastRTPS: /opt/ros/humble/include  
-- Using RMW implementation 'rmw_fastrtps_cpp' as default
-- Looking for pthread.h
-- Looking for pthread.h - found
-- Performing Test CMAKE_HAVE_LIBC_PTHREAD
-- Performing Test CMAKE_HAVE_LIBC_PTHREAD - Success
-- Found Threads: TRUE  
-- Found geometry_msgs: 4.9.0 (/opt/ros/humble/share/geometry_msgs/cmake)
-- Found moveit_ros_planning_interface: 2.5.9 (/opt/ros/humble/share/moveit_ros_planning_interface/cmake)
-- Found Boost: /usr/lib/x86_64-linux-gnu/cmake/Boost-1.74.0/BoostConfig.cmake (found version "1.74.0") found components: date_time filesystem program_options system thread 
-- Found Boost: /usr/lib/x86_64-linux-gnu/cmake/Boost-1.74.0/BoostConfig.cmake (found version "1.74.0") found components: chrono date_time filesystem iostreams program_options regex serialization system thread 
-- Found parameter_traits: 0.5.0 (/opt/ros/humble/share/parameter_traits/cmake)
-- Found rclcpp_lifecycle: 16.0.14 (/opt/ros/humble/share/rclcpp_lifecycle/cmake)
-- Found Boost: /usr/lib/x86_64-linux-gnu/cmake/Boost-1.74.0/BoostConfig.cmake (found version "1.74.0") found components: filesystem 
-- library: /usr/lib/x86_64-linux-gnu/libcurl.so
-- Found Eigen3: TRUE (found version "3.4.0") 
-- Ensuring Eigen3 include directory is part of orocos-kdl CMake target
-- Found Boost: /usr/lib/x86_64-linux-gnu/cmake/Boost-1.74.0/BoostConfig.cmake (found version "1.74.0") found components: system filesystem date_time program_options thread chrono 
-- Found Boost: /usr/lib/x86_64-linux-gnu/cmake/Boost-1.74.0/BoostConfig.cmake (found version "1.74.0") found components: thread system filesystem regex date_time program_options 
-- Found Boost: /usr/lib/x86_64-linux-gnu/cmake/Boost-1.74.0/BoostConfig.cmake (found version "1.74.0") found components: system filesystem date_time program_options thread 
-- Found ament_lint_auto: 0.12.14 (/opt/ros/humble/share/ament_lint_auto/cmake)
-- Added test 'cppcheck' to perform static code analysis on C / C++ code
-- Configured cppcheck include dirs: 
-- Configured cppcheck exclude dirs and/or files: 
-- Added test 'flake8' to check Python code syntax and style conventions
-- Added test 'lint_cmake' to check CMake code style
-- Added test 'pep257' to check Python code against some of the docstring style conventions in PEP 257
-- Added test 'uncrustify' to check C / C++ code style
-- Configured uncrustify additional arguments: 
-- Added test 'xmllint' to check XML markup files
-- Configuring done
-- Generating done
-- Build files have been written to: /home/yuzhench/Desktop/Intership/smart_arm/arm_sim_ws/build/traj_demo
[ 50%] [32mBuilding CXX object CMakeFiles/plan_once.dir/src/plan_once.cpp.o[0m
[100%] [32m[1mLinking CXX executable plan_once[0m
[100%] Built target plan_once
-- Install configuration: ""
-- Execute custom install script
-- Symlinking: /home/yuzhench/Desktop/Intership/smart_arm/arm_sim_ws/install/traj_demo/lib/traj_demo/plan_once
-- Symlinking: /home/yuzhench/Desktop/Intership/smart_arm/arm_sim_ws/install/traj_demo/share/traj_demo/launch/plan_once.launch.py
-- Symlinking: /home/yuzhench/Desktop/Intership/smart_arm/arm_sim_ws/install/traj_demo/share/ament_index/resource_index/package_run_dependencies/traj_demo
-- Symlinking: /home/yuzhench/Desktop/Intership/smart_arm/arm_sim_ws/install/traj_demo/share/ament_index/resource_index/parent_prefix_path/traj_demo
-- Symlinking: /home/yuzhench/Desktop/Intership/smart_arm/arm_sim_ws/install/traj_demo/share/traj_demo/environment/ament_prefix_path.sh
-- Symlinking: /home/yuzhench/Desktop/Intership/smart_arm/arm_sim_ws/install/traj_demo/share/traj_demo/environment/ament_prefix_path.dsv
-- Symlinking: /home/yuzhench/Desktop/Intership/smart_arm/arm_sim_ws/install/traj_demo/share/traj_demo/environment/path.sh
-- Symlinking: /home/yuzhench/Desktop/Intership/smart_arm/arm_sim_ws/install/traj_demo/share/traj_demo/environment/path.dsv
-- Symlinking: /home/yuzhench/Desktop/Intership/smart_arm/arm_sim_ws/install/traj_demo/share/traj_demo/local_setup.bash
-- Symlinking: /home/yuzhench/Desktop/Intership/smart_arm/arm_sim_ws/install/traj_demo/share/traj_demo/local_setup.sh
-- Symlinking: /home/yuzhench/Desktop/Intership/smart_arm/arm_sim_ws/install/traj_demo/share/traj_demo/local_setup.zsh
-- Symlinking: /home/yuzhench/Desktop/Intership/smart_arm/arm_sim_ws/install/traj_demo/share/traj_demo/local_setup.dsv
-- Symlinking: /home/yuzhench/Desktop/Intership/smart_arm/arm_sim_ws/install/traj_demo/share/traj_demo/package.dsv
-- Symlinking: /home/yuzhench/Desktop/Intership/smart_arm/arm_sim_ws/install/traj_demo/share/ament_index/resource_index/packages/traj_demo
-- Symlinking: /home/yuzhench/Desktop/Intership/smart_arm/arm_sim_ws/install/traj_demo/share/traj_demo/cmake/traj_demoConfig.cmake
-- Symlinking: /home/yuzhench/Desktop/Intership/smart_arm/arm_sim_ws/install/traj_demo/share/traj_demo/cmake/traj_demoConfig-version.cmake
-- Symlinking: /home/yuzhench/Desktop/Intership/smart_arm/arm_sim_ws/install/traj_demo/share/traj_demo/package.xml
