[0.008s] Invoking command in '/home/yuzhench/Desktop/Intership/smart_arm/arm_sim_ws/build/arm_sim_pkg': CMAKE_PREFIX_PATH=${CMAKE_PREFIX_PATH}:/opt/ros/humble /usr/bin/cmake /home/yuzhench/Desktop/Intership/smart_arm/arm_sim_ws/src/arm_sim_pkg -DAMENT_CMAKE_SYMLINK_INSTALL=1 -DCMAKE_INSTALL_PREFIX=/home/yuzhench/Desktop/Intership/smart_arm/arm_sim_ws/install/arm_sim_pkg
[0.062s] -- The C compiler identification is GNU 11.4.0
[0.108s] -- The CXX compiler identification is GNU 11.4.0
[0.121s] -- Detecting C compiler ABI info
[0.198s] -- Detecting C compiler ABI info - done
[0.209s] -- Check for working C compiler: /usr/bin/cc - skipped
[0.210s] -- Detecting C compile features
[0.211s] -- Detecting C compile features - done
[0.217s] -- Detecting CXX compiler ABI info
[0.287s] -- Detecting CXX compiler ABI info - done
[0.299s] -- Check for working CXX compiler: /usr/bin/c++ - skipped
[0.300s] -- Detecting CXX compile features
[0.301s] -- Detecting CXX compile features - done
[0.304s] -- Found ament_cmake: 1.3.12 (/opt/ros/humble/share/ament_cmake/cmake)
[0.409s] -- Found Python3: /usr/bin/python3 (found version "3.10.12") found components: Interpreter 
[0.451s] -- Override CMake install command with custom implementation using symlinks instead of copying resources
[0.489s] -- Found ament_lint_auto: 0.12.14 (/opt/ros/humble/share/ament_lint_auto/cmake)
[0.554s] -- Added test 'flake8' to check Python code syntax and style conventions
[0.555s] -- Added test 'lint_cmake' to check CMake code style
[0.556s] -- Added test 'pep257' to check Python code against some of the docstring style conventions in PEP 257
[0.558s] -- Added test 'xmllint' to check XML markup files
[0.561s] -- Configuring done
[0.567s] -- Generating done
[0.570s] -- Build files have been written to: /home/yuzhench/Desktop/Intership/smart_arm/arm_sim_ws/build/arm_sim_pkg
[0.578s] Invoked command in '/home/yuzhench/Desktop/Intership/smart_arm/arm_sim_ws/build/arm_sim_pkg' returned '0': CMAKE_PREFIX_PATH=${CMAKE_PREFIX_PATH}:/opt/ros/humble /usr/bin/cmake /home/yuzhench/Desktop/Intership/smart_arm/arm_sim_ws/src/arm_sim_pkg -DAMENT_CMAKE_SYMLINK_INSTALL=1 -DCMAKE_INSTALL_PREFIX=/home/yuzhench/Desktop/Intership/smart_arm/arm_sim_ws/install/arm_sim_pkg
[0.579s] Invoking command in '/home/yuzhench/Desktop/Intership/smart_arm/arm_sim_ws/build/arm_sim_pkg': CMAKE_PREFIX_PATH=${CMAKE_PREFIX_PATH}:/opt/ros/humble /usr/bin/cmake --build /home/yuzhench/Desktop/Intership/smart_arm/arm_sim_ws/build/arm_sim_pkg -- -j16 -l16
[0.613s] Invoked command in '/home/yuzhench/Desktop/Intership/smart_arm/arm_sim_ws/build/arm_sim_pkg' returned '0': CMAKE_PREFIX_PATH=${CMAKE_PREFIX_PATH}:/opt/ros/humble /usr/bin/cmake --build /home/yuzhench/Desktop/Intership/smart_arm/arm_sim_ws/build/arm_sim_pkg -- -j16 -l16
[0.622s] Invoking command in '/home/yuzhench/Desktop/Intership/smart_arm/arm_sim_ws/build/arm_sim_pkg': CMAKE_PREFIX_PATH=${CMAKE_PREFIX_PATH}:/opt/ros/humble /usr/bin/cmake --install /home/yuzhench/Desktop/Intership/smart_arm/arm_sim_ws/build/arm_sim_pkg
[0.627s] -- Install configuration: ""
[0.628s] -- Execute custom install script
[0.628s] -- Symlinking: /home/yuzhench/Desktop/Intership/smart_arm/arm_sim_ws/install/arm_sim_pkg/share/arm_sim_pkg/launch/display.launch.py
[0.635s] -- Symlinking: /home/yuzhench/Desktop/Intership/smart_arm/arm_sim_ws/install/arm_sim_pkg/share/arm_sim_pkg/urdf/simple_arm.xacro
[0.642s] -- Symlinking: /home/yuzhench/Desktop/Intership/smart_arm/arm_sim_ws/install/arm_sim_pkg/share/ament_index/resource_index/package_run_dependencies/arm_sim_pkg
[0.648s] -- Symlinking: /home/yuzhench/Desktop/Intership/smart_arm/arm_sim_ws/install/arm_sim_pkg/share/ament_index/resource_index/parent_prefix_path/arm_sim_pkg
[0.655s] -- Symlinking: /home/yuzhench/Desktop/Intership/smart_arm/arm_sim_ws/install/arm_sim_pkg/share/arm_sim_pkg/environment/ament_prefix_path.sh
[0.663s] -- Symlinking: /home/yuzhench/Desktop/Intership/smart_arm/arm_sim_ws/install/arm_sim_pkg/share/arm_sim_pkg/environment/ament_prefix_path.dsv
[0.670s] -- Symlinking: /home/yuzhench/Desktop/Intership/smart_arm/arm_sim_ws/install/arm_sim_pkg/share/arm_sim_pkg/environment/path.sh
[0.679s] -- Symlinking: /home/yuzhench/Desktop/Intership/smart_arm/arm_sim_ws/install/arm_sim_pkg/share/arm_sim_pkg/environment/path.dsv
[0.685s] -- Symlinking: /home/yuzhench/Desktop/Intership/smart_arm/arm_sim_ws/install/arm_sim_pkg/share/arm_sim_pkg/local_setup.bash
[0.692s] -- Symlinking: /home/yuzhench/Desktop/Intership/smart_arm/arm_sim_ws/install/arm_sim_pkg/share/arm_sim_pkg/local_setup.sh
[0.698s] -- Symlinking: /home/yuzhench/Desktop/Intership/smart_arm/arm_sim_ws/install/arm_sim_pkg/share/arm_sim_pkg/local_setup.zsh
[0.705s] -- Symlinking: /home/yuzhench/Desktop/Intership/smart_arm/arm_sim_ws/install/arm_sim_pkg/share/arm_sim_pkg/local_setup.dsv
[0.711s] -- Symlinking: /home/yuzhench/Desktop/Intership/smart_arm/arm_sim_ws/install/arm_sim_pkg/share/arm_sim_pkg/package.dsv
[0.719s] -- Symlinking: /home/yuzhench/Desktop/Intership/smart_arm/arm_sim_ws/install/arm_sim_pkg/share/ament_index/resource_index/packages/arm_sim_pkg
[0.726s] -- Symlinking: /home/yuzhench/Desktop/Intership/smart_arm/arm_sim_ws/install/arm_sim_pkg/share/arm_sim_pkg/cmake/arm_sim_pkgConfig.cmake
[0.734s] -- Symlinking: /home/yuzhench/Desktop/Intership/smart_arm/arm_sim_ws/install/arm_sim_pkg/share/arm_sim_pkg/cmake/arm_sim_pkgConfig-version.cmake
[0.742s] -- Symlinking: /home/yuzhench/Desktop/Intership/smart_arm/arm_sim_ws/install/arm_sim_pkg/share/arm_sim_pkg/package.xml
[0.750s] Invoked command in '/home/yuzhench/Desktop/Intership/smart_arm/arm_sim_ws/build/arm_sim_pkg' returned '0': CMAKE_PREFIX_PATH=${CMAKE_PREFIX_PATH}:/opt/ros/humble /usr/bin/cmake --install /home/yuzhench/Desktop/Intership/smart_arm/arm_sim_ws/build/arm_sim_pkg
