-- The C compiler identification is GNU 11.4.0
-- The CXX compiler identification is GNU 11.4.0
-- Detecting C compiler ABI info
-- Detecting C compiler ABI info - done
-- Check for working C compiler: /usr/bin/cc - skipped
-- Detecting C compile features
-- Detecting C compile features - done
-- Detecting CXX compiler ABI info
-- Detecting CXX compiler ABI info - done
-- Check for working CXX compiler: /usr/bin/c++ - skipped
-- Detecting CXX compile features
-- Detecting CXX compile features - done
-- Found ament_cmake: 1.3.12 (/opt/ros/humble/share/ament_cmake/cmake)
-- Found Python3: /usr/bin/python3 (found version "3.10.12") found components: Interpreter 
-- Override CMake install command with custom implementation using symlinks instead of copying resources
-- Found moveit_ros_move_group: 2.5.9 (/opt/ros/humble/share/moveit_ros_move_group/cmake)
-- Found Boost: /usr/lib/x86_64-linux-gnu/cmake/Boost-1.74.0/BoostConfig.cmake (found version "1.74.0") found components: system filesystem date_time program_options thread 
-- Found rosidl_generator_c: 3.1.7 (/opt/ros/humble/share/rosidl_generator_c/cmake)
-- Found rosidl_adapter: 3.1.7 (/opt/ros/humble/share/rosidl_adapter/cmake)
-- Found rosidl_generator_cpp: 3.1.7 (/opt/ros/humble/share/rosidl_generator_cpp/cmake)
-- Using all available rosidl_typesupport_c: rosidl_typesupport_fastrtps_c;rosidl_typesupport_introspection_c
-- Using all available rosidl_typesupport_cpp: rosidl_typesupport_fastrtps_cpp;rosidl_typesupport_introspection_cpp
-- Found rmw_implementation_cmake: 6.1.2 (/opt/ros/humble/share/rmw_implementation_cmake/cmake)
-- Found rmw_fastrtps_cpp: 6.2.8 (/opt/ros/humble/share/rmw_fastrtps_cpp/cmake)
-- Found OpenSSL: /usr/lib/x86_64-linux-gnu/libcrypto.so (found version "3.0.2")  
-- Found FastRTPS: /opt/ros/humble/include  
-- Using RMW implementation 'rmw_fastrtps_cpp' as default
-- Found Threads: TRUE  
-- Found eigen3_cmake_module: 0.1.1 (/opt/ros/humble/share/eigen3_cmake_module/cmake)
-- Found Eigen3: TRUE (found version "3.4.0") 
-- Ensuring Eigen3 include directory is part of orocos-kdl CMake target
-- Found Boost: /usr/lib/x86_64-linux-gnu/cmake/Boost-1.74.0/BoostConfig.cmake (found version "1.74.0") found components: chrono date_time filesystem iostreams program_options regex serialization system thread 
-- Found parameter_traits: 0.5.0 (/opt/ros/humble/share/parameter_traits/cmake)
-- Found rclcpp_lifecycle: 16.0.14 (/opt/ros/humble/share/rclcpp_lifecycle/cmake)
-- Found Boost: /usr/lib/x86_64-linux-gnu/cmake/Boost-1.74.0/BoostConfig.cmake (found version "1.74.0") found components: filesystem 
-- library: /usr/lib/x86_64-linux-gnu/libcurl.so
-- Found Boost: /usr/lib/x86_64-linux-gnu/cmake/Boost-1.74.0/BoostConfig.cmake (found version "1.74.0") found components: system filesystem date_time program_options thread chrono 
-- Found moveit_ros_planning_interface: 2.5.9 (/opt/ros/humble/share/moveit_ros_planning_interface/cmake)
-- Found Boost: /usr/lib/x86_64-linux-gnu/cmake/Boost-1.74.0/BoostConfig.cmake (found version "1.74.0") found components: date_time filesystem program_options system thread 
-- Found Boost: /usr/lib/x86_64-linux-gnu/cmake/Boost-1.74.0/BoostConfig.cmake (found version "1.74.0") found components: thread system filesystem regex date_time program_options 
-- Found ament_lint_auto: 0.12.14 (/opt/ros/humble/share/ament_lint_auto/cmake)
-- Added test 'lint_cmake' to check CMake code style
-- Added test 'xmllint' to check XML markup files
-- Configuring done
-- Generating done
-- Build files have been written to: /home/yuzhench/Desktop/Intership/smart_arm/arm_sim_ws/src/build/my_arm_moveit_config
-- Install configuration: ""
-- Execute custom install script
-- Symlinking: /home/yuzhench/Desktop/Intership/smart_arm/arm_sim_ws/src/install/my_arm_moveit_config/share/ament_index/resource_index/package_run_dependencies/my_arm_moveit_config
-- Symlinking: /home/yuzhench/Desktop/Intership/smart_arm/arm_sim_ws/src/install/my_arm_moveit_config/share/ament_index/resource_index/parent_prefix_path/my_arm_moveit_config
-- Symlinking: /home/yuzhench/Desktop/Intership/smart_arm/arm_sim_ws/src/install/my_arm_moveit_config/share/my_arm_moveit_config/environment/ament_prefix_path.sh
-- Symlinking: /home/yuzhench/Desktop/Intership/smart_arm/arm_sim_ws/src/install/my_arm_moveit_config/share/my_arm_moveit_config/environment/ament_prefix_path.dsv
-- Symlinking: /home/yuzhench/Desktop/Intership/smart_arm/arm_sim_ws/src/install/my_arm_moveit_config/share/my_arm_moveit_config/environment/path.sh
-- Symlinking: /home/yuzhench/Desktop/Intership/smart_arm/arm_sim_ws/src/install/my_arm_moveit_config/share/my_arm_moveit_config/environment/path.dsv
-- Symlinking: /home/yuzhench/Desktop/Intership/smart_arm/arm_sim_ws/src/install/my_arm_moveit_config/share/my_arm_moveit_config/local_setup.bash
-- Symlinking: /home/yuzhench/Desktop/Intership/smart_arm/arm_sim_ws/src/install/my_arm_moveit_config/share/my_arm_moveit_config/local_setup.sh
-- Symlinking: /home/yuzhench/Desktop/Intership/smart_arm/arm_sim_ws/src/install/my_arm_moveit_config/share/my_arm_moveit_config/local_setup.zsh
-- Symlinking: /home/yuzhench/Desktop/Intership/smart_arm/arm_sim_ws/src/install/my_arm_moveit_config/share/my_arm_moveit_config/local_setup.dsv
-- Symlinking: /home/yuzhench/Desktop/Intership/smart_arm/arm_sim_ws/src/install/my_arm_moveit_config/share/my_arm_moveit_config/package.dsv
-- Symlinking: /home/yuzhench/Desktop/Intership/smart_arm/arm_sim_ws/src/install/my_arm_moveit_config/share/ament_index/resource_index/packages/my_arm_moveit_config
-- Symlinking: /home/yuzhench/Desktop/Intership/smart_arm/arm_sim_ws/src/install/my_arm_moveit_config/share/my_arm_moveit_config/cmake/my_arm_moveit_configConfig.cmake
-- Symlinking: /home/yuzhench/Desktop/Intership/smart_arm/arm_sim_ws/src/install/my_arm_moveit_config/share/my_arm_moveit_config/cmake/my_arm_moveit_configConfig-version.cmake
-- Symlinking: /home/yuzhench/Desktop/Intership/smart_arm/arm_sim_ws/src/install/my_arm_moveit_config/share/my_arm_moveit_config/package.xml
