[0.012s] Invoking command in '/home/yuzhench/Desktop/Intership/smart_arm/arm_sim_ws/build/movit_robot_arm_sim': CMAKE_PREFIX_PATH=/home/yuzhench/Desktop/Intership/smart_arm/arm_sim_ws/install/arm_sim_pkg:/home/yuzhench/Desktop/Intership/smart_arm/arm_sim_ws/install/traj_demo:/home/yuzhench/Desktop/Intership/smart_arm/arm_sim_ws/install/ros2_control_demo_example_7:/home/yuzhench/Desktop/Intership/smart_arm/arm_sim_ws/install/movit_robot_arm_sim:/home/yuzhench/Desktop/Intership/smart_arm/arm_sim_ws/install/robot_bringup:/opt/ros/humble LD_LIBRARY_PATH=/home/yuzhench/Desktop/Intership/smart_arm/arm_sim_ws/install/arm_sim_pkg/lib:/home/yuzhench/Desktop/Intership/smart_arm/arm_sim_ws/install/ros2_control_demo_example_7/lib:/opt/ros/humble/opt/rviz_ogre_vendor/lib:/opt/ros/humble/lib/x86_64-linux-gnu:/opt/ros/humble/lib /usr/bin/cmake /home/yuzhench/Desktop/Intership/smart_arm/arm_sim_ws/src/movit_robot_arm_sim -DAMENT_CMAKE_SYMLINK_INSTALL=1 -DCMAKE_INSTALL_PREFIX=/home/yuzhench/Desktop/Intership/smart_arm/arm_sim_ws/install/movit_robot_arm_sim
[0.053s] -- The C compiler identification is GNU 11.4.0
[0.093s] -- The CXX compiler identification is GNU 11.4.0
[0.098s] -- Detecting C compiler ABI info
[0.158s] -- Detecting C compiler ABI info - done
[0.162s] -- Check for working C compiler: /usr/bin/cc - skipped
[0.162s] -- Detecting C compile features
[0.163s] -- Detecting C compile features - done
[0.164s] -- Detecting CXX compiler ABI info
[0.229s] -- Detecting CXX compiler ABI info - done
[0.233s] -- Check for working CXX compiler: /usr/bin/c++ - skipped
[0.233s] -- Detecting CXX compile features
[0.233s] -- Detecting CXX compile features - done
[0.235s] -- Found ament_cmake: 1.3.12 (/opt/ros/humble/share/ament_cmake/cmake)
[0.339s] -- Found Python3: /usr/bin/python3 (found version "3.10.12") found components: Interpreter 
[0.382s] -- Override CMake install command with custom implementation using symlinks instead of copying resources
[0.476s] -- Configuring done
[0.481s] -- Generating done
[0.483s] -- Build files have been written to: /home/yuzhench/Desktop/Intership/smart_arm/arm_sim_ws/build/movit_robot_arm_sim
[0.489s] Invoked command in '/home/yuzhench/Desktop/Intership/smart_arm/arm_sim_ws/build/movit_robot_arm_sim' returned '0': CMAKE_PREFIX_PATH=/home/yuzhench/Desktop/Intership/smart_arm/arm_sim_ws/install/arm_sim_pkg:/home/yuzhench/Desktop/Intership/smart_arm/arm_sim_ws/install/traj_demo:/home/yuzhench/Desktop/Intership/smart_arm/arm_sim_ws/install/ros2_control_demo_example_7:/home/yuzhench/Desktop/Intership/smart_arm/arm_sim_ws/install/movit_robot_arm_sim:/home/yuzhench/Desktop/Intership/smart_arm/arm_sim_ws/install/robot_bringup:/opt/ros/humble LD_LIBRARY_PATH=/home/yuzhench/Desktop/Intership/smart_arm/arm_sim_ws/install/arm_sim_pkg/lib:/home/yuzhench/Desktop/Intership/smart_arm/arm_sim_ws/install/ros2_control_demo_example_7/lib:/opt/ros/humble/opt/rviz_ogre_vendor/lib:/opt/ros/humble/lib/x86_64-linux-gnu:/opt/ros/humble/lib /usr/bin/cmake /home/yuzhench/Desktop/Intership/smart_arm/arm_sim_ws/src/movit_robot_arm_sim -DAMENT_CMAKE_SYMLINK_INSTALL=1 -DCMAKE_INSTALL_PREFIX=/home/yuzhench/Desktop/Intership/smart_arm/arm_sim_ws/install/movit_robot_arm_sim
[0.491s] Invoking command in '/home/yuzhench/Desktop/Intership/smart_arm/arm_sim_ws/build/movit_robot_arm_sim': CMAKE_PREFIX_PATH=/home/yuzhench/Desktop/Intership/smart_arm/arm_sim_ws/install/arm_sim_pkg:/home/yuzhench/Desktop/Intership/smart_arm/arm_sim_ws/install/traj_demo:/home/yuzhench/Desktop/Intership/smart_arm/arm_sim_ws/install/ros2_control_demo_example_7:/home/yuzhench/Desktop/Intership/smart_arm/arm_sim_ws/install/movit_robot_arm_sim:/home/yuzhench/Desktop/Intership/smart_arm/arm_sim_ws/install/robot_bringup:/opt/ros/humble LD_LIBRARY_PATH=/home/yuzhench/Desktop/Intership/smart_arm/arm_sim_ws/install/arm_sim_pkg/lib:/home/yuzhench/Desktop/Intership/smart_arm/arm_sim_ws/install/ros2_control_demo_example_7/lib:/opt/ros/humble/opt/rviz_ogre_vendor/lib:/opt/ros/humble/lib/x86_64-linux-gnu:/opt/ros/humble/lib /usr/bin/cmake --build /home/yuzhench/Desktop/Intership/smart_arm/arm_sim_ws/build/movit_robot_arm_sim -- -j16 -l16
[0.527s] Invoked command in '/home/yuzhench/Desktop/Intership/smart_arm/arm_sim_ws/build/movit_robot_arm_sim' returned '0': CMAKE_PREFIX_PATH=/home/yuzhench/Desktop/Intership/smart_arm/arm_sim_ws/install/arm_sim_pkg:/home/yuzhench/Desktop/Intership/smart_arm/arm_sim_ws/install/traj_demo:/home/yuzhench/Desktop/Intership/smart_arm/arm_sim_ws/install/ros2_control_demo_example_7:/home/yuzhench/Desktop/Intership/smart_arm/arm_sim_ws/install/movit_robot_arm_sim:/home/yuzhench/Desktop/Intership/smart_arm/arm_sim_ws/install/robot_bringup:/opt/ros/humble LD_LIBRARY_PATH=/home/yuzhench/Desktop/Intership/smart_arm/arm_sim_ws/install/arm_sim_pkg/lib:/home/yuzhench/Desktop/Intership/smart_arm/arm_sim_ws/install/ros2_control_demo_example_7/lib:/opt/ros/humble/opt/rviz_ogre_vendor/lib:/opt/ros/humble/lib/x86_64-linux-gnu:/opt/ros/humble/lib /usr/bin/cmake --build /home/yuzhench/Desktop/Intership/smart_arm/arm_sim_ws/build/movit_robot_arm_sim -- -j16 -l16
[0.528s] Invoking command in '/home/yuzhench/Desktop/Intership/smart_arm/arm_sim_ws/build/movit_robot_arm_sim': CMAKE_PREFIX_PATH=/home/yuzhench/Desktop/Intership/smart_arm/arm_sim_ws/install/arm_sim_pkg:/home/yuzhench/Desktop/Intership/smart_arm/arm_sim_ws/install/traj_demo:/home/yuzhench/Desktop/Intership/smart_arm/arm_sim_ws/install/ros2_control_demo_example_7:/home/yuzhench/Desktop/Intership/smart_arm/arm_sim_ws/install/movit_robot_arm_sim:/home/yuzhench/Desktop/Intership/smart_arm/arm_sim_ws/install/robot_bringup:/opt/ros/humble LD_LIBRARY_PATH=/home/yuzhench/Desktop/Intership/smart_arm/arm_sim_ws/install/arm_sim_pkg/lib:/home/yuzhench/Desktop/Intership/smart_arm/arm_sim_ws/install/ros2_control_demo_example_7/lib:/opt/ros/humble/opt/rviz_ogre_vendor/lib:/opt/ros/humble/lib/x86_64-linux-gnu:/opt/ros/humble/lib /usr/bin/cmake --install /home/yuzhench/Desktop/Intership/smart_arm/arm_sim_ws/build/movit_robot_arm_sim
[0.534s] -- Install configuration: ""
[0.534s] -- Execute custom install script
[0.534s] -- Symlinking: /home/yuzhench/Desktop/Intership/smart_arm/arm_sim_ws/install/movit_robot_arm_sim/share/ament_index/resource_index/package_run_dependencies/movit_robot_arm_sim
[0.542s] -- Symlinking: /home/yuzhench/Desktop/Intership/smart_arm/arm_sim_ws/install/movit_robot_arm_sim/share/ament_index/resource_index/parent_prefix_path/movit_robot_arm_sim
[0.550s] -- Symlinking: /home/yuzhench/Desktop/Intership/smart_arm/arm_sim_ws/install/movit_robot_arm_sim/share/movit_robot_arm_sim/environment/ament_prefix_path.sh
[0.557s] -- Symlinking: /home/yuzhench/Desktop/Intership/smart_arm/arm_sim_ws/install/movit_robot_arm_sim/share/movit_robot_arm_sim/environment/ament_prefix_path.dsv
[0.564s] -- Symlinking: /home/yuzhench/Desktop/Intership/smart_arm/arm_sim_ws/install/movit_robot_arm_sim/share/movit_robot_arm_sim/environment/path.sh
[0.572s] -- Symlinking: /home/yuzhench/Desktop/Intership/smart_arm/arm_sim_ws/install/movit_robot_arm_sim/share/movit_robot_arm_sim/environment/path.dsv
[0.579s] -- Symlinking: /home/yuzhench/Desktop/Intership/smart_arm/arm_sim_ws/install/movit_robot_arm_sim/share/movit_robot_arm_sim/local_setup.bash
[0.588s] -- Symlinking: /home/yuzhench/Desktop/Intership/smart_arm/arm_sim_ws/install/movit_robot_arm_sim/share/movit_robot_arm_sim/local_setup.sh
[0.596s] -- Symlinking: /home/yuzhench/Desktop/Intership/smart_arm/arm_sim_ws/install/movit_robot_arm_sim/share/movit_robot_arm_sim/local_setup.zsh
[0.603s] -- Symlinking: /home/yuzhench/Desktop/Intership/smart_arm/arm_sim_ws/install/movit_robot_arm_sim/share/movit_robot_arm_sim/local_setup.dsv
[0.610s] -- Symlinking: /home/yuzhench/Desktop/Intership/smart_arm/arm_sim_ws/install/movit_robot_arm_sim/share/movit_robot_arm_sim/package.dsv
[0.618s] -- Symlinking: /home/yuzhench/Desktop/Intership/smart_arm/arm_sim_ws/install/movit_robot_arm_sim/share/ament_index/resource_index/packages/movit_robot_arm_sim
[0.626s] -- Symlinking: /home/yuzhench/Desktop/Intership/smart_arm/arm_sim_ws/install/movit_robot_arm_sim/share/movit_robot_arm_sim/cmake/movit_robot_arm_simConfig.cmake
[0.633s] -- Symlinking: /home/yuzhench/Desktop/Intership/smart_arm/arm_sim_ws/install/movit_robot_arm_sim/share/movit_robot_arm_sim/cmake/movit_robot_arm_simConfig-version.cmake
[0.641s] -- Symlinking: /home/yuzhench/Desktop/Intership/smart_arm/arm_sim_ws/install/movit_robot_arm_sim/share/movit_robot_arm_sim/package.xml
[0.648s] -- Symlinking: /home/yuzhench/Desktop/Intership/smart_arm/arm_sim_ws/install/movit_robot_arm_sim/share/movit_robot_arm_sim/launch/demo.launch.py
[0.654s] -- Symlinking: /home/yuzhench/Desktop/Intership/smart_arm/arm_sim_ws/install/movit_robot_arm_sim/share/movit_robot_arm_sim/launch/move_group.launch.py
[0.662s] -- Symlinking: /home/yuzhench/Desktop/Intership/smart_arm/arm_sim_ws/install/movit_robot_arm_sim/share/movit_robot_arm_sim/launch/moveit_rviz.launch.py
[0.669s] -- Symlinking: /home/yuzhench/Desktop/Intership/smart_arm/arm_sim_ws/install/movit_robot_arm_sim/share/movit_robot_arm_sim/launch/rsp.launch.py
[0.678s] -- Symlinking: /home/yuzhench/Desktop/Intership/smart_arm/arm_sim_ws/install/movit_robot_arm_sim/share/movit_robot_arm_sim/launch/setup_assistant.launch.py
[0.684s] -- Symlinking: /home/yuzhench/Desktop/Intership/smart_arm/arm_sim_ws/install/movit_robot_arm_sim/share/movit_robot_arm_sim/launch/spawn_controllers.launch.py
[0.692s] -- Symlinking: /home/yuzhench/Desktop/Intership/smart_arm/arm_sim_ws/install/movit_robot_arm_sim/share/movit_robot_arm_sim/launch/static_virtual_joint_tfs.launch.py
[0.699s] -- Symlinking: /home/yuzhench/Desktop/Intership/smart_arm/arm_sim_ws/install/movit_robot_arm_sim/share/movit_robot_arm_sim/launch/warehouse_db.launch.py
[0.709s] -- Symlinking: /home/yuzhench/Desktop/Intership/smart_arm/arm_sim_ws/install/movit_robot_arm_sim/share/movit_robot_arm_sim/config/five_joint_arm.ros2_control.xacro
[0.716s] -- Symlinking: /home/yuzhench/Desktop/Intership/smart_arm/arm_sim_ws/install/movit_robot_arm_sim/share/movit_robot_arm_sim/config/five_joint_arm.srdf
[0.724s] -- Symlinking: /home/yuzhench/Desktop/Intership/smart_arm/arm_sim_ws/install/movit_robot_arm_sim/share/movit_robot_arm_sim/config/five_joint_arm.urdf.xacro
[0.731s] -- Symlinking: /home/yuzhench/Desktop/Intership/smart_arm/arm_sim_ws/install/movit_robot_arm_sim/share/movit_robot_arm_sim/config/initial_positions.yaml
[0.738s] -- Symlinking: /home/yuzhench/Desktop/Intership/smart_arm/arm_sim_ws/install/movit_robot_arm_sim/share/movit_robot_arm_sim/config/joint_limits.yaml
[0.746s] -- Symlinking: /home/yuzhench/Desktop/Intership/smart_arm/arm_sim_ws/install/movit_robot_arm_sim/share/movit_robot_arm_sim/config/kinematics.yaml
[0.753s] -- Symlinking: /home/yuzhench/Desktop/Intership/smart_arm/arm_sim_ws/install/movit_robot_arm_sim/share/movit_robot_arm_sim/config/moveit.rviz
[0.760s] -- Symlinking: /home/yuzhench/Desktop/Intership/smart_arm/arm_sim_ws/install/movit_robot_arm_sim/share/movit_robot_arm_sim/config/moveit_controllers.yaml
[0.769s] -- Symlinking: /home/yuzhench/Desktop/Intership/smart_arm/arm_sim_ws/install/movit_robot_arm_sim/share/movit_robot_arm_sim/config/pilz_cartesian_limits.yaml
[0.777s] -- Symlinking: /home/yuzhench/Desktop/Intership/smart_arm/arm_sim_ws/install/movit_robot_arm_sim/share/movit_robot_arm_sim/.setup_assistant
[0.789s] Invoked command in '/home/yuzhench/Desktop/Intership/smart_arm/arm_sim_ws/build/movit_robot_arm_sim' returned '0': CMAKE_PREFIX_PATH=/home/yuzhench/Desktop/Intership/smart_arm/arm_sim_ws/install/arm_sim_pkg:/home/yuzhench/Desktop/Intership/smart_arm/arm_sim_ws/install/traj_demo:/home/yuzhench/Desktop/Intership/smart_arm/arm_sim_ws/install/ros2_control_demo_example_7:/home/yuzhench/Desktop/Intership/smart_arm/arm_sim_ws/install/movit_robot_arm_sim:/home/yuzhench/Desktop/Intership/smart_arm/arm_sim_ws/install/robot_bringup:/opt/ros/humble LD_LIBRARY_PATH=/home/yuzhench/Desktop/Intership/smart_arm/arm_sim_ws/install/arm_sim_pkg/lib:/home/yuzhench/Desktop/Intership/smart_arm/arm_sim_ws/install/ros2_control_demo_example_7/lib:/opt/ros/humble/opt/rviz_ogre_vendor/lib:/opt/ros/humble/lib/x86_64-linux-gnu:/opt/ros/humble/lib /usr/bin/cmake --install /home/yuzhench/Desktop/Intership/smart_arm/arm_sim_ws/build/movit_robot_arm_sim
