[0.056s] DEBUG:colcon:Command line arguments: ['/usr/bin/colcon', 'build', '--symlink-install']
[0.056s] DEBUG:colcon:Parsed command line arguments: Namespace(log_base=None, log_level=None, verb_name='build', build_base='build', install_base='install', merge_install=False, symlink_install=True, test_result_base=None, continue_on_error=False, executor='parallel', parallel_workers=16, event_handlers=None, ignore_user_meta=False, metas=['./colcon.meta'], base_paths=['.'], packages_ignore=None, packages_ignore_regex=None, paths=None, packages_up_to=None, packages_up_to_regex=None, packages_above=None, packages_above_and_dependencies=None, packages_above_depth=None, packages_select_by_dep=None, packages_skip_by_dep=None, packages_skip_up_to=None, packages_select_build_failed=False, packages_skip_build_finished=False, packages_select_test_failures=False, packages_skip_test_passed=False, packages_select=None, packages_skip=None, packages_select_regex=None, packages_skip_regex=None, packages_start=None, packages_end=None, allow_overriding=[], cmake_args=None, cmake_target=None, cmake_target_skip_unavailable=False, cmake_clean_cache=False, cmake_clean_first=False, cmake_force_configure=False, ament_cmake_args=None, catkin_cmake_args=None, catkin_skip_building_tests=False, mixin_files=None, mixin=None, verb_parser=<colcon_mixin.mixin.mixin_argument.MixinArgumentDecorator object at 0x713c79453610>, verb_extension=<colcon_core.verb.build.BuildVerb object at 0x713c79414fa0>, main=<bound method BuildVerb.main of <colcon_core.verb.build.BuildVerb object at 0x713c79414fa0>>, mixin_verb=('build',))
[0.141s] Level 1:colcon.colcon_core.package_discovery:discover_packages(colcon_meta) check parameters
[0.141s] Level 1:colcon.colcon_core.package_discovery:discover_packages(recursive) check parameters
[0.141s] Level 1:colcon.colcon_core.package_discovery:discover_packages(ignore) check parameters
[0.141s] Level 1:colcon.colcon_core.package_discovery:discover_packages(path) check parameters
[0.141s] Level 1:colcon.colcon_core.package_discovery:discover_packages(colcon_meta) discover
[0.141s] Level 1:colcon.colcon_core.package_discovery:discover_packages(recursive) discover
[0.141s] INFO:colcon.colcon_core.package_discovery:Crawling recursively for packages in '/home/yuzhench/Desktop/Intership/smart_arm/arm_sim_ws'
[0.141s] Level 1:colcon.colcon_core.package_identification:_identify(.) by extensions ['ignore', 'ignore_ament_install']
[0.141s] Level 1:colcon.colcon_core.package_identification:_identify(.) by extension 'ignore'
[0.141s] Level 1:colcon.colcon_core.package_identification:_identify(.) by extension 'ignore_ament_install'
[0.141s] Level 1:colcon.colcon_core.package_identification:_identify(.) by extensions ['colcon_pkg']
[0.141s] Level 1:colcon.colcon_core.package_identification:_identify(.) by extension 'colcon_pkg'
[0.141s] Level 1:colcon.colcon_core.package_identification:_identify(.) by extensions ['colcon_meta']
[0.141s] Level 1:colcon.colcon_core.package_identification:_identify(.) by extension 'colcon_meta'
[0.141s] Level 1:colcon.colcon_core.package_identification:_identify(.) by extensions ['ros']
[0.141s] Level 1:colcon.colcon_core.package_identification:_identify(.) by extension 'ros'
[0.147s] Level 1:colcon.colcon_core.package_identification:_identify(.) by extensions ['cmake', 'python']
[0.147s] Level 1:colcon.colcon_core.package_identification:_identify(.) by extension 'cmake'
[0.147s] Level 1:colcon.colcon_core.package_identification:_identify(.) by extension 'python'
[0.147s] Level 1:colcon.colcon_core.package_identification:_identify(.) by extensions ['python_setup_py']
[0.147s] Level 1:colcon.colcon_core.package_identification:_identify(.) by extension 'python_setup_py'
[0.147s] Level 1:colcon.colcon_core.package_identification:_identify(build) by extensions ['ignore', 'ignore_ament_install']
[0.147s] Level 1:colcon.colcon_core.package_identification:_identify(build) by extension 'ignore'
[0.147s] Level 1:colcon.colcon_core.package_identification:_identify(build) ignored
[0.147s] Level 1:colcon.colcon_core.package_identification:_identify(install) by extensions ['ignore', 'ignore_ament_install']
[0.147s] Level 1:colcon.colcon_core.package_identification:_identify(install) by extension 'ignore'
[0.147s] Level 1:colcon.colcon_core.package_identification:_identify(install) ignored
[0.147s] Level 1:colcon.colcon_core.package_identification:_identify(log) by extensions ['ignore', 'ignore_ament_install']
[0.147s] Level 1:colcon.colcon_core.package_identification:_identify(log) by extension 'ignore'
[0.147s] Level 1:colcon.colcon_core.package_identification:_identify(log) ignored
[0.147s] Level 1:colcon.colcon_core.package_identification:_identify(src) by extensions ['ignore', 'ignore_ament_install']
[0.147s] Level 1:colcon.colcon_core.package_identification:_identify(src) by extension 'ignore'
[0.147s] Level 1:colcon.colcon_core.package_identification:_identify(src) by extension 'ignore_ament_install'
[0.147s] Level 1:colcon.colcon_core.package_identification:_identify(src) by extensions ['colcon_pkg']
[0.147s] Level 1:colcon.colcon_core.package_identification:_identify(src) by extension 'colcon_pkg'
[0.147s] Level 1:colcon.colcon_core.package_identification:_identify(src) by extensions ['colcon_meta']
[0.147s] Level 1:colcon.colcon_core.package_identification:_identify(src) by extension 'colcon_meta'
[0.147s] Level 1:colcon.colcon_core.package_identification:_identify(src) by extensions ['ros']
[0.147s] Level 1:colcon.colcon_core.package_identification:_identify(src) by extension 'ros'
[0.147s] Level 1:colcon.colcon_core.package_identification:_identify(src) by extensions ['cmake', 'python']
[0.147s] Level 1:colcon.colcon_core.package_identification:_identify(src) by extension 'cmake'
[0.147s] Level 1:colcon.colcon_core.package_identification:_identify(src) by extension 'python'
[0.147s] Level 1:colcon.colcon_core.package_identification:_identify(src) by extensions ['python_setup_py']
[0.147s] Level 1:colcon.colcon_core.package_identification:_identify(src) by extension 'python_setup_py'
[0.147s] Level 1:colcon.colcon_core.package_identification:_identify(src/arm_sim_pkg) by extensions ['ignore', 'ignore_ament_install']
[0.147s] Level 1:colcon.colcon_core.package_identification:_identify(src/arm_sim_pkg) by extension 'ignore'
[0.147s] Level 1:colcon.colcon_core.package_identification:_identify(src/arm_sim_pkg) by extension 'ignore_ament_install'
[0.147s] Level 1:colcon.colcon_core.package_identification:_identify(src/arm_sim_pkg) by extensions ['colcon_pkg']
[0.147s] Level 1:colcon.colcon_core.package_identification:_identify(src/arm_sim_pkg) by extension 'colcon_pkg'
[0.147s] Level 1:colcon.colcon_core.package_identification:_identify(src/arm_sim_pkg) by extensions ['colcon_meta']
[0.147s] Level 1:colcon.colcon_core.package_identification:_identify(src/arm_sim_pkg) by extension 'colcon_meta'
[0.147s] Level 1:colcon.colcon_core.package_identification:_identify(src/arm_sim_pkg) by extensions ['ros']
[0.147s] Level 1:colcon.colcon_core.package_identification:_identify(src/arm_sim_pkg) by extension 'ros'
[0.149s] DEBUG:colcon.colcon_core.package_identification:Package 'src/arm_sim_pkg' with type 'ros.ament_cmake' and name 'arm_sim_pkg'
[0.149s] Level 1:colcon.colcon_core.package_identification:_identify(src/build) by extensions ['ignore', 'ignore_ament_install']
[0.149s] Level 1:colcon.colcon_core.package_identification:_identify(src/build) by extension 'ignore'
[0.149s] Level 1:colcon.colcon_core.package_identification:_identify(src/build) ignored
[0.149s] Level 1:colcon.colcon_core.package_identification:_identify(src/example_7) by extensions ['ignore', 'ignore_ament_install']
[0.150s] Level 1:colcon.colcon_core.package_identification:_identify(src/example_7) by extension 'ignore'
[0.150s] Level 1:colcon.colcon_core.package_identification:_identify(src/example_7) by extension 'ignore_ament_install'
[0.150s] Level 1:colcon.colcon_core.package_identification:_identify(src/example_7) by extensions ['colcon_pkg']
[0.150s] Level 1:colcon.colcon_core.package_identification:_identify(src/example_7) by extension 'colcon_pkg'
[0.150s] Level 1:colcon.colcon_core.package_identification:_identify(src/example_7) by extensions ['colcon_meta']
[0.150s] Level 1:colcon.colcon_core.package_identification:_identify(src/example_7) by extension 'colcon_meta'
[0.150s] Level 1:colcon.colcon_core.package_identification:_identify(src/example_7) by extensions ['ros']
[0.150s] Level 1:colcon.colcon_core.package_identification:_identify(src/example_7) by extension 'ros'
[0.150s] DEBUG:colcon.colcon_core.package_identification:Package 'src/example_7' with type 'ros.ament_cmake' and name 'ros2_control_demo_example_7'
[0.151s] Level 1:colcon.colcon_core.package_identification:_identify(src/install) by extensions ['ignore', 'ignore_ament_install']
[0.151s] Level 1:colcon.colcon_core.package_identification:_identify(src/install) by extension 'ignore'
[0.151s] Level 1:colcon.colcon_core.package_identification:_identify(src/install) ignored
[0.151s] Level 1:colcon.colcon_core.package_identification:_identify(src/log) by extensions ['ignore', 'ignore_ament_install']
[0.151s] Level 1:colcon.colcon_core.package_identification:_identify(src/log) by extension 'ignore'
[0.151s] Level 1:colcon.colcon_core.package_identification:_identify(src/log) ignored
[0.151s] Level 1:colcon.colcon_core.package_identification:_identify(src/movit_robot_arm_sim) by extensions ['ignore', 'ignore_ament_install']
[0.151s] Level 1:colcon.colcon_core.package_identification:_identify(src/movit_robot_arm_sim) by extension 'ignore'
[0.151s] Level 1:colcon.colcon_core.package_identification:_identify(src/movit_robot_arm_sim) by extension 'ignore_ament_install'
[0.151s] Level 1:colcon.colcon_core.package_identification:_identify(src/movit_robot_arm_sim) by extensions ['colcon_pkg']
[0.151s] Level 1:colcon.colcon_core.package_identification:_identify(src/movit_robot_arm_sim) by extension 'colcon_pkg'
[0.151s] Level 1:colcon.colcon_core.package_identification:_identify(src/movit_robot_arm_sim) by extensions ['colcon_meta']
[0.151s] Level 1:colcon.colcon_core.package_identification:_identify(src/movit_robot_arm_sim) by extension 'colcon_meta'
[0.151s] Level 1:colcon.colcon_core.package_identification:_identify(src/movit_robot_arm_sim) by extensions ['ros']
[0.151s] Level 1:colcon.colcon_core.package_identification:_identify(src/movit_robot_arm_sim) by extension 'ros'
[0.158s] DEBUG:colcon.colcon_core.package_identification:Package 'src/movit_robot_arm_sim' with type 'ros.ament_cmake' and name 'movit_robot_arm_sim'
[0.158s] Level 1:colcon.colcon_core.package_identification:_identify(src/robot_bringup) by extensions ['ignore', 'ignore_ament_install']
[0.158s] Level 1:colcon.colcon_core.package_identification:_identify(src/robot_bringup) by extension 'ignore'
[0.158s] Level 1:colcon.colcon_core.package_identification:_identify(src/robot_bringup) by extension 'ignore_ament_install'
[0.158s] Level 1:colcon.colcon_core.package_identification:_identify(src/robot_bringup) by extensions ['colcon_pkg']
[0.158s] Level 1:colcon.colcon_core.package_identification:_identify(src/robot_bringup) by extension 'colcon_pkg'
[0.158s] Level 1:colcon.colcon_core.package_identification:_identify(src/robot_bringup) by extensions ['colcon_meta']
[0.158s] Level 1:colcon.colcon_core.package_identification:_identify(src/robot_bringup) by extension 'colcon_meta'
[0.158s] Level 1:colcon.colcon_core.package_identification:_identify(src/robot_bringup) by extensions ['ros']
[0.158s] Level 1:colcon.colcon_core.package_identification:_identify(src/robot_bringup) by extension 'ros'
[0.158s] DEBUG:colcon.colcon_core.package_identification:Found ROS schema reference in package manifest in 'src/robot_bringup'
[0.158s] WARNING:colcon.colcon_core.package_identification:Failed to parse ROS package manifest in 'src/robot_bringup': Error(s) in package 'src/robot_bringup/package.xml':
Error(s):
- The generic dependency on 'launch_ros' is redundant with: exec_depend
[0.159s] Level 1:colcon.colcon_core.package_identification:_identify(src/robot_bringup) by extensions ['cmake', 'python']
[0.159s] Level 1:colcon.colcon_core.package_identification:_identify(src/robot_bringup) by extension 'cmake'
[0.159s] Level 1:colcon.colcon_core.package_identification:_identify(src/robot_bringup) by extension 'python'
[0.159s] DEBUG:colcon.colcon_core.package_identification:Python package in 'src/robot_bringup' passes arguments to the setup() function which requires a different identification extension than 'python'
[0.159s] Level 1:colcon.colcon_core.package_identification:_identify(src/robot_bringup) by extensions ['python_setup_py']
[0.159s] Level 1:colcon.colcon_core.package_identification:_identify(src/robot_bringup) by extension 'python_setup_py'
[0.294s] DEBUG:colcon.colcon_core.package_identification:Package 'src/robot_bringup' with type 'python' and name 'robot_bringup'
[0.294s] Level 1:colcon.colcon_core.package_identification:_identify(src/traj_demo) by extensions ['ignore', 'ignore_ament_install']
[0.294s] Level 1:colcon.colcon_core.package_identification:_identify(src/traj_demo) by extension 'ignore'
[0.294s] Level 1:colcon.colcon_core.package_identification:_identify(src/traj_demo) by extension 'ignore_ament_install'
[0.294s] Level 1:colcon.colcon_core.package_identification:_identify(src/traj_demo) by extensions ['colcon_pkg']
[0.294s] Level 1:colcon.colcon_core.package_identification:_identify(src/traj_demo) by extension 'colcon_pkg'
[0.294s] Level 1:colcon.colcon_core.package_identification:_identify(src/traj_demo) by extensions ['colcon_meta']
[0.294s] Level 1:colcon.colcon_core.package_identification:_identify(src/traj_demo) by extension 'colcon_meta'
[0.294s] Level 1:colcon.colcon_core.package_identification:_identify(src/traj_demo) by extensions ['ros']
[0.294s] Level 1:colcon.colcon_core.package_identification:_identify(src/traj_demo) by extension 'ros'
[0.295s] DEBUG:colcon.colcon_core.package_identification:Package 'src/traj_demo' with type 'ros.ament_cmake' and name 'traj_demo'
[0.295s] Level 1:colcon.colcon_core.package_discovery:discover_packages(recursive) using defaults
[0.295s] Level 1:colcon.colcon_core.package_discovery:discover_packages(ignore) discover
[0.295s] Level 1:colcon.colcon_core.package_discovery:discover_packages(ignore) using defaults
[0.295s] Level 1:colcon.colcon_core.package_discovery:discover_packages(path) discover
[0.295s] Level 1:colcon.colcon_core.package_discovery:discover_packages(path) using defaults
[0.306s] Level 1:colcon.colcon_core.package_discovery:discover_packages(prefix_path) check parameters
[0.306s] Level 1:colcon.colcon_core.package_discovery:discover_packages(prefix_path) discover
[0.307s] WARNING:colcon.colcon_ros.prefix_path.ament:The path '/home/yuzhench/Desktop/Intership/smart_arm/arm_sim_ws/install/my_arm_moveit_config' in the environment variable AMENT_PREFIX_PATH doesn't exist
[0.307s] WARNING:colcon.colcon_ros.prefix_path.catkin:The path '/home/yuzhench/Desktop/Intership/smart_arm/arm_sim_ws/install/my_arm_moveit_config' in the environment variable CMAKE_PREFIX_PATH doesn't exist
[0.308s] DEBUG:colcon.colcon_installed_package_information.package_discovery:Found 5 installed packages in /home/yuzhench/Desktop/Intership/smart_arm/arm_sim_ws/install
[0.308s] DEBUG:colcon.colcon_installed_package_information.package_discovery:Found 17 installed packages in /home/yuzhench/Desktop/Intership/smart_arm/Demo_arm_ws/install
[0.309s] DEBUG:colcon.colcon_installed_package_information.package_discovery:Found 364 installed packages in /opt/ros/humble
[0.310s] Level 1:colcon.colcon_core.package_discovery:discover_packages(prefix_path) using defaults
[0.335s] WARNING:colcon.colcon_core.package_selection:Some selected packages are already built in one or more underlay workspaces:
	'ros2_control_demo_example_7' is in: /home/yuzhench/Desktop/Intership/smart_arm/arm_sim_ws/install/ros2_control_demo_example_7, /home/yuzhench/Desktop/Intership/smart_arm/Demo_arm_ws/install/ros2_control_demo_example_7
If a package in a merged underlay workspace is overridden and it installs headers, then all packages in the overlay must sort their include directories by workspace order. Failure to do so may result in build failures or undefined behavior at run time.
If the overridden package is used by another package in any underlay, then the overriding package in the overlay must be API and ABI compatible or undefined behavior at run time may occur.

If you understand the risks and want to override a package anyways, add the following to the command line:
	--allow-overriding ros2_control_demo_example_7

This may be promoted to an error in a future release of colcon-override-check.
[0.336s] Level 5:colcon.colcon_core.verb:set package 'arm_sim_pkg' build argument 'cmake_args' from command line to 'None'
[0.336s] Level 5:colcon.colcon_core.verb:set package 'arm_sim_pkg' build argument 'cmake_target' from command line to 'None'
[0.336s] Level 5:colcon.colcon_core.verb:set package 'arm_sim_pkg' build argument 'cmake_target_skip_unavailable' from command line to 'False'
[0.336s] Level 5:colcon.colcon_core.verb:set package 'arm_sim_pkg' build argument 'cmake_clean_cache' from command line to 'False'
[0.336s] Level 5:colcon.colcon_core.verb:set package 'arm_sim_pkg' build argument 'cmake_clean_first' from command line to 'False'
[0.336s] Level 5:colcon.colcon_core.verb:set package 'arm_sim_pkg' build argument 'cmake_force_configure' from command line to 'False'
[0.336s] Level 5:colcon.colcon_core.verb:set package 'arm_sim_pkg' build argument 'ament_cmake_args' from command line to 'None'
[0.336s] Level 5:colcon.colcon_core.verb:set package 'arm_sim_pkg' build argument 'catkin_cmake_args' from command line to 'None'
[0.336s] Level 5:colcon.colcon_core.verb:set package 'arm_sim_pkg' build argument 'catkin_skip_building_tests' from command line to 'False'
[0.336s] DEBUG:colcon.colcon_core.verb:Building package 'arm_sim_pkg' with the following arguments: {'ament_cmake_args': None, 'build_base': '/home/yuzhench/Desktop/Intership/smart_arm/arm_sim_ws/build/arm_sim_pkg', 'catkin_cmake_args': None, 'catkin_skip_building_tests': False, 'cmake_args': None, 'cmake_clean_cache': False, 'cmake_clean_first': False, 'cmake_force_configure': False, 'cmake_target': None, 'cmake_target_skip_unavailable': False, 'install_base': '/home/yuzhench/Desktop/Intership/smart_arm/arm_sim_ws/install/arm_sim_pkg', 'merge_install': False, 'path': '/home/yuzhench/Desktop/Intership/smart_arm/arm_sim_ws/src/arm_sim_pkg', 'symlink_install': True, 'test_result_base': None}
[0.336s] Level 5:colcon.colcon_core.verb:set package 'robot_bringup' build argument 'cmake_args' from command line to 'None'
[0.336s] Level 5:colcon.colcon_core.verb:set package 'robot_bringup' build argument 'cmake_target' from command line to 'None'
[0.336s] Level 5:colcon.colcon_core.verb:set package 'robot_bringup' build argument 'cmake_target_skip_unavailable' from command line to 'False'
[0.336s] Level 5:colcon.colcon_core.verb:set package 'robot_bringup' build argument 'cmake_clean_cache' from command line to 'False'
[0.336s] Level 5:colcon.colcon_core.verb:set package 'robot_bringup' build argument 'cmake_clean_first' from command line to 'False'
[0.336s] Level 5:colcon.colcon_core.verb:set package 'robot_bringup' build argument 'cmake_force_configure' from command line to 'False'
[0.336s] Level 5:colcon.colcon_core.verb:set package 'robot_bringup' build argument 'ament_cmake_args' from command line to 'None'
[0.336s] Level 5:colcon.colcon_core.verb:set package 'robot_bringup' build argument 'catkin_cmake_args' from command line to 'None'
[0.336s] Level 5:colcon.colcon_core.verb:set package 'robot_bringup' build argument 'catkin_skip_building_tests' from command line to 'False'
[0.336s] DEBUG:colcon.colcon_core.verb:Building package 'robot_bringup' with the following arguments: {'ament_cmake_args': None, 'build_base': '/home/yuzhench/Desktop/Intership/smart_arm/arm_sim_ws/build/robot_bringup', 'catkin_cmake_args': None, 'catkin_skip_building_tests': False, 'cmake_args': None, 'cmake_clean_cache': False, 'cmake_clean_first': False, 'cmake_force_configure': False, 'cmake_target': None, 'cmake_target_skip_unavailable': False, 'install_base': '/home/yuzhench/Desktop/Intership/smart_arm/arm_sim_ws/install/robot_bringup', 'merge_install': False, 'path': '/home/yuzhench/Desktop/Intership/smart_arm/arm_sim_ws/src/robot_bringup', 'symlink_install': True, 'test_result_base': None}
[0.337s] Level 5:colcon.colcon_core.verb:set package 'ros2_control_demo_example_7' build argument 'cmake_args' from command line to 'None'
[0.337s] Level 5:colcon.colcon_core.verb:set package 'ros2_control_demo_example_7' build argument 'cmake_target' from command line to 'None'
[0.337s] Level 5:colcon.colcon_core.verb:set package 'ros2_control_demo_example_7' build argument 'cmake_target_skip_unavailable' from command line to 'False'
[0.337s] Level 5:colcon.colcon_core.verb:set package 'ros2_control_demo_example_7' build argument 'cmake_clean_cache' from command line to 'False'
[0.337s] Level 5:colcon.colcon_core.verb:set package 'ros2_control_demo_example_7' build argument 'cmake_clean_first' from command line to 'False'
[0.337s] Level 5:colcon.colcon_core.verb:set package 'ros2_control_demo_example_7' build argument 'cmake_force_configure' from command line to 'False'
[0.337s] Level 5:colcon.colcon_core.verb:set package 'ros2_control_demo_example_7' build argument 'ament_cmake_args' from command line to 'None'
[0.337s] Level 5:colcon.colcon_core.verb:set package 'ros2_control_demo_example_7' build argument 'catkin_cmake_args' from command line to 'None'
[0.337s] Level 5:colcon.colcon_core.verb:set package 'ros2_control_demo_example_7' build argument 'catkin_skip_building_tests' from command line to 'False'
[0.337s] DEBUG:colcon.colcon_core.verb:Building package 'ros2_control_demo_example_7' with the following arguments: {'ament_cmake_args': None, 'build_base': '/home/yuzhench/Desktop/Intership/smart_arm/arm_sim_ws/build/ros2_control_demo_example_7', 'catkin_cmake_args': None, 'catkin_skip_building_tests': False, 'cmake_args': None, 'cmake_clean_cache': False, 'cmake_clean_first': False, 'cmake_force_configure': False, 'cmake_target': None, 'cmake_target_skip_unavailable': False, 'install_base': '/home/yuzhench/Desktop/Intership/smart_arm/arm_sim_ws/install/ros2_control_demo_example_7', 'merge_install': False, 'path': '/home/yuzhench/Desktop/Intership/smart_arm/arm_sim_ws/src/example_7', 'symlink_install': True, 'test_result_base': None}
[0.337s] Level 5:colcon.colcon_core.verb:set package 'movit_robot_arm_sim' build argument 'cmake_args' from command line to 'None'
[0.337s] Level 5:colcon.colcon_core.verb:set package 'movit_robot_arm_sim' build argument 'cmake_target' from command line to 'None'
[0.337s] Level 5:colcon.colcon_core.verb:set package 'movit_robot_arm_sim' build argument 'cmake_target_skip_unavailable' from command line to 'False'
[0.337s] Level 5:colcon.colcon_core.verb:set package 'movit_robot_arm_sim' build argument 'cmake_clean_cache' from command line to 'False'
[0.337s] Level 5:colcon.colcon_core.verb:set package 'movit_robot_arm_sim' build argument 'cmake_clean_first' from command line to 'False'
[0.337s] Level 5:colcon.colcon_core.verb:set package 'movit_robot_arm_sim' build argument 'cmake_force_configure' from command line to 'False'
[0.337s] Level 5:colcon.colcon_core.verb:set package 'movit_robot_arm_sim' build argument 'ament_cmake_args' from command line to 'None'
[0.337s] Level 5:colcon.colcon_core.verb:set package 'movit_robot_arm_sim' build argument 'catkin_cmake_args' from command line to 'None'
[0.337s] Level 5:colcon.colcon_core.verb:set package 'movit_robot_arm_sim' build argument 'catkin_skip_building_tests' from command line to 'False'
[0.337s] DEBUG:colcon.colcon_core.verb:Building package 'movit_robot_arm_sim' with the following arguments: {'ament_cmake_args': None, 'build_base': '/home/yuzhench/Desktop/Intership/smart_arm/arm_sim_ws/build/movit_robot_arm_sim', 'catkin_cmake_args': None, 'catkin_skip_building_tests': False, 'cmake_args': None, 'cmake_clean_cache': False, 'cmake_clean_first': False, 'cmake_force_configure': False, 'cmake_target': None, 'cmake_target_skip_unavailable': False, 'install_base': '/home/yuzhench/Desktop/Intership/smart_arm/arm_sim_ws/install/movit_robot_arm_sim', 'merge_install': False, 'path': '/home/yuzhench/Desktop/Intership/smart_arm/arm_sim_ws/src/movit_robot_arm_sim', 'symlink_install': True, 'test_result_base': None}
[0.337s] Level 5:colcon.colcon_core.verb:set package 'traj_demo' build argument 'cmake_args' from command line to 'None'
[0.337s] Level 5:colcon.colcon_core.verb:set package 'traj_demo' build argument 'cmake_target' from command line to 'None'
[0.337s] Level 5:colcon.colcon_core.verb:set package 'traj_demo' build argument 'cmake_target_skip_unavailable' from command line to 'False'
[0.337s] Level 5:colcon.colcon_core.verb:set package 'traj_demo' build argument 'cmake_clean_cache' from command line to 'False'
[0.337s] Level 5:colcon.colcon_core.verb:set package 'traj_demo' build argument 'cmake_clean_first' from command line to 'False'
[0.337s] Level 5:colcon.colcon_core.verb:set package 'traj_demo' build argument 'cmake_force_configure' from command line to 'False'
[0.337s] Level 5:colcon.colcon_core.verb:set package 'traj_demo' build argument 'ament_cmake_args' from command line to 'None'
[0.337s] Level 5:colcon.colcon_core.verb:set package 'traj_demo' build argument 'catkin_cmake_args' from command line to 'None'
[0.337s] Level 5:colcon.colcon_core.verb:set package 'traj_demo' build argument 'catkin_skip_building_tests' from command line to 'False'
[0.337s] DEBUG:colcon.colcon_core.verb:Building package 'traj_demo' with the following arguments: {'ament_cmake_args': None, 'build_base': '/home/yuzhench/Desktop/Intership/smart_arm/arm_sim_ws/build/traj_demo', 'catkin_cmake_args': None, 'catkin_skip_building_tests': False, 'cmake_args': None, 'cmake_clean_cache': False, 'cmake_clean_first': False, 'cmake_force_configure': False, 'cmake_target': None, 'cmake_target_skip_unavailable': False, 'install_base': '/home/yuzhench/Desktop/Intership/smart_arm/arm_sim_ws/install/traj_demo', 'merge_install': False, 'path': '/home/yuzhench/Desktop/Intership/smart_arm/arm_sim_ws/src/traj_demo', 'symlink_install': True, 'test_result_base': None}
[0.337s] INFO:colcon.colcon_core.executor:Executing jobs using 'parallel' executor
[0.338s] DEBUG:colcon.colcon_parallel_executor.executor.parallel:run_until_complete
[0.338s] INFO:colcon.colcon_ros.task.ament_cmake.build:Building ROS package in '/home/yuzhench/Desktop/Intership/smart_arm/arm_sim_ws/src/arm_sim_pkg' with build type 'ament_cmake'
[0.338s] INFO:colcon.colcon_cmake.task.cmake.build:Building CMake package in '/home/yuzhench/Desktop/Intership/smart_arm/arm_sim_ws/src/arm_sim_pkg'
[0.340s] INFO:colcon.colcon_core.plugin_system:Skipping extension 'colcon_core.shell.bat': Not used on non-Windows systems
[0.340s] INFO:colcon.colcon_core.shell:Skip shell extension 'powershell' for command environment: Not usable outside of PowerShell
[0.340s] DEBUG:colcon.colcon_core.shell:Skip shell extension 'dsv' for command environment
[0.344s] INFO:colcon.colcon_core.task.python.build:Building Python package in '/home/yuzhench/Desktop/Intership/smart_arm/arm_sim_ws/src/robot_bringup'
[0.344s] INFO:colcon.colcon_core.shell:Skip shell extension 'powershell' for command environment: Not usable outside of PowerShell
[0.344s] DEBUG:colcon.colcon_core.shell:Skip shell extension 'dsv' for command environment
[0.347s] INFO:colcon.colcon_ros.task.ament_cmake.build:Building ROS package in '/home/yuzhench/Desktop/Intership/smart_arm/arm_sim_ws/src/example_7' with build type 'ament_cmake'
[0.347s] INFO:colcon.colcon_cmake.task.cmake.build:Building CMake package in '/home/yuzhench/Desktop/Intership/smart_arm/arm_sim_ws/src/example_7'
[0.347s] INFO:colcon.colcon_core.shell:Skip shell extension 'powershell' for command environment: Not usable outside of PowerShell
[0.347s] DEBUG:colcon.colcon_core.shell:Skip shell extension 'dsv' for command environment
[0.353s] DEBUG:colcon.colcon_core.event_handler.log_command:Invoking command in '/home/yuzhench/Desktop/Intership/smart_arm/arm_sim_ws/build/arm_sim_pkg': CMAKE_PREFIX_PATH=${CMAKE_PREFIX_PATH}:/home/yuzhench/Desktop/Intership/smart_arm/arm_sim_ws/install/robot_bringup:/opt/ros/humble /usr/bin/cmake --build /home/yuzhench/Desktop/Intership/smart_arm/arm_sim_ws/build/arm_sim_pkg -- -j16 -l16
[0.502s] DEBUG:colcon.colcon_core.event_handler.log_command:Invoking command in '/home/yuzhench/Desktop/Intership/smart_arm/arm_sim_ws/build/ros2_control_demo_example_7': CMAKE_PREFIX_PATH=${CMAKE_PREFIX_PATH}:/home/yuzhench/Desktop/Intership/smart_arm/arm_sim_ws/install/robot_bringup:/opt/ros/humble /usr/bin/cmake --build /home/yuzhench/Desktop/Intership/smart_arm/arm_sim_ws/build/ros2_control_demo_example_7 -- -j16 -l16
[0.502s] DEBUG:colcon.colcon_core.event_handler.log_command:Invoked command in '/home/yuzhench/Desktop/Intership/smart_arm/arm_sim_ws/build/arm_sim_pkg' returned '0': CMAKE_PREFIX_PATH=${CMAKE_PREFIX_PATH}:/home/yuzhench/Desktop/Intership/smart_arm/arm_sim_ws/install/robot_bringup:/opt/ros/humble /usr/bin/cmake --build /home/yuzhench/Desktop/Intership/smart_arm/arm_sim_ws/build/arm_sim_pkg -- -j16 -l16
[0.511s] DEBUG:colcon.colcon_core.event_handler.log_command:Invoking command in '/home/yuzhench/Desktop/Intership/smart_arm/arm_sim_ws/build/arm_sim_pkg': CMAKE_PREFIX_PATH=${CMAKE_PREFIX_PATH}:/home/yuzhench/Desktop/Intership/smart_arm/arm_sim_ws/install/robot_bringup:/opt/ros/humble /usr/bin/cmake --install /home/yuzhench/Desktop/Intership/smart_arm/arm_sim_ws/build/arm_sim_pkg
[0.531s] Level 1:colcon.colcon_core.environment:create_environment_scripts_only(arm_sim_pkg)
[0.531s] DEBUG:colcon.colcon_core.event_handler.log_command:Invoked command in '/home/yuzhench/Desktop/Intership/smart_arm/arm_sim_ws/build/arm_sim_pkg' returned '0': CMAKE_PREFIX_PATH=${CMAKE_PREFIX_PATH}:/home/yuzhench/Desktop/Intership/smart_arm/arm_sim_ws/install/robot_bringup:/opt/ros/humble /usr/bin/cmake --install /home/yuzhench/Desktop/Intership/smart_arm/arm_sim_ws/build/arm_sim_pkg
[0.533s] Level 1:colcon.colcon_core.environment:checking '/home/yuzhench/Desktop/Intership/smart_arm/arm_sim_ws/install/arm_sim_pkg' for CMake module files
[0.533s] Level 1:colcon.colcon_core.environment:checking '/home/yuzhench/Desktop/Intership/smart_arm/arm_sim_ws/install/arm_sim_pkg' for CMake config files
[0.534s] Level 1:colcon.colcon_core.shell:create_environment_hook('arm_sim_pkg', 'cmake_prefix_path')
[0.534s] INFO:colcon.colcon_core.shell:Creating environment hook '/home/yuzhench/Desktop/Intership/smart_arm/arm_sim_ws/install/arm_sim_pkg/share/arm_sim_pkg/hook/cmake_prefix_path.ps1'
[0.534s] INFO:colcon.colcon_core.shell:Creating environment descriptor '/home/yuzhench/Desktop/Intership/smart_arm/arm_sim_ws/install/arm_sim_pkg/share/arm_sim_pkg/hook/cmake_prefix_path.dsv'
[0.534s] INFO:colcon.colcon_core.shell:Creating environment hook '/home/yuzhench/Desktop/Intership/smart_arm/arm_sim_ws/install/arm_sim_pkg/share/arm_sim_pkg/hook/cmake_prefix_path.sh'
[0.535s] Level 1:colcon.colcon_core.environment:checking '/home/yuzhench/Desktop/Intership/smart_arm/arm_sim_ws/install/arm_sim_pkg/lib'
[0.535s] Level 1:colcon.colcon_core.shell:create_environment_hook('arm_sim_pkg', 'ld_library_path_lib')
[0.535s] INFO:colcon.colcon_core.shell:Creating environment hook '/home/yuzhench/Desktop/Intership/smart_arm/arm_sim_ws/install/arm_sim_pkg/share/arm_sim_pkg/hook/ld_library_path_lib.ps1'
[0.535s] INFO:colcon.colcon_core.shell:Creating environment descriptor '/home/yuzhench/Desktop/Intership/smart_arm/arm_sim_ws/install/arm_sim_pkg/share/arm_sim_pkg/hook/ld_library_path_lib.dsv'
[0.535s] INFO:colcon.colcon_core.shell:Creating environment hook '/home/yuzhench/Desktop/Intership/smart_arm/arm_sim_ws/install/arm_sim_pkg/share/arm_sim_pkg/hook/ld_library_path_lib.sh'
[0.536s] Level 1:colcon.colcon_core.environment:checking '/home/yuzhench/Desktop/Intership/smart_arm/arm_sim_ws/install/arm_sim_pkg/bin'
[0.536s] Level 1:colcon.colcon_core.environment:checking '/home/yuzhench/Desktop/Intership/smart_arm/arm_sim_ws/install/arm_sim_pkg/lib/pkgconfig/arm_sim_pkg.pc'
[0.536s] Level 1:colcon.colcon_core.environment:checking '/home/yuzhench/Desktop/Intership/smart_arm/arm_sim_ws/install/arm_sim_pkg/lib/python3.10/site-packages'
[0.536s] Level 1:colcon.colcon_core.environment:checking '/home/yuzhench/Desktop/Intership/smart_arm/arm_sim_ws/install/arm_sim_pkg/bin'
[0.536s] INFO:colcon.colcon_core.shell:Creating package script '/home/yuzhench/Desktop/Intership/smart_arm/arm_sim_ws/install/arm_sim_pkg/share/arm_sim_pkg/package.ps1'
[0.536s] INFO:colcon.colcon_core.shell:Creating package descriptor '/home/yuzhench/Desktop/Intership/smart_arm/arm_sim_ws/install/arm_sim_pkg/share/arm_sim_pkg/package.dsv'
[0.537s] INFO:colcon.colcon_core.shell:Creating package script '/home/yuzhench/Desktop/Intership/smart_arm/arm_sim_ws/install/arm_sim_pkg/share/arm_sim_pkg/package.sh'
[0.537s] INFO:colcon.colcon_core.shell:Creating package script '/home/yuzhench/Desktop/Intership/smart_arm/arm_sim_ws/install/arm_sim_pkg/share/arm_sim_pkg/package.bash'
[0.537s] INFO:colcon.colcon_core.shell:Creating package script '/home/yuzhench/Desktop/Intership/smart_arm/arm_sim_ws/install/arm_sim_pkg/share/arm_sim_pkg/package.zsh'
[0.538s] Level 1:colcon.colcon_core.environment:create_file_with_runtime_dependencies(/home/yuzhench/Desktop/Intership/smart_arm/arm_sim_ws/install/arm_sim_pkg/share/colcon-core/packages/arm_sim_pkg)
[0.538s] Level 1:colcon.colcon_core.environment:create_environment_scripts_only(arm_sim_pkg)
[0.538s] Level 1:colcon.colcon_core.environment:checking '/home/yuzhench/Desktop/Intership/smart_arm/arm_sim_ws/install/arm_sim_pkg' for CMake module files
[0.539s] Level 1:colcon.colcon_core.environment:checking '/home/yuzhench/Desktop/Intership/smart_arm/arm_sim_ws/install/arm_sim_pkg' for CMake config files
[0.539s] Level 1:colcon.colcon_core.shell:create_environment_hook('arm_sim_pkg', 'cmake_prefix_path')
[0.539s] INFO:colcon.colcon_core.shell:Creating environment hook '/home/yuzhench/Desktop/Intership/smart_arm/arm_sim_ws/install/arm_sim_pkg/share/arm_sim_pkg/hook/cmake_prefix_path.ps1'
[0.539s] INFO:colcon.colcon_core.shell:Creating environment descriptor '/home/yuzhench/Desktop/Intership/smart_arm/arm_sim_ws/install/arm_sim_pkg/share/arm_sim_pkg/hook/cmake_prefix_path.dsv'
[0.539s] INFO:colcon.colcon_core.shell:Creating environment hook '/home/yuzhench/Desktop/Intership/smart_arm/arm_sim_ws/install/arm_sim_pkg/share/arm_sim_pkg/hook/cmake_prefix_path.sh'
[0.540s] Level 1:colcon.colcon_core.environment:checking '/home/yuzhench/Desktop/Intership/smart_arm/arm_sim_ws/install/arm_sim_pkg/lib'
[0.540s] Level 1:colcon.colcon_core.shell:create_environment_hook('arm_sim_pkg', 'ld_library_path_lib')
[0.540s] INFO:colcon.colcon_core.shell:Creating environment hook '/home/yuzhench/Desktop/Intership/smart_arm/arm_sim_ws/install/arm_sim_pkg/share/arm_sim_pkg/hook/ld_library_path_lib.ps1'
[0.540s] INFO:colcon.colcon_core.shell:Creating environment descriptor '/home/yuzhench/Desktop/Intership/smart_arm/arm_sim_ws/install/arm_sim_pkg/share/arm_sim_pkg/hook/ld_library_path_lib.dsv'
[0.540s] INFO:colcon.colcon_core.shell:Creating environment hook '/home/yuzhench/Desktop/Intership/smart_arm/arm_sim_ws/install/arm_sim_pkg/share/arm_sim_pkg/hook/ld_library_path_lib.sh'
[0.541s] Level 1:colcon.colcon_core.environment:checking '/home/yuzhench/Desktop/Intership/smart_arm/arm_sim_ws/install/arm_sim_pkg/bin'
[0.541s] Level 1:colcon.colcon_core.environment:checking '/home/yuzhench/Desktop/Intership/smart_arm/arm_sim_ws/install/arm_sim_pkg/lib/pkgconfig/arm_sim_pkg.pc'
[0.541s] Level 1:colcon.colcon_core.environment:checking '/home/yuzhench/Desktop/Intership/smart_arm/arm_sim_ws/install/arm_sim_pkg/lib/python3.10/site-packages'
[0.541s] Level 1:colcon.colcon_core.environment:checking '/home/yuzhench/Desktop/Intership/smart_arm/arm_sim_ws/install/arm_sim_pkg/bin'
[0.541s] INFO:colcon.colcon_core.shell:Creating package script '/home/yuzhench/Desktop/Intership/smart_arm/arm_sim_ws/install/arm_sim_pkg/share/arm_sim_pkg/package.ps1'
[0.541s] INFO:colcon.colcon_core.shell:Creating package descriptor '/home/yuzhench/Desktop/Intership/smart_arm/arm_sim_ws/install/arm_sim_pkg/share/arm_sim_pkg/package.dsv'
[0.542s] INFO:colcon.colcon_core.shell:Creating package script '/home/yuzhench/Desktop/Intership/smart_arm/arm_sim_ws/install/arm_sim_pkg/share/arm_sim_pkg/package.sh'
[0.542s] INFO:colcon.colcon_core.shell:Creating package script '/home/yuzhench/Desktop/Intership/smart_arm/arm_sim_ws/install/arm_sim_pkg/share/arm_sim_pkg/package.bash'
[0.542s] INFO:colcon.colcon_core.shell:Creating package script '/home/yuzhench/Desktop/Intership/smart_arm/arm_sim_ws/install/arm_sim_pkg/share/arm_sim_pkg/package.zsh'
[0.542s] Level 1:colcon.colcon_core.environment:create_file_with_runtime_dependencies(/home/yuzhench/Desktop/Intership/smart_arm/arm_sim_ws/install/arm_sim_pkg/share/colcon-core/packages/arm_sim_pkg)
[0.542s] INFO:colcon.colcon_ros.task.ament_cmake.build:Building ROS package in '/home/yuzhench/Desktop/Intership/smart_arm/arm_sim_ws/src/movit_robot_arm_sim' with build type 'ament_cmake'
[0.542s] INFO:colcon.colcon_cmake.task.cmake.build:Building CMake package in '/home/yuzhench/Desktop/Intership/smart_arm/arm_sim_ws/src/movit_robot_arm_sim'
[0.543s] INFO:colcon.colcon_core.shell:Skip shell extension 'powershell' for command environment: Not usable outside of PowerShell
[0.543s] DEBUG:colcon.colcon_core.shell:Skip shell extension 'dsv' for command environment
[0.555s] DEBUG:colcon.colcon_core.event_handler.log_command:Invoking command in '/home/yuzhench/Desktop/Intership/smart_arm/arm_sim_ws/build/movit_robot_arm_sim': CMAKE_PREFIX_PATH=/home/yuzhench/Desktop/Intership/smart_arm/arm_sim_ws/install/arm_sim_pkg:/home/yuzhench/Desktop/Intership/smart_arm/arm_sim_ws/install/traj_demo:/home/yuzhench/Desktop/Intership/smart_arm/arm_sim_ws/install/ros2_control_demo_example_7:/home/yuzhench/Desktop/Intership/smart_arm/arm_sim_ws/install/my_arm_moveit_config:/home/yuzhench/Desktop/Intership/smart_arm/arm_sim_ws/install/movit_robot_arm_sim:/home/yuzhench/Desktop/Intership/smart_arm/Demo_arm_ws/install/ros2_control_demos:/home/yuzhench/Desktop/Intership/smart_arm/Demo_arm_ws/install/ros2_control_demo_example_9:/home/yuzhench/Desktop/Intership/smart_arm/Demo_arm_ws/install/ros2_control_demo_example_8:/home/yuzhench/Desktop/Intership/smart_arm/Demo_arm_ws/install/ros2_control_demo_example_7:/home/yuzhench/Desktop/Intership/smart_arm/Demo_arm_ws/install/ros2_control_demo_example_6:/home/yuzhench/Desktop/Intership/smart_arm/Demo_arm_ws/install/ros2_control_demo_example_15:/home/yuzhench/Desktop/Intership/smart_arm/Demo_arm_ws/install/ros2_control_demo_example_13:/home/yuzhench/Desktop/Intership/smart_arm/Demo_arm_ws/install/ros2_control_demo_example_5:/home/yuzhench/Desktop/Intership/smart_arm/Demo_arm_ws/install/ros2_control_demo_example_4:/home/yuzhench/Desktop/Intership/smart_arm/Demo_arm_ws/install/ros2_control_demo_example_3:/home/yuzhench/Desktop/Intership/smart_arm/Demo_arm_ws/install/ros2_control_demo_example_2:/home/yuzhench/Desktop/Intership/smart_arm/Demo_arm_ws/install/ros2_control_demo_example_14:/home/yuzhench/Desktop/Intership/smart_arm/Demo_arm_ws/install/ros2_control_demo_example_12:/home/yuzhench/Desktop/Intership/smart_arm/Demo_arm_ws/install/ros2_control_demo_example_11:/home/yuzhench/Desktop/Intership/smart_arm/Demo_arm_ws/install/ros2_control_demo_example_10:/home/yuzhench/Desktop/Intership/smart_arm/Demo_arm_ws/install/ros2_control_demo_example_1:/home/yuzhench/Desktop/Intership/smart_arm/Demo_arm_ws/install/ros2_control_demo_description:/home/yuzhench/Desktop/Intership/smart_arm/arm_sim_ws/install/robot_bringup:/opt/ros/humble LD_LIBRARY_PATH=/home/yuzhench/Desktop/Intership/smart_arm/arm_sim_ws/install/arm_sim_pkg/lib:/home/yuzhench/Desktop/Intership/smart_arm/arm_sim_ws/install/ros2_control_demo_example_7/lib:/home/yuzhench/Desktop/Intership/smart_arm/Demo_arm_ws/install/ros2_control_demo_example_9/lib:/home/yuzhench/Desktop/Intership/smart_arm/Demo_arm_ws/install/ros2_control_demo_example_8/lib:/home/yuzhench/Desktop/Intership/smart_arm/Demo_arm_ws/install/ros2_control_demo_example_7/lib:/home/yuzhench/Desktop/Intership/smart_arm/Demo_arm_ws/install/ros2_control_demo_example_6/lib:/home/yuzhench/Desktop/Intership/smart_arm/Demo_arm_ws/install/ros2_control_demo_example_5/lib:/home/yuzhench/Desktop/Intership/smart_arm/Demo_arm_ws/install/ros2_control_demo_example_4/lib:/home/yuzhench/Desktop/Intership/smart_arm/Demo_arm_ws/install/ros2_control_demo_example_3/lib:/home/yuzhench/Desktop/Intership/smart_arm/Demo_arm_ws/install/ros2_control_demo_example_2/lib:/home/yuzhench/Desktop/Intership/smart_arm/Demo_arm_ws/install/ros2_control_demo_example_14/lib:/home/yuzhench/Desktop/Intership/smart_arm/Demo_arm_ws/install/ros2_control_demo_example_12/lib:/home/yuzhench/Desktop/Intership/smart_arm/Demo_arm_ws/install/ros2_control_demo_example_11/lib:/home/yuzhench/Desktop/Intership/smart_arm/Demo_arm_ws/install/ros2_control_demo_example_10/lib:/home/yuzhench/Desktop/Intership/smart_arm/Demo_arm_ws/install/ros2_control_demo_example_1/lib:/opt/ros/humble/opt/rviz_ogre_vendor/lib:/opt/ros/humble/lib/x86_64-linux-gnu:/opt/ros/humble/lib /usr/bin/cmake --build /home/yuzhench/Desktop/Intership/smart_arm/arm_sim_ws/build/movit_robot_arm_sim -- -j16 -l16
[0.569s] DEBUG:colcon.colcon_core.event_handler.log_command:Invoked command in '/home/yuzhench/Desktop/Intership/smart_arm/arm_sim_ws/build/ros2_control_demo_example_7' returned '0': CMAKE_PREFIX_PATH=${CMAKE_PREFIX_PATH}:/home/yuzhench/Desktop/Intership/smart_arm/arm_sim_ws/install/robot_bringup:/opt/ros/humble /usr/bin/cmake --build /home/yuzhench/Desktop/Intership/smart_arm/arm_sim_ws/build/ros2_control_demo_example_7 -- -j16 -l16
[0.570s] DEBUG:colcon.colcon_core.event_handler.log_command:Invoking command in '/home/yuzhench/Desktop/Intership/smart_arm/arm_sim_ws/build/ros2_control_demo_example_7': CMAKE_PREFIX_PATH=${CMAKE_PREFIX_PATH}:/home/yuzhench/Desktop/Intership/smart_arm/arm_sim_ws/install/robot_bringup:/opt/ros/humble /usr/bin/cmake --install /home/yuzhench/Desktop/Intership/smart_arm/arm_sim_ws/build/ros2_control_demo_example_7
[0.589s] DEBUG:colcon.colcon_core.event_handler.log_command:Invoked command in '/home/yuzhench/Desktop/Intership/smart_arm/arm_sim_ws/build/movit_robot_arm_sim' returned '0': CMAKE_PREFIX_PATH=/home/yuzhench/Desktop/Intership/smart_arm/arm_sim_ws/install/arm_sim_pkg:/home/yuzhench/Desktop/Intership/smart_arm/arm_sim_ws/install/traj_demo:/home/yuzhench/Desktop/Intership/smart_arm/arm_sim_ws/install/ros2_control_demo_example_7:/home/yuzhench/Desktop/Intership/smart_arm/arm_sim_ws/install/my_arm_moveit_config:/home/yuzhench/Desktop/Intership/smart_arm/arm_sim_ws/install/movit_robot_arm_sim:/home/yuzhench/Desktop/Intership/smart_arm/Demo_arm_ws/install/ros2_control_demos:/home/yuzhench/Desktop/Intership/smart_arm/Demo_arm_ws/install/ros2_control_demo_example_9:/home/yuzhench/Desktop/Intership/smart_arm/Demo_arm_ws/install/ros2_control_demo_example_8:/home/yuzhench/Desktop/Intership/smart_arm/Demo_arm_ws/install/ros2_control_demo_example_7:/home/yuzhench/Desktop/Intership/smart_arm/Demo_arm_ws/install/ros2_control_demo_example_6:/home/yuzhench/Desktop/Intership/smart_arm/Demo_arm_ws/install/ros2_control_demo_example_15:/home/yuzhench/Desktop/Intership/smart_arm/Demo_arm_ws/install/ros2_control_demo_example_13:/home/yuzhench/Desktop/Intership/smart_arm/Demo_arm_ws/install/ros2_control_demo_example_5:/home/yuzhench/Desktop/Intership/smart_arm/Demo_arm_ws/install/ros2_control_demo_example_4:/home/yuzhench/Desktop/Intership/smart_arm/Demo_arm_ws/install/ros2_control_demo_example_3:/home/yuzhench/Desktop/Intership/smart_arm/Demo_arm_ws/install/ros2_control_demo_example_2:/home/yuzhench/Desktop/Intership/smart_arm/Demo_arm_ws/install/ros2_control_demo_example_14:/home/yuzhench/Desktop/Intership/smart_arm/Demo_arm_ws/install/ros2_control_demo_example_12:/home/yuzhench/Desktop/Intership/smart_arm/Demo_arm_ws/install/ros2_control_demo_example_11:/home/yuzhench/Desktop/Intership/smart_arm/Demo_arm_ws/install/ros2_control_demo_example_10:/home/yuzhench/Desktop/Intership/smart_arm/Demo_arm_ws/install/ros2_control_demo_example_1:/home/yuzhench/Desktop/Intership/smart_arm/Demo_arm_ws/install/ros2_control_demo_description:/home/yuzhench/Desktop/Intership/smart_arm/arm_sim_ws/install/robot_bringup:/opt/ros/humble LD_LIBRARY_PATH=/home/yuzhench/Desktop/Intership/smart_arm/arm_sim_ws/install/arm_sim_pkg/lib:/home/yuzhench/Desktop/Intership/smart_arm/arm_sim_ws/install/ros2_control_demo_example_7/lib:/home/yuzhench/Desktop/Intership/smart_arm/Demo_arm_ws/install/ros2_control_demo_example_9/lib:/home/yuzhench/Desktop/Intership/smart_arm/Demo_arm_ws/install/ros2_control_demo_example_8/lib:/home/yuzhench/Desktop/Intership/smart_arm/Demo_arm_ws/install/ros2_control_demo_example_7/lib:/home/yuzhench/Desktop/Intership/smart_arm/Demo_arm_ws/install/ros2_control_demo_example_6/lib:/home/yuzhench/Desktop/Intership/smart_arm/Demo_arm_ws/install/ros2_control_demo_example_5/lib:/home/yuzhench/Desktop/Intership/smart_arm/Demo_arm_ws/install/ros2_control_demo_example_4/lib:/home/yuzhench/Desktop/Intership/smart_arm/Demo_arm_ws/install/ros2_control_demo_example_3/lib:/home/yuzhench/Desktop/Intership/smart_arm/Demo_arm_ws/install/ros2_control_demo_example_2/lib:/home/yuzhench/Desktop/Intership/smart_arm/Demo_arm_ws/install/ros2_control_demo_example_14/lib:/home/yuzhench/Desktop/Intership/smart_arm/Demo_arm_ws/install/ros2_control_demo_example_12/lib:/home/yuzhench/Desktop/Intership/smart_arm/Demo_arm_ws/install/ros2_control_demo_example_11/lib:/home/yuzhench/Desktop/Intership/smart_arm/Demo_arm_ws/install/ros2_control_demo_example_10/lib:/home/yuzhench/Desktop/Intership/smart_arm/Demo_arm_ws/install/ros2_control_demo_example_1/lib:/opt/ros/humble/opt/rviz_ogre_vendor/lib:/opt/ros/humble/lib/x86_64-linux-gnu:/opt/ros/humble/lib /usr/bin/cmake --build /home/yuzhench/Desktop/Intership/smart_arm/arm_sim_ws/build/movit_robot_arm_sim -- -j16 -l16
[0.590s] DEBUG:colcon.colcon_core.event_handler.log_command:Invoking command in '/home/yuzhench/Desktop/Intership/smart_arm/arm_sim_ws/build/movit_robot_arm_sim': CMAKE_PREFIX_PATH=/home/yuzhench/Desktop/Intership/smart_arm/arm_sim_ws/install/arm_sim_pkg:/home/yuzhench/Desktop/Intership/smart_arm/arm_sim_ws/install/traj_demo:/home/yuzhench/Desktop/Intership/smart_arm/arm_sim_ws/install/ros2_control_demo_example_7:/home/yuzhench/Desktop/Intership/smart_arm/arm_sim_ws/install/my_arm_moveit_config:/home/yuzhench/Desktop/Intership/smart_arm/arm_sim_ws/install/movit_robot_arm_sim:/home/yuzhench/Desktop/Intership/smart_arm/Demo_arm_ws/install/ros2_control_demos:/home/yuzhench/Desktop/Intership/smart_arm/Demo_arm_ws/install/ros2_control_demo_example_9:/home/yuzhench/Desktop/Intership/smart_arm/Demo_arm_ws/install/ros2_control_demo_example_8:/home/yuzhench/Desktop/Intership/smart_arm/Demo_arm_ws/install/ros2_control_demo_example_7:/home/yuzhench/Desktop/Intership/smart_arm/Demo_arm_ws/install/ros2_control_demo_example_6:/home/yuzhench/Desktop/Intership/smart_arm/Demo_arm_ws/install/ros2_control_demo_example_15:/home/yuzhench/Desktop/Intership/smart_arm/Demo_arm_ws/install/ros2_control_demo_example_13:/home/yuzhench/Desktop/Intership/smart_arm/Demo_arm_ws/install/ros2_control_demo_example_5:/home/yuzhench/Desktop/Intership/smart_arm/Demo_arm_ws/install/ros2_control_demo_example_4:/home/yuzhench/Desktop/Intership/smart_arm/Demo_arm_ws/install/ros2_control_demo_example_3:/home/yuzhench/Desktop/Intership/smart_arm/Demo_arm_ws/install/ros2_control_demo_example_2:/home/yuzhench/Desktop/Intership/smart_arm/Demo_arm_ws/install/ros2_control_demo_example_14:/home/yuzhench/Desktop/Intership/smart_arm/Demo_arm_ws/install/ros2_control_demo_example_12:/home/yuzhench/Desktop/Intership/smart_arm/Demo_arm_ws/install/ros2_control_demo_example_11:/home/yuzhench/Desktop/Intership/smart_arm/Demo_arm_ws/install/ros2_control_demo_example_10:/home/yuzhench/Desktop/Intership/smart_arm/Demo_arm_ws/install/ros2_control_demo_example_1:/home/yuzhench/Desktop/Intership/smart_arm/Demo_arm_ws/install/ros2_control_demo_description:/home/yuzhench/Desktop/Intership/smart_arm/arm_sim_ws/install/robot_bringup:/opt/ros/humble LD_LIBRARY_PATH=/home/yuzhench/Desktop/Intership/smart_arm/arm_sim_ws/install/arm_sim_pkg/lib:/home/yuzhench/Desktop/Intership/smart_arm/arm_sim_ws/install/ros2_control_demo_example_7/lib:/home/yuzhench/Desktop/Intership/smart_arm/Demo_arm_ws/install/ros2_control_demo_example_9/lib:/home/yuzhench/Desktop/Intership/smart_arm/Demo_arm_ws/install/ros2_control_demo_example_8/lib:/home/yuzhench/Desktop/Intership/smart_arm/Demo_arm_ws/install/ros2_control_demo_example_7/lib:/home/yuzhench/Desktop/Intership/smart_arm/Demo_arm_ws/install/ros2_control_demo_example_6/lib:/home/yuzhench/Desktop/Intership/smart_arm/Demo_arm_ws/install/ros2_control_demo_example_5/lib:/home/yuzhench/Desktop/Intership/smart_arm/Demo_arm_ws/install/ros2_control_demo_example_4/lib:/home/yuzhench/Desktop/Intership/smart_arm/Demo_arm_ws/install/ros2_control_demo_example_3/lib:/home/yuzhench/Desktop/Intership/smart_arm/Demo_arm_ws/install/ros2_control_demo_example_2/lib:/home/yuzhench/Desktop/Intership/smart_arm/Demo_arm_ws/install/ros2_control_demo_example_14/lib:/home/yuzhench/Desktop/Intership/smart_arm/Demo_arm_ws/install/ros2_control_demo_example_12/lib:/home/yuzhench/Desktop/Intership/smart_arm/Demo_arm_ws/install/ros2_control_demo_example_11/lib:/home/yuzhench/Desktop/Intership/smart_arm/Demo_arm_ws/install/ros2_control_demo_example_10/lib:/home/yuzhench/Desktop/Intership/smart_arm/Demo_arm_ws/install/ros2_control_demo_example_1/lib:/opt/ros/humble/opt/rviz_ogre_vendor/lib:/opt/ros/humble/lib/x86_64-linux-gnu:/opt/ros/humble/lib /usr/bin/cmake --install /home/yuzhench/Desktop/Intership/smart_arm/arm_sim_ws/build/movit_robot_arm_sim
[0.590s] Level 1:colcon.colcon_core.environment:create_environment_scripts_only(ros2_control_demo_example_7)
[0.591s] Level 1:colcon.colcon_core.environment:checking '/home/yuzhench/Desktop/Intership/smart_arm/arm_sim_ws/install/ros2_control_demo_example_7' for CMake module files
[0.591s] DEBUG:colcon.colcon_core.event_handler.log_command:Invoked command in '/home/yuzhench/Desktop/Intership/smart_arm/arm_sim_ws/build/ros2_control_demo_example_7' returned '0': CMAKE_PREFIX_PATH=${CMAKE_PREFIX_PATH}:/home/yuzhench/Desktop/Intership/smart_arm/arm_sim_ws/install/robot_bringup:/opt/ros/humble /usr/bin/cmake --install /home/yuzhench/Desktop/Intership/smart_arm/arm_sim_ws/build/ros2_control_demo_example_7
[0.592s] Level 1:colcon.colcon_core.environment:checking '/home/yuzhench/Desktop/Intership/smart_arm/arm_sim_ws/install/ros2_control_demo_example_7' for CMake config files
[0.592s] Level 1:colcon.colcon_core.shell:create_environment_hook('ros2_control_demo_example_7', 'cmake_prefix_path')
[0.592s] INFO:colcon.colcon_core.shell:Creating environment hook '/home/yuzhench/Desktop/Intership/smart_arm/arm_sim_ws/install/ros2_control_demo_example_7/share/ros2_control_demo_example_7/hook/cmake_prefix_path.ps1'
[0.592s] INFO:colcon.colcon_core.shell:Creating environment descriptor '/home/yuzhench/Desktop/Intership/smart_arm/arm_sim_ws/install/ros2_control_demo_example_7/share/ros2_control_demo_example_7/hook/cmake_prefix_path.dsv'
[0.593s] INFO:colcon.colcon_core.shell:Creating environment hook '/home/yuzhench/Desktop/Intership/smart_arm/arm_sim_ws/install/ros2_control_demo_example_7/share/ros2_control_demo_example_7/hook/cmake_prefix_path.sh'
[0.593s] Level 1:colcon.colcon_core.environment:checking '/home/yuzhench/Desktop/Intership/smart_arm/arm_sim_ws/install/ros2_control_demo_example_7/lib'
[0.593s] Level 1:colcon.colcon_core.shell:create_environment_hook('ros2_control_demo_example_7', 'ld_library_path_lib')
[0.593s] INFO:colcon.colcon_core.shell:Creating environment hook '/home/yuzhench/Desktop/Intership/smart_arm/arm_sim_ws/install/ros2_control_demo_example_7/share/ros2_control_demo_example_7/hook/ld_library_path_lib.ps1'
[0.593s] INFO:colcon.colcon_core.shell:Creating environment descriptor '/home/yuzhench/Desktop/Intership/smart_arm/arm_sim_ws/install/ros2_control_demo_example_7/share/ros2_control_demo_example_7/hook/ld_library_path_lib.dsv'
[0.594s] INFO:colcon.colcon_core.shell:Creating environment hook '/home/yuzhench/Desktop/Intership/smart_arm/arm_sim_ws/install/ros2_control_demo_example_7/share/ros2_control_demo_example_7/hook/ld_library_path_lib.sh'
[0.594s] Level 1:colcon.colcon_core.environment:checking '/home/yuzhench/Desktop/Intership/smart_arm/arm_sim_ws/install/ros2_control_demo_example_7/bin'
[0.594s] Level 1:colcon.colcon_core.environment:checking '/home/yuzhench/Desktop/Intership/smart_arm/arm_sim_ws/install/ros2_control_demo_example_7/lib/pkgconfig/ros2_control_demo_example_7.pc'
[0.594s] Level 1:colcon.colcon_core.environment:checking '/home/yuzhench/Desktop/Intership/smart_arm/arm_sim_ws/install/ros2_control_demo_example_7/lib/python3.10/site-packages'
[0.594s] Level 1:colcon.colcon_core.environment:checking '/home/yuzhench/Desktop/Intership/smart_arm/arm_sim_ws/install/ros2_control_demo_example_7/bin'
[0.594s] INFO:colcon.colcon_core.shell:Creating package script '/home/yuzhench/Desktop/Intership/smart_arm/arm_sim_ws/install/ros2_control_demo_example_7/share/ros2_control_demo_example_7/package.ps1'
[0.594s] INFO:colcon.colcon_core.shell:Creating package descriptor '/home/yuzhench/Desktop/Intership/smart_arm/arm_sim_ws/install/ros2_control_demo_example_7/share/ros2_control_demo_example_7/package.dsv'
[0.595s] INFO:colcon.colcon_core.shell:Creating package script '/home/yuzhench/Desktop/Intership/smart_arm/arm_sim_ws/install/ros2_control_demo_example_7/share/ros2_control_demo_example_7/package.sh'
[0.595s] INFO:colcon.colcon_core.shell:Creating package script '/home/yuzhench/Desktop/Intership/smart_arm/arm_sim_ws/install/ros2_control_demo_example_7/share/ros2_control_demo_example_7/package.bash'
[0.595s] INFO:colcon.colcon_core.shell:Creating package script '/home/yuzhench/Desktop/Intership/smart_arm/arm_sim_ws/install/ros2_control_demo_example_7/share/ros2_control_demo_example_7/package.zsh'
[0.595s] Level 1:colcon.colcon_core.environment:create_file_with_runtime_dependencies(/home/yuzhench/Desktop/Intership/smart_arm/arm_sim_ws/install/ros2_control_demo_example_7/share/colcon-core/packages/ros2_control_demo_example_7)
[0.596s] Level 1:colcon.colcon_core.environment:create_environment_scripts_only(ros2_control_demo_example_7)
[0.596s] Level 1:colcon.colcon_core.environment:checking '/home/yuzhench/Desktop/Intership/smart_arm/arm_sim_ws/install/ros2_control_demo_example_7' for CMake module files
[0.596s] Level 1:colcon.colcon_core.environment:checking '/home/yuzhench/Desktop/Intership/smart_arm/arm_sim_ws/install/ros2_control_demo_example_7' for CMake config files
[0.596s] Level 1:colcon.colcon_core.shell:create_environment_hook('ros2_control_demo_example_7', 'cmake_prefix_path')
[0.596s] INFO:colcon.colcon_core.shell:Creating environment hook '/home/yuzhench/Desktop/Intership/smart_arm/arm_sim_ws/install/ros2_control_demo_example_7/share/ros2_control_demo_example_7/hook/cmake_prefix_path.ps1'
[0.597s] INFO:colcon.colcon_core.shell:Creating environment descriptor '/home/yuzhench/Desktop/Intership/smart_arm/arm_sim_ws/install/ros2_control_demo_example_7/share/ros2_control_demo_example_7/hook/cmake_prefix_path.dsv'
[0.597s] INFO:colcon.colcon_core.shell:Creating environment hook '/home/yuzhench/Desktop/Intership/smart_arm/arm_sim_ws/install/ros2_control_demo_example_7/share/ros2_control_demo_example_7/hook/cmake_prefix_path.sh'
[0.598s] Level 1:colcon.colcon_core.environment:checking '/home/yuzhench/Desktop/Intership/smart_arm/arm_sim_ws/install/ros2_control_demo_example_7/lib'
[0.598s] Level 1:colcon.colcon_core.shell:create_environment_hook('ros2_control_demo_example_7', 'ld_library_path_lib')
[0.598s] INFO:colcon.colcon_core.shell:Creating environment hook '/home/yuzhench/Desktop/Intership/smart_arm/arm_sim_ws/install/ros2_control_demo_example_7/share/ros2_control_demo_example_7/hook/ld_library_path_lib.ps1'
[0.598s] INFO:colcon.colcon_core.shell:Creating environment descriptor '/home/yuzhench/Desktop/Intership/smart_arm/arm_sim_ws/install/ros2_control_demo_example_7/share/ros2_control_demo_example_7/hook/ld_library_path_lib.dsv'
[0.599s] INFO:colcon.colcon_core.shell:Creating environment hook '/home/yuzhench/Desktop/Intership/smart_arm/arm_sim_ws/install/ros2_control_demo_example_7/share/ros2_control_demo_example_7/hook/ld_library_path_lib.sh'
[0.599s] Level 1:colcon.colcon_core.environment:checking '/home/yuzhench/Desktop/Intership/smart_arm/arm_sim_ws/install/ros2_control_demo_example_7/bin'
[0.599s] Level 1:colcon.colcon_core.environment:checking '/home/yuzhench/Desktop/Intership/smart_arm/arm_sim_ws/install/ros2_control_demo_example_7/lib/pkgconfig/ros2_control_demo_example_7.pc'
[0.599s] Level 1:colcon.colcon_core.environment:checking '/home/yuzhench/Desktop/Intership/smart_arm/arm_sim_ws/install/ros2_control_demo_example_7/lib/python3.10/site-packages'
[0.599s] Level 1:colcon.colcon_core.environment:checking '/home/yuzhench/Desktop/Intership/smart_arm/arm_sim_ws/install/ros2_control_demo_example_7/bin'
[0.599s] INFO:colcon.colcon_core.shell:Creating package script '/home/yuzhench/Desktop/Intership/smart_arm/arm_sim_ws/install/ros2_control_demo_example_7/share/ros2_control_demo_example_7/package.ps1'
[0.599s] INFO:colcon.colcon_core.shell:Creating package descriptor '/home/yuzhench/Desktop/Intership/smart_arm/arm_sim_ws/install/ros2_control_demo_example_7/share/ros2_control_demo_example_7/package.dsv'
[0.600s] INFO:colcon.colcon_core.shell:Creating package script '/home/yuzhench/Desktop/Intership/smart_arm/arm_sim_ws/install/ros2_control_demo_example_7/share/ros2_control_demo_example_7/package.sh'
[0.600s] INFO:colcon.colcon_core.shell:Creating package script '/home/yuzhench/Desktop/Intership/smart_arm/arm_sim_ws/install/ros2_control_demo_example_7/share/ros2_control_demo_example_7/package.bash'
[0.600s] INFO:colcon.colcon_core.shell:Creating package script '/home/yuzhench/Desktop/Intership/smart_arm/arm_sim_ws/install/ros2_control_demo_example_7/share/ros2_control_demo_example_7/package.zsh'
[0.600s] Level 1:colcon.colcon_core.environment:create_file_with_runtime_dependencies(/home/yuzhench/Desktop/Intership/smart_arm/arm_sim_ws/install/ros2_control_demo_example_7/share/colcon-core/packages/ros2_control_demo_example_7)
[0.609s] Level 1:colcon.colcon_core.environment:create_environment_scripts_only(movit_robot_arm_sim)
[0.609s] Level 1:colcon.colcon_core.environment:checking '/home/yuzhench/Desktop/Intership/smart_arm/arm_sim_ws/install/movit_robot_arm_sim' for CMake module files
[0.609s] DEBUG:colcon.colcon_core.event_handler.log_command:Invoked command in '/home/yuzhench/Desktop/Intership/smart_arm/arm_sim_ws/build/movit_robot_arm_sim' returned '0': CMAKE_PREFIX_PATH=/home/yuzhench/Desktop/Intership/smart_arm/arm_sim_ws/install/arm_sim_pkg:/home/yuzhench/Desktop/Intership/smart_arm/arm_sim_ws/install/traj_demo:/home/yuzhench/Desktop/Intership/smart_arm/arm_sim_ws/install/ros2_control_demo_example_7:/home/yuzhench/Desktop/Intership/smart_arm/arm_sim_ws/install/my_arm_moveit_config:/home/yuzhench/Desktop/Intership/smart_arm/arm_sim_ws/install/movit_robot_arm_sim:/home/yuzhench/Desktop/Intership/smart_arm/Demo_arm_ws/install/ros2_control_demos:/home/yuzhench/Desktop/Intership/smart_arm/Demo_arm_ws/install/ros2_control_demo_example_9:/home/yuzhench/Desktop/Intership/smart_arm/Demo_arm_ws/install/ros2_control_demo_example_8:/home/yuzhench/Desktop/Intership/smart_arm/Demo_arm_ws/install/ros2_control_demo_example_7:/home/yuzhench/Desktop/Intership/smart_arm/Demo_arm_ws/install/ros2_control_demo_example_6:/home/yuzhench/Desktop/Intership/smart_arm/Demo_arm_ws/install/ros2_control_demo_example_15:/home/yuzhench/Desktop/Intership/smart_arm/Demo_arm_ws/install/ros2_control_demo_example_13:/home/yuzhench/Desktop/Intership/smart_arm/Demo_arm_ws/install/ros2_control_demo_example_5:/home/yuzhench/Desktop/Intership/smart_arm/Demo_arm_ws/install/ros2_control_demo_example_4:/home/yuzhench/Desktop/Intership/smart_arm/Demo_arm_ws/install/ros2_control_demo_example_3:/home/yuzhench/Desktop/Intership/smart_arm/Demo_arm_ws/install/ros2_control_demo_example_2:/home/yuzhench/Desktop/Intership/smart_arm/Demo_arm_ws/install/ros2_control_demo_example_14:/home/yuzhench/Desktop/Intership/smart_arm/Demo_arm_ws/install/ros2_control_demo_example_12:/home/yuzhench/Desktop/Intership/smart_arm/Demo_arm_ws/install/ros2_control_demo_example_11:/home/yuzhench/Desktop/Intership/smart_arm/Demo_arm_ws/install/ros2_control_demo_example_10:/home/yuzhench/Desktop/Intership/smart_arm/Demo_arm_ws/install/ros2_control_demo_example_1:/home/yuzhench/Desktop/Intership/smart_arm/Demo_arm_ws/install/ros2_control_demo_description:/home/yuzhench/Desktop/Intership/smart_arm/arm_sim_ws/install/robot_bringup:/opt/ros/humble LD_LIBRARY_PATH=/home/yuzhench/Desktop/Intership/smart_arm/arm_sim_ws/install/arm_sim_pkg/lib:/home/yuzhench/Desktop/Intership/smart_arm/arm_sim_ws/install/ros2_control_demo_example_7/lib:/home/yuzhench/Desktop/Intership/smart_arm/Demo_arm_ws/install/ros2_control_demo_example_9/lib:/home/yuzhench/Desktop/Intership/smart_arm/Demo_arm_ws/install/ros2_control_demo_example_8/lib:/home/yuzhench/Desktop/Intership/smart_arm/Demo_arm_ws/install/ros2_control_demo_example_7/lib:/home/yuzhench/Desktop/Intership/smart_arm/Demo_arm_ws/install/ros2_control_demo_example_6/lib:/home/yuzhench/Desktop/Intership/smart_arm/Demo_arm_ws/install/ros2_control_demo_example_5/lib:/home/yuzhench/Desktop/Intership/smart_arm/Demo_arm_ws/install/ros2_control_demo_example_4/lib:/home/yuzhench/Desktop/Intership/smart_arm/Demo_arm_ws/install/ros2_control_demo_example_3/lib:/home/yuzhench/Desktop/Intership/smart_arm/Demo_arm_ws/install/ros2_control_demo_example_2/lib:/home/yuzhench/Desktop/Intership/smart_arm/Demo_arm_ws/install/ros2_control_demo_example_14/lib:/home/yuzhench/Desktop/Intership/smart_arm/Demo_arm_ws/install/ros2_control_demo_example_12/lib:/home/yuzhench/Desktop/Intership/smart_arm/Demo_arm_ws/install/ros2_control_demo_example_11/lib:/home/yuzhench/Desktop/Intership/smart_arm/Demo_arm_ws/install/ros2_control_demo_example_10/lib:/home/yuzhench/Desktop/Intership/smart_arm/Demo_arm_ws/install/ros2_control_demo_example_1/lib:/opt/ros/humble/opt/rviz_ogre_vendor/lib:/opt/ros/humble/lib/x86_64-linux-gnu:/opt/ros/humble/lib /usr/bin/cmake --install /home/yuzhench/Desktop/Intership/smart_arm/arm_sim_ws/build/movit_robot_arm_sim
[0.610s] Level 1:colcon.colcon_core.environment:checking '/home/yuzhench/Desktop/Intership/smart_arm/arm_sim_ws/install/movit_robot_arm_sim' for CMake config files
[0.610s] Level 1:colcon.colcon_core.shell:create_environment_hook('movit_robot_arm_sim', 'cmake_prefix_path')
[0.610s] INFO:colcon.colcon_core.shell:Creating environment hook '/home/yuzhench/Desktop/Intership/smart_arm/arm_sim_ws/install/movit_robot_arm_sim/share/movit_robot_arm_sim/hook/cmake_prefix_path.ps1'
[0.611s] INFO:colcon.colcon_core.shell:Creating environment descriptor '/home/yuzhench/Desktop/Intership/smart_arm/arm_sim_ws/install/movit_robot_arm_sim/share/movit_robot_arm_sim/hook/cmake_prefix_path.dsv'
[0.611s] INFO:colcon.colcon_core.shell:Creating environment hook '/home/yuzhench/Desktop/Intership/smart_arm/arm_sim_ws/install/movit_robot_arm_sim/share/movit_robot_arm_sim/hook/cmake_prefix_path.sh'
[0.611s] Level 1:colcon.colcon_core.environment:checking '/home/yuzhench/Desktop/Intership/smart_arm/arm_sim_ws/install/movit_robot_arm_sim/bin'
[0.611s] Level 1:colcon.colcon_core.environment:checking '/home/yuzhench/Desktop/Intership/smart_arm/arm_sim_ws/install/movit_robot_arm_sim/lib/pkgconfig/movit_robot_arm_sim.pc'
[0.611s] Level 1:colcon.colcon_core.environment:checking '/home/yuzhench/Desktop/Intership/smart_arm/arm_sim_ws/install/movit_robot_arm_sim/lib/python3.10/site-packages'
[0.611s] Level 1:colcon.colcon_core.environment:checking '/home/yuzhench/Desktop/Intership/smart_arm/arm_sim_ws/install/movit_robot_arm_sim/bin'
[0.611s] INFO:colcon.colcon_core.shell:Creating package script '/home/yuzhench/Desktop/Intership/smart_arm/arm_sim_ws/install/movit_robot_arm_sim/share/movit_robot_arm_sim/package.ps1'
[0.612s] INFO:colcon.colcon_core.shell:Creating package descriptor '/home/yuzhench/Desktop/Intership/smart_arm/arm_sim_ws/install/movit_robot_arm_sim/share/movit_robot_arm_sim/package.dsv'
[0.612s] INFO:colcon.colcon_core.shell:Creating package script '/home/yuzhench/Desktop/Intership/smart_arm/arm_sim_ws/install/movit_robot_arm_sim/share/movit_robot_arm_sim/package.sh'
[0.612s] INFO:colcon.colcon_core.shell:Creating package script '/home/yuzhench/Desktop/Intership/smart_arm/arm_sim_ws/install/movit_robot_arm_sim/share/movit_robot_arm_sim/package.bash'
[0.612s] INFO:colcon.colcon_core.shell:Creating package script '/home/yuzhench/Desktop/Intership/smart_arm/arm_sim_ws/install/movit_robot_arm_sim/share/movit_robot_arm_sim/package.zsh'
[0.612s] Level 1:colcon.colcon_core.environment:create_file_with_runtime_dependencies(/home/yuzhench/Desktop/Intership/smart_arm/arm_sim_ws/install/movit_robot_arm_sim/share/colcon-core/packages/movit_robot_arm_sim)
[0.613s] Level 1:colcon.colcon_core.environment:create_environment_scripts_only(movit_robot_arm_sim)
[0.613s] Level 1:colcon.colcon_core.environment:checking '/home/yuzhench/Desktop/Intership/smart_arm/arm_sim_ws/install/movit_robot_arm_sim' for CMake module files
[0.613s] Level 1:colcon.colcon_core.environment:checking '/home/yuzhench/Desktop/Intership/smart_arm/arm_sim_ws/install/movit_robot_arm_sim' for CMake config files
[0.613s] Level 1:colcon.colcon_core.shell:create_environment_hook('movit_robot_arm_sim', 'cmake_prefix_path')
[0.613s] INFO:colcon.colcon_core.shell:Creating environment hook '/home/yuzhench/Desktop/Intership/smart_arm/arm_sim_ws/install/movit_robot_arm_sim/share/movit_robot_arm_sim/hook/cmake_prefix_path.ps1'
[0.614s] INFO:colcon.colcon_core.shell:Creating environment descriptor '/home/yuzhench/Desktop/Intership/smart_arm/arm_sim_ws/install/movit_robot_arm_sim/share/movit_robot_arm_sim/hook/cmake_prefix_path.dsv'
[0.614s] INFO:colcon.colcon_core.shell:Creating environment hook '/home/yuzhench/Desktop/Intership/smart_arm/arm_sim_ws/install/movit_robot_arm_sim/share/movit_robot_arm_sim/hook/cmake_prefix_path.sh'
[0.614s] Level 1:colcon.colcon_core.environment:checking '/home/yuzhench/Desktop/Intership/smart_arm/arm_sim_ws/install/movit_robot_arm_sim/bin'
[0.614s] Level 1:colcon.colcon_core.environment:checking '/home/yuzhench/Desktop/Intership/smart_arm/arm_sim_ws/install/movit_robot_arm_sim/lib/pkgconfig/movit_robot_arm_sim.pc'
[0.614s] Level 1:colcon.colcon_core.environment:checking '/home/yuzhench/Desktop/Intership/smart_arm/arm_sim_ws/install/movit_robot_arm_sim/lib/python3.10/site-packages'
[0.614s] Level 1:colcon.colcon_core.environment:checking '/home/yuzhench/Desktop/Intership/smart_arm/arm_sim_ws/install/movit_robot_arm_sim/bin'
[0.614s] INFO:colcon.colcon_core.shell:Creating package script '/home/yuzhench/Desktop/Intership/smart_arm/arm_sim_ws/install/movit_robot_arm_sim/share/movit_robot_arm_sim/package.ps1'
[0.615s] INFO:colcon.colcon_core.shell:Creating package descriptor '/home/yuzhench/Desktop/Intership/smart_arm/arm_sim_ws/install/movit_robot_arm_sim/share/movit_robot_arm_sim/package.dsv'
[0.615s] INFO:colcon.colcon_core.shell:Creating package script '/home/yuzhench/Desktop/Intership/smart_arm/arm_sim_ws/install/movit_robot_arm_sim/share/movit_robot_arm_sim/package.sh'
[0.615s] INFO:colcon.colcon_core.shell:Creating package script '/home/yuzhench/Desktop/Intership/smart_arm/arm_sim_ws/install/movit_robot_arm_sim/share/movit_robot_arm_sim/package.bash'
[0.615s] INFO:colcon.colcon_core.shell:Creating package script '/home/yuzhench/Desktop/Intership/smart_arm/arm_sim_ws/install/movit_robot_arm_sim/share/movit_robot_arm_sim/package.zsh'
[0.615s] Level 1:colcon.colcon_core.environment:create_file_with_runtime_dependencies(/home/yuzhench/Desktop/Intership/smart_arm/arm_sim_ws/install/movit_robot_arm_sim/share/colcon-core/packages/movit_robot_arm_sim)
[0.616s] INFO:colcon.colcon_ros.task.ament_cmake.build:Building ROS package in '/home/yuzhench/Desktop/Intership/smart_arm/arm_sim_ws/src/traj_demo' with build type 'ament_cmake'
[0.616s] INFO:colcon.colcon_cmake.task.cmake.build:Building CMake package in '/home/yuzhench/Desktop/Intership/smart_arm/arm_sim_ws/src/traj_demo'
[0.616s] INFO:colcon.colcon_core.shell:Skip shell extension 'powershell' for command environment: Not usable outside of PowerShell
[0.616s] DEBUG:colcon.colcon_core.shell:Skip shell extension 'dsv' for command environment
[0.627s] DEBUG:colcon.colcon_core.event_handler.log_command:Invoking command in '/home/yuzhench/Desktop/Intership/smart_arm/arm_sim_ws/build/traj_demo': CMAKE_PREFIX_PATH=/home/yuzhench/Desktop/Intership/smart_arm/arm_sim_ws/install/movit_robot_arm_sim:/home/yuzhench/Desktop/Intership/smart_arm/arm_sim_ws/install/arm_sim_pkg:/home/yuzhench/Desktop/Intership/smart_arm/arm_sim_ws/install/traj_demo:/home/yuzhench/Desktop/Intership/smart_arm/arm_sim_ws/install/ros2_control_demo_example_7:/home/yuzhench/Desktop/Intership/smart_arm/arm_sim_ws/install/my_arm_moveit_config:/home/yuzhench/Desktop/Intership/smart_arm/Demo_arm_ws/install/ros2_control_demos:/home/yuzhench/Desktop/Intership/smart_arm/Demo_arm_ws/install/ros2_control_demo_example_9:/home/yuzhench/Desktop/Intership/smart_arm/Demo_arm_ws/install/ros2_control_demo_example_8:/home/yuzhench/Desktop/Intership/smart_arm/Demo_arm_ws/install/ros2_control_demo_example_7:/home/yuzhench/Desktop/Intership/smart_arm/Demo_arm_ws/install/ros2_control_demo_example_6:/home/yuzhench/Desktop/Intership/smart_arm/Demo_arm_ws/install/ros2_control_demo_example_15:/home/yuzhench/Desktop/Intership/smart_arm/Demo_arm_ws/install/ros2_control_demo_example_13:/home/yuzhench/Desktop/Intership/smart_arm/Demo_arm_ws/install/ros2_control_demo_example_5:/home/yuzhench/Desktop/Intership/smart_arm/Demo_arm_ws/install/ros2_control_demo_example_4:/home/yuzhench/Desktop/Intership/smart_arm/Demo_arm_ws/install/ros2_control_demo_example_3:/home/yuzhench/Desktop/Intership/smart_arm/Demo_arm_ws/install/ros2_control_demo_example_2:/home/yuzhench/Desktop/Intership/smart_arm/Demo_arm_ws/install/ros2_control_demo_example_14:/home/yuzhench/Desktop/Intership/smart_arm/Demo_arm_ws/install/ros2_control_demo_example_12:/home/yuzhench/Desktop/Intership/smart_arm/Demo_arm_ws/install/ros2_control_demo_example_11:/home/yuzhench/Desktop/Intership/smart_arm/Demo_arm_ws/install/ros2_control_demo_example_10:/home/yuzhench/Desktop/Intership/smart_arm/Demo_arm_ws/install/ros2_control_demo_example_1:/home/yuzhench/Desktop/Intership/smart_arm/Demo_arm_ws/install/ros2_control_demo_description:/home/yuzhench/Desktop/Intership/smart_arm/arm_sim_ws/install/robot_bringup:/opt/ros/humble LD_LIBRARY_PATH=/home/yuzhench/Desktop/Intership/smart_arm/arm_sim_ws/install/arm_sim_pkg/lib:/home/yuzhench/Desktop/Intership/smart_arm/arm_sim_ws/install/ros2_control_demo_example_7/lib:/home/yuzhench/Desktop/Intership/smart_arm/Demo_arm_ws/install/ros2_control_demo_example_9/lib:/home/yuzhench/Desktop/Intership/smart_arm/Demo_arm_ws/install/ros2_control_demo_example_8/lib:/home/yuzhench/Desktop/Intership/smart_arm/Demo_arm_ws/install/ros2_control_demo_example_7/lib:/home/yuzhench/Desktop/Intership/smart_arm/Demo_arm_ws/install/ros2_control_demo_example_6/lib:/home/yuzhench/Desktop/Intership/smart_arm/Demo_arm_ws/install/ros2_control_demo_example_5/lib:/home/yuzhench/Desktop/Intership/smart_arm/Demo_arm_ws/install/ros2_control_demo_example_4/lib:/home/yuzhench/Desktop/Intership/smart_arm/Demo_arm_ws/install/ros2_control_demo_example_3/lib:/home/yuzhench/Desktop/Intership/smart_arm/Demo_arm_ws/install/ros2_control_demo_example_2/lib:/home/yuzhench/Desktop/Intership/smart_arm/Demo_arm_ws/install/ros2_control_demo_example_14/lib:/home/yuzhench/Desktop/Intership/smart_arm/Demo_arm_ws/install/ros2_control_demo_example_12/lib:/home/yuzhench/Desktop/Intership/smart_arm/Demo_arm_ws/install/ros2_control_demo_example_11/lib:/home/yuzhench/Desktop/Intership/smart_arm/Demo_arm_ws/install/ros2_control_demo_example_10/lib:/home/yuzhench/Desktop/Intership/smart_arm/Demo_arm_ws/install/ros2_control_demo_example_1/lib:/opt/ros/humble/opt/rviz_ogre_vendor/lib:/opt/ros/humble/lib/x86_64-linux-gnu:/opt/ros/humble/lib /usr/bin/cmake --build /home/yuzhench/Desktop/Intership/smart_arm/arm_sim_ws/build/traj_demo -- -j16 -l16
[0.706s] DEBUG:colcon.colcon_core.event_handler.log_command:Invoked command in '/home/yuzhench/Desktop/Intership/smart_arm/arm_sim_ws/build/traj_demo' returned '0': CMAKE_PREFIX_PATH=/home/yuzhench/Desktop/Intership/smart_arm/arm_sim_ws/install/movit_robot_arm_sim:/home/yuzhench/Desktop/Intership/smart_arm/arm_sim_ws/install/arm_sim_pkg:/home/yuzhench/Desktop/Intership/smart_arm/arm_sim_ws/install/traj_demo:/home/yuzhench/Desktop/Intership/smart_arm/arm_sim_ws/install/ros2_control_demo_example_7:/home/yuzhench/Desktop/Intership/smart_arm/arm_sim_ws/install/my_arm_moveit_config:/home/yuzhench/Desktop/Intership/smart_arm/Demo_arm_ws/install/ros2_control_demos:/home/yuzhench/Desktop/Intership/smart_arm/Demo_arm_ws/install/ros2_control_demo_example_9:/home/yuzhench/Desktop/Intership/smart_arm/Demo_arm_ws/install/ros2_control_demo_example_8:/home/yuzhench/Desktop/Intership/smart_arm/Demo_arm_ws/install/ros2_control_demo_example_7:/home/yuzhench/Desktop/Intership/smart_arm/Demo_arm_ws/install/ros2_control_demo_example_6:/home/yuzhench/Desktop/Intership/smart_arm/Demo_arm_ws/install/ros2_control_demo_example_15:/home/yuzhench/Desktop/Intership/smart_arm/Demo_arm_ws/install/ros2_control_demo_example_13:/home/yuzhench/Desktop/Intership/smart_arm/Demo_arm_ws/install/ros2_control_demo_example_5:/home/yuzhench/Desktop/Intership/smart_arm/Demo_arm_ws/install/ros2_control_demo_example_4:/home/yuzhench/Desktop/Intership/smart_arm/Demo_arm_ws/install/ros2_control_demo_example_3:/home/yuzhench/Desktop/Intership/smart_arm/Demo_arm_ws/install/ros2_control_demo_example_2:/home/yuzhench/Desktop/Intership/smart_arm/Demo_arm_ws/install/ros2_control_demo_example_14:/home/yuzhench/Desktop/Intership/smart_arm/Demo_arm_ws/install/ros2_control_demo_example_12:/home/yuzhench/Desktop/Intership/smart_arm/Demo_arm_ws/install/ros2_control_demo_example_11:/home/yuzhench/Desktop/Intership/smart_arm/Demo_arm_ws/install/ros2_control_demo_example_10:/home/yuzhench/Desktop/Intership/smart_arm/Demo_arm_ws/install/ros2_control_demo_example_1:/home/yuzhench/Desktop/Intership/smart_arm/Demo_arm_ws/install/ros2_control_demo_description:/home/yuzhench/Desktop/Intership/smart_arm/arm_sim_ws/install/robot_bringup:/opt/ros/humble LD_LIBRARY_PATH=/home/yuzhench/Desktop/Intership/smart_arm/arm_sim_ws/install/arm_sim_pkg/lib:/home/yuzhench/Desktop/Intership/smart_arm/arm_sim_ws/install/ros2_control_demo_example_7/lib:/home/yuzhench/Desktop/Intership/smart_arm/Demo_arm_ws/install/ros2_control_demo_example_9/lib:/home/yuzhench/Desktop/Intership/smart_arm/Demo_arm_ws/install/ros2_control_demo_example_8/lib:/home/yuzhench/Desktop/Intership/smart_arm/Demo_arm_ws/install/ros2_control_demo_example_7/lib:/home/yuzhench/Desktop/Intership/smart_arm/Demo_arm_ws/install/ros2_control_demo_example_6/lib:/home/yuzhench/Desktop/Intership/smart_arm/Demo_arm_ws/install/ros2_control_demo_example_5/lib:/home/yuzhench/Desktop/Intership/smart_arm/Demo_arm_ws/install/ros2_control_demo_example_4/lib:/home/yuzhench/Desktop/Intership/smart_arm/Demo_arm_ws/install/ros2_control_demo_example_3/lib:/home/yuzhench/Desktop/Intership/smart_arm/Demo_arm_ws/install/ros2_control_demo_example_2/lib:/home/yuzhench/Desktop/Intership/smart_arm/Demo_arm_ws/install/ros2_control_demo_example_14/lib:/home/yuzhench/Desktop/Intership/smart_arm/Demo_arm_ws/install/ros2_control_demo_example_12/lib:/home/yuzhench/Desktop/Intership/smart_arm/Demo_arm_ws/install/ros2_control_demo_example_11/lib:/home/yuzhench/Desktop/Intership/smart_arm/Demo_arm_ws/install/ros2_control_demo_example_10/lib:/home/yuzhench/Desktop/Intership/smart_arm/Demo_arm_ws/install/ros2_control_demo_example_1/lib:/opt/ros/humble/opt/rviz_ogre_vendor/lib:/opt/ros/humble/lib/x86_64-linux-gnu:/opt/ros/humble/lib /usr/bin/cmake --build /home/yuzhench/Desktop/Intership/smart_arm/arm_sim_ws/build/traj_demo -- -j16 -l16
[0.707s] DEBUG:colcon.colcon_core.event_handler.log_command:Invoking command in '/home/yuzhench/Desktop/Intership/smart_arm/arm_sim_ws/build/traj_demo': CMAKE_PREFIX_PATH=/home/yuzhench/Desktop/Intership/smart_arm/arm_sim_ws/install/movit_robot_arm_sim:/home/yuzhench/Desktop/Intership/smart_arm/arm_sim_ws/install/arm_sim_pkg:/home/yuzhench/Desktop/Intership/smart_arm/arm_sim_ws/install/traj_demo:/home/yuzhench/Desktop/Intership/smart_arm/arm_sim_ws/install/ros2_control_demo_example_7:/home/yuzhench/Desktop/Intership/smart_arm/arm_sim_ws/install/my_arm_moveit_config:/home/yuzhench/Desktop/Intership/smart_arm/Demo_arm_ws/install/ros2_control_demos:/home/yuzhench/Desktop/Intership/smart_arm/Demo_arm_ws/install/ros2_control_demo_example_9:/home/yuzhench/Desktop/Intership/smart_arm/Demo_arm_ws/install/ros2_control_demo_example_8:/home/yuzhench/Desktop/Intership/smart_arm/Demo_arm_ws/install/ros2_control_demo_example_7:/home/yuzhench/Desktop/Intership/smart_arm/Demo_arm_ws/install/ros2_control_demo_example_6:/home/yuzhench/Desktop/Intership/smart_arm/Demo_arm_ws/install/ros2_control_demo_example_15:/home/yuzhench/Desktop/Intership/smart_arm/Demo_arm_ws/install/ros2_control_demo_example_13:/home/yuzhench/Desktop/Intership/smart_arm/Demo_arm_ws/install/ros2_control_demo_example_5:/home/yuzhench/Desktop/Intership/smart_arm/Demo_arm_ws/install/ros2_control_demo_example_4:/home/yuzhench/Desktop/Intership/smart_arm/Demo_arm_ws/install/ros2_control_demo_example_3:/home/yuzhench/Desktop/Intership/smart_arm/Demo_arm_ws/install/ros2_control_demo_example_2:/home/yuzhench/Desktop/Intership/smart_arm/Demo_arm_ws/install/ros2_control_demo_example_14:/home/yuzhench/Desktop/Intership/smart_arm/Demo_arm_ws/install/ros2_control_demo_example_12:/home/yuzhench/Desktop/Intership/smart_arm/Demo_arm_ws/install/ros2_control_demo_example_11:/home/yuzhench/Desktop/Intership/smart_arm/Demo_arm_ws/install/ros2_control_demo_example_10:/home/yuzhench/Desktop/Intership/smart_arm/Demo_arm_ws/install/ros2_control_demo_example_1:/home/yuzhench/Desktop/Intership/smart_arm/Demo_arm_ws/install/ros2_control_demo_description:/home/yuzhench/Desktop/Intership/smart_arm/arm_sim_ws/install/robot_bringup:/opt/ros/humble LD_LIBRARY_PATH=/home/yuzhench/Desktop/Intership/smart_arm/arm_sim_ws/install/arm_sim_pkg/lib:/home/yuzhench/Desktop/Intership/smart_arm/arm_sim_ws/install/ros2_control_demo_example_7/lib:/home/yuzhench/Desktop/Intership/smart_arm/Demo_arm_ws/install/ros2_control_demo_example_9/lib:/home/yuzhench/Desktop/Intership/smart_arm/Demo_arm_ws/install/ros2_control_demo_example_8/lib:/home/yuzhench/Desktop/Intership/smart_arm/Demo_arm_ws/install/ros2_control_demo_example_7/lib:/home/yuzhench/Desktop/Intership/smart_arm/Demo_arm_ws/install/ros2_control_demo_example_6/lib:/home/yuzhench/Desktop/Intership/smart_arm/Demo_arm_ws/install/ros2_control_demo_example_5/lib:/home/yuzhench/Desktop/Intership/smart_arm/Demo_arm_ws/install/ros2_control_demo_example_4/lib:/home/yuzhench/Desktop/Intership/smart_arm/Demo_arm_ws/install/ros2_control_demo_example_3/lib:/home/yuzhench/Desktop/Intership/smart_arm/Demo_arm_ws/install/ros2_control_demo_example_2/lib:/home/yuzhench/Desktop/Intership/smart_arm/Demo_arm_ws/install/ros2_control_demo_example_14/lib:/home/yuzhench/Desktop/Intership/smart_arm/Demo_arm_ws/install/ros2_control_demo_example_12/lib:/home/yuzhench/Desktop/Intership/smart_arm/Demo_arm_ws/install/ros2_control_demo_example_11/lib:/home/yuzhench/Desktop/Intership/smart_arm/Demo_arm_ws/install/ros2_control_demo_example_10/lib:/home/yuzhench/Desktop/Intership/smart_arm/Demo_arm_ws/install/ros2_control_demo_example_1/lib:/opt/ros/humble/opt/rviz_ogre_vendor/lib:/opt/ros/humble/lib/x86_64-linux-gnu:/opt/ros/humble/lib /usr/bin/cmake --install /home/yuzhench/Desktop/Intership/smart_arm/arm_sim_ws/build/traj_demo
[0.715s] DEBUG:colcon.colcon_core.event_handler.log_command:Invoking command in '/home/yuzhench/Desktop/Intership/smart_arm/arm_sim_ws/build/robot_bringup': PYTHONPATH=/home/yuzhench/Desktop/Intership/smart_arm/arm_sim_ws/build/robot_bringup/prefix_override:/usr/lib/python3/dist-packages/colcon_core/task/python/colcon_distutils_commands:/home/yuzhench/Desktop/Intership/smart_arm/arm_sim_ws/install/robot_bringup/lib/python3.10/site-packages:${PYTHONPATH} /usr/bin/python3 -W ignore:setup.py install is deprecated -W ignore:easy_install command is deprecated setup.py develop --editable --build-directory /home/yuzhench/Desktop/Intership/smart_arm/arm_sim_ws/build/robot_bringup/build --no-deps symlink_data
[0.726s] Level 1:colcon.colcon_core.environment:create_environment_scripts_only(traj_demo)
[0.727s] Level 1:colcon.colcon_core.environment:checking '/home/yuzhench/Desktop/Intership/smart_arm/arm_sim_ws/install/traj_demo' for CMake module files
[0.727s] DEBUG:colcon.colcon_core.event_handler.log_command:Invoked command in '/home/yuzhench/Desktop/Intership/smart_arm/arm_sim_ws/build/traj_demo' returned '0': CMAKE_PREFIX_PATH=/home/yuzhench/Desktop/Intership/smart_arm/arm_sim_ws/install/movit_robot_arm_sim:/home/yuzhench/Desktop/Intership/smart_arm/arm_sim_ws/install/arm_sim_pkg:/home/yuzhench/Desktop/Intership/smart_arm/arm_sim_ws/install/traj_demo:/home/yuzhench/Desktop/Intership/smart_arm/arm_sim_ws/install/ros2_control_demo_example_7:/home/yuzhench/Desktop/Intership/smart_arm/arm_sim_ws/install/my_arm_moveit_config:/home/yuzhench/Desktop/Intership/smart_arm/Demo_arm_ws/install/ros2_control_demos:/home/yuzhench/Desktop/Intership/smart_arm/Demo_arm_ws/install/ros2_control_demo_example_9:/home/yuzhench/Desktop/Intership/smart_arm/Demo_arm_ws/install/ros2_control_demo_example_8:/home/yuzhench/Desktop/Intership/smart_arm/Demo_arm_ws/install/ros2_control_demo_example_7:/home/yuzhench/Desktop/Intership/smart_arm/Demo_arm_ws/install/ros2_control_demo_example_6:/home/yuzhench/Desktop/Intership/smart_arm/Demo_arm_ws/install/ros2_control_demo_example_15:/home/yuzhench/Desktop/Intership/smart_arm/Demo_arm_ws/install/ros2_control_demo_example_13:/home/yuzhench/Desktop/Intership/smart_arm/Demo_arm_ws/install/ros2_control_demo_example_5:/home/yuzhench/Desktop/Intership/smart_arm/Demo_arm_ws/install/ros2_control_demo_example_4:/home/yuzhench/Desktop/Intership/smart_arm/Demo_arm_ws/install/ros2_control_demo_example_3:/home/yuzhench/Desktop/Intership/smart_arm/Demo_arm_ws/install/ros2_control_demo_example_2:/home/yuzhench/Desktop/Intership/smart_arm/Demo_arm_ws/install/ros2_control_demo_example_14:/home/yuzhench/Desktop/Intership/smart_arm/Demo_arm_ws/install/ros2_control_demo_example_12:/home/yuzhench/Desktop/Intership/smart_arm/Demo_arm_ws/install/ros2_control_demo_example_11:/home/yuzhench/Desktop/Intership/smart_arm/Demo_arm_ws/install/ros2_control_demo_example_10:/home/yuzhench/Desktop/Intership/smart_arm/Demo_arm_ws/install/ros2_control_demo_example_1:/home/yuzhench/Desktop/Intership/smart_arm/Demo_arm_ws/install/ros2_control_demo_description:/home/yuzhench/Desktop/Intership/smart_arm/arm_sim_ws/install/robot_bringup:/opt/ros/humble LD_LIBRARY_PATH=/home/yuzhench/Desktop/Intership/smart_arm/arm_sim_ws/install/arm_sim_pkg/lib:/home/yuzhench/Desktop/Intership/smart_arm/arm_sim_ws/install/ros2_control_demo_example_7/lib:/home/yuzhench/Desktop/Intership/smart_arm/Demo_arm_ws/install/ros2_control_demo_example_9/lib:/home/yuzhench/Desktop/Intership/smart_arm/Demo_arm_ws/install/ros2_control_demo_example_8/lib:/home/yuzhench/Desktop/Intership/smart_arm/Demo_arm_ws/install/ros2_control_demo_example_7/lib:/home/yuzhench/Desktop/Intership/smart_arm/Demo_arm_ws/install/ros2_control_demo_example_6/lib:/home/yuzhench/Desktop/Intership/smart_arm/Demo_arm_ws/install/ros2_control_demo_example_5/lib:/home/yuzhench/Desktop/Intership/smart_arm/Demo_arm_ws/install/ros2_control_demo_example_4/lib:/home/yuzhench/Desktop/Intership/smart_arm/Demo_arm_ws/install/ros2_control_demo_example_3/lib:/home/yuzhench/Desktop/Intership/smart_arm/Demo_arm_ws/install/ros2_control_demo_example_2/lib:/home/yuzhench/Desktop/Intership/smart_arm/Demo_arm_ws/install/ros2_control_demo_example_14/lib:/home/yuzhench/Desktop/Intership/smart_arm/Demo_arm_ws/install/ros2_control_demo_example_12/lib:/home/yuzhench/Desktop/Intership/smart_arm/Demo_arm_ws/install/ros2_control_demo_example_11/lib:/home/yuzhench/Desktop/Intership/smart_arm/Demo_arm_ws/install/ros2_control_demo_example_10/lib:/home/yuzhench/Desktop/Intership/smart_arm/Demo_arm_ws/install/ros2_control_demo_example_1/lib:/opt/ros/humble/opt/rviz_ogre_vendor/lib:/opt/ros/humble/lib/x86_64-linux-gnu:/opt/ros/humble/lib /usr/bin/cmake --install /home/yuzhench/Desktop/Intership/smart_arm/arm_sim_ws/build/traj_demo
[0.728s] Level 1:colcon.colcon_core.environment:checking '/home/yuzhench/Desktop/Intership/smart_arm/arm_sim_ws/install/traj_demo' for CMake config files
[0.728s] Level 1:colcon.colcon_core.shell:create_environment_hook('traj_demo', 'cmake_prefix_path')
[0.729s] INFO:colcon.colcon_core.shell:Creating environment hook '/home/yuzhench/Desktop/Intership/smart_arm/arm_sim_ws/install/traj_demo/share/traj_demo/hook/cmake_prefix_path.ps1'
[0.729s] INFO:colcon.colcon_core.shell:Creating environment descriptor '/home/yuzhench/Desktop/Intership/smart_arm/arm_sim_ws/install/traj_demo/share/traj_demo/hook/cmake_prefix_path.dsv'
[0.730s] INFO:colcon.colcon_core.shell:Creating environment hook '/home/yuzhench/Desktop/Intership/smart_arm/arm_sim_ws/install/traj_demo/share/traj_demo/hook/cmake_prefix_path.sh'
[0.730s] Level 1:colcon.colcon_core.environment:checking '/home/yuzhench/Desktop/Intership/smart_arm/arm_sim_ws/install/traj_demo/lib'
[0.730s] Level 1:colcon.colcon_core.environment:checking '/home/yuzhench/Desktop/Intership/smart_arm/arm_sim_ws/install/traj_demo/bin'
[0.730s] Level 1:colcon.colcon_core.environment:checking '/home/yuzhench/Desktop/Intership/smart_arm/arm_sim_ws/install/traj_demo/lib/pkgconfig/traj_demo.pc'
[0.731s] Level 1:colcon.colcon_core.environment:checking '/home/yuzhench/Desktop/Intership/smart_arm/arm_sim_ws/install/traj_demo/lib/python3.10/site-packages'
[0.731s] Level 1:colcon.colcon_core.environment:checking '/home/yuzhench/Desktop/Intership/smart_arm/arm_sim_ws/install/traj_demo/bin'
[0.731s] INFO:colcon.colcon_core.shell:Creating package script '/home/yuzhench/Desktop/Intership/smart_arm/arm_sim_ws/install/traj_demo/share/traj_demo/package.ps1'
[0.732s] INFO:colcon.colcon_core.shell:Creating package descriptor '/home/yuzhench/Desktop/Intership/smart_arm/arm_sim_ws/install/traj_demo/share/traj_demo/package.dsv'
[0.732s] INFO:colcon.colcon_core.shell:Creating package script '/home/yuzhench/Desktop/Intership/smart_arm/arm_sim_ws/install/traj_demo/share/traj_demo/package.sh'
[0.733s] INFO:colcon.colcon_core.shell:Creating package script '/home/yuzhench/Desktop/Intership/smart_arm/arm_sim_ws/install/traj_demo/share/traj_demo/package.bash'
[0.733s] INFO:colcon.colcon_core.shell:Creating package script '/home/yuzhench/Desktop/Intership/smart_arm/arm_sim_ws/install/traj_demo/share/traj_demo/package.zsh'
[0.734s] Level 1:colcon.colcon_core.environment:create_file_with_runtime_dependencies(/home/yuzhench/Desktop/Intership/smart_arm/arm_sim_ws/install/traj_demo/share/colcon-core/packages/traj_demo)
[0.734s] Level 1:colcon.colcon_core.environment:create_environment_scripts_only(traj_demo)
[0.734s] Level 1:colcon.colcon_core.environment:checking '/home/yuzhench/Desktop/Intership/smart_arm/arm_sim_ws/install/traj_demo' for CMake module files
[0.735s] Level 1:colcon.colcon_core.environment:checking '/home/yuzhench/Desktop/Intership/smart_arm/arm_sim_ws/install/traj_demo' for CMake config files
[0.736s] Level 1:colcon.colcon_core.shell:create_environment_hook('traj_demo', 'cmake_prefix_path')
[0.736s] INFO:colcon.colcon_core.shell:Creating environment hook '/home/yuzhench/Desktop/Intership/smart_arm/arm_sim_ws/install/traj_demo/share/traj_demo/hook/cmake_prefix_path.ps1'
[0.736s] INFO:colcon.colcon_core.shell:Creating environment descriptor '/home/yuzhench/Desktop/Intership/smart_arm/arm_sim_ws/install/traj_demo/share/traj_demo/hook/cmake_prefix_path.dsv'
[0.737s] INFO:colcon.colcon_core.shell:Creating environment hook '/home/yuzhench/Desktop/Intership/smart_arm/arm_sim_ws/install/traj_demo/share/traj_demo/hook/cmake_prefix_path.sh'
[0.737s] Level 1:colcon.colcon_core.environment:checking '/home/yuzhench/Desktop/Intership/smart_arm/arm_sim_ws/install/traj_demo/lib'
[0.738s] Level 1:colcon.colcon_core.environment:checking '/home/yuzhench/Desktop/Intership/smart_arm/arm_sim_ws/install/traj_demo/bin'
[0.738s] Level 1:colcon.colcon_core.environment:checking '/home/yuzhench/Desktop/Intership/smart_arm/arm_sim_ws/install/traj_demo/lib/pkgconfig/traj_demo.pc'
[0.738s] Level 1:colcon.colcon_core.environment:checking '/home/yuzhench/Desktop/Intership/smart_arm/arm_sim_ws/install/traj_demo/lib/python3.10/site-packages'
[0.738s] Level 1:colcon.colcon_core.environment:checking '/home/yuzhench/Desktop/Intership/smart_arm/arm_sim_ws/install/traj_demo/bin'
[0.738s] INFO:colcon.colcon_core.shell:Creating package script '/home/yuzhench/Desktop/Intership/smart_arm/arm_sim_ws/install/traj_demo/share/traj_demo/package.ps1'
[0.739s] INFO:colcon.colcon_core.shell:Creating package descriptor '/home/yuzhench/Desktop/Intership/smart_arm/arm_sim_ws/install/traj_demo/share/traj_demo/package.dsv'
[0.740s] INFO:colcon.colcon_core.shell:Creating package script '/home/yuzhench/Desktop/Intership/smart_arm/arm_sim_ws/install/traj_demo/share/traj_demo/package.sh'
[0.740s] INFO:colcon.colcon_core.shell:Creating package script '/home/yuzhench/Desktop/Intership/smart_arm/arm_sim_ws/install/traj_demo/share/traj_demo/package.bash'
[0.741s] INFO:colcon.colcon_core.shell:Creating package script '/home/yuzhench/Desktop/Intership/smart_arm/arm_sim_ws/install/traj_demo/share/traj_demo/package.zsh'
[0.741s] Level 1:colcon.colcon_core.environment:create_file_with_runtime_dependencies(/home/yuzhench/Desktop/Intership/smart_arm/arm_sim_ws/install/traj_demo/share/colcon-core/packages/traj_demo)
[0.967s] Level 1:colcon.colcon_core.shell:create_environment_hook('robot_bringup', 'pythonpath_develop')
[0.969s] INFO:colcon.colcon_core.shell:Creating environment hook '/home/yuzhench/Desktop/Intership/smart_arm/arm_sim_ws/build/robot_bringup/share/robot_bringup/hook/pythonpath_develop.ps1'
[0.970s] DEBUG:colcon.colcon_core.event_handler.log_command:Invoked command in '/home/yuzhench/Desktop/Intership/smart_arm/arm_sim_ws/build/robot_bringup' returned '0': PYTHONPATH=/home/yuzhench/Desktop/Intership/smart_arm/arm_sim_ws/build/robot_bringup/prefix_override:/usr/lib/python3/dist-packages/colcon_core/task/python/colcon_distutils_commands:/home/yuzhench/Desktop/Intership/smart_arm/arm_sim_ws/install/robot_bringup/lib/python3.10/site-packages:${PYTHONPATH} /usr/bin/python3 -W ignore:setup.py install is deprecated -W ignore:easy_install command is deprecated setup.py develop --editable --build-directory /home/yuzhench/Desktop/Intership/smart_arm/arm_sim_ws/build/robot_bringup/build --no-deps symlink_data
[0.970s] INFO:colcon.colcon_core.shell:Creating environment descriptor '/home/yuzhench/Desktop/Intership/smart_arm/arm_sim_ws/build/robot_bringup/share/robot_bringup/hook/pythonpath_develop.dsv'
[0.971s] INFO:colcon.colcon_core.shell:Creating environment hook '/home/yuzhench/Desktop/Intership/smart_arm/arm_sim_ws/build/robot_bringup/share/robot_bringup/hook/pythonpath_develop.sh'
[0.971s] Level 1:colcon.colcon_core.environment:checking '/home/yuzhench/Desktop/Intership/smart_arm/arm_sim_ws/install/robot_bringup' for CMake module files
[0.972s] Level 1:colcon.colcon_core.environment:checking '/home/yuzhench/Desktop/Intership/smart_arm/arm_sim_ws/install/robot_bringup' for CMake config files
[0.973s] Level 1:colcon.colcon_core.environment:checking '/home/yuzhench/Desktop/Intership/smart_arm/arm_sim_ws/install/robot_bringup/lib'
[0.973s] Level 1:colcon.colcon_core.environment:checking '/home/yuzhench/Desktop/Intership/smart_arm/arm_sim_ws/install/robot_bringup/bin'
[0.973s] Level 1:colcon.colcon_core.environment:checking '/home/yuzhench/Desktop/Intership/smart_arm/arm_sim_ws/install/robot_bringup/lib/pkgconfig/robot_bringup.pc'
[0.973s] Level 1:colcon.colcon_core.environment:checking '/home/yuzhench/Desktop/Intership/smart_arm/arm_sim_ws/install/robot_bringup/lib/python3.10/site-packages'
[0.973s] Level 1:colcon.colcon_core.shell:create_environment_hook('robot_bringup', 'pythonpath')
[0.974s] INFO:colcon.colcon_core.shell:Creating environment hook '/home/yuzhench/Desktop/Intership/smart_arm/arm_sim_ws/install/robot_bringup/share/robot_bringup/hook/pythonpath.ps1'
[0.974s] INFO:colcon.colcon_core.shell:Creating environment descriptor '/home/yuzhench/Desktop/Intership/smart_arm/arm_sim_ws/install/robot_bringup/share/robot_bringup/hook/pythonpath.dsv'
[0.975s] INFO:colcon.colcon_core.shell:Creating environment hook '/home/yuzhench/Desktop/Intership/smart_arm/arm_sim_ws/install/robot_bringup/share/robot_bringup/hook/pythonpath.sh'
[0.976s] Level 1:colcon.colcon_core.environment:checking '/home/yuzhench/Desktop/Intership/smart_arm/arm_sim_ws/install/robot_bringup/bin'
[0.976s] Level 1:colcon.colcon_core.environment:create_environment_scripts_only(robot_bringup)
[0.976s] INFO:colcon.colcon_core.shell:Creating package script '/home/yuzhench/Desktop/Intership/smart_arm/arm_sim_ws/install/robot_bringup/share/robot_bringup/package.ps1'
[0.977s] INFO:colcon.colcon_core.shell:Creating package descriptor '/home/yuzhench/Desktop/Intership/smart_arm/arm_sim_ws/install/robot_bringup/share/robot_bringup/package.dsv'
[0.978s] INFO:colcon.colcon_core.shell:Creating package script '/home/yuzhench/Desktop/Intership/smart_arm/arm_sim_ws/install/robot_bringup/share/robot_bringup/package.sh'
[0.979s] INFO:colcon.colcon_core.shell:Creating package script '/home/yuzhench/Desktop/Intership/smart_arm/arm_sim_ws/install/robot_bringup/share/robot_bringup/package.bash'
[0.979s] INFO:colcon.colcon_core.shell:Creating package script '/home/yuzhench/Desktop/Intership/smart_arm/arm_sim_ws/install/robot_bringup/share/robot_bringup/package.zsh'
[0.980s] Level 1:colcon.colcon_core.environment:create_file_with_runtime_dependencies(/home/yuzhench/Desktop/Intership/smart_arm/arm_sim_ws/install/robot_bringup/share/colcon-core/packages/robot_bringup)
[0.980s] DEBUG:colcon.colcon_parallel_executor.executor.parallel:closing loop
[0.980s] DEBUG:colcon.colcon_parallel_executor.executor.parallel:loop closed
[0.980s] DEBUG:colcon.colcon_parallel_executor.executor.parallel:run_until_complete finished with '0'
[0.980s] DEBUG:colcon.colcon_core.event_reactor:joining thread
[0.989s] INFO:colcon.colcon_core.plugin_system:Skipping extension 'colcon_notification.desktop_notification.terminal_notifier': Not used on non-Darwin systems
[0.990s] INFO:colcon.colcon_core.plugin_system:Skipping extension 'colcon_notification.desktop_notification.win32': Not used on non-Windows systems
[0.990s] INFO:colcon.colcon_notification.desktop_notification:Sending desktop notification using 'notify2'
[1.008s] DEBUG:colcon.colcon_core.event_reactor:joined thread
[1.009s] INFO:colcon.colcon_core.shell:Creating prefix script '/home/yuzhench/Desktop/Intership/smart_arm/arm_sim_ws/install/local_setup.ps1'
[1.011s] INFO:colcon.colcon_core.shell:Creating prefix util module '/home/yuzhench/Desktop/Intership/smart_arm/arm_sim_ws/install/_local_setup_util_ps1.py'
[1.013s] INFO:colcon.colcon_core.shell:Creating prefix chain script '/home/yuzhench/Desktop/Intership/smart_arm/arm_sim_ws/install/setup.ps1'
[1.016s] INFO:colcon.colcon_core.shell:Creating prefix script '/home/yuzhench/Desktop/Intership/smart_arm/arm_sim_ws/install/local_setup.sh'
[1.017s] INFO:colcon.colcon_core.shell:Creating prefix util module '/home/yuzhench/Desktop/Intership/smart_arm/arm_sim_ws/install/_local_setup_util_sh.py'
[1.018s] INFO:colcon.colcon_core.shell:Creating prefix chain script '/home/yuzhench/Desktop/Intership/smart_arm/arm_sim_ws/install/setup.sh'
[1.021s] INFO:colcon.colcon_core.shell:Creating prefix script '/home/yuzhench/Desktop/Intership/smart_arm/arm_sim_ws/install/local_setup.bash'
[1.022s] INFO:colcon.colcon_core.shell:Creating prefix chain script '/home/yuzhench/Desktop/Intership/smart_arm/arm_sim_ws/install/setup.bash'
[1.025s] INFO:colcon.colcon_core.shell:Creating prefix script '/home/yuzhench/Desktop/Intership/smart_arm/arm_sim_ws/install/local_setup.zsh'
[1.025s] INFO:colcon.colcon_core.shell:Creating prefix chain script '/home/yuzhench/Desktop/Intership/smart_arm/arm_sim_ws/install/setup.zsh'
