[0.013s] Invoking command in '/home/yuzhench/Desktop/Intership/smart_arm/arm_sim_ws/build/arm_sim_pkg': CMAKE_PREFIX_PATH=${CMAKE_PREFIX_PATH}:/home/yuzhench/Desktop/Intership/smart_arm/arm_sim_ws/install/robot_bringup:/opt/ros/humble /usr/bin/cmake /home/yuzhench/Desktop/Intership/smart_arm/arm_sim_ws/src/arm_sim_pkg -DAMENT_CMAKE_SYMLINK_INSTALL=1 -DCMAKE_INSTALL_PREFIX=/home/yuzhench/Desktop/Intership/smart_arm/arm_sim_ws/install/arm_sim_pkg
[0.066s] -- The C compiler identification is GNU 11.4.0
[0.110s] -- The CXX compiler identification is GNU 11.4.0
[0.122s] -- Detecting C compiler ABI info
[0.196s] -- Detecting C compiler ABI info - done
[0.200s] -- Check for working C compiler: /usr/bin/cc - skipped
[0.200s] -- Detecting C compile features
[0.200s] -- Detecting C compile features - done
[0.202s] -- Detecting CXX compiler ABI info
[0.273s] -- Detecting CXX compiler ABI info - done
[0.278s] -- Check for working CXX compiler: /usr/bin/c++ - skipped
[0.278s] -- Detecting CXX compile features
[0.279s] -- Detecting CXX compile features - done
[0.285s] -- Found ament_cmake: 1.3.12 (/opt/ros/humble/share/ament_cmake/cmake)
[0.401s] -- Found Python3: /usr/bin/python3 (found version "3.10.12") found components: Interpreter 
[0.443s] -- Override CMake install command with custom implementation using symlinks instead of copying resources
[0.494s] -- Found rclcpp: 16.0.14 (/opt/ros/humble/share/rclcpp/cmake)
[0.544s] -- Found rosidl_generator_c: 3.1.7 (/opt/ros/humble/share/rosidl_generator_c/cmake)
[0.550s] -- Found rosidl_adapter: 3.1.7 (/opt/ros/humble/share/rosidl_adapter/cmake)
[0.558s] -- Found rosidl_generator_cpp: 3.1.7 (/opt/ros/humble/share/rosidl_generator_cpp/cmake)
[0.569s] -- Using all available rosidl_typesupport_c: rosidl_typesupport_fastrtps_c;rosidl_typesupport_introspection_c
[0.583s] -- Using all available rosidl_typesupport_cpp: rosidl_typesupport_fastrtps_cpp;rosidl_typesupport_introspection_cpp
[0.625s] -- Found rmw_implementation_cmake: 6.1.2 (/opt/ros/humble/share/rmw_implementation_cmake/cmake)
[0.629s] -- Found rmw_fastrtps_cpp: 6.2.8 (/opt/ros/humble/share/rmw_fastrtps_cpp/cmake)
[0.721s] -- Found OpenSSL: /usr/lib/x86_64-linux-gnu/libcrypto.so (found version "3.0.2")  
[0.747s] -- Found FastRTPS: /opt/ros/humble/include  
[0.784s] -- Using RMW implementation 'rmw_fastrtps_cpp' as default
[0.793s] -- Looking for pthread.h
[0.859s] -- Looking for pthread.h - found
[0.860s] -- Performing Test CMAKE_HAVE_LIBC_PTHREAD
[0.930s] -- Performing Test CMAKE_HAVE_LIBC_PTHREAD - Success
[0.932s] -- Found Threads: TRUE  
[0.983s] -- Found controller_manager: 2.51.0 (/opt/ros/humble/share/controller_manager/cmake)
[1.133s] -- Found ros2_control: 2.51.0 (/opt/ros/humble/share/ros2_control/cmake)
[1.136s] -- Found ros2_controllers: 2.48.0 (/opt/ros/humble/share/ros2_controllers/cmake)
[1.138s] -- Found joint_state_broadcaster: 2.48.0 (/opt/ros/humble/share/joint_state_broadcaster/cmake)
[1.169s] -- Found joint_trajectory_controller: 2.48.0 (/opt/ros/humble/share/joint_trajectory_controller/cmake)
[1.204s] -- Found rviz2: 11.2.19 (/opt/ros/humble/share/rviz2/cmake)
[1.206s] -- Found xacro: 2.0.13 (/opt/ros/humble/share/xacro/cmake)
[1.215s] -- Found ament_lint_auto: 0.12.14 (/opt/ros/humble/share/ament_lint_auto/cmake)
[1.280s] -- Added test 'cppcheck' to perform static code analysis on C / C++ code
[1.280s] -- Configured cppcheck include dirs: /home/yuzhench/Desktop/Intership/smart_arm/arm_sim_ws/src/arm_sim_pkg/include
[1.280s] -- Configured cppcheck exclude dirs and/or files: 
[1.280s] -- Added test 'flake8' to check Python code syntax and style conventions
[1.281s] -- Added test 'lint_cmake' to check CMake code style
[1.282s] -- Added test 'pep257' to check Python code against some of the docstring style conventions in PEP 257
[1.283s] -- Added test 'uncrustify' to check C / C++ code style
[1.283s] -- Configured uncrustify additional arguments: 
[1.284s] -- Added test 'xmllint' to check XML markup files
[1.285s] -- Configuring done
[1.302s] -- Generating done
[1.305s] -- Build files have been written to: /home/yuzhench/Desktop/Intership/smart_arm/arm_sim_ws/build/arm_sim_pkg
[1.315s] Invoked command in '/home/yuzhench/Desktop/Intership/smart_arm/arm_sim_ws/build/arm_sim_pkg' returned '0': CMAKE_PREFIX_PATH=${CMAKE_PREFIX_PATH}:/home/yuzhench/Desktop/Intership/smart_arm/arm_sim_ws/install/robot_bringup:/opt/ros/humble /usr/bin/cmake /home/yuzhench/Desktop/Intership/smart_arm/arm_sim_ws/src/arm_sim_pkg -DAMENT_CMAKE_SYMLINK_INSTALL=1 -DCMAKE_INSTALL_PREFIX=/home/yuzhench/Desktop/Intership/smart_arm/arm_sim_ws/install/arm_sim_pkg
[1.316s] Invoking command in '/home/yuzhench/Desktop/Intership/smart_arm/arm_sim_ws/build/arm_sim_pkg': CMAKE_PREFIX_PATH=${CMAKE_PREFIX_PATH}:/home/yuzhench/Desktop/Intership/smart_arm/arm_sim_ws/install/robot_bringup:/opt/ros/humble /usr/bin/cmake --build /home/yuzhench/Desktop/Intership/smart_arm/arm_sim_ws/build/arm_sim_pkg -- -j16 -l16
[1.379s] [ 33%] [32mBuilding CXX object CMakeFiles/arm_hw.dir/src/arm_hw.cpp.o[0m
[1.379s] [ 66%] [32mBuilding CXX object CMakeFiles/arm_hw.dir/src/motor_controller.cpp.o[0m
[3.988s] [100%] [32m[1mLinking CXX shared library libarm_hw.so[0m
[4.119s] [100%] Built target arm_hw
[4.131s] Invoked command in '/home/yuzhench/Desktop/Intership/smart_arm/arm_sim_ws/build/arm_sim_pkg' returned '0': CMAKE_PREFIX_PATH=${CMAKE_PREFIX_PATH}:/home/yuzhench/Desktop/Intership/smart_arm/arm_sim_ws/install/robot_bringup:/opt/ros/humble /usr/bin/cmake --build /home/yuzhench/Desktop/Intership/smart_arm/arm_sim_ws/build/arm_sim_pkg -- -j16 -l16
[4.143s] Invoking command in '/home/yuzhench/Desktop/Intership/smart_arm/arm_sim_ws/build/arm_sim_pkg': CMAKE_PREFIX_PATH=${CMAKE_PREFIX_PATH}:/home/yuzhench/Desktop/Intership/smart_arm/arm_sim_ws/install/robot_bringup:/opt/ros/humble /usr/bin/cmake --install /home/yuzhench/Desktop/Intership/smart_arm/arm_sim_ws/build/arm_sim_pkg
[4.152s] -- Install configuration: ""
[4.152s] -- Execute custom install script
[4.152s] -- Symlinking: /home/yuzhench/Desktop/Intership/smart_arm/arm_sim_ws/install/arm_sim_pkg/lib/arm_sim_pkg/simple_joint_control.py
[4.162s] -- Symlinking: /home/yuzhench/Desktop/Intership/smart_arm/arm_sim_ws/install/arm_sim_pkg/share/arm_sim_pkg//pluginlib.xml
[4.171s] -- Symlinking: /home/yuzhench/Desktop/Intership/smart_arm/arm_sim_ws/install/arm_sim_pkg/share/arm_sim_pkg/urdf/simple_arm.xacro
[4.180s] -- Symlinking: /home/yuzhench/Desktop/Intership/smart_arm/arm_sim_ws/install/arm_sim_pkg/share/arm_sim_pkg/config/controllers.yaml
[4.189s] -- Symlinking: /home/yuzhench/Desktop/Intership/smart_arm/arm_sim_ws/install/arm_sim_pkg/share/arm_sim_pkg/launch/display.launch.py
[4.198s] -- Symlinking: /home/yuzhench/Desktop/Intership/smart_arm/arm_sim_ws/install/arm_sim_pkg/share/arm_sim_pkg/meshes/BASE_LINKE_CP_STL.stl
[4.207s] -- Symlinking: /home/yuzhench/Desktop/Intership/smart_arm/arm_sim_ws/install/arm_sim_pkg/share/arm_sim_pkg/meshes/LINK_1_CP_STL.stl
[4.216s] -- Symlinking: /home/yuzhench/Desktop/Intership/smart_arm/arm_sim_ws/install/arm_sim_pkg/share/arm_sim_pkg/meshes/LINK_2_BIG_ARM_STL.stl
[4.224s] -- Symlinking: /home/yuzhench/Desktop/Intership/smart_arm/arm_sim_ws/install/arm_sim_pkg/share/arm_sim_pkg/meshes/LINK_3_SMALL_ARM_CP_STL.stl
[4.234s] -- Symlinking: /home/yuzhench/Desktop/Intership/smart_arm/arm_sim_ws/install/arm_sim_pkg/share/arm_sim_pkg/meshes/LINK_4_WRIST_CP_STL.stl
[4.246s] -- Symlinking: /home/yuzhench/Desktop/Intership/smart_arm/arm_sim_ws/install/arm_sim_pkg/share/arm_sim_pkg/meshes/LINK_5_HAND_CP_STL.stl
[4.259s] -- Symlinking: /home/yuzhench/Desktop/Intership/smart_arm/arm_sim_ws/install/arm_sim_pkg/lib/libarm_hw.so
[4.269s] -- Up-to-date symlink: /home/yuzhench/Desktop/Intership/smart_arm/arm_sim_ws/install/arm_sim_pkg/share/arm_sim_pkg/pluginlib.xml
[4.269s] -- Symlinking: /home/yuzhench/Desktop/Intership/smart_arm/arm_sim_ws/install/arm_sim_pkg/share/ament_index/resource_index/package_run_dependencies/arm_sim_pkg
[4.279s] -- Symlinking: /home/yuzhench/Desktop/Intership/smart_arm/arm_sim_ws/install/arm_sim_pkg/share/ament_index/resource_index/parent_prefix_path/arm_sim_pkg
[4.288s] -- Symlinking: /home/yuzhench/Desktop/Intership/smart_arm/arm_sim_ws/install/arm_sim_pkg/share/arm_sim_pkg/environment/ament_prefix_path.sh
[4.298s] -- Symlinking: /home/yuzhench/Desktop/Intership/smart_arm/arm_sim_ws/install/arm_sim_pkg/share/arm_sim_pkg/environment/ament_prefix_path.dsv
[4.307s] -- Symlinking: /home/yuzhench/Desktop/Intership/smart_arm/arm_sim_ws/install/arm_sim_pkg/share/arm_sim_pkg/environment/path.sh
[4.316s] -- Symlinking: /home/yuzhench/Desktop/Intership/smart_arm/arm_sim_ws/install/arm_sim_pkg/share/arm_sim_pkg/environment/path.dsv
[4.326s] -- Symlinking: /home/yuzhench/Desktop/Intership/smart_arm/arm_sim_ws/install/arm_sim_pkg/share/arm_sim_pkg/local_setup.bash
[4.335s] -- Symlinking: /home/yuzhench/Desktop/Intership/smart_arm/arm_sim_ws/install/arm_sim_pkg/share/arm_sim_pkg/local_setup.sh
[4.348s] -- Symlinking: /home/yuzhench/Desktop/Intership/smart_arm/arm_sim_ws/install/arm_sim_pkg/share/arm_sim_pkg/local_setup.zsh
[4.358s] -- Symlinking: /home/yuzhench/Desktop/Intership/smart_arm/arm_sim_ws/install/arm_sim_pkg/share/arm_sim_pkg/local_setup.dsv
[4.367s] -- Symlinking: /home/yuzhench/Desktop/Intership/smart_arm/arm_sim_ws/install/arm_sim_pkg/share/arm_sim_pkg/package.dsv
[4.377s] -- Symlinking: /home/yuzhench/Desktop/Intership/smart_arm/arm_sim_ws/install/arm_sim_pkg/share/ament_index/resource_index/packages/arm_sim_pkg
[4.386s] -- Symlinking: /home/yuzhench/Desktop/Intership/smart_arm/arm_sim_ws/install/arm_sim_pkg/share/ament_index/resource_index/hardware_interface__pluginlib__plugin/arm_sim_pkg
[4.394s] -- Symlinking: /home/yuzhench/Desktop/Intership/smart_arm/arm_sim_ws/install/arm_sim_pkg/share/arm_sim_pkg/cmake/arm_sim_pkgConfig.cmake
[4.403s] -- Symlinking: /home/yuzhench/Desktop/Intership/smart_arm/arm_sim_ws/install/arm_sim_pkg/share/arm_sim_pkg/cmake/arm_sim_pkgConfig-version.cmake
[4.414s] -- Symlinking: /home/yuzhench/Desktop/Intership/smart_arm/arm_sim_ws/install/arm_sim_pkg/share/arm_sim_pkg/package.xml
[4.428s] Invoked command in '/home/yuzhench/Desktop/Intership/smart_arm/arm_sim_ws/build/arm_sim_pkg' returned '0': CMAKE_PREFIX_PATH=${CMAKE_PREFIX_PATH}:/home/yuzhench/Desktop/Intership/smart_arm/arm_sim_ws/install/robot_bringup:/opt/ros/humble /usr/bin/cmake --install /home/yuzhench/Desktop/Intership/smart_arm/arm_sim_ws/build/arm_sim_pkg
