[0.008s] Invoking command in '/home/yuzhench/Desktop/Intership/smart_arm/arm_sim_ws/build/traj_demo': CMAKE_PREFIX_PATH=/home/yuzhench/Desktop/Intership/smart_arm/arm_sim_ws/install/movit_robot_arm_sim:/home/yuzhench/Desktop/Intership/smart_arm/arm_sim_ws/install/arm_sim_pkg:/home/yuzhench/Desktop/Intership/smart_arm/arm_sim_ws/install/traj_demo:/home/yuzhench/Desktop/Intership/smart_arm/arm_sim_ws/install/ros2_control_demo_example_7:/home/yuzhench/Desktop/Intership/smart_arm/arm_sim_ws/install/robot_bringup:/opt/ros/humble LD_LIBRARY_PATH=/home/yuzhench/Desktop/Intership/smart_arm/arm_sim_ws/install/arm_sim_pkg/lib:/home/yuzhench/Desktop/Intership/smart_arm/arm_sim_ws/install/ros2_control_demo_example_7/lib:/opt/ros/humble/opt/rviz_ogre_vendor/lib:/opt/ros/humble/lib/x86_64-linux-gnu:/opt/ros/humble/lib /usr/bin/cmake /home/yuzhench/Desktop/Intership/smart_arm/arm_sim_ws/src/traj_demo -DAMENT_CMAKE_SYMLINK_INSTALL=1 -DCMAKE_INSTALL_PREFIX=/home/yuzhench/Desktop/Intership/smart_arm/arm_sim_ws/install/traj_demo
[0.054s] -- The C compiler identification is GNU 11.4.0
[0.098s] -- The CXX compiler identification is GNU 11.4.0
[0.108s] -- Detecting C compiler ABI info
[0.170s] -- Detecting C compiler ABI info - done
[0.175s] -- Check for working C compiler: /usr/bin/cc - skipped
[0.175s] -- Detecting C compile features
[0.175s] -- Detecting C compile features - done
[0.177s] -- Detecting CXX compiler ABI info
[0.243s] -- Detecting CXX compiler ABI info - done
[0.247s] -- Check for working CXX compiler: /usr/bin/c++ - skipped
[0.247s] -- Detecting CXX compile features
[0.248s] -- Detecting CXX compile features - done
[0.249s] -- Found ament_cmake: 1.3.12 (/opt/ros/humble/share/ament_cmake/cmake)
[0.351s] -- Found Python3: /usr/bin/python3 (found version "3.10.12") found components: Interpreter 
[0.393s] -- Override CMake install command with custom implementation using symlinks instead of copying resources
[0.445s] -- Found rclcpp: 16.0.14 (/opt/ros/humble/share/rclcpp/cmake)
[0.499s] -- Found rosidl_generator_c: 3.1.7 (/opt/ros/humble/share/rosidl_generator_c/cmake)
[0.502s] -- Found rosidl_adapter: 3.1.7 (/opt/ros/humble/share/rosidl_adapter/cmake)
[0.507s] -- Found rosidl_generator_cpp: 3.1.7 (/opt/ros/humble/share/rosidl_generator_cpp/cmake)
[0.515s] -- Using all available rosidl_typesupport_c: rosidl_typesupport_fastrtps_c;rosidl_typesupport_introspection_c
[0.527s] -- Using all available rosidl_typesupport_cpp: rosidl_typesupport_fastrtps_cpp;rosidl_typesupport_introspection_cpp
[0.555s] -- Found rmw_implementation_cmake: 6.1.2 (/opt/ros/humble/share/rmw_implementation_cmake/cmake)
[0.557s] -- Found rmw_fastrtps_cpp: 6.2.8 (/opt/ros/humble/share/rmw_fastrtps_cpp/cmake)
[0.637s] -- Found OpenSSL: /usr/lib/x86_64-linux-gnu/libcrypto.so (found version "3.0.2")  
[0.659s] -- Found FastRTPS: /opt/ros/humble/include  
[0.693s] -- Using RMW implementation 'rmw_fastrtps_cpp' as default
[0.699s] -- Looking for pthread.h
[0.767s] -- Looking for pthread.h - found
[0.768s] -- Performing Test CMAKE_HAVE_LIBC_PTHREAD
[0.838s] -- Performing Test CMAKE_HAVE_LIBC_PTHREAD - Success
[0.839s] -- Found Threads: TRUE  
[0.875s] -- Found geometry_msgs: 4.9.0 (/opt/ros/humble/share/geometry_msgs/cmake)
[0.884s] -- Found moveit_ros_planning_interface: 2.5.9 (/opt/ros/humble/share/moveit_ros_planning_interface/cmake)
[0.901s] -- Found Boost: /usr/lib/x86_64-linux-gnu/cmake/Boost-1.74.0/BoostConfig.cmake (found version "1.74.0") found components: date_time filesystem program_options system thread 
[1.010s] -- Found Boost: /usr/lib/x86_64-linux-gnu/cmake/Boost-1.74.0/BoostConfig.cmake (found version "1.74.0") found components: chrono date_time filesystem iostreams program_options regex serialization system thread 
[1.042s] -- Found parameter_traits: 0.5.0 (/opt/ros/humble/share/parameter_traits/cmake)
[1.050s] -- Found rclcpp_lifecycle: 16.0.14 (/opt/ros/humble/share/rclcpp_lifecycle/cmake)
[1.066s] -- Found Boost: /usr/lib/x86_64-linux-gnu/cmake/Boost-1.74.0/BoostConfig.cmake (found version "1.74.0") found components: filesystem 
[1.151s] -- library: /usr/lib/x86_64-linux-gnu/libcurl.so
[1.175s] -- Found Eigen3: TRUE (found version "3.4.0") 
[1.175s] -- Ensuring Eigen3 include directory is part of orocos-kdl CMake target
[1.263s] -- Found Boost: /usr/lib/x86_64-linux-gnu/cmake/Boost-1.74.0/BoostConfig.cmake (found version "1.74.0") found components: system filesystem date_time program_options thread chrono 
[1.282s] -- Found Boost: /usr/lib/x86_64-linux-gnu/cmake/Boost-1.74.0/BoostConfig.cmake (found version "1.74.0") found components: thread system filesystem regex date_time program_options 
[1.295s] -- Found Boost: /usr/lib/x86_64-linux-gnu/cmake/Boost-1.74.0/BoostConfig.cmake (found version "1.74.0") found components: system filesystem date_time program_options thread 
[1.314s] -- Found ament_lint_auto: 0.12.14 (/opt/ros/humble/share/ament_lint_auto/cmake)
[1.371s] -- Added test 'cppcheck' to perform static code analysis on C / C++ code
[1.372s] -- Configured cppcheck include dirs: 
[1.372s] -- Configured cppcheck exclude dirs and/or files: 
[1.372s] -- Added test 'flake8' to check Python code syntax and style conventions
[1.372s] -- Added test 'lint_cmake' to check CMake code style
[1.372s] -- Added test 'pep257' to check Python code against some of the docstring style conventions in PEP 257
[1.373s] -- Added test 'uncrustify' to check C / C++ code style
[1.373s] -- Configured uncrustify additional arguments: 
[1.373s] -- Added test 'xmllint' to check XML markup files
[1.374s] -- Configuring done
[1.393s] -- Generating done
[1.398s] -- Build files have been written to: /home/yuzhench/Desktop/Intership/smart_arm/arm_sim_ws/build/traj_demo
[1.412s] Invoked command in '/home/yuzhench/Desktop/Intership/smart_arm/arm_sim_ws/build/traj_demo' returned '0': CMAKE_PREFIX_PATH=/home/yuzhench/Desktop/Intership/smart_arm/arm_sim_ws/install/movit_robot_arm_sim:/home/yuzhench/Desktop/Intership/smart_arm/arm_sim_ws/install/arm_sim_pkg:/home/yuzhench/Desktop/Intership/smart_arm/arm_sim_ws/install/traj_demo:/home/yuzhench/Desktop/Intership/smart_arm/arm_sim_ws/install/ros2_control_demo_example_7:/home/yuzhench/Desktop/Intership/smart_arm/arm_sim_ws/install/robot_bringup:/opt/ros/humble LD_LIBRARY_PATH=/home/yuzhench/Desktop/Intership/smart_arm/arm_sim_ws/install/arm_sim_pkg/lib:/home/yuzhench/Desktop/Intership/smart_arm/arm_sim_ws/install/ros2_control_demo_example_7/lib:/opt/ros/humble/opt/rviz_ogre_vendor/lib:/opt/ros/humble/lib/x86_64-linux-gnu:/opt/ros/humble/lib /usr/bin/cmake /home/yuzhench/Desktop/Intership/smart_arm/arm_sim_ws/src/traj_demo -DAMENT_CMAKE_SYMLINK_INSTALL=1 -DCMAKE_INSTALL_PREFIX=/home/yuzhench/Desktop/Intership/smart_arm/arm_sim_ws/install/traj_demo
[1.414s] Invoking command in '/home/yuzhench/Desktop/Intership/smart_arm/arm_sim_ws/build/traj_demo': CMAKE_PREFIX_PATH=/home/yuzhench/Desktop/Intership/smart_arm/arm_sim_ws/install/movit_robot_arm_sim:/home/yuzhench/Desktop/Intership/smart_arm/arm_sim_ws/install/arm_sim_pkg:/home/yuzhench/Desktop/Intership/smart_arm/arm_sim_ws/install/traj_demo:/home/yuzhench/Desktop/Intership/smart_arm/arm_sim_ws/install/ros2_control_demo_example_7:/home/yuzhench/Desktop/Intership/smart_arm/arm_sim_ws/install/robot_bringup:/opt/ros/humble LD_LIBRARY_PATH=/home/yuzhench/Desktop/Intership/smart_arm/arm_sim_ws/install/arm_sim_pkg/lib:/home/yuzhench/Desktop/Intership/smart_arm/arm_sim_ws/install/ros2_control_demo_example_7/lib:/opt/ros/humble/opt/rviz_ogre_vendor/lib:/opt/ros/humble/lib/x86_64-linux-gnu:/opt/ros/humble/lib /usr/bin/cmake --build /home/yuzhench/Desktop/Intership/smart_arm/arm_sim_ws/build/traj_demo -- -j16 -l16
[1.462s] [ 50%] [32mBuilding CXX object CMakeFiles/plan_once.dir/src/plan_once.cpp.o[0m
[6.767s] [100%] [32m[1mLinking CXX executable plan_once[0m
[6.950s] [100%] Built target plan_once
[6.959s] Invoked command in '/home/yuzhench/Desktop/Intership/smart_arm/arm_sim_ws/build/traj_demo' returned '0': CMAKE_PREFIX_PATH=/home/yuzhench/Desktop/Intership/smart_arm/arm_sim_ws/install/movit_robot_arm_sim:/home/yuzhench/Desktop/Intership/smart_arm/arm_sim_ws/install/arm_sim_pkg:/home/yuzhench/Desktop/Intership/smart_arm/arm_sim_ws/install/traj_demo:/home/yuzhench/Desktop/Intership/smart_arm/arm_sim_ws/install/ros2_control_demo_example_7:/home/yuzhench/Desktop/Intership/smart_arm/arm_sim_ws/install/robot_bringup:/opt/ros/humble LD_LIBRARY_PATH=/home/yuzhench/Desktop/Intership/smart_arm/arm_sim_ws/install/arm_sim_pkg/lib:/home/yuzhench/Desktop/Intership/smart_arm/arm_sim_ws/install/ros2_control_demo_example_7/lib:/opt/ros/humble/opt/rviz_ogre_vendor/lib:/opt/ros/humble/lib/x86_64-linux-gnu:/opt/ros/humble/lib /usr/bin/cmake --build /home/yuzhench/Desktop/Intership/smart_arm/arm_sim_ws/build/traj_demo -- -j16 -l16
[6.961s] Invoking command in '/home/yuzhench/Desktop/Intership/smart_arm/arm_sim_ws/build/traj_demo': CMAKE_PREFIX_PATH=/home/yuzhench/Desktop/Intership/smart_arm/arm_sim_ws/install/movit_robot_arm_sim:/home/yuzhench/Desktop/Intership/smart_arm/arm_sim_ws/install/arm_sim_pkg:/home/yuzhench/Desktop/Intership/smart_arm/arm_sim_ws/install/traj_demo:/home/yuzhench/Desktop/Intership/smart_arm/arm_sim_ws/install/ros2_control_demo_example_7:/home/yuzhench/Desktop/Intership/smart_arm/arm_sim_ws/install/robot_bringup:/opt/ros/humble LD_LIBRARY_PATH=/home/yuzhench/Desktop/Intership/smart_arm/arm_sim_ws/install/arm_sim_pkg/lib:/home/yuzhench/Desktop/Intership/smart_arm/arm_sim_ws/install/ros2_control_demo_example_7/lib:/opt/ros/humble/opt/rviz_ogre_vendor/lib:/opt/ros/humble/lib/x86_64-linux-gnu:/opt/ros/humble/lib /usr/bin/cmake --install /home/yuzhench/Desktop/Intership/smart_arm/arm_sim_ws/build/traj_demo
[6.968s] -- Install configuration: ""
[6.968s] -- Execute custom install script
[6.969s] -- Symlinking: /home/yuzhench/Desktop/Intership/smart_arm/arm_sim_ws/install/traj_demo/lib/traj_demo/plan_once
[6.979s] -- Symlinking: /home/yuzhench/Desktop/Intership/smart_arm/arm_sim_ws/install/traj_demo/share/traj_demo/launch/plan_once.launch.py
[6.985s] -- Symlinking: /home/yuzhench/Desktop/Intership/smart_arm/arm_sim_ws/install/traj_demo/share/ament_index/resource_index/package_run_dependencies/traj_demo
[6.992s] -- Symlinking: /home/yuzhench/Desktop/Intership/smart_arm/arm_sim_ws/install/traj_demo/share/ament_index/resource_index/parent_prefix_path/traj_demo
[6.999s] -- Symlinking: /home/yuzhench/Desktop/Intership/smart_arm/arm_sim_ws/install/traj_demo/share/traj_demo/environment/ament_prefix_path.sh
[7.005s] -- Symlinking: /home/yuzhench/Desktop/Intership/smart_arm/arm_sim_ws/install/traj_demo/share/traj_demo/environment/ament_prefix_path.dsv
[7.011s] -- Symlinking: /home/yuzhench/Desktop/Intership/smart_arm/arm_sim_ws/install/traj_demo/share/traj_demo/environment/path.sh
[7.018s] -- Symlinking: /home/yuzhench/Desktop/Intership/smart_arm/arm_sim_ws/install/traj_demo/share/traj_demo/environment/path.dsv
[7.025s] -- Symlinking: /home/yuzhench/Desktop/Intership/smart_arm/arm_sim_ws/install/traj_demo/share/traj_demo/local_setup.bash
[7.032s] -- Symlinking: /home/yuzhench/Desktop/Intership/smart_arm/arm_sim_ws/install/traj_demo/share/traj_demo/local_setup.sh
[7.039s] -- Symlinking: /home/yuzhench/Desktop/Intership/smart_arm/arm_sim_ws/install/traj_demo/share/traj_demo/local_setup.zsh
[7.047s] -- Symlinking: /home/yuzhench/Desktop/Intership/smart_arm/arm_sim_ws/install/traj_demo/share/traj_demo/local_setup.dsv
[7.053s] -- Symlinking: /home/yuzhench/Desktop/Intership/smart_arm/arm_sim_ws/install/traj_demo/share/traj_demo/package.dsv
[7.059s] -- Symlinking: /home/yuzhench/Desktop/Intership/smart_arm/arm_sim_ws/install/traj_demo/share/ament_index/resource_index/packages/traj_demo
[7.067s] -- Symlinking: /home/yuzhench/Desktop/Intership/smart_arm/arm_sim_ws/install/traj_demo/share/traj_demo/cmake/traj_demoConfig.cmake
[7.075s] -- Symlinking: /home/yuzhench/Desktop/Intership/smart_arm/arm_sim_ws/install/traj_demo/share/traj_demo/cmake/traj_demoConfig-version.cmake
[7.081s] -- Symlinking: /home/yuzhench/Desktop/Intership/smart_arm/arm_sim_ws/install/traj_demo/share/traj_demo/package.xml
[7.089s] Invoked command in '/home/yuzhench/Desktop/Intership/smart_arm/arm_sim_ws/build/traj_demo' returned '0': CMAKE_PREFIX_PATH=/home/yuzhench/Desktop/Intership/smart_arm/arm_sim_ws/install/movit_robot_arm_sim:/home/yuzhench/Desktop/Intership/smart_arm/arm_sim_ws/install/arm_sim_pkg:/home/yuzhench/Desktop/Intership/smart_arm/arm_sim_ws/install/traj_demo:/home/yuzhench/Desktop/Intership/smart_arm/arm_sim_ws/install/ros2_control_demo_example_7:/home/yuzhench/Desktop/Intership/smart_arm/arm_sim_ws/install/robot_bringup:/opt/ros/humble LD_LIBRARY_PATH=/home/yuzhench/Desktop/Intership/smart_arm/arm_sim_ws/install/arm_sim_pkg/lib:/home/yuzhench/Desktop/Intership/smart_arm/arm_sim_ws/install/ros2_control_demo_example_7/lib:/opt/ros/humble/opt/rviz_ogre_vendor/lib:/opt/ros/humble/lib/x86_64-linux-gnu:/opt/ros/humble/lib /usr/bin/cmake --install /home/yuzhench/Desktop/Intership/smart_arm/arm_sim_ws/build/traj_demo
