[0.056s] DEBUG:colcon:Command line arguments: ['/usr/bin/colcon', 'build', '--symlink-install']
[0.056s] DEBUG:colcon:Parsed command line arguments: Namespace(log_base=None, log_level=None, verb_name='build', build_base='build', install_base='install', merge_install=False, symlink_install=True, test_result_base=None, continue_on_error=False, executor='parallel', parallel_workers=16, event_handlers=None, ignore_user_meta=False, metas=['./colcon.meta'], base_paths=['.'], packages_ignore=None, packages_ignore_regex=None, paths=None, packages_up_to=None, packages_up_to_regex=None, packages_above=None, packages_above_and_dependencies=None, packages_above_depth=None, packages_select_by_dep=None, packages_skip_by_dep=None, packages_skip_up_to=None, packages_select_build_failed=False, packages_skip_build_finished=False, packages_select_test_failures=False, packages_skip_test_passed=False, packages_select=None, packages_skip=None, packages_select_regex=None, packages_skip_regex=None, packages_start=None, packages_end=None, allow_overriding=[], cmake_args=None, cmake_target=None, cmake_target_skip_unavailable=False, cmake_clean_cache=False, cmake_clean_first=False, cmake_force_configure=False, ament_cmake_args=None, catkin_cmake_args=None, catkin_skip_building_tests=False, mixin_files=None, mixin=None, verb_parser=<colcon_mixin.mixin.mixin_argument.MixinArgumentDecorator object at 0x7dc659a63610>, verb_extension=<colcon_core.verb.build.BuildVerb object at 0x7dc659a24fa0>, main=<bound method BuildVerb.main of <colcon_core.verb.build.BuildVerb object at 0x7dc659a24fa0>>, mixin_verb=('build',))
[0.142s] Level 1:colcon.colcon_core.package_discovery:discover_packages(colcon_meta) check parameters
[0.142s] Level 1:colcon.colcon_core.package_discovery:discover_packages(recursive) check parameters
[0.142s] Level 1:colcon.colcon_core.package_discovery:discover_packages(ignore) check parameters
[0.142s] Level 1:colcon.colcon_core.package_discovery:discover_packages(path) check parameters
[0.142s] Level 1:colcon.colcon_core.package_discovery:discover_packages(colcon_meta) discover
[0.142s] Level 1:colcon.colcon_core.package_discovery:discover_packages(recursive) discover
[0.142s] INFO:colcon.colcon_core.package_discovery:Crawling recursively for packages in '/home/yuzhench/Desktop/Intership/smart_arm/arm_sim_ws'
[0.142s] Level 1:colcon.colcon_core.package_identification:_identify(.) by extensions ['ignore', 'ignore_ament_install']
[0.142s] Level 1:colcon.colcon_core.package_identification:_identify(.) by extension 'ignore'
[0.142s] Level 1:colcon.colcon_core.package_identification:_identify(.) by extension 'ignore_ament_install'
[0.142s] Level 1:colcon.colcon_core.package_identification:_identify(.) by extensions ['colcon_pkg']
[0.142s] Level 1:colcon.colcon_core.package_identification:_identify(.) by extension 'colcon_pkg'
[0.142s] Level 1:colcon.colcon_core.package_identification:_identify(.) by extensions ['colcon_meta']
[0.142s] Level 1:colcon.colcon_core.package_identification:_identify(.) by extension 'colcon_meta'
[0.142s] Level 1:colcon.colcon_core.package_identification:_identify(.) by extensions ['ros']
[0.142s] Level 1:colcon.colcon_core.package_identification:_identify(.) by extension 'ros'
[0.148s] Level 1:colcon.colcon_core.package_identification:_identify(.) by extensions ['cmake', 'python']
[0.148s] Level 1:colcon.colcon_core.package_identification:_identify(.) by extension 'cmake'
[0.148s] Level 1:colcon.colcon_core.package_identification:_identify(.) by extension 'python'
[0.148s] Level 1:colcon.colcon_core.package_identification:_identify(.) by extensions ['python_setup_py']
[0.148s] Level 1:colcon.colcon_core.package_identification:_identify(.) by extension 'python_setup_py'
[0.148s] Level 1:colcon.colcon_core.package_identification:_identify(build) by extensions ['ignore', 'ignore_ament_install']
[0.148s] Level 1:colcon.colcon_core.package_identification:_identify(build) by extension 'ignore'
[0.148s] Level 1:colcon.colcon_core.package_identification:_identify(build) ignored
[0.148s] Level 1:colcon.colcon_core.package_identification:_identify(install) by extensions ['ignore', 'ignore_ament_install']
[0.148s] Level 1:colcon.colcon_core.package_identification:_identify(install) by extension 'ignore'
[0.148s] Level 1:colcon.colcon_core.package_identification:_identify(install) ignored
[0.148s] Level 1:colcon.colcon_core.package_identification:_identify(log) by extensions ['ignore', 'ignore_ament_install']
[0.148s] Level 1:colcon.colcon_core.package_identification:_identify(log) by extension 'ignore'
[0.148s] Level 1:colcon.colcon_core.package_identification:_identify(log) ignored
[0.148s] Level 1:colcon.colcon_core.package_identification:_identify(src) by extensions ['ignore', 'ignore_ament_install']
[0.148s] Level 1:colcon.colcon_core.package_identification:_identify(src) by extension 'ignore'
[0.148s] Level 1:colcon.colcon_core.package_identification:_identify(src) by extension 'ignore_ament_install'
[0.148s] Level 1:colcon.colcon_core.package_identification:_identify(src) by extensions ['colcon_pkg']
[0.149s] Level 1:colcon.colcon_core.package_identification:_identify(src) by extension 'colcon_pkg'
[0.149s] Level 1:colcon.colcon_core.package_identification:_identify(src) by extensions ['colcon_meta']
[0.149s] Level 1:colcon.colcon_core.package_identification:_identify(src) by extension 'colcon_meta'
[0.149s] Level 1:colcon.colcon_core.package_identification:_identify(src) by extensions ['ros']
[0.149s] Level 1:colcon.colcon_core.package_identification:_identify(src) by extension 'ros'
[0.149s] Level 1:colcon.colcon_core.package_identification:_identify(src) by extensions ['cmake', 'python']
[0.149s] Level 1:colcon.colcon_core.package_identification:_identify(src) by extension 'cmake'
[0.149s] Level 1:colcon.colcon_core.package_identification:_identify(src) by extension 'python'
[0.149s] Level 1:colcon.colcon_core.package_identification:_identify(src) by extensions ['python_setup_py']
[0.149s] Level 1:colcon.colcon_core.package_identification:_identify(src) by extension 'python_setup_py'
[0.149s] Level 1:colcon.colcon_core.package_identification:_identify(src/arm_sim_pkg) by extensions ['ignore', 'ignore_ament_install']
[0.149s] Level 1:colcon.colcon_core.package_identification:_identify(src/arm_sim_pkg) by extension 'ignore'
[0.149s] Level 1:colcon.colcon_core.package_identification:_identify(src/arm_sim_pkg) by extension 'ignore_ament_install'
[0.149s] Level 1:colcon.colcon_core.package_identification:_identify(src/arm_sim_pkg) by extensions ['colcon_pkg']
[0.149s] Level 1:colcon.colcon_core.package_identification:_identify(src/arm_sim_pkg) by extension 'colcon_pkg'
[0.149s] Level 1:colcon.colcon_core.package_identification:_identify(src/arm_sim_pkg) by extensions ['colcon_meta']
[0.149s] Level 1:colcon.colcon_core.package_identification:_identify(src/arm_sim_pkg) by extension 'colcon_meta'
[0.149s] Level 1:colcon.colcon_core.package_identification:_identify(src/arm_sim_pkg) by extensions ['ros']
[0.149s] Level 1:colcon.colcon_core.package_identification:_identify(src/arm_sim_pkg) by extension 'ros'
[0.151s] DEBUG:colcon.colcon_core.package_identification:Package 'src/arm_sim_pkg' with type 'ros.ament_cmake' and name 'arm_sim_pkg'
[0.151s] Level 1:colcon.colcon_core.package_identification:_identify(src/build) by extensions ['ignore', 'ignore_ament_install']
[0.151s] Level 1:colcon.colcon_core.package_identification:_identify(src/build) by extension 'ignore'
[0.151s] Level 1:colcon.colcon_core.package_identification:_identify(src/build) ignored
[0.151s] Level 1:colcon.colcon_core.package_identification:_identify(src/example_7) by extensions ['ignore', 'ignore_ament_install']
[0.151s] Level 1:colcon.colcon_core.package_identification:_identify(src/example_7) by extension 'ignore'
[0.151s] Level 1:colcon.colcon_core.package_identification:_identify(src/example_7) by extension 'ignore_ament_install'
[0.151s] Level 1:colcon.colcon_core.package_identification:_identify(src/example_7) by extensions ['colcon_pkg']
[0.151s] Level 1:colcon.colcon_core.package_identification:_identify(src/example_7) by extension 'colcon_pkg'
[0.151s] Level 1:colcon.colcon_core.package_identification:_identify(src/example_7) by extensions ['colcon_meta']
[0.151s] Level 1:colcon.colcon_core.package_identification:_identify(src/example_7) by extension 'colcon_meta'
[0.151s] Level 1:colcon.colcon_core.package_identification:_identify(src/example_7) by extensions ['ros']
[0.151s] Level 1:colcon.colcon_core.package_identification:_identify(src/example_7) by extension 'ros'
[0.152s] DEBUG:colcon.colcon_core.package_identification:Package 'src/example_7' with type 'ros.ament_cmake' and name 'ros2_control_demo_example_7'
[0.152s] Level 1:colcon.colcon_core.package_identification:_identify(src/install) by extensions ['ignore', 'ignore_ament_install']
[0.152s] Level 1:colcon.colcon_core.package_identification:_identify(src/install) by extension 'ignore'
[0.152s] Level 1:colcon.colcon_core.package_identification:_identify(src/install) ignored
[0.152s] Level 1:colcon.colcon_core.package_identification:_identify(src/log) by extensions ['ignore', 'ignore_ament_install']
[0.152s] Level 1:colcon.colcon_core.package_identification:_identify(src/log) by extension 'ignore'
[0.152s] Level 1:colcon.colcon_core.package_identification:_identify(src/log) ignored
[0.152s] Level 1:colcon.colcon_core.package_identification:_identify(src/movit_robot_arm_sim) by extensions ['ignore', 'ignore_ament_install']
[0.152s] Level 1:colcon.colcon_core.package_identification:_identify(src/movit_robot_arm_sim) by extension 'ignore'
[0.152s] Level 1:colcon.colcon_core.package_identification:_identify(src/movit_robot_arm_sim) by extension 'ignore_ament_install'
[0.152s] Level 1:colcon.colcon_core.package_identification:_identify(src/movit_robot_arm_sim) by extensions ['colcon_pkg']
[0.152s] Level 1:colcon.colcon_core.package_identification:_identify(src/movit_robot_arm_sim) by extension 'colcon_pkg'
[0.152s] Level 1:colcon.colcon_core.package_identification:_identify(src/movit_robot_arm_sim) by extensions ['colcon_meta']
[0.152s] Level 1:colcon.colcon_core.package_identification:_identify(src/movit_robot_arm_sim) by extension 'colcon_meta'
[0.152s] Level 1:colcon.colcon_core.package_identification:_identify(src/movit_robot_arm_sim) by extensions ['ros']
[0.152s] Level 1:colcon.colcon_core.package_identification:_identify(src/movit_robot_arm_sim) by extension 'ros'
[0.159s] DEBUG:colcon.colcon_core.package_identification:Package 'src/movit_robot_arm_sim' with type 'ros.ament_cmake' and name 'movit_robot_arm_sim'
[0.159s] Level 1:colcon.colcon_core.package_identification:_identify(src/robot_bringup) by extensions ['ignore', 'ignore_ament_install']
[0.159s] Level 1:colcon.colcon_core.package_identification:_identify(src/robot_bringup) by extension 'ignore'
[0.159s] Level 1:colcon.colcon_core.package_identification:_identify(src/robot_bringup) by extension 'ignore_ament_install'
[0.159s] Level 1:colcon.colcon_core.package_identification:_identify(src/robot_bringup) by extensions ['colcon_pkg']
[0.159s] Level 1:colcon.colcon_core.package_identification:_identify(src/robot_bringup) by extension 'colcon_pkg'
[0.159s] Level 1:colcon.colcon_core.package_identification:_identify(src/robot_bringup) by extensions ['colcon_meta']
[0.159s] Level 1:colcon.colcon_core.package_identification:_identify(src/robot_bringup) by extension 'colcon_meta'
[0.159s] Level 1:colcon.colcon_core.package_identification:_identify(src/robot_bringup) by extensions ['ros']
[0.159s] Level 1:colcon.colcon_core.package_identification:_identify(src/robot_bringup) by extension 'ros'
[0.160s] DEBUG:colcon.colcon_core.package_identification:Package 'src/robot_bringup' with type 'ros.ament_python' and name 'robot_bringup'
[0.160s] Level 1:colcon.colcon_core.package_identification:_identify(src/traj_demo) by extensions ['ignore', 'ignore_ament_install']
[0.160s] Level 1:colcon.colcon_core.package_identification:_identify(src/traj_demo) by extension 'ignore'
[0.160s] Level 1:colcon.colcon_core.package_identification:_identify(src/traj_demo) by extension 'ignore_ament_install'
[0.160s] Level 1:colcon.colcon_core.package_identification:_identify(src/traj_demo) by extensions ['colcon_pkg']
[0.160s] Level 1:colcon.colcon_core.package_identification:_identify(src/traj_demo) by extension 'colcon_pkg'
[0.160s] Level 1:colcon.colcon_core.package_identification:_identify(src/traj_demo) by extensions ['colcon_meta']
[0.160s] Level 1:colcon.colcon_core.package_identification:_identify(src/traj_demo) by extension 'colcon_meta'
[0.160s] Level 1:colcon.colcon_core.package_identification:_identify(src/traj_demo) by extensions ['ros']
[0.160s] Level 1:colcon.colcon_core.package_identification:_identify(src/traj_demo) by extension 'ros'
[0.160s] DEBUG:colcon.colcon_core.package_identification:Package 'src/traj_demo' with type 'ros.ament_cmake' and name 'traj_demo'
[0.160s] Level 1:colcon.colcon_core.package_discovery:discover_packages(recursive) using defaults
[0.160s] Level 1:colcon.colcon_core.package_discovery:discover_packages(ignore) discover
[0.160s] Level 1:colcon.colcon_core.package_discovery:discover_packages(ignore) using defaults
[0.160s] Level 1:colcon.colcon_core.package_discovery:discover_packages(path) discover
[0.160s] Level 1:colcon.colcon_core.package_discovery:discover_packages(path) using defaults
[0.171s] Level 1:colcon.colcon_core.package_discovery:discover_packages(prefix_path) check parameters
[0.171s] Level 1:colcon.colcon_core.package_discovery:discover_packages(prefix_path) discover
[0.172s] DEBUG:colcon.colcon_installed_package_information.package_discovery:Found 5 installed packages in /home/yuzhench/Desktop/Intership/smart_arm/arm_sim_ws/install
[0.173s] DEBUG:colcon.colcon_installed_package_information.package_discovery:Found 364 installed packages in /opt/ros/humble
[0.174s] Level 1:colcon.colcon_core.package_discovery:discover_packages(prefix_path) using defaults
[0.197s] Level 5:colcon.colcon_core.verb:set package 'arm_sim_pkg' build argument 'cmake_args' from command line to 'None'
[0.197s] Level 5:colcon.colcon_core.verb:set package 'arm_sim_pkg' build argument 'cmake_target' from command line to 'None'
[0.197s] Level 5:colcon.colcon_core.verb:set package 'arm_sim_pkg' build argument 'cmake_target_skip_unavailable' from command line to 'False'
[0.197s] Level 5:colcon.colcon_core.verb:set package 'arm_sim_pkg' build argument 'cmake_clean_cache' from command line to 'False'
[0.197s] Level 5:colcon.colcon_core.verb:set package 'arm_sim_pkg' build argument 'cmake_clean_first' from command line to 'False'
[0.197s] Level 5:colcon.colcon_core.verb:set package 'arm_sim_pkg' build argument 'cmake_force_configure' from command line to 'False'
[0.197s] Level 5:colcon.colcon_core.verb:set package 'arm_sim_pkg' build argument 'ament_cmake_args' from command line to 'None'
[0.197s] Level 5:colcon.colcon_core.verb:set package 'arm_sim_pkg' build argument 'catkin_cmake_args' from command line to 'None'
[0.197s] Level 5:colcon.colcon_core.verb:set package 'arm_sim_pkg' build argument 'catkin_skip_building_tests' from command line to 'False'
[0.197s] DEBUG:colcon.colcon_core.verb:Building package 'arm_sim_pkg' with the following arguments: {'ament_cmake_args': None, 'build_base': '/home/yuzhench/Desktop/Intership/smart_arm/arm_sim_ws/build/arm_sim_pkg', 'catkin_cmake_args': None, 'catkin_skip_building_tests': False, 'cmake_args': None, 'cmake_clean_cache': False, 'cmake_clean_first': False, 'cmake_force_configure': False, 'cmake_target': None, 'cmake_target_skip_unavailable': False, 'install_base': '/home/yuzhench/Desktop/Intership/smart_arm/arm_sim_ws/install/arm_sim_pkg', 'merge_install': False, 'path': '/home/yuzhench/Desktop/Intership/smart_arm/arm_sim_ws/src/arm_sim_pkg', 'symlink_install': True, 'test_result_base': None}
[0.197s] Level 5:colcon.colcon_core.verb:set package 'robot_bringup' build argument 'cmake_args' from command line to 'None'
[0.197s] Level 5:colcon.colcon_core.verb:set package 'robot_bringup' build argument 'cmake_target' from command line to 'None'
[0.197s] Level 5:colcon.colcon_core.verb:set package 'robot_bringup' build argument 'cmake_target_skip_unavailable' from command line to 'False'
[0.197s] Level 5:colcon.colcon_core.verb:set package 'robot_bringup' build argument 'cmake_clean_cache' from command line to 'False'
[0.197s] Level 5:colcon.colcon_core.verb:set package 'robot_bringup' build argument 'cmake_clean_first' from command line to 'False'
[0.197s] Level 5:colcon.colcon_core.verb:set package 'robot_bringup' build argument 'cmake_force_configure' from command line to 'False'
[0.197s] Level 5:colcon.colcon_core.verb:set package 'robot_bringup' build argument 'ament_cmake_args' from command line to 'None'
[0.197s] Level 5:colcon.colcon_core.verb:set package 'robot_bringup' build argument 'catkin_cmake_args' from command line to 'None'
[0.197s] Level 5:colcon.colcon_core.verb:set package 'robot_bringup' build argument 'catkin_skip_building_tests' from command line to 'False'
[0.197s] DEBUG:colcon.colcon_core.verb:Building package 'robot_bringup' with the following arguments: {'ament_cmake_args': None, 'build_base': '/home/yuzhench/Desktop/Intership/smart_arm/arm_sim_ws/build/robot_bringup', 'catkin_cmake_args': None, 'catkin_skip_building_tests': False, 'cmake_args': None, 'cmake_clean_cache': False, 'cmake_clean_first': False, 'cmake_force_configure': False, 'cmake_target': None, 'cmake_target_skip_unavailable': False, 'install_base': '/home/yuzhench/Desktop/Intership/smart_arm/arm_sim_ws/install/robot_bringup', 'merge_install': False, 'path': '/home/yuzhench/Desktop/Intership/smart_arm/arm_sim_ws/src/robot_bringup', 'symlink_install': True, 'test_result_base': None}
[0.197s] Level 5:colcon.colcon_core.verb:set package 'ros2_control_demo_example_7' build argument 'cmake_args' from command line to 'None'
[0.197s] Level 5:colcon.colcon_core.verb:set package 'ros2_control_demo_example_7' build argument 'cmake_target' from command line to 'None'
[0.197s] Level 5:colcon.colcon_core.verb:set package 'ros2_control_demo_example_7' build argument 'cmake_target_skip_unavailable' from command line to 'False'
[0.197s] Level 5:colcon.colcon_core.verb:set package 'ros2_control_demo_example_7' build argument 'cmake_clean_cache' from command line to 'False'
[0.197s] Level 5:colcon.colcon_core.verb:set package 'ros2_control_demo_example_7' build argument 'cmake_clean_first' from command line to 'False'
[0.197s] Level 5:colcon.colcon_core.verb:set package 'ros2_control_demo_example_7' build argument 'cmake_force_configure' from command line to 'False'
[0.197s] Level 5:colcon.colcon_core.verb:set package 'ros2_control_demo_example_7' build argument 'ament_cmake_args' from command line to 'None'
[0.197s] Level 5:colcon.colcon_core.verb:set package 'ros2_control_demo_example_7' build argument 'catkin_cmake_args' from command line to 'None'
[0.197s] Level 5:colcon.colcon_core.verb:set package 'ros2_control_demo_example_7' build argument 'catkin_skip_building_tests' from command line to 'False'
[0.197s] DEBUG:colcon.colcon_core.verb:Building package 'ros2_control_demo_example_7' with the following arguments: {'ament_cmake_args': None, 'build_base': '/home/yuzhench/Desktop/Intership/smart_arm/arm_sim_ws/build/ros2_control_demo_example_7', 'catkin_cmake_args': None, 'catkin_skip_building_tests': False, 'cmake_args': None, 'cmake_clean_cache': False, 'cmake_clean_first': False, 'cmake_force_configure': False, 'cmake_target': None, 'cmake_target_skip_unavailable': False, 'install_base': '/home/yuzhench/Desktop/Intership/smart_arm/arm_sim_ws/install/ros2_control_demo_example_7', 'merge_install': False, 'path': '/home/yuzhench/Desktop/Intership/smart_arm/arm_sim_ws/src/example_7', 'symlink_install': True, 'test_result_base': None}
[0.198s] Level 5:colcon.colcon_core.verb:set package 'movit_robot_arm_sim' build argument 'cmake_args' from command line to 'None'
[0.198s] Level 5:colcon.colcon_core.verb:set package 'movit_robot_arm_sim' build argument 'cmake_target' from command line to 'None'
[0.198s] Level 5:colcon.colcon_core.verb:set package 'movit_robot_arm_sim' build argument 'cmake_target_skip_unavailable' from command line to 'False'
[0.198s] Level 5:colcon.colcon_core.verb:set package 'movit_robot_arm_sim' build argument 'cmake_clean_cache' from command line to 'False'
[0.198s] Level 5:colcon.colcon_core.verb:set package 'movit_robot_arm_sim' build argument 'cmake_clean_first' from command line to 'False'
[0.198s] Level 5:colcon.colcon_core.verb:set package 'movit_robot_arm_sim' build argument 'cmake_force_configure' from command line to 'False'
[0.198s] Level 5:colcon.colcon_core.verb:set package 'movit_robot_arm_sim' build argument 'ament_cmake_args' from command line to 'None'
[0.198s] Level 5:colcon.colcon_core.verb:set package 'movit_robot_arm_sim' build argument 'catkin_cmake_args' from command line to 'None'
[0.198s] Level 5:colcon.colcon_core.verb:set package 'movit_robot_arm_sim' build argument 'catkin_skip_building_tests' from command line to 'False'
[0.198s] DEBUG:colcon.colcon_core.verb:Building package 'movit_robot_arm_sim' with the following arguments: {'ament_cmake_args': None, 'build_base': '/home/yuzhench/Desktop/Intership/smart_arm/arm_sim_ws/build/movit_robot_arm_sim', 'catkin_cmake_args': None, 'catkin_skip_building_tests': False, 'cmake_args': None, 'cmake_clean_cache': False, 'cmake_clean_first': False, 'cmake_force_configure': False, 'cmake_target': None, 'cmake_target_skip_unavailable': False, 'install_base': '/home/yuzhench/Desktop/Intership/smart_arm/arm_sim_ws/install/movit_robot_arm_sim', 'merge_install': False, 'path': '/home/yuzhench/Desktop/Intership/smart_arm/arm_sim_ws/src/movit_robot_arm_sim', 'symlink_install': True, 'test_result_base': None}
[0.198s] Level 5:colcon.colcon_core.verb:set package 'traj_demo' build argument 'cmake_args' from command line to 'None'
[0.198s] Level 5:colcon.colcon_core.verb:set package 'traj_demo' build argument 'cmake_target' from command line to 'None'
[0.198s] Level 5:colcon.colcon_core.verb:set package 'traj_demo' build argument 'cmake_target_skip_unavailable' from command line to 'False'
[0.198s] Level 5:colcon.colcon_core.verb:set package 'traj_demo' build argument 'cmake_clean_cache' from command line to 'False'
[0.198s] Level 5:colcon.colcon_core.verb:set package 'traj_demo' build argument 'cmake_clean_first' from command line to 'False'
[0.198s] Level 5:colcon.colcon_core.verb:set package 'traj_demo' build argument 'cmake_force_configure' from command line to 'False'
[0.198s] Level 5:colcon.colcon_core.verb:set package 'traj_demo' build argument 'ament_cmake_args' from command line to 'None'
[0.198s] Level 5:colcon.colcon_core.verb:set package 'traj_demo' build argument 'catkin_cmake_args' from command line to 'None'
[0.198s] Level 5:colcon.colcon_core.verb:set package 'traj_demo' build argument 'catkin_skip_building_tests' from command line to 'False'
[0.198s] DEBUG:colcon.colcon_core.verb:Building package 'traj_demo' with the following arguments: {'ament_cmake_args': None, 'build_base': '/home/yuzhench/Desktop/Intership/smart_arm/arm_sim_ws/build/traj_demo', 'catkin_cmake_args': None, 'catkin_skip_building_tests': False, 'cmake_args': None, 'cmake_clean_cache': False, 'cmake_clean_first': False, 'cmake_force_configure': False, 'cmake_target': None, 'cmake_target_skip_unavailable': False, 'install_base': '/home/yuzhench/Desktop/Intership/smart_arm/arm_sim_ws/install/traj_demo', 'merge_install': False, 'path': '/home/yuzhench/Desktop/Intership/smart_arm/arm_sim_ws/src/traj_demo', 'symlink_install': True, 'test_result_base': None}
[0.198s] INFO:colcon.colcon_core.executor:Executing jobs using 'parallel' executor
[0.199s] DEBUG:colcon.colcon_parallel_executor.executor.parallel:run_until_complete
[0.199s] INFO:colcon.colcon_ros.task.ament_cmake.build:Building ROS package in '/home/yuzhench/Desktop/Intership/smart_arm/arm_sim_ws/src/arm_sim_pkg' with build type 'ament_cmake'
[0.199s] INFO:colcon.colcon_cmake.task.cmake.build:Building CMake package in '/home/yuzhench/Desktop/Intership/smart_arm/arm_sim_ws/src/arm_sim_pkg'
[0.200s] INFO:colcon.colcon_core.plugin_system:Skipping extension 'colcon_core.shell.bat': Not used on non-Windows systems
[0.201s] INFO:colcon.colcon_core.shell:Skip shell extension 'powershell' for command environment: Not usable outside of PowerShell
[0.201s] DEBUG:colcon.colcon_core.shell:Skip shell extension 'dsv' for command environment
[0.203s] INFO:colcon.colcon_ros.task.ament_python.build:Building ROS package in '/home/yuzhench/Desktop/Intership/smart_arm/arm_sim_ws/src/robot_bringup' with build type 'ament_python'
[0.203s] Level 1:colcon.colcon_core.shell:create_environment_hook('robot_bringup', 'ament_prefix_path')
[0.203s] INFO:colcon.colcon_core.shell:Creating environment hook '/home/yuzhench/Desktop/Intership/smart_arm/arm_sim_ws/install/robot_bringup/share/robot_bringup/hook/ament_prefix_path.ps1'
[0.204s] INFO:colcon.colcon_core.shell:Creating environment descriptor '/home/yuzhench/Desktop/Intership/smart_arm/arm_sim_ws/install/robot_bringup/share/robot_bringup/hook/ament_prefix_path.dsv'
[0.204s] INFO:colcon.colcon_core.shell:Creating environment hook '/home/yuzhench/Desktop/Intership/smart_arm/arm_sim_ws/install/robot_bringup/share/robot_bringup/hook/ament_prefix_path.sh'
[0.204s] INFO:colcon.colcon_core.shell:Skip shell extension 'powershell' for command environment: Not usable outside of PowerShell
[0.204s] DEBUG:colcon.colcon_core.shell:Skip shell extension 'dsv' for command environment
[0.206s] INFO:colcon.colcon_ros.task.ament_cmake.build:Building ROS package in '/home/yuzhench/Desktop/Intership/smart_arm/arm_sim_ws/src/example_7' with build type 'ament_cmake'
[0.206s] INFO:colcon.colcon_cmake.task.cmake.build:Building CMake package in '/home/yuzhench/Desktop/Intership/smart_arm/arm_sim_ws/src/example_7'
[0.207s] INFO:colcon.colcon_core.shell:Skip shell extension 'powershell' for command environment: Not usable outside of PowerShell
[0.207s] DEBUG:colcon.colcon_core.shell:Skip shell extension 'dsv' for command environment
[0.211s] DEBUG:colcon.colcon_core.event_handler.log_command:Invoking command in '/home/yuzhench/Desktop/Intership/smart_arm/arm_sim_ws/build/arm_sim_pkg': CMAKE_PREFIX_PATH=${CMAKE_PREFIX_PATH}:/home/yuzhench/Desktop/Intership/smart_arm/arm_sim_ws/install/robot_bringup:/opt/ros/humble /usr/bin/cmake --build /home/yuzhench/Desktop/Intership/smart_arm/arm_sim_ws/build/arm_sim_pkg -- -j16 -l16
[0.360s] INFO:colcon.colcon_core.task.python.build:Building Python package in '/home/yuzhench/Desktop/Intership/smart_arm/arm_sim_ws/src/robot_bringup'
[0.360s] INFO:colcon.colcon_core.shell:Skip shell extension 'powershell' for command environment: Not usable outside of PowerShell
[0.360s] DEBUG:colcon.colcon_core.shell:Skip shell extension 'dsv' for command environment
[0.367s] DEBUG:colcon.colcon_core.event_handler.log_command:Invoking command in '/home/yuzhench/Desktop/Intership/smart_arm/arm_sim_ws/build/ros2_control_demo_example_7': CMAKE_PREFIX_PATH=${CMAKE_PREFIX_PATH}:/home/yuzhench/Desktop/Intership/smart_arm/arm_sim_ws/install/robot_bringup:/opt/ros/humble /usr/bin/cmake --build /home/yuzhench/Desktop/Intership/smart_arm/arm_sim_ws/build/ros2_control_demo_example_7 -- -j16 -l16
[0.367s] DEBUG:colcon.colcon_core.event_handler.log_command:Invoked command in '/home/yuzhench/Desktop/Intership/smart_arm/arm_sim_ws/build/arm_sim_pkg' returned '0': CMAKE_PREFIX_PATH=${CMAKE_PREFIX_PATH}:/home/yuzhench/Desktop/Intership/smart_arm/arm_sim_ws/install/robot_bringup:/opt/ros/humble /usr/bin/cmake --build /home/yuzhench/Desktop/Intership/smart_arm/arm_sim_ws/build/arm_sim_pkg -- -j16 -l16
[0.373s] DEBUG:colcon.colcon_core.event_handler.log_command:Invoking command in '/home/yuzhench/Desktop/Intership/smart_arm/arm_sim_ws/build/arm_sim_pkg': CMAKE_PREFIX_PATH=${CMAKE_PREFIX_PATH}:/home/yuzhench/Desktop/Intership/smart_arm/arm_sim_ws/install/robot_bringup:/opt/ros/humble /usr/bin/cmake --install /home/yuzhench/Desktop/Intership/smart_arm/arm_sim_ws/build/arm_sim_pkg
[0.390s] Level 1:colcon.colcon_core.environment:create_environment_scripts_only(arm_sim_pkg)
[0.390s] DEBUG:colcon.colcon_core.event_handler.log_command:Invoked command in '/home/yuzhench/Desktop/Intership/smart_arm/arm_sim_ws/build/arm_sim_pkg' returned '0': CMAKE_PREFIX_PATH=${CMAKE_PREFIX_PATH}:/home/yuzhench/Desktop/Intership/smart_arm/arm_sim_ws/install/robot_bringup:/opt/ros/humble /usr/bin/cmake --install /home/yuzhench/Desktop/Intership/smart_arm/arm_sim_ws/build/arm_sim_pkg
[0.392s] Level 1:colcon.colcon_core.environment:checking '/home/yuzhench/Desktop/Intership/smart_arm/arm_sim_ws/install/arm_sim_pkg' for CMake module files
[0.392s] Level 1:colcon.colcon_core.environment:checking '/home/yuzhench/Desktop/Intership/smart_arm/arm_sim_ws/install/arm_sim_pkg' for CMake config files
[0.392s] Level 1:colcon.colcon_core.shell:create_environment_hook('arm_sim_pkg', 'cmake_prefix_path')
[0.392s] INFO:colcon.colcon_core.shell:Creating environment hook '/home/yuzhench/Desktop/Intership/smart_arm/arm_sim_ws/install/arm_sim_pkg/share/arm_sim_pkg/hook/cmake_prefix_path.ps1'
[0.393s] INFO:colcon.colcon_core.shell:Creating environment descriptor '/home/yuzhench/Desktop/Intership/smart_arm/arm_sim_ws/install/arm_sim_pkg/share/arm_sim_pkg/hook/cmake_prefix_path.dsv'
[0.393s] INFO:colcon.colcon_core.shell:Creating environment hook '/home/yuzhench/Desktop/Intership/smart_arm/arm_sim_ws/install/arm_sim_pkg/share/arm_sim_pkg/hook/cmake_prefix_path.sh'
[0.393s] Level 1:colcon.colcon_core.environment:checking '/home/yuzhench/Desktop/Intership/smart_arm/arm_sim_ws/install/arm_sim_pkg/lib'
[0.393s] Level 1:colcon.colcon_core.shell:create_environment_hook('arm_sim_pkg', 'ld_library_path_lib')
[0.393s] INFO:colcon.colcon_core.shell:Creating environment hook '/home/yuzhench/Desktop/Intership/smart_arm/arm_sim_ws/install/arm_sim_pkg/share/arm_sim_pkg/hook/ld_library_path_lib.ps1'
[0.394s] INFO:colcon.colcon_core.shell:Creating environment descriptor '/home/yuzhench/Desktop/Intership/smart_arm/arm_sim_ws/install/arm_sim_pkg/share/arm_sim_pkg/hook/ld_library_path_lib.dsv'
[0.394s] INFO:colcon.colcon_core.shell:Creating environment hook '/home/yuzhench/Desktop/Intership/smart_arm/arm_sim_ws/install/arm_sim_pkg/share/arm_sim_pkg/hook/ld_library_path_lib.sh'
[0.394s] Level 1:colcon.colcon_core.environment:checking '/home/yuzhench/Desktop/Intership/smart_arm/arm_sim_ws/install/arm_sim_pkg/bin'
[0.394s] Level 1:colcon.colcon_core.environment:checking '/home/yuzhench/Desktop/Intership/smart_arm/arm_sim_ws/install/arm_sim_pkg/lib/pkgconfig/arm_sim_pkg.pc'
[0.394s] Level 1:colcon.colcon_core.environment:checking '/home/yuzhench/Desktop/Intership/smart_arm/arm_sim_ws/install/arm_sim_pkg/lib/python3.10/site-packages'
[0.394s] Level 1:colcon.colcon_core.environment:checking '/home/yuzhench/Desktop/Intership/smart_arm/arm_sim_ws/install/arm_sim_pkg/bin'
[0.394s] INFO:colcon.colcon_core.shell:Creating package script '/home/yuzhench/Desktop/Intership/smart_arm/arm_sim_ws/install/arm_sim_pkg/share/arm_sim_pkg/package.ps1'
[0.395s] INFO:colcon.colcon_core.shell:Creating package descriptor '/home/yuzhench/Desktop/Intership/smart_arm/arm_sim_ws/install/arm_sim_pkg/share/arm_sim_pkg/package.dsv'
[0.395s] INFO:colcon.colcon_core.shell:Creating package script '/home/yuzhench/Desktop/Intership/smart_arm/arm_sim_ws/install/arm_sim_pkg/share/arm_sim_pkg/package.sh'
[0.396s] INFO:colcon.colcon_core.shell:Creating package script '/home/yuzhench/Desktop/Intership/smart_arm/arm_sim_ws/install/arm_sim_pkg/share/arm_sim_pkg/package.bash'
[0.396s] INFO:colcon.colcon_core.shell:Creating package script '/home/yuzhench/Desktop/Intership/smart_arm/arm_sim_ws/install/arm_sim_pkg/share/arm_sim_pkg/package.zsh'
[0.396s] Level 1:colcon.colcon_core.environment:create_file_with_runtime_dependencies(/home/yuzhench/Desktop/Intership/smart_arm/arm_sim_ws/install/arm_sim_pkg/share/colcon-core/packages/arm_sim_pkg)
[0.397s] Level 1:colcon.colcon_core.environment:create_environment_scripts_only(arm_sim_pkg)
[0.397s] Level 1:colcon.colcon_core.environment:checking '/home/yuzhench/Desktop/Intership/smart_arm/arm_sim_ws/install/arm_sim_pkg' for CMake module files
[0.397s] Level 1:colcon.colcon_core.environment:checking '/home/yuzhench/Desktop/Intership/smart_arm/arm_sim_ws/install/arm_sim_pkg' for CMake config files
[0.397s] Level 1:colcon.colcon_core.shell:create_environment_hook('arm_sim_pkg', 'cmake_prefix_path')
[0.397s] INFO:colcon.colcon_core.shell:Creating environment hook '/home/yuzhench/Desktop/Intership/smart_arm/arm_sim_ws/install/arm_sim_pkg/share/arm_sim_pkg/hook/cmake_prefix_path.ps1'
[0.398s] INFO:colcon.colcon_core.shell:Creating environment descriptor '/home/yuzhench/Desktop/Intership/smart_arm/arm_sim_ws/install/arm_sim_pkg/share/arm_sim_pkg/hook/cmake_prefix_path.dsv'
[0.398s] INFO:colcon.colcon_core.shell:Creating environment hook '/home/yuzhench/Desktop/Intership/smart_arm/arm_sim_ws/install/arm_sim_pkg/share/arm_sim_pkg/hook/cmake_prefix_path.sh'
[0.398s] Level 1:colcon.colcon_core.environment:checking '/home/yuzhench/Desktop/Intership/smart_arm/arm_sim_ws/install/arm_sim_pkg/lib'
[0.398s] Level 1:colcon.colcon_core.shell:create_environment_hook('arm_sim_pkg', 'ld_library_path_lib')
[0.398s] INFO:colcon.colcon_core.shell:Creating environment hook '/home/yuzhench/Desktop/Intership/smart_arm/arm_sim_ws/install/arm_sim_pkg/share/arm_sim_pkg/hook/ld_library_path_lib.ps1'
[0.399s] INFO:colcon.colcon_core.shell:Creating environment descriptor '/home/yuzhench/Desktop/Intership/smart_arm/arm_sim_ws/install/arm_sim_pkg/share/arm_sim_pkg/hook/ld_library_path_lib.dsv'
[0.399s] INFO:colcon.colcon_core.shell:Creating environment hook '/home/yuzhench/Desktop/Intership/smart_arm/arm_sim_ws/install/arm_sim_pkg/share/arm_sim_pkg/hook/ld_library_path_lib.sh'
[0.399s] Level 1:colcon.colcon_core.environment:checking '/home/yuzhench/Desktop/Intership/smart_arm/arm_sim_ws/install/arm_sim_pkg/bin'
[0.399s] Level 1:colcon.colcon_core.environment:checking '/home/yuzhench/Desktop/Intership/smart_arm/arm_sim_ws/install/arm_sim_pkg/lib/pkgconfig/arm_sim_pkg.pc'
[0.399s] Level 1:colcon.colcon_core.environment:checking '/home/yuzhench/Desktop/Intership/smart_arm/arm_sim_ws/install/arm_sim_pkg/lib/python3.10/site-packages'
[0.399s] Level 1:colcon.colcon_core.environment:checking '/home/yuzhench/Desktop/Intership/smart_arm/arm_sim_ws/install/arm_sim_pkg/bin'
[0.399s] INFO:colcon.colcon_core.shell:Creating package script '/home/yuzhench/Desktop/Intership/smart_arm/arm_sim_ws/install/arm_sim_pkg/share/arm_sim_pkg/package.ps1'
[0.400s] INFO:colcon.colcon_core.shell:Creating package descriptor '/home/yuzhench/Desktop/Intership/smart_arm/arm_sim_ws/install/arm_sim_pkg/share/arm_sim_pkg/package.dsv'
[0.400s] INFO:colcon.colcon_core.shell:Creating package script '/home/yuzhench/Desktop/Intership/smart_arm/arm_sim_ws/install/arm_sim_pkg/share/arm_sim_pkg/package.sh'
[0.400s] INFO:colcon.colcon_core.shell:Creating package script '/home/yuzhench/Desktop/Intership/smart_arm/arm_sim_ws/install/arm_sim_pkg/share/arm_sim_pkg/package.bash'
[0.400s] INFO:colcon.colcon_core.shell:Creating package script '/home/yuzhench/Desktop/Intership/smart_arm/arm_sim_ws/install/arm_sim_pkg/share/arm_sim_pkg/package.zsh'
[0.401s] Level 1:colcon.colcon_core.environment:create_file_with_runtime_dependencies(/home/yuzhench/Desktop/Intership/smart_arm/arm_sim_ws/install/arm_sim_pkg/share/colcon-core/packages/arm_sim_pkg)
[0.401s] INFO:colcon.colcon_ros.task.ament_cmake.build:Building ROS package in '/home/yuzhench/Desktop/Intership/smart_arm/arm_sim_ws/src/movit_robot_arm_sim' with build type 'ament_cmake'
[0.401s] INFO:colcon.colcon_cmake.task.cmake.build:Building CMake package in '/home/yuzhench/Desktop/Intership/smart_arm/arm_sim_ws/src/movit_robot_arm_sim'
[0.401s] INFO:colcon.colcon_core.shell:Skip shell extension 'powershell' for command environment: Not usable outside of PowerShell
[0.401s] DEBUG:colcon.colcon_core.shell:Skip shell extension 'dsv' for command environment
[0.407s] DEBUG:colcon.colcon_core.event_handler.log_command:Invoking command in '/home/yuzhench/Desktop/Intership/smart_arm/arm_sim_ws/build/movit_robot_arm_sim': CMAKE_PREFIX_PATH=/home/yuzhench/Desktop/Intership/smart_arm/arm_sim_ws/install/arm_sim_pkg:/home/yuzhench/Desktop/Intership/smart_arm/arm_sim_ws/install/traj_demo:/home/yuzhench/Desktop/Intership/smart_arm/arm_sim_ws/install/ros2_control_demo_example_7:/home/yuzhench/Desktop/Intership/smart_arm/arm_sim_ws/install/movit_robot_arm_sim:/home/yuzhench/Desktop/Intership/smart_arm/arm_sim_ws/install/robot_bringup:/opt/ros/humble LD_LIBRARY_PATH=/home/yuzhench/Desktop/Intership/smart_arm/arm_sim_ws/install/arm_sim_pkg/lib:/home/yuzhench/Desktop/Intership/smart_arm/arm_sim_ws/install/ros2_control_demo_example_7/lib:/opt/ros/humble/opt/rviz_ogre_vendor/lib:/opt/ros/humble/lib/x86_64-linux-gnu:/opt/ros/humble/lib /usr/bin/cmake --build /home/yuzhench/Desktop/Intership/smart_arm/arm_sim_ws/build/movit_robot_arm_sim -- -j16 -l16
[0.417s] DEBUG:colcon.colcon_core.event_handler.log_command:Invoked command in '/home/yuzhench/Desktop/Intership/smart_arm/arm_sim_ws/build/ros2_control_demo_example_7' returned '0': CMAKE_PREFIX_PATH=${CMAKE_PREFIX_PATH}:/home/yuzhench/Desktop/Intership/smart_arm/arm_sim_ws/install/robot_bringup:/opt/ros/humble /usr/bin/cmake --build /home/yuzhench/Desktop/Intership/smart_arm/arm_sim_ws/build/ros2_control_demo_example_7 -- -j16 -l16
[0.418s] DEBUG:colcon.colcon_core.event_handler.log_command:Invoking command in '/home/yuzhench/Desktop/Intership/smart_arm/arm_sim_ws/build/ros2_control_demo_example_7': CMAKE_PREFIX_PATH=${CMAKE_PREFIX_PATH}:/home/yuzhench/Desktop/Intership/smart_arm/arm_sim_ws/install/robot_bringup:/opt/ros/humble /usr/bin/cmake --install /home/yuzhench/Desktop/Intership/smart_arm/arm_sim_ws/build/ros2_control_demo_example_7
[0.437s] Level 1:colcon.colcon_core.environment:create_environment_scripts_only(ros2_control_demo_example_7)
[0.438s] Level 1:colcon.colcon_core.environment:checking '/home/yuzhench/Desktop/Intership/smart_arm/arm_sim_ws/install/ros2_control_demo_example_7' for CMake module files
[0.438s] DEBUG:colcon.colcon_core.event_handler.log_command:Invoked command in '/home/yuzhench/Desktop/Intership/smart_arm/arm_sim_ws/build/ros2_control_demo_example_7' returned '0': CMAKE_PREFIX_PATH=${CMAKE_PREFIX_PATH}:/home/yuzhench/Desktop/Intership/smart_arm/arm_sim_ws/install/robot_bringup:/opt/ros/humble /usr/bin/cmake --install /home/yuzhench/Desktop/Intership/smart_arm/arm_sim_ws/build/ros2_control_demo_example_7
[0.438s] Level 1:colcon.colcon_core.environment:checking '/home/yuzhench/Desktop/Intership/smart_arm/arm_sim_ws/install/ros2_control_demo_example_7' for CMake config files
[0.438s] Level 1:colcon.colcon_core.shell:create_environment_hook('ros2_control_demo_example_7', 'cmake_prefix_path')
[0.439s] INFO:colcon.colcon_core.shell:Creating environment hook '/home/yuzhench/Desktop/Intership/smart_arm/arm_sim_ws/install/ros2_control_demo_example_7/share/ros2_control_demo_example_7/hook/cmake_prefix_path.ps1'
[0.439s] INFO:colcon.colcon_core.shell:Creating environment descriptor '/home/yuzhench/Desktop/Intership/smart_arm/arm_sim_ws/install/ros2_control_demo_example_7/share/ros2_control_demo_example_7/hook/cmake_prefix_path.dsv'
[0.439s] INFO:colcon.colcon_core.shell:Creating environment hook '/home/yuzhench/Desktop/Intership/smart_arm/arm_sim_ws/install/ros2_control_demo_example_7/share/ros2_control_demo_example_7/hook/cmake_prefix_path.sh'
[0.439s] Level 1:colcon.colcon_core.environment:checking '/home/yuzhench/Desktop/Intership/smart_arm/arm_sim_ws/install/ros2_control_demo_example_7/lib'
[0.439s] Level 1:colcon.colcon_core.shell:create_environment_hook('ros2_control_demo_example_7', 'ld_library_path_lib')
[0.440s] INFO:colcon.colcon_core.shell:Creating environment hook '/home/yuzhench/Desktop/Intership/smart_arm/arm_sim_ws/install/ros2_control_demo_example_7/share/ros2_control_demo_example_7/hook/ld_library_path_lib.ps1'
[0.440s] INFO:colcon.colcon_core.shell:Creating environment descriptor '/home/yuzhench/Desktop/Intership/smart_arm/arm_sim_ws/install/ros2_control_demo_example_7/share/ros2_control_demo_example_7/hook/ld_library_path_lib.dsv'
[0.440s] INFO:colcon.colcon_core.shell:Creating environment hook '/home/yuzhench/Desktop/Intership/smart_arm/arm_sim_ws/install/ros2_control_demo_example_7/share/ros2_control_demo_example_7/hook/ld_library_path_lib.sh'
[0.440s] Level 1:colcon.colcon_core.environment:checking '/home/yuzhench/Desktop/Intership/smart_arm/arm_sim_ws/install/ros2_control_demo_example_7/bin'
[0.440s] Level 1:colcon.colcon_core.environment:checking '/home/yuzhench/Desktop/Intership/smart_arm/arm_sim_ws/install/ros2_control_demo_example_7/lib/pkgconfig/ros2_control_demo_example_7.pc'
[0.440s] Level 1:colcon.colcon_core.environment:checking '/home/yuzhench/Desktop/Intership/smart_arm/arm_sim_ws/install/ros2_control_demo_example_7/lib/python3.10/site-packages'
[0.440s] Level 1:colcon.colcon_core.environment:checking '/home/yuzhench/Desktop/Intership/smart_arm/arm_sim_ws/install/ros2_control_demo_example_7/bin'
[0.441s] INFO:colcon.colcon_core.shell:Creating package script '/home/yuzhench/Desktop/Intership/smart_arm/arm_sim_ws/install/ros2_control_demo_example_7/share/ros2_control_demo_example_7/package.ps1'
[0.441s] INFO:colcon.colcon_core.shell:Creating package descriptor '/home/yuzhench/Desktop/Intership/smart_arm/arm_sim_ws/install/ros2_control_demo_example_7/share/ros2_control_demo_example_7/package.dsv'
[0.441s] INFO:colcon.colcon_core.shell:Creating package script '/home/yuzhench/Desktop/Intership/smart_arm/arm_sim_ws/install/ros2_control_demo_example_7/share/ros2_control_demo_example_7/package.sh'
[0.441s] INFO:colcon.colcon_core.shell:Creating package script '/home/yuzhench/Desktop/Intership/smart_arm/arm_sim_ws/install/ros2_control_demo_example_7/share/ros2_control_demo_example_7/package.bash'
[0.441s] INFO:colcon.colcon_core.shell:Creating package script '/home/yuzhench/Desktop/Intership/smart_arm/arm_sim_ws/install/ros2_control_demo_example_7/share/ros2_control_demo_example_7/package.zsh'
[0.442s] Level 1:colcon.colcon_core.environment:create_file_with_runtime_dependencies(/home/yuzhench/Desktop/Intership/smart_arm/arm_sim_ws/install/ros2_control_demo_example_7/share/colcon-core/packages/ros2_control_demo_example_7)
[0.442s] Level 1:colcon.colcon_core.environment:create_environment_scripts_only(ros2_control_demo_example_7)
[0.442s] Level 1:colcon.colcon_core.environment:checking '/home/yuzhench/Desktop/Intership/smart_arm/arm_sim_ws/install/ros2_control_demo_example_7' for CMake module files
[0.442s] Level 1:colcon.colcon_core.environment:checking '/home/yuzhench/Desktop/Intership/smart_arm/arm_sim_ws/install/ros2_control_demo_example_7' for CMake config files
[0.443s] Level 1:colcon.colcon_core.shell:create_environment_hook('ros2_control_demo_example_7', 'cmake_prefix_path')
[0.443s] INFO:colcon.colcon_core.shell:Creating environment hook '/home/yuzhench/Desktop/Intership/smart_arm/arm_sim_ws/install/ros2_control_demo_example_7/share/ros2_control_demo_example_7/hook/cmake_prefix_path.ps1'
[0.443s] INFO:colcon.colcon_core.shell:Creating environment descriptor '/home/yuzhench/Desktop/Intership/smart_arm/arm_sim_ws/install/ros2_control_demo_example_7/share/ros2_control_demo_example_7/hook/cmake_prefix_path.dsv'
[0.443s] INFO:colcon.colcon_core.shell:Creating environment hook '/home/yuzhench/Desktop/Intership/smart_arm/arm_sim_ws/install/ros2_control_demo_example_7/share/ros2_control_demo_example_7/hook/cmake_prefix_path.sh'
[0.443s] Level 1:colcon.colcon_core.environment:checking '/home/yuzhench/Desktop/Intership/smart_arm/arm_sim_ws/install/ros2_control_demo_example_7/lib'
[0.444s] Level 1:colcon.colcon_core.shell:create_environment_hook('ros2_control_demo_example_7', 'ld_library_path_lib')
[0.444s] INFO:colcon.colcon_core.shell:Creating environment hook '/home/yuzhench/Desktop/Intership/smart_arm/arm_sim_ws/install/ros2_control_demo_example_7/share/ros2_control_demo_example_7/hook/ld_library_path_lib.ps1'
[0.444s] INFO:colcon.colcon_core.shell:Creating environment descriptor '/home/yuzhench/Desktop/Intership/smart_arm/arm_sim_ws/install/ros2_control_demo_example_7/share/ros2_control_demo_example_7/hook/ld_library_path_lib.dsv'
[0.444s] INFO:colcon.colcon_core.shell:Creating environment hook '/home/yuzhench/Desktop/Intership/smart_arm/arm_sim_ws/install/ros2_control_demo_example_7/share/ros2_control_demo_example_7/hook/ld_library_path_lib.sh'
[0.444s] Level 1:colcon.colcon_core.environment:checking '/home/yuzhench/Desktop/Intership/smart_arm/arm_sim_ws/install/ros2_control_demo_example_7/bin'
[0.444s] Level 1:colcon.colcon_core.environment:checking '/home/yuzhench/Desktop/Intership/smart_arm/arm_sim_ws/install/ros2_control_demo_example_7/lib/pkgconfig/ros2_control_demo_example_7.pc'
[0.444s] Level 1:colcon.colcon_core.environment:checking '/home/yuzhench/Desktop/Intership/smart_arm/arm_sim_ws/install/ros2_control_demo_example_7/lib/python3.10/site-packages'
[0.444s] Level 1:colcon.colcon_core.environment:checking '/home/yuzhench/Desktop/Intership/smart_arm/arm_sim_ws/install/ros2_control_demo_example_7/bin'
[0.445s] INFO:colcon.colcon_core.shell:Creating package script '/home/yuzhench/Desktop/Intership/smart_arm/arm_sim_ws/install/ros2_control_demo_example_7/share/ros2_control_demo_example_7/package.ps1'
[0.445s] INFO:colcon.colcon_core.shell:Creating package descriptor '/home/yuzhench/Desktop/Intership/smart_arm/arm_sim_ws/install/ros2_control_demo_example_7/share/ros2_control_demo_example_7/package.dsv'
[0.445s] INFO:colcon.colcon_core.shell:Creating package script '/home/yuzhench/Desktop/Intership/smart_arm/arm_sim_ws/install/ros2_control_demo_example_7/share/ros2_control_demo_example_7/package.sh'
[0.445s] INFO:colcon.colcon_core.shell:Creating package script '/home/yuzhench/Desktop/Intership/smart_arm/arm_sim_ws/install/ros2_control_demo_example_7/share/ros2_control_demo_example_7/package.bash'
[0.445s] INFO:colcon.colcon_core.shell:Creating package script '/home/yuzhench/Desktop/Intership/smart_arm/arm_sim_ws/install/ros2_control_demo_example_7/share/ros2_control_demo_example_7/package.zsh'
[0.446s] Level 1:colcon.colcon_core.environment:create_file_with_runtime_dependencies(/home/yuzhench/Desktop/Intership/smart_arm/arm_sim_ws/install/ros2_control_demo_example_7/share/colcon-core/packages/ros2_control_demo_example_7)
[0.447s] DEBUG:colcon.colcon_core.event_handler.log_command:Invoked command in '/home/yuzhench/Desktop/Intership/smart_arm/arm_sim_ws/build/movit_robot_arm_sim' returned '0': CMAKE_PREFIX_PATH=/home/yuzhench/Desktop/Intership/smart_arm/arm_sim_ws/install/arm_sim_pkg:/home/yuzhench/Desktop/Intership/smart_arm/arm_sim_ws/install/traj_demo:/home/yuzhench/Desktop/Intership/smart_arm/arm_sim_ws/install/ros2_control_demo_example_7:/home/yuzhench/Desktop/Intership/smart_arm/arm_sim_ws/install/movit_robot_arm_sim:/home/yuzhench/Desktop/Intership/smart_arm/arm_sim_ws/install/robot_bringup:/opt/ros/humble LD_LIBRARY_PATH=/home/yuzhench/Desktop/Intership/smart_arm/arm_sim_ws/install/arm_sim_pkg/lib:/home/yuzhench/Desktop/Intership/smart_arm/arm_sim_ws/install/ros2_control_demo_example_7/lib:/opt/ros/humble/opt/rviz_ogre_vendor/lib:/opt/ros/humble/lib/x86_64-linux-gnu:/opt/ros/humble/lib /usr/bin/cmake --build /home/yuzhench/Desktop/Intership/smart_arm/arm_sim_ws/build/movit_robot_arm_sim -- -j16 -l16
[0.448s] DEBUG:colcon.colcon_core.event_handler.log_command:Invoking command in '/home/yuzhench/Desktop/Intership/smart_arm/arm_sim_ws/build/movit_robot_arm_sim': CMAKE_PREFIX_PATH=/home/yuzhench/Desktop/Intership/smart_arm/arm_sim_ws/install/arm_sim_pkg:/home/yuzhench/Desktop/Intership/smart_arm/arm_sim_ws/install/traj_demo:/home/yuzhench/Desktop/Intership/smart_arm/arm_sim_ws/install/ros2_control_demo_example_7:/home/yuzhench/Desktop/Intership/smart_arm/arm_sim_ws/install/movit_robot_arm_sim:/home/yuzhench/Desktop/Intership/smart_arm/arm_sim_ws/install/robot_bringup:/opt/ros/humble LD_LIBRARY_PATH=/home/yuzhench/Desktop/Intership/smart_arm/arm_sim_ws/install/arm_sim_pkg/lib:/home/yuzhench/Desktop/Intership/smart_arm/arm_sim_ws/install/ros2_control_demo_example_7/lib:/opt/ros/humble/opt/rviz_ogre_vendor/lib:/opt/ros/humble/lib/x86_64-linux-gnu:/opt/ros/humble/lib /usr/bin/cmake --install /home/yuzhench/Desktop/Intership/smart_arm/arm_sim_ws/build/movit_robot_arm_sim
[0.467s] Level 1:colcon.colcon_core.environment:create_environment_scripts_only(movit_robot_arm_sim)
[0.468s] Level 1:colcon.colcon_core.environment:checking '/home/yuzhench/Desktop/Intership/smart_arm/arm_sim_ws/install/movit_robot_arm_sim' for CMake module files
[0.468s] DEBUG:colcon.colcon_core.event_handler.log_command:Invoked command in '/home/yuzhench/Desktop/Intership/smart_arm/arm_sim_ws/build/movit_robot_arm_sim' returned '0': CMAKE_PREFIX_PATH=/home/yuzhench/Desktop/Intership/smart_arm/arm_sim_ws/install/arm_sim_pkg:/home/yuzhench/Desktop/Intership/smart_arm/arm_sim_ws/install/traj_demo:/home/yuzhench/Desktop/Intership/smart_arm/arm_sim_ws/install/ros2_control_demo_example_7:/home/yuzhench/Desktop/Intership/smart_arm/arm_sim_ws/install/movit_robot_arm_sim:/home/yuzhench/Desktop/Intership/smart_arm/arm_sim_ws/install/robot_bringup:/opt/ros/humble LD_LIBRARY_PATH=/home/yuzhench/Desktop/Intership/smart_arm/arm_sim_ws/install/arm_sim_pkg/lib:/home/yuzhench/Desktop/Intership/smart_arm/arm_sim_ws/install/ros2_control_demo_example_7/lib:/opt/ros/humble/opt/rviz_ogre_vendor/lib:/opt/ros/humble/lib/x86_64-linux-gnu:/opt/ros/humble/lib /usr/bin/cmake --install /home/yuzhench/Desktop/Intership/smart_arm/arm_sim_ws/build/movit_robot_arm_sim
[0.468s] Level 1:colcon.colcon_core.environment:checking '/home/yuzhench/Desktop/Intership/smart_arm/arm_sim_ws/install/movit_robot_arm_sim' for CMake config files
[0.469s] Level 1:colcon.colcon_core.shell:create_environment_hook('movit_robot_arm_sim', 'cmake_prefix_path')
[0.469s] INFO:colcon.colcon_core.shell:Creating environment hook '/home/yuzhench/Desktop/Intership/smart_arm/arm_sim_ws/install/movit_robot_arm_sim/share/movit_robot_arm_sim/hook/cmake_prefix_path.ps1'
[0.469s] INFO:colcon.colcon_core.shell:Creating environment descriptor '/home/yuzhench/Desktop/Intership/smart_arm/arm_sim_ws/install/movit_robot_arm_sim/share/movit_robot_arm_sim/hook/cmake_prefix_path.dsv'
[0.469s] INFO:colcon.colcon_core.shell:Creating environment hook '/home/yuzhench/Desktop/Intership/smart_arm/arm_sim_ws/install/movit_robot_arm_sim/share/movit_robot_arm_sim/hook/cmake_prefix_path.sh'
[0.470s] Level 1:colcon.colcon_core.environment:checking '/home/yuzhench/Desktop/Intership/smart_arm/arm_sim_ws/install/movit_robot_arm_sim/bin'
[0.470s] Level 1:colcon.colcon_core.environment:checking '/home/yuzhench/Desktop/Intership/smart_arm/arm_sim_ws/install/movit_robot_arm_sim/lib/pkgconfig/movit_robot_arm_sim.pc'
[0.470s] Level 1:colcon.colcon_core.environment:checking '/home/yuzhench/Desktop/Intership/smart_arm/arm_sim_ws/install/movit_robot_arm_sim/lib/python3.10/site-packages'
[0.470s] Level 1:colcon.colcon_core.environment:checking '/home/yuzhench/Desktop/Intership/smart_arm/arm_sim_ws/install/movit_robot_arm_sim/bin'
[0.471s] INFO:colcon.colcon_core.shell:Creating package script '/home/yuzhench/Desktop/Intership/smart_arm/arm_sim_ws/install/movit_robot_arm_sim/share/movit_robot_arm_sim/package.ps1'
[0.471s] INFO:colcon.colcon_core.shell:Creating package descriptor '/home/yuzhench/Desktop/Intership/smart_arm/arm_sim_ws/install/movit_robot_arm_sim/share/movit_robot_arm_sim/package.dsv'
[0.471s] INFO:colcon.colcon_core.shell:Creating package script '/home/yuzhench/Desktop/Intership/smart_arm/arm_sim_ws/install/movit_robot_arm_sim/share/movit_robot_arm_sim/package.sh'
[0.471s] INFO:colcon.colcon_core.shell:Creating package script '/home/yuzhench/Desktop/Intership/smart_arm/arm_sim_ws/install/movit_robot_arm_sim/share/movit_robot_arm_sim/package.bash'
[0.471s] INFO:colcon.colcon_core.shell:Creating package script '/home/yuzhench/Desktop/Intership/smart_arm/arm_sim_ws/install/movit_robot_arm_sim/share/movit_robot_arm_sim/package.zsh'
[0.472s] Level 1:colcon.colcon_core.environment:create_file_with_runtime_dependencies(/home/yuzhench/Desktop/Intership/smart_arm/arm_sim_ws/install/movit_robot_arm_sim/share/colcon-core/packages/movit_robot_arm_sim)
[0.472s] Level 1:colcon.colcon_core.environment:create_environment_scripts_only(movit_robot_arm_sim)
[0.472s] Level 1:colcon.colcon_core.environment:checking '/home/yuzhench/Desktop/Intership/smart_arm/arm_sim_ws/install/movit_robot_arm_sim' for CMake module files
[0.472s] Level 1:colcon.colcon_core.environment:checking '/home/yuzhench/Desktop/Intership/smart_arm/arm_sim_ws/install/movit_robot_arm_sim' for CMake config files
[0.472s] Level 1:colcon.colcon_core.shell:create_environment_hook('movit_robot_arm_sim', 'cmake_prefix_path')
[0.473s] INFO:colcon.colcon_core.shell:Creating environment hook '/home/yuzhench/Desktop/Intership/smart_arm/arm_sim_ws/install/movit_robot_arm_sim/share/movit_robot_arm_sim/hook/cmake_prefix_path.ps1'
[0.473s] INFO:colcon.colcon_core.shell:Creating environment descriptor '/home/yuzhench/Desktop/Intership/smart_arm/arm_sim_ws/install/movit_robot_arm_sim/share/movit_robot_arm_sim/hook/cmake_prefix_path.dsv'
[0.473s] INFO:colcon.colcon_core.shell:Creating environment hook '/home/yuzhench/Desktop/Intership/smart_arm/arm_sim_ws/install/movit_robot_arm_sim/share/movit_robot_arm_sim/hook/cmake_prefix_path.sh'
[0.473s] Level 1:colcon.colcon_core.environment:checking '/home/yuzhench/Desktop/Intership/smart_arm/arm_sim_ws/install/movit_robot_arm_sim/bin'
[0.473s] Level 1:colcon.colcon_core.environment:checking '/home/yuzhench/Desktop/Intership/smart_arm/arm_sim_ws/install/movit_robot_arm_sim/lib/pkgconfig/movit_robot_arm_sim.pc'
[0.473s] Level 1:colcon.colcon_core.environment:checking '/home/yuzhench/Desktop/Intership/smart_arm/arm_sim_ws/install/movit_robot_arm_sim/lib/python3.10/site-packages'
[0.473s] Level 1:colcon.colcon_core.environment:checking '/home/yuzhench/Desktop/Intership/smart_arm/arm_sim_ws/install/movit_robot_arm_sim/bin'
[0.474s] INFO:colcon.colcon_core.shell:Creating package script '/home/yuzhench/Desktop/Intership/smart_arm/arm_sim_ws/install/movit_robot_arm_sim/share/movit_robot_arm_sim/package.ps1'
[0.474s] INFO:colcon.colcon_core.shell:Creating package descriptor '/home/yuzhench/Desktop/Intership/smart_arm/arm_sim_ws/install/movit_robot_arm_sim/share/movit_robot_arm_sim/package.dsv'
[0.474s] INFO:colcon.colcon_core.shell:Creating package script '/home/yuzhench/Desktop/Intership/smart_arm/arm_sim_ws/install/movit_robot_arm_sim/share/movit_robot_arm_sim/package.sh'
[0.474s] INFO:colcon.colcon_core.shell:Creating package script '/home/yuzhench/Desktop/Intership/smart_arm/arm_sim_ws/install/movit_robot_arm_sim/share/movit_robot_arm_sim/package.bash'
[0.475s] INFO:colcon.colcon_core.shell:Creating package script '/home/yuzhench/Desktop/Intership/smart_arm/arm_sim_ws/install/movit_robot_arm_sim/share/movit_robot_arm_sim/package.zsh'
[0.475s] Level 1:colcon.colcon_core.environment:create_file_with_runtime_dependencies(/home/yuzhench/Desktop/Intership/smart_arm/arm_sim_ws/install/movit_robot_arm_sim/share/colcon-core/packages/movit_robot_arm_sim)
[0.475s] INFO:colcon.colcon_ros.task.ament_cmake.build:Building ROS package in '/home/yuzhench/Desktop/Intership/smart_arm/arm_sim_ws/src/traj_demo' with build type 'ament_cmake'
[0.475s] INFO:colcon.colcon_cmake.task.cmake.build:Building CMake package in '/home/yuzhench/Desktop/Intership/smart_arm/arm_sim_ws/src/traj_demo'
[0.475s] INFO:colcon.colcon_core.shell:Skip shell extension 'powershell' for command environment: Not usable outside of PowerShell
[0.475s] DEBUG:colcon.colcon_core.shell:Skip shell extension 'dsv' for command environment
[0.484s] DEBUG:colcon.colcon_core.event_handler.log_command:Invoking command in '/home/yuzhench/Desktop/Intership/smart_arm/arm_sim_ws/build/traj_demo': CMAKE_PREFIX_PATH=/home/yuzhench/Desktop/Intership/smart_arm/arm_sim_ws/install/movit_robot_arm_sim:/home/yuzhench/Desktop/Intership/smart_arm/arm_sim_ws/install/arm_sim_pkg:/home/yuzhench/Desktop/Intership/smart_arm/arm_sim_ws/install/traj_demo:/home/yuzhench/Desktop/Intership/smart_arm/arm_sim_ws/install/ros2_control_demo_example_7:/home/yuzhench/Desktop/Intership/smart_arm/arm_sim_ws/install/robot_bringup:/opt/ros/humble LD_LIBRARY_PATH=/home/yuzhench/Desktop/Intership/smart_arm/arm_sim_ws/install/arm_sim_pkg/lib:/home/yuzhench/Desktop/Intership/smart_arm/arm_sim_ws/install/ros2_control_demo_example_7/lib:/opt/ros/humble/opt/rviz_ogre_vendor/lib:/opt/ros/humble/lib/x86_64-linux-gnu:/opt/ros/humble/lib /usr/bin/cmake --build /home/yuzhench/Desktop/Intership/smart_arm/arm_sim_ws/build/traj_demo -- -j16 -l16
[0.591s] DEBUG:colcon.colcon_core.event_handler.log_command:Invoking command in '/home/yuzhench/Desktop/Intership/smart_arm/arm_sim_ws/build/robot_bringup': PYTHONPATH=/home/yuzhench/Desktop/Intership/smart_arm/arm_sim_ws/build/robot_bringup/prefix_override:/usr/lib/python3/dist-packages/colcon_core/task/python/colcon_distutils_commands:/home/yuzhench/Desktop/Intership/smart_arm/arm_sim_ws/install/robot_bringup/lib/python3.10/site-packages:${PYTHONPATH} /usr/bin/python3 -W ignore:setup.py install is deprecated -W ignore:easy_install command is deprecated setup.py develop --editable --build-directory /home/yuzhench/Desktop/Intership/smart_arm/arm_sim_ws/build/robot_bringup/build --no-deps symlink_data
[0.837s] Level 1:colcon.colcon_core.shell:create_environment_hook('robot_bringup', 'pythonpath_develop')
[0.837s] INFO:colcon.colcon_core.shell:Creating environment hook '/home/yuzhench/Desktop/Intership/smart_arm/arm_sim_ws/build/robot_bringup/share/robot_bringup/hook/pythonpath_develop.ps1'
[0.838s] DEBUG:colcon.colcon_core.event_handler.log_command:Invoked command in '/home/yuzhench/Desktop/Intership/smart_arm/arm_sim_ws/build/robot_bringup' returned '0': PYTHONPATH=/home/yuzhench/Desktop/Intership/smart_arm/arm_sim_ws/build/robot_bringup/prefix_override:/usr/lib/python3/dist-packages/colcon_core/task/python/colcon_distutils_commands:/home/yuzhench/Desktop/Intership/smart_arm/arm_sim_ws/install/robot_bringup/lib/python3.10/site-packages:${PYTHONPATH} /usr/bin/python3 -W ignore:setup.py install is deprecated -W ignore:easy_install command is deprecated setup.py develop --editable --build-directory /home/yuzhench/Desktop/Intership/smart_arm/arm_sim_ws/build/robot_bringup/build --no-deps symlink_data
[0.839s] INFO:colcon.colcon_core.shell:Creating environment descriptor '/home/yuzhench/Desktop/Intership/smart_arm/arm_sim_ws/build/robot_bringup/share/robot_bringup/hook/pythonpath_develop.dsv'
[0.839s] INFO:colcon.colcon_core.shell:Creating environment hook '/home/yuzhench/Desktop/Intership/smart_arm/arm_sim_ws/build/robot_bringup/share/robot_bringup/hook/pythonpath_develop.sh'
[0.840s] Level 1:colcon.colcon_core.environment:checking '/home/yuzhench/Desktop/Intership/smart_arm/arm_sim_ws/install/robot_bringup' for CMake module files
[0.840s] Level 1:colcon.colcon_core.environment:checking '/home/yuzhench/Desktop/Intership/smart_arm/arm_sim_ws/install/robot_bringup' for CMake config files
[0.841s] Level 1:colcon.colcon_core.environment:checking '/home/yuzhench/Desktop/Intership/smart_arm/arm_sim_ws/install/robot_bringup/lib'
[0.841s] Level 1:colcon.colcon_core.environment:checking '/home/yuzhench/Desktop/Intership/smart_arm/arm_sim_ws/install/robot_bringup/bin'
[0.841s] Level 1:colcon.colcon_core.environment:checking '/home/yuzhench/Desktop/Intership/smart_arm/arm_sim_ws/install/robot_bringup/lib/pkgconfig/robot_bringup.pc'
[0.841s] Level 1:colcon.colcon_core.environment:checking '/home/yuzhench/Desktop/Intership/smart_arm/arm_sim_ws/install/robot_bringup/lib/python3.10/site-packages'
[0.841s] Level 1:colcon.colcon_core.shell:create_environment_hook('robot_bringup', 'pythonpath')
[0.842s] INFO:colcon.colcon_core.shell:Creating environment hook '/home/yuzhench/Desktop/Intership/smart_arm/arm_sim_ws/install/robot_bringup/share/robot_bringup/hook/pythonpath.ps1'
[0.842s] INFO:colcon.colcon_core.shell:Creating environment descriptor '/home/yuzhench/Desktop/Intership/smart_arm/arm_sim_ws/install/robot_bringup/share/robot_bringup/hook/pythonpath.dsv'
[0.842s] INFO:colcon.colcon_core.shell:Creating environment hook '/home/yuzhench/Desktop/Intership/smart_arm/arm_sim_ws/install/robot_bringup/share/robot_bringup/hook/pythonpath.sh'
[0.843s] Level 1:colcon.colcon_core.environment:checking '/home/yuzhench/Desktop/Intership/smart_arm/arm_sim_ws/install/robot_bringup/bin'
[0.843s] Level 1:colcon.colcon_core.environment:create_environment_scripts_only(robot_bringup)
[0.843s] INFO:colcon.colcon_core.shell:Creating package script '/home/yuzhench/Desktop/Intership/smart_arm/arm_sim_ws/install/robot_bringup/share/robot_bringup/package.ps1'
[0.844s] INFO:colcon.colcon_core.shell:Creating package descriptor '/home/yuzhench/Desktop/Intership/smart_arm/arm_sim_ws/install/robot_bringup/share/robot_bringup/package.dsv'
[0.844s] INFO:colcon.colcon_core.shell:Creating package script '/home/yuzhench/Desktop/Intership/smart_arm/arm_sim_ws/install/robot_bringup/share/robot_bringup/package.sh'
[0.844s] INFO:colcon.colcon_core.shell:Creating package script '/home/yuzhench/Desktop/Intership/smart_arm/arm_sim_ws/install/robot_bringup/share/robot_bringup/package.bash'
[0.844s] INFO:colcon.colcon_core.shell:Creating package script '/home/yuzhench/Desktop/Intership/smart_arm/arm_sim_ws/install/robot_bringup/share/robot_bringup/package.zsh'
[0.844s] Level 1:colcon.colcon_core.environment:create_file_with_runtime_dependencies(/home/yuzhench/Desktop/Intership/smart_arm/arm_sim_ws/install/robot_bringup/share/colcon-core/packages/robot_bringup)
[5.334s] DEBUG:colcon.colcon_core.event_handler.log_command:Invoked command in '/home/yuzhench/Desktop/Intership/smart_arm/arm_sim_ws/build/traj_demo' returned '2': CMAKE_PREFIX_PATH=/home/yuzhench/Desktop/Intership/smart_arm/arm_sim_ws/install/movit_robot_arm_sim:/home/yuzhench/Desktop/Intership/smart_arm/arm_sim_ws/install/arm_sim_pkg:/home/yuzhench/Desktop/Intership/smart_arm/arm_sim_ws/install/traj_demo:/home/yuzhench/Desktop/Intership/smart_arm/arm_sim_ws/install/ros2_control_demo_example_7:/home/yuzhench/Desktop/Intership/smart_arm/arm_sim_ws/install/robot_bringup:/opt/ros/humble LD_LIBRARY_PATH=/home/yuzhench/Desktop/Intership/smart_arm/arm_sim_ws/install/arm_sim_pkg/lib:/home/yuzhench/Desktop/Intership/smart_arm/arm_sim_ws/install/ros2_control_demo_example_7/lib:/opt/ros/humble/opt/rviz_ogre_vendor/lib:/opt/ros/humble/lib/x86_64-linux-gnu:/opt/ros/humble/lib /usr/bin/cmake --build /home/yuzhench/Desktop/Intership/smart_arm/arm_sim_ws/build/traj_demo -- -j16 -l16
[5.334s] Level 1:colcon.colcon_core.environment:create_environment_scripts_only(traj_demo)
[5.335s] Level 1:colcon.colcon_core.environment:checking '/home/yuzhench/Desktop/Intership/smart_arm/arm_sim_ws/install/traj_demo' for CMake module files
[5.335s] Level 1:colcon.colcon_core.environment:checking '/home/yuzhench/Desktop/Intership/smart_arm/arm_sim_ws/install/traj_demo' for CMake config files
[5.335s] Level 1:colcon.colcon_core.shell:create_environment_hook('traj_demo', 'cmake_prefix_path')
[5.335s] INFO:colcon.colcon_core.shell:Creating environment hook '/home/yuzhench/Desktop/Intership/smart_arm/arm_sim_ws/install/traj_demo/share/traj_demo/hook/cmake_prefix_path.ps1'
[5.335s] INFO:colcon.colcon_core.shell:Creating environment descriptor '/home/yuzhench/Desktop/Intership/smart_arm/arm_sim_ws/install/traj_demo/share/traj_demo/hook/cmake_prefix_path.dsv'
[5.336s] INFO:colcon.colcon_core.shell:Creating environment hook '/home/yuzhench/Desktop/Intership/smart_arm/arm_sim_ws/install/traj_demo/share/traj_demo/hook/cmake_prefix_path.sh'
[5.336s] Level 1:colcon.colcon_core.environment:checking '/home/yuzhench/Desktop/Intership/smart_arm/arm_sim_ws/install/traj_demo/lib'
[5.336s] Level 1:colcon.colcon_core.environment:checking '/home/yuzhench/Desktop/Intership/smart_arm/arm_sim_ws/install/traj_demo/bin'
[5.336s] Level 1:colcon.colcon_core.environment:checking '/home/yuzhench/Desktop/Intership/smart_arm/arm_sim_ws/install/traj_demo/lib/pkgconfig/traj_demo.pc'
[5.336s] Level 1:colcon.colcon_core.environment:checking '/home/yuzhench/Desktop/Intership/smart_arm/arm_sim_ws/install/traj_demo/lib/python3.10/site-packages'
[5.336s] Level 1:colcon.colcon_core.environment:checking '/home/yuzhench/Desktop/Intership/smart_arm/arm_sim_ws/install/traj_demo/bin'
[5.336s] INFO:colcon.colcon_core.shell:Creating package script '/home/yuzhench/Desktop/Intership/smart_arm/arm_sim_ws/install/traj_demo/share/traj_demo/package.ps1'
[5.337s] INFO:colcon.colcon_core.shell:Creating package descriptor '/home/yuzhench/Desktop/Intership/smart_arm/arm_sim_ws/install/traj_demo/share/traj_demo/package.dsv'
[5.337s] INFO:colcon.colcon_core.shell:Creating package script '/home/yuzhench/Desktop/Intership/smart_arm/arm_sim_ws/install/traj_demo/share/traj_demo/package.sh'
[5.337s] INFO:colcon.colcon_core.shell:Creating package script '/home/yuzhench/Desktop/Intership/smart_arm/arm_sim_ws/install/traj_demo/share/traj_demo/package.bash'
[5.337s] INFO:colcon.colcon_core.shell:Creating package script '/home/yuzhench/Desktop/Intership/smart_arm/arm_sim_ws/install/traj_demo/share/traj_demo/package.zsh'
[5.338s] Level 1:colcon.colcon_core.environment:create_file_with_runtime_dependencies(/home/yuzhench/Desktop/Intership/smart_arm/arm_sim_ws/install/traj_demo/share/colcon-core/packages/traj_demo)
[5.348s] DEBUG:colcon.colcon_parallel_executor.executor.parallel:closing loop
[5.348s] DEBUG:colcon.colcon_parallel_executor.executor.parallel:loop closed
[5.348s] DEBUG:colcon.colcon_parallel_executor.executor.parallel:run_until_complete finished with '2'
[5.348s] DEBUG:colcon.colcon_core.event_reactor:joining thread
[5.353s] INFO:colcon.colcon_core.plugin_system:Skipping extension 'colcon_notification.desktop_notification.terminal_notifier': Not used on non-Darwin systems
[5.353s] INFO:colcon.colcon_core.plugin_system:Skipping extension 'colcon_notification.desktop_notification.win32': Not used on non-Windows systems
[5.353s] INFO:colcon.colcon_notification.desktop_notification:Sending desktop notification using 'notify2'
[5.370s] DEBUG:colcon.colcon_core.event_reactor:joined thread
[5.371s] INFO:colcon.colcon_core.shell:Creating prefix script '/home/yuzhench/Desktop/Intership/smart_arm/arm_sim_ws/install/local_setup.ps1'
[5.372s] INFO:colcon.colcon_core.shell:Creating prefix util module '/home/yuzhench/Desktop/Intership/smart_arm/arm_sim_ws/install/_local_setup_util_ps1.py'
[5.372s] INFO:colcon.colcon_core.shell:Creating prefix chain script '/home/yuzhench/Desktop/Intership/smart_arm/arm_sim_ws/install/setup.ps1'
[5.373s] INFO:colcon.colcon_core.shell:Creating prefix script '/home/yuzhench/Desktop/Intership/smart_arm/arm_sim_ws/install/local_setup.sh'
[5.373s] INFO:colcon.colcon_core.shell:Creating prefix util module '/home/yuzhench/Desktop/Intership/smart_arm/arm_sim_ws/install/_local_setup_util_sh.py'
[5.374s] INFO:colcon.colcon_core.shell:Creating prefix chain script '/home/yuzhench/Desktop/Intership/smart_arm/arm_sim_ws/install/setup.sh'
[5.374s] INFO:colcon.colcon_core.shell:Creating prefix script '/home/yuzhench/Desktop/Intership/smart_arm/arm_sim_ws/install/local_setup.bash'
[5.374s] INFO:colcon.colcon_core.shell:Creating prefix chain script '/home/yuzhench/Desktop/Intership/smart_arm/arm_sim_ws/install/setup.bash'
[5.375s] INFO:colcon.colcon_core.shell:Creating prefix script '/home/yuzhench/Desktop/Intership/smart_arm/arm_sim_ws/install/local_setup.zsh'
[5.375s] INFO:colcon.colcon_core.shell:Creating prefix chain script '/home/yuzhench/Desktop/Intership/smart_arm/arm_sim_ws/install/setup.zsh'
