[0.154s] Invoking command in '/home/yuzhench/Desktop/Intership/smart_arm/arm_sim_ws/build/ros2_control_demo_example_7': CMAKE_PREFIX_PATH=${CMAKE_PREFIX_PATH}:/home/yuzhench/Desktop/Intership/smart_arm/arm_sim_ws/install/robot_bringup:/opt/ros/humble /usr/bin/cmake /home/yuzhench/Desktop/Intership/smart_arm/arm_sim_ws/src/example_7 -DAMENT_CMAKE_SYMLINK_INSTALL=1 -DCMAKE_INSTALL_PREFIX=/home/yuzhench/Desktop/Intership/smart_arm/arm_sim_ws/install/ros2_control_demo_example_7
[0.205s] -- The CXX compiler identification is GNU 11.4.0
[0.211s] -- Detecting CXX compiler ABI info
[0.282s] -- Detecting CXX compiler ABI info - done
[0.286s] -- Check for working CXX compiler: /usr/bin/c++ - skipped
[0.286s] -- Detecting CXX compile features
[0.287s] -- Detecting CXX compile features - done
[0.293s] -- Found ament_cmake: 1.3.12 (/opt/ros/humble/share/ament_cmake/cmake)
[0.399s] -- Found Python3: /usr/bin/python3 (found version "3.10.12") found components: Interpreter 
[0.440s] -- Override CMake install command with custom implementation using symlinks instead of copying resources
[0.528s] -- Found pluginlib: 5.1.0 (/opt/ros/humble/share/pluginlib/cmake)
[0.572s] -- Found hardware_interface: 2.51.0 (/opt/ros/humble/share/hardware_interface/cmake)
[0.607s] -- Found rosidl_generator_c: 3.1.7 (/opt/ros/humble/share/rosidl_generator_c/cmake)
[0.613s] -- Found rosidl_adapter: 3.1.7 (/opt/ros/humble/share/rosidl_adapter/cmake)
[0.624s] -- Found rosidl_generator_cpp: 3.1.7 (/opt/ros/humble/share/rosidl_generator_cpp/cmake)
[0.635s] -- Using all available rosidl_typesupport_c: rosidl_typesupport_fastrtps_c;rosidl_typesupport_introspection_c
[0.646s] -- Using all available rosidl_typesupport_cpp: rosidl_typesupport_fastrtps_cpp;rosidl_typesupport_introspection_cpp
[0.781s] -- Found rmw_implementation_cmake: 6.1.2 (/opt/ros/humble/share/rmw_implementation_cmake/cmake)
[0.785s] -- Found rmw_fastrtps_cpp: 6.2.8 (/opt/ros/humble/share/rmw_fastrtps_cpp/cmake)
[0.809s] -- Found TinyXML2 via Config file: TinyXML2_DIR-NOTFOUND
[0.872s] -- Found OpenSSL: /usr/lib/x86_64-linux-gnu/libcrypto.so (found version "3.0.2")  
[0.874s] -- Found TinyXML2 via Config file: TinyXML2_DIR-NOTFOUND
[0.886s] -- Found FastRTPS: /opt/ros/humble/include  
[0.888s] -- Found TinyXML2 via Config file: TinyXML2_DIR-NOTFOUND
[0.895s] -- Found TinyXML2 via Config file: TinyXML2_DIR-NOTFOUND
[0.906s] -- Using RMW implementation 'rmw_fastrtps_cpp' as default
[0.916s] -- Looking for C++ include pthread.h
[1.007s] -- Looking for C++ include pthread.h - found
[1.008s] -- Performing Test CMAKE_HAVE_LIBC_PTHREAD
[1.106s] -- Performing Test CMAKE_HAVE_LIBC_PTHREAD - Success
[1.106s] -- Found Threads: TRUE  
[1.144s] -- Found kdl_parser: 2.6.4 (/opt/ros/humble/share/kdl_parser/cmake)
[1.160s] -- Found eigen3_cmake_module: 0.1.1 (/opt/ros/humble/share/eigen3_cmake_module/cmake)
[1.161s] -- Found Eigen3: TRUE (found version "3.4.0") 
[1.161s] -- Ensuring Eigen3 include directory is part of orocos-kdl CMake target
[1.167s] -- Found controller_interface: 2.51.0 (/opt/ros/humble/share/controller_interface/cmake)
[1.172s] -- Found realtime_tools: 2.14.0 (/opt/ros/humble/share/realtime_tools/cmake)
[1.197s] -- Found ament_cmake_pytest: 1.3.12 (/opt/ros/humble/share/ament_cmake_pytest/cmake)
[2.129s] -- Configuring done
[2.174s] -- Generating done
[2.181s] -- Build files have been written to: /home/yuzhench/Desktop/Intership/smart_arm/arm_sim_ws/build/ros2_control_demo_example_7
[2.195s] Invoked command in '/home/yuzhench/Desktop/Intership/smart_arm/arm_sim_ws/build/ros2_control_demo_example_7' returned '0': CMAKE_PREFIX_PATH=${CMAKE_PREFIX_PATH}:/home/yuzhench/Desktop/Intership/smart_arm/arm_sim_ws/install/robot_bringup:/opt/ros/humble /usr/bin/cmake /home/yuzhench/Desktop/Intership/smart_arm/arm_sim_ws/src/example_7 -DAMENT_CMAKE_SYMLINK_INSTALL=1 -DCMAKE_INSTALL_PREFIX=/home/yuzhench/Desktop/Intership/smart_arm/arm_sim_ws/install/ros2_control_demo_example_7
[2.198s] Invoking command in '/home/yuzhench/Desktop/Intership/smart_arm/arm_sim_ws/build/ros2_control_demo_example_7': CMAKE_PREFIX_PATH=${CMAKE_PREFIX_PATH}:/home/yuzhench/Desktop/Intership/smart_arm/arm_sim_ws/install/robot_bringup:/opt/ros/humble /usr/bin/cmake --build /home/yuzhench/Desktop/Intership/smart_arm/arm_sim_ws/build/ros2_control_demo_example_7 -- -j16 -l16
[2.254s] [ 60%] [32mBuilding CXX object CMakeFiles/ros2_control_demo_example_7.dir/controller/r6bot_controller.cpp.o[0m
[2.254s] [ 60%] [32mBuilding CXX object CMakeFiles/ros2_control_demo_example_7.dir/hardware/r6bot_hardware.cpp.o[0m
[2.254s] [ 60%] [32mBuilding CXX object CMakeFiles/send_trajectory.dir/reference_generator/send_trajectory.cpp.o[0m
[6.048s] [ 80%] [32m[1mLinking CXX executable send_trajectory[0m
[6.197s] [ 80%] Built target send_trajectory
[8.224s] [100%] [32m[1mLinking CXX shared library libros2_control_demo_example_7.so[0m
[8.562s] [100%] Built target ros2_control_demo_example_7
[8.573s] Invoked command in '/home/yuzhench/Desktop/Intership/smart_arm/arm_sim_ws/build/ros2_control_demo_example_7' returned '0': CMAKE_PREFIX_PATH=${CMAKE_PREFIX_PATH}:/home/yuzhench/Desktop/Intership/smart_arm/arm_sim_ws/install/robot_bringup:/opt/ros/humble /usr/bin/cmake --build /home/yuzhench/Desktop/Intership/smart_arm/arm_sim_ws/build/ros2_control_demo_example_7 -- -j16 -l16
[8.575s] Invoking command in '/home/yuzhench/Desktop/Intership/smart_arm/arm_sim_ws/build/ros2_control_demo_example_7': CMAKE_PREFIX_PATH=${CMAKE_PREFIX_PATH}:/home/yuzhench/Desktop/Intership/smart_arm/arm_sim_ws/install/robot_bringup:/opt/ros/humble /usr/bin/cmake --install /home/yuzhench/Desktop/Intership/smart_arm/arm_sim_ws/build/ros2_control_demo_example_7
[8.582s] -- Install configuration: ""
[8.583s] -- Execute custom install script
[8.583s] -- Symlinking: /home/yuzhench/Desktop/Intership/smart_arm/arm_sim_ws/install/ros2_control_demo_example_7/share/ros2_control_demo_example_7//ros2_control_demo_example_7.xml
[8.592s] -- Up-to-date symlink: /home/yuzhench/Desktop/Intership/smart_arm/arm_sim_ws/install/ros2_control_demo_example_7/share/ros2_control_demo_example_7//ros2_control_demo_example_7.xml
[8.593s] -- Symlinking: /home/yuzhench/Desktop/Intership/smart_arm/arm_sim_ws/install/ros2_control_demo_example_7/include/ros2_control_demo_example_7/ros2_control_demo_example_7/r6bot_hardware.hpp
[8.603s] -- Symlinking: /home/yuzhench/Desktop/Intership/smart_arm/arm_sim_ws/install/ros2_control_demo_example_7/share/ros2_control_demo_example_7/launch/view_r6bot.launch.py
[8.612s] -- Symlinking: /home/yuzhench/Desktop/Intership/smart_arm/arm_sim_ws/install/ros2_control_demo_example_7/share/ros2_control_demo_example_7/ros2_control/r6bot.ros2_control.xacro
[8.622s] -- Symlinking: /home/yuzhench/Desktop/Intership/smart_arm/arm_sim_ws/install/ros2_control_demo_example_7/share/ros2_control_demo_example_7/urdf/r6bot.urdf.xacro
[8.631s] -- Symlinking: /home/yuzhench/Desktop/Intership/smart_arm/arm_sim_ws/install/ros2_control_demo_example_7/share/ros2_control_demo_example_7/launch/r6bot_controller.launch.py
[8.641s] -- Symlinking: /home/yuzhench/Desktop/Intership/smart_arm/arm_sim_ws/install/ros2_control_demo_example_7/share/ros2_control_demo_example_7/launch/send_trajectory.launch.py
[8.650s] -- Symlinking: /home/yuzhench/Desktop/Intership/smart_arm/arm_sim_ws/install/ros2_control_demo_example_7/share/ros2_control_demo_example_7/config/r6bot_controller.yaml
[8.659s] -- Symlinking: /home/yuzhench/Desktop/Intership/smart_arm/arm_sim_ws/install/ros2_control_demo_example_7/lib/ros2_control_demo_example_7/send_trajectory
[8.667s] -- Symlinking: /home/yuzhench/Desktop/Intership/smart_arm/arm_sim_ws/install/ros2_control_demo_example_7/share/ros2_control_demo_example_7/environment/library_path.sh
[8.677s] -- Symlinking: /home/yuzhench/Desktop/Intership/smart_arm/arm_sim_ws/install/ros2_control_demo_example_7/share/ros2_control_demo_example_7/environment/library_path.dsv
[8.687s] -- Symlinking: /home/yuzhench/Desktop/Intership/smart_arm/arm_sim_ws/install/ros2_control_demo_example_7/share/ament_index/resource_index/package_run_dependencies/ros2_control_demo_example_7
[8.696s] -- Symlinking: /home/yuzhench/Desktop/Intership/smart_arm/arm_sim_ws/install/ros2_control_demo_example_7/share/ament_index/resource_index/parent_prefix_path/ros2_control_demo_example_7
[8.707s] -- Symlinking: /home/yuzhench/Desktop/Intership/smart_arm/arm_sim_ws/install/ros2_control_demo_example_7/share/ros2_control_demo_example_7/environment/ament_prefix_path.sh
[8.715s] -- Symlinking: /home/yuzhench/Desktop/Intership/smart_arm/arm_sim_ws/install/ros2_control_demo_example_7/share/ros2_control_demo_example_7/environment/ament_prefix_path.dsv
[8.723s] -- Symlinking: /home/yuzhench/Desktop/Intership/smart_arm/arm_sim_ws/install/ros2_control_demo_example_7/share/ros2_control_demo_example_7/environment/path.sh
[8.732s] -- Symlinking: /home/yuzhench/Desktop/Intership/smart_arm/arm_sim_ws/install/ros2_control_demo_example_7/share/ros2_control_demo_example_7/environment/path.dsv
[8.740s] -- Symlinking: /home/yuzhench/Desktop/Intership/smart_arm/arm_sim_ws/install/ros2_control_demo_example_7/share/ros2_control_demo_example_7/local_setup.bash
[8.751s] -- Symlinking: /home/yuzhench/Desktop/Intership/smart_arm/arm_sim_ws/install/ros2_control_demo_example_7/share/ros2_control_demo_example_7/local_setup.sh
[8.761s] -- Symlinking: /home/yuzhench/Desktop/Intership/smart_arm/arm_sim_ws/install/ros2_control_demo_example_7/share/ros2_control_demo_example_7/local_setup.zsh
[8.770s] -- Symlinking: /home/yuzhench/Desktop/Intership/smart_arm/arm_sim_ws/install/ros2_control_demo_example_7/share/ros2_control_demo_example_7/local_setup.dsv
[8.778s] -- Symlinking: /home/yuzhench/Desktop/Intership/smart_arm/arm_sim_ws/install/ros2_control_demo_example_7/share/ros2_control_demo_example_7/package.dsv
[8.789s] -- Symlinking: /home/yuzhench/Desktop/Intership/smart_arm/arm_sim_ws/install/ros2_control_demo_example_7/share/ament_index/resource_index/packages/ros2_control_demo_example_7
[8.799s] -- Symlinking: /home/yuzhench/Desktop/Intership/smart_arm/arm_sim_ws/install/ros2_control_demo_example_7/share/ament_index/resource_index/hardware_interface__pluginlib__plugin/ros2_control_demo_example_7
[8.808s] -- Symlinking: /home/yuzhench/Desktop/Intership/smart_arm/arm_sim_ws/install/ros2_control_demo_example_7/share/ament_index/resource_index/controller_interface__pluginlib__plugin/ros2_control_demo_example_7
[8.819s] -- Symlinking: /home/yuzhench/Desktop/Intership/smart_arm/arm_sim_ws/install/ros2_control_demo_example_7/share/ros2_control_demo_example_7/cmake/ament_cmake_export_targets-extras.cmake
[8.828s] -- Symlinking: /home/yuzhench/Desktop/Intership/smart_arm/arm_sim_ws/install/ros2_control_demo_example_7/share/ros2_control_demo_example_7/cmake/ament_cmake_export_dependencies-extras.cmake
[8.837s] -- Symlinking: /home/yuzhench/Desktop/Intership/smart_arm/arm_sim_ws/install/ros2_control_demo_example_7/share/ros2_control_demo_example_7/cmake/ros2_control_demo_example_7Config.cmake
[8.847s] -- Symlinking: /home/yuzhench/Desktop/Intership/smart_arm/arm_sim_ws/install/ros2_control_demo_example_7/share/ros2_control_demo_example_7/cmake/ros2_control_demo_example_7Config-version.cmake
[8.857s] -- Symlinking: /home/yuzhench/Desktop/Intership/smart_arm/arm_sim_ws/install/ros2_control_demo_example_7/share/ros2_control_demo_example_7/package.xml
[8.866s] -- Installing: /home/yuzhench/Desktop/Intership/smart_arm/arm_sim_ws/install/ros2_control_demo_example_7/lib/libros2_control_demo_example_7.so
[8.871s] -- Set runtime path of "/home/yuzhench/Desktop/Intership/smart_arm/arm_sim_ws/install/ros2_control_demo_example_7/lib/libros2_control_demo_example_7.so" to ""
[8.872s] -- Installing: /home/yuzhench/Desktop/Intership/smart_arm/arm_sim_ws/install/ros2_control_demo_example_7/share/ros2_control_demo_example_7/cmake/export_ros2_control_demo_example_7Export.cmake
[8.872s] -- Installing: /home/yuzhench/Desktop/Intership/smart_arm/arm_sim_ws/install/ros2_control_demo_example_7/share/ros2_control_demo_example_7/cmake/export_ros2_control_demo_example_7Export-noconfig.cmake
[8.874s] Invoked command in '/home/yuzhench/Desktop/Intership/smart_arm/arm_sim_ws/build/ros2_control_demo_example_7' returned '0': CMAKE_PREFIX_PATH=${CMAKE_PREFIX_PATH}:/home/yuzhench/Desktop/Intership/smart_arm/arm_sim_ws/install/robot_bringup:/opt/ros/humble /usr/bin/cmake --install /home/yuzhench/Desktop/Intership/smart_arm/arm_sim_ws/build/ros2_control_demo_example_7
