[0.062s] DEBUG:colcon:Command line arguments: ['/usr/bin/colcon', 'build', '--symlink-install']
[0.062s] DEBUG:colcon:Parsed command line arguments: Namespace(log_base=None, log_level=None, verb_name='build', build_base='build', install_base='install', merge_install=False, symlink_install=True, test_result_base=None, continue_on_error=False, executor='parallel', parallel_workers=16, event_handlers=None, ignore_user_meta=False, metas=['./colcon.meta'], base_paths=['.'], packages_ignore=None, packages_ignore_regex=None, paths=None, packages_up_to=None, packages_up_to_regex=None, packages_above=None, packages_above_and_dependencies=None, packages_above_depth=None, packages_select_by_dep=None, packages_skip_by_dep=None, packages_skip_up_to=None, packages_select_build_failed=False, packages_skip_build_finished=False, packages_select_test_failures=False, packages_skip_test_passed=False, packages_select=None, packages_skip=None, packages_select_regex=None, packages_skip_regex=None, packages_start=None, packages_end=None, allow_overriding=[], cmake_args=None, cmake_target=None, cmake_target_skip_unavailable=False, cmake_clean_cache=False, cmake_clean_first=False, cmake_force_configure=False, ament_cmake_args=None, catkin_cmake_args=None, catkin_skip_building_tests=False, mixin_files=None, mixin=None, verb_parser=<colcon_mixin.mixin.mixin_argument.MixinArgumentDecorator object at 0x7dfb8bc5f130>, verb_extension=<colcon_core.verb.build.BuildVerb object at 0x7dfb8bc20ac0>, main=<bound method BuildVerb.main of <colcon_core.verb.build.BuildVerb object at 0x7dfb8bc20ac0>>, mixin_verb=('build',))
[0.159s] Level 1:colcon.colcon_core.package_discovery:discover_packages(colcon_meta) check parameters
[0.159s] Level 1:colcon.colcon_core.package_discovery:discover_packages(recursive) check parameters
[0.159s] Level 1:colcon.colcon_core.package_discovery:discover_packages(ignore) check parameters
[0.159s] Level 1:colcon.colcon_core.package_discovery:discover_packages(path) check parameters
[0.159s] Level 1:colcon.colcon_core.package_discovery:discover_packages(colcon_meta) discover
[0.160s] Level 1:colcon.colcon_core.package_discovery:discover_packages(recursive) discover
[0.160s] INFO:colcon.colcon_core.package_discovery:Crawling recursively for packages in '/home/yuzhench/Desktop/Intership/smart_arm/arm_sim_ws'
[0.160s] Level 1:colcon.colcon_core.package_identification:_identify(.) by extensions ['ignore', 'ignore_ament_install']
[0.160s] Level 1:colcon.colcon_core.package_identification:_identify(.) by extension 'ignore'
[0.160s] Level 1:colcon.colcon_core.package_identification:_identify(.) by extension 'ignore_ament_install'
[0.160s] Level 1:colcon.colcon_core.package_identification:_identify(.) by extensions ['colcon_pkg']
[0.160s] Level 1:colcon.colcon_core.package_identification:_identify(.) by extension 'colcon_pkg'
[0.160s] Level 1:colcon.colcon_core.package_identification:_identify(.) by extensions ['colcon_meta']
[0.160s] Level 1:colcon.colcon_core.package_identification:_identify(.) by extension 'colcon_meta'
[0.160s] Level 1:colcon.colcon_core.package_identification:_identify(.) by extensions ['ros']
[0.160s] Level 1:colcon.colcon_core.package_identification:_identify(.) by extension 'ros'
[0.167s] Level 1:colcon.colcon_core.package_identification:_identify(.) by extensions ['cmake', 'python']
[0.167s] Level 1:colcon.colcon_core.package_identification:_identify(.) by extension 'cmake'
[0.167s] Level 1:colcon.colcon_core.package_identification:_identify(.) by extension 'python'
[0.167s] Level 1:colcon.colcon_core.package_identification:_identify(.) by extensions ['python_setup_py']
[0.167s] Level 1:colcon.colcon_core.package_identification:_identify(.) by extension 'python_setup_py'
[0.167s] Level 1:colcon.colcon_core.package_identification:_identify(build) by extensions ['ignore', 'ignore_ament_install']
[0.167s] Level 1:colcon.colcon_core.package_identification:_identify(build) by extension 'ignore'
[0.167s] Level 1:colcon.colcon_core.package_identification:_identify(build) ignored
[0.167s] Level 1:colcon.colcon_core.package_identification:_identify(install) by extensions ['ignore', 'ignore_ament_install']
[0.167s] Level 1:colcon.colcon_core.package_identification:_identify(install) by extension 'ignore'
[0.167s] Level 1:colcon.colcon_core.package_identification:_identify(install) ignored
[0.167s] Level 1:colcon.colcon_core.package_identification:_identify(log) by extensions ['ignore', 'ignore_ament_install']
[0.167s] Level 1:colcon.colcon_core.package_identification:_identify(log) by extension 'ignore'
[0.167s] Level 1:colcon.colcon_core.package_identification:_identify(log) ignored
[0.167s] Level 1:colcon.colcon_core.package_identification:_identify(src) by extensions ['ignore', 'ignore_ament_install']
[0.167s] Level 1:colcon.colcon_core.package_identification:_identify(src) by extension 'ignore'
[0.167s] Level 1:colcon.colcon_core.package_identification:_identify(src) by extension 'ignore_ament_install'
[0.167s] Level 1:colcon.colcon_core.package_identification:_identify(src) by extensions ['colcon_pkg']
[0.167s] Level 1:colcon.colcon_core.package_identification:_identify(src) by extension 'colcon_pkg'
[0.167s] Level 1:colcon.colcon_core.package_identification:_identify(src) by extensions ['colcon_meta']
[0.167s] Level 1:colcon.colcon_core.package_identification:_identify(src) by extension 'colcon_meta'
[0.167s] Level 1:colcon.colcon_core.package_identification:_identify(src) by extensions ['ros']
[0.167s] Level 1:colcon.colcon_core.package_identification:_identify(src) by extension 'ros'
[0.167s] Level 1:colcon.colcon_core.package_identification:_identify(src) by extensions ['cmake', 'python']
[0.167s] Level 1:colcon.colcon_core.package_identification:_identify(src) by extension 'cmake'
[0.167s] Level 1:colcon.colcon_core.package_identification:_identify(src) by extension 'python'
[0.167s] Level 1:colcon.colcon_core.package_identification:_identify(src) by extensions ['python_setup_py']
[0.167s] Level 1:colcon.colcon_core.package_identification:_identify(src) by extension 'python_setup_py'
[0.167s] Level 1:colcon.colcon_core.package_identification:_identify(src/arm_sim_pkg) by extensions ['ignore', 'ignore_ament_install']
[0.167s] Level 1:colcon.colcon_core.package_identification:_identify(src/arm_sim_pkg) by extension 'ignore'
[0.167s] Level 1:colcon.colcon_core.package_identification:_identify(src/arm_sim_pkg) by extension 'ignore_ament_install'
[0.168s] Level 1:colcon.colcon_core.package_identification:_identify(src/arm_sim_pkg) by extensions ['colcon_pkg']
[0.168s] Level 1:colcon.colcon_core.package_identification:_identify(src/arm_sim_pkg) by extension 'colcon_pkg'
[0.168s] Level 1:colcon.colcon_core.package_identification:_identify(src/arm_sim_pkg) by extensions ['colcon_meta']
[0.168s] Level 1:colcon.colcon_core.package_identification:_identify(src/arm_sim_pkg) by extension 'colcon_meta'
[0.168s] Level 1:colcon.colcon_core.package_identification:_identify(src/arm_sim_pkg) by extensions ['ros']
[0.168s] Level 1:colcon.colcon_core.package_identification:_identify(src/arm_sim_pkg) by extension 'ros'
[0.170s] DEBUG:colcon.colcon_core.package_identification:Package 'src/arm_sim_pkg' with type 'ros.ament_cmake' and name 'arm_sim_pkg'
[0.170s] Level 1:colcon.colcon_core.package_identification:_identify(src/build) by extensions ['ignore', 'ignore_ament_install']
[0.170s] Level 1:colcon.colcon_core.package_identification:_identify(src/build) by extension 'ignore'
[0.170s] Level 1:colcon.colcon_core.package_identification:_identify(src/build) ignored
[0.170s] Level 1:colcon.colcon_core.package_identification:_identify(src/example_7) by extensions ['ignore', 'ignore_ament_install']
[0.170s] Level 1:colcon.colcon_core.package_identification:_identify(src/example_7) by extension 'ignore'
[0.170s] Level 1:colcon.colcon_core.package_identification:_identify(src/example_7) by extension 'ignore_ament_install'
[0.171s] Level 1:colcon.colcon_core.package_identification:_identify(src/example_7) by extensions ['colcon_pkg']
[0.171s] Level 1:colcon.colcon_core.package_identification:_identify(src/example_7) by extension 'colcon_pkg'
[0.171s] Level 1:colcon.colcon_core.package_identification:_identify(src/example_7) by extensions ['colcon_meta']
[0.171s] Level 1:colcon.colcon_core.package_identification:_identify(src/example_7) by extension 'colcon_meta'
[0.171s] Level 1:colcon.colcon_core.package_identification:_identify(src/example_7) by extensions ['ros']
[0.171s] Level 1:colcon.colcon_core.package_identification:_identify(src/example_7) by extension 'ros'
[0.171s] DEBUG:colcon.colcon_core.package_identification:Package 'src/example_7' with type 'ros.ament_cmake' and name 'ros2_control_demo_example_7'
[0.171s] Level 1:colcon.colcon_core.package_identification:_identify(src/install) by extensions ['ignore', 'ignore_ament_install']
[0.171s] Level 1:colcon.colcon_core.package_identification:_identify(src/install) by extension 'ignore'
[0.171s] Level 1:colcon.colcon_core.package_identification:_identify(src/install) ignored
[0.172s] Level 1:colcon.colcon_core.package_identification:_identify(src/log) by extensions ['ignore', 'ignore_ament_install']
[0.172s] Level 1:colcon.colcon_core.package_identification:_identify(src/log) by extension 'ignore'
[0.172s] Level 1:colcon.colcon_core.package_identification:_identify(src/log) ignored
[0.172s] Level 1:colcon.colcon_core.package_identification:_identify(src/movit_robot_arm_sim) by extensions ['ignore', 'ignore_ament_install']
[0.172s] Level 1:colcon.colcon_core.package_identification:_identify(src/movit_robot_arm_sim) by extension 'ignore'
[0.172s] Level 1:colcon.colcon_core.package_identification:_identify(src/movit_robot_arm_sim) by extension 'ignore_ament_install'
[0.172s] Level 1:colcon.colcon_core.package_identification:_identify(src/movit_robot_arm_sim) by extensions ['colcon_pkg']
[0.172s] Level 1:colcon.colcon_core.package_identification:_identify(src/movit_robot_arm_sim) by extension 'colcon_pkg'
[0.172s] Level 1:colcon.colcon_core.package_identification:_identify(src/movit_robot_arm_sim) by extensions ['colcon_meta']
[0.172s] Level 1:colcon.colcon_core.package_identification:_identify(src/movit_robot_arm_sim) by extension 'colcon_meta'
[0.172s] Level 1:colcon.colcon_core.package_identification:_identify(src/movit_robot_arm_sim) by extensions ['ros']
[0.172s] Level 1:colcon.colcon_core.package_identification:_identify(src/movit_robot_arm_sim) by extension 'ros'
[0.179s] DEBUG:colcon.colcon_core.package_identification:Package 'src/movit_robot_arm_sim' with type 'ros.ament_cmake' and name 'movit_robot_arm_sim'
[0.180s] Level 1:colcon.colcon_core.package_identification:_identify(src/my_arm_moveit_config) by extensions ['ignore', 'ignore_ament_install']
[0.180s] Level 1:colcon.colcon_core.package_identification:_identify(src/my_arm_moveit_config) by extension 'ignore'
[0.180s] Level 1:colcon.colcon_core.package_identification:_identify(src/my_arm_moveit_config) by extension 'ignore_ament_install'
[0.180s] Level 1:colcon.colcon_core.package_identification:_identify(src/my_arm_moveit_config) by extensions ['colcon_pkg']
[0.180s] Level 1:colcon.colcon_core.package_identification:_identify(src/my_arm_moveit_config) by extension 'colcon_pkg'
[0.180s] Level 1:colcon.colcon_core.package_identification:_identify(src/my_arm_moveit_config) by extensions ['colcon_meta']
[0.180s] Level 1:colcon.colcon_core.package_identification:_identify(src/my_arm_moveit_config) by extension 'colcon_meta'
[0.180s] Level 1:colcon.colcon_core.package_identification:_identify(src/my_arm_moveit_config) by extensions ['ros']
[0.180s] Level 1:colcon.colcon_core.package_identification:_identify(src/my_arm_moveit_config) by extension 'ros'
[0.180s] DEBUG:colcon.colcon_core.package_identification:Package 'src/my_arm_moveit_config' with type 'ros.ament_cmake' and name 'my_arm_moveit_config'
[0.180s] Level 1:colcon.colcon_core.package_identification:_identify(src/traj_demo) by extensions ['ignore', 'ignore_ament_install']
[0.180s] Level 1:colcon.colcon_core.package_identification:_identify(src/traj_demo) by extension 'ignore'
[0.180s] Level 1:colcon.colcon_core.package_identification:_identify(src/traj_demo) by extension 'ignore_ament_install'
[0.180s] Level 1:colcon.colcon_core.package_identification:_identify(src/traj_demo) by extensions ['colcon_pkg']
[0.180s] Level 1:colcon.colcon_core.package_identification:_identify(src/traj_demo) by extension 'colcon_pkg'
[0.180s] Level 1:colcon.colcon_core.package_identification:_identify(src/traj_demo) by extensions ['colcon_meta']
[0.180s] Level 1:colcon.colcon_core.package_identification:_identify(src/traj_demo) by extension 'colcon_meta'
[0.180s] Level 1:colcon.colcon_core.package_identification:_identify(src/traj_demo) by extensions ['ros']
[0.180s] Level 1:colcon.colcon_core.package_identification:_identify(src/traj_demo) by extension 'ros'
[0.181s] DEBUG:colcon.colcon_core.package_identification:Package 'src/traj_demo' with type 'ros.ament_cmake' and name 'traj_demo'
[0.181s] Level 1:colcon.colcon_core.package_discovery:discover_packages(recursive) using defaults
[0.181s] Level 1:colcon.colcon_core.package_discovery:discover_packages(ignore) discover
[0.181s] Level 1:colcon.colcon_core.package_discovery:discover_packages(ignore) using defaults
[0.181s] Level 1:colcon.colcon_core.package_discovery:discover_packages(path) discover
[0.181s] Level 1:colcon.colcon_core.package_discovery:discover_packages(path) using defaults
[0.195s] Level 1:colcon.colcon_core.package_discovery:discover_packages(prefix_path) check parameters
[0.195s] Level 1:colcon.colcon_core.package_discovery:discover_packages(prefix_path) discover
[0.196s] DEBUG:colcon.colcon_installed_package_information.package_discovery:Found 5 installed packages in /home/yuzhench/Desktop/Intership/smart_arm/arm_sim_ws/install
[0.197s] DEBUG:colcon.colcon_installed_package_information.package_discovery:Found 17 installed packages in /home/yuzhench/Desktop/Intership/smart_arm/Demo_arm_ws/install
[0.198s] DEBUG:colcon.colcon_installed_package_information.package_discovery:Found 364 installed packages in /opt/ros/humble
[0.199s] Level 1:colcon.colcon_core.package_discovery:discover_packages(prefix_path) using defaults
[0.226s] WARNING:colcon.colcon_core.package_selection:Some selected packages are already built in one or more underlay workspaces:
	'ros2_control_demo_example_7' is in: /home/yuzhench/Desktop/Intership/smart_arm/arm_sim_ws/install/ros2_control_demo_example_7, /home/yuzhench/Desktop/Intership/smart_arm/Demo_arm_ws/install/ros2_control_demo_example_7
If a package in a merged underlay workspace is overridden and it installs headers, then all packages in the overlay must sort their include directories by workspace order. Failure to do so may result in build failures or undefined behavior at run time.
If the overridden package is used by another package in any underlay, then the overriding package in the overlay must be API and ABI compatible or undefined behavior at run time may occur.

If you understand the risks and want to override a package anyways, add the following to the command line:
	--allow-overriding ros2_control_demo_example_7

This may be promoted to an error in a future release of colcon-override-check.
[0.227s] Level 5:colcon.colcon_core.verb:set package 'arm_sim_pkg' build argument 'cmake_args' from command line to 'None'
[0.227s] Level 5:colcon.colcon_core.verb:set package 'arm_sim_pkg' build argument 'cmake_target' from command line to 'None'
[0.227s] Level 5:colcon.colcon_core.verb:set package 'arm_sim_pkg' build argument 'cmake_target_skip_unavailable' from command line to 'False'
[0.227s] Level 5:colcon.colcon_core.verb:set package 'arm_sim_pkg' build argument 'cmake_clean_cache' from command line to 'False'
[0.227s] Level 5:colcon.colcon_core.verb:set package 'arm_sim_pkg' build argument 'cmake_clean_first' from command line to 'False'
[0.227s] Level 5:colcon.colcon_core.verb:set package 'arm_sim_pkg' build argument 'cmake_force_configure' from command line to 'False'
[0.227s] Level 5:colcon.colcon_core.verb:set package 'arm_sim_pkg' build argument 'ament_cmake_args' from command line to 'None'
[0.227s] Level 5:colcon.colcon_core.verb:set package 'arm_sim_pkg' build argument 'catkin_cmake_args' from command line to 'None'
[0.227s] Level 5:colcon.colcon_core.verb:set package 'arm_sim_pkg' build argument 'catkin_skip_building_tests' from command line to 'False'
[0.227s] DEBUG:colcon.colcon_core.verb:Building package 'arm_sim_pkg' with the following arguments: {'ament_cmake_args': None, 'build_base': '/home/yuzhench/Desktop/Intership/smart_arm/arm_sim_ws/build/arm_sim_pkg', 'catkin_cmake_args': None, 'catkin_skip_building_tests': False, 'cmake_args': None, 'cmake_clean_cache': False, 'cmake_clean_first': False, 'cmake_force_configure': False, 'cmake_target': None, 'cmake_target_skip_unavailable': False, 'install_base': '/home/yuzhench/Desktop/Intership/smart_arm/arm_sim_ws/install/arm_sim_pkg', 'merge_install': False, 'path': '/home/yuzhench/Desktop/Intership/smart_arm/arm_sim_ws/src/arm_sim_pkg', 'symlink_install': True, 'test_result_base': None}
[0.227s] Level 5:colcon.colcon_core.verb:set package 'my_arm_moveit_config' build argument 'cmake_args' from command line to 'None'
[0.227s] Level 5:colcon.colcon_core.verb:set package 'my_arm_moveit_config' build argument 'cmake_target' from command line to 'None'
[0.227s] Level 5:colcon.colcon_core.verb:set package 'my_arm_moveit_config' build argument 'cmake_target_skip_unavailable' from command line to 'False'
[0.227s] Level 5:colcon.colcon_core.verb:set package 'my_arm_moveit_config' build argument 'cmake_clean_cache' from command line to 'False'
[0.227s] Level 5:colcon.colcon_core.verb:set package 'my_arm_moveit_config' build argument 'cmake_clean_first' from command line to 'False'
[0.227s] Level 5:colcon.colcon_core.verb:set package 'my_arm_moveit_config' build argument 'cmake_force_configure' from command line to 'False'
[0.227s] Level 5:colcon.colcon_core.verb:set package 'my_arm_moveit_config' build argument 'ament_cmake_args' from command line to 'None'
[0.227s] Level 5:colcon.colcon_core.verb:set package 'my_arm_moveit_config' build argument 'catkin_cmake_args' from command line to 'None'
[0.227s] Level 5:colcon.colcon_core.verb:set package 'my_arm_moveit_config' build argument 'catkin_skip_building_tests' from command line to 'False'
[0.227s] DEBUG:colcon.colcon_core.verb:Building package 'my_arm_moveit_config' with the following arguments: {'ament_cmake_args': None, 'build_base': '/home/yuzhench/Desktop/Intership/smart_arm/arm_sim_ws/build/my_arm_moveit_config', 'catkin_cmake_args': None, 'catkin_skip_building_tests': False, 'cmake_args': None, 'cmake_clean_cache': False, 'cmake_clean_first': False, 'cmake_force_configure': False, 'cmake_target': None, 'cmake_target_skip_unavailable': False, 'install_base': '/home/yuzhench/Desktop/Intership/smart_arm/arm_sim_ws/install/my_arm_moveit_config', 'merge_install': False, 'path': '/home/yuzhench/Desktop/Intership/smart_arm/arm_sim_ws/src/my_arm_moveit_config', 'symlink_install': True, 'test_result_base': None}
[0.227s] Level 5:colcon.colcon_core.verb:set package 'ros2_control_demo_example_7' build argument 'cmake_args' from command line to 'None'
[0.227s] Level 5:colcon.colcon_core.verb:set package 'ros2_control_demo_example_7' build argument 'cmake_target' from command line to 'None'
[0.227s] Level 5:colcon.colcon_core.verb:set package 'ros2_control_demo_example_7' build argument 'cmake_target_skip_unavailable' from command line to 'False'
[0.227s] Level 5:colcon.colcon_core.verb:set package 'ros2_control_demo_example_7' build argument 'cmake_clean_cache' from command line to 'False'
[0.227s] Level 5:colcon.colcon_core.verb:set package 'ros2_control_demo_example_7' build argument 'cmake_clean_first' from command line to 'False'
[0.227s] Level 5:colcon.colcon_core.verb:set package 'ros2_control_demo_example_7' build argument 'cmake_force_configure' from command line to 'False'
[0.227s] Level 5:colcon.colcon_core.verb:set package 'ros2_control_demo_example_7' build argument 'ament_cmake_args' from command line to 'None'
[0.227s] Level 5:colcon.colcon_core.verb:set package 'ros2_control_demo_example_7' build argument 'catkin_cmake_args' from command line to 'None'
[0.227s] Level 5:colcon.colcon_core.verb:set package 'ros2_control_demo_example_7' build argument 'catkin_skip_building_tests' from command line to 'False'
[0.227s] DEBUG:colcon.colcon_core.verb:Building package 'ros2_control_demo_example_7' with the following arguments: {'ament_cmake_args': None, 'build_base': '/home/yuzhench/Desktop/Intership/smart_arm/arm_sim_ws/build/ros2_control_demo_example_7', 'catkin_cmake_args': None, 'catkin_skip_building_tests': False, 'cmake_args': None, 'cmake_clean_cache': False, 'cmake_clean_first': False, 'cmake_force_configure': False, 'cmake_target': None, 'cmake_target_skip_unavailable': False, 'install_base': '/home/yuzhench/Desktop/Intership/smart_arm/arm_sim_ws/install/ros2_control_demo_example_7', 'merge_install': False, 'path': '/home/yuzhench/Desktop/Intership/smart_arm/arm_sim_ws/src/example_7', 'symlink_install': True, 'test_result_base': None}
[0.227s] Level 5:colcon.colcon_core.verb:set package 'movit_robot_arm_sim' build argument 'cmake_args' from command line to 'None'
[0.227s] Level 5:colcon.colcon_core.verb:set package 'movit_robot_arm_sim' build argument 'cmake_target' from command line to 'None'
[0.227s] Level 5:colcon.colcon_core.verb:set package 'movit_robot_arm_sim' build argument 'cmake_target_skip_unavailable' from command line to 'False'
[0.227s] Level 5:colcon.colcon_core.verb:set package 'movit_robot_arm_sim' build argument 'cmake_clean_cache' from command line to 'False'
[0.227s] Level 5:colcon.colcon_core.verb:set package 'movit_robot_arm_sim' build argument 'cmake_clean_first' from command line to 'False'
[0.227s] Level 5:colcon.colcon_core.verb:set package 'movit_robot_arm_sim' build argument 'cmake_force_configure' from command line to 'False'
[0.227s] Level 5:colcon.colcon_core.verb:set package 'movit_robot_arm_sim' build argument 'ament_cmake_args' from command line to 'None'
[0.227s] Level 5:colcon.colcon_core.verb:set package 'movit_robot_arm_sim' build argument 'catkin_cmake_args' from command line to 'None'
[0.227s] Level 5:colcon.colcon_core.verb:set package 'movit_robot_arm_sim' build argument 'catkin_skip_building_tests' from command line to 'False'
[0.227s] DEBUG:colcon.colcon_core.verb:Building package 'movit_robot_arm_sim' with the following arguments: {'ament_cmake_args': None, 'build_base': '/home/yuzhench/Desktop/Intership/smart_arm/arm_sim_ws/build/movit_robot_arm_sim', 'catkin_cmake_args': None, 'catkin_skip_building_tests': False, 'cmake_args': None, 'cmake_clean_cache': False, 'cmake_clean_first': False, 'cmake_force_configure': False, 'cmake_target': None, 'cmake_target_skip_unavailable': False, 'install_base': '/home/yuzhench/Desktop/Intership/smart_arm/arm_sim_ws/install/movit_robot_arm_sim', 'merge_install': False, 'path': '/home/yuzhench/Desktop/Intership/smart_arm/arm_sim_ws/src/movit_robot_arm_sim', 'symlink_install': True, 'test_result_base': None}
[0.228s] Level 5:colcon.colcon_core.verb:set package 'traj_demo' build argument 'cmake_args' from command line to 'None'
[0.228s] Level 5:colcon.colcon_core.verb:set package 'traj_demo' build argument 'cmake_target' from command line to 'None'
[0.228s] Level 5:colcon.colcon_core.verb:set package 'traj_demo' build argument 'cmake_target_skip_unavailable' from command line to 'False'
[0.228s] Level 5:colcon.colcon_core.verb:set package 'traj_demo' build argument 'cmake_clean_cache' from command line to 'False'
[0.228s] Level 5:colcon.colcon_core.verb:set package 'traj_demo' build argument 'cmake_clean_first' from command line to 'False'
[0.228s] Level 5:colcon.colcon_core.verb:set package 'traj_demo' build argument 'cmake_force_configure' from command line to 'False'
[0.228s] Level 5:colcon.colcon_core.verb:set package 'traj_demo' build argument 'ament_cmake_args' from command line to 'None'
[0.228s] Level 5:colcon.colcon_core.verb:set package 'traj_demo' build argument 'catkin_cmake_args' from command line to 'None'
[0.228s] Level 5:colcon.colcon_core.verb:set package 'traj_demo' build argument 'catkin_skip_building_tests' from command line to 'False'
[0.228s] DEBUG:colcon.colcon_core.verb:Building package 'traj_demo' with the following arguments: {'ament_cmake_args': None, 'build_base': '/home/yuzhench/Desktop/Intership/smart_arm/arm_sim_ws/build/traj_demo', 'catkin_cmake_args': None, 'catkin_skip_building_tests': False, 'cmake_args': None, 'cmake_clean_cache': False, 'cmake_clean_first': False, 'cmake_force_configure': False, 'cmake_target': None, 'cmake_target_skip_unavailable': False, 'install_base': '/home/yuzhench/Desktop/Intership/smart_arm/arm_sim_ws/install/traj_demo', 'merge_install': False, 'path': '/home/yuzhench/Desktop/Intership/smart_arm/arm_sim_ws/src/traj_demo', 'symlink_install': True, 'test_result_base': None}
[0.228s] INFO:colcon.colcon_core.executor:Executing jobs using 'parallel' executor
[0.229s] DEBUG:colcon.colcon_parallel_executor.executor.parallel:run_until_complete
[0.229s] INFO:colcon.colcon_ros.task.ament_cmake.build:Building ROS package in '/home/yuzhench/Desktop/Intership/smart_arm/arm_sim_ws/src/arm_sim_pkg' with build type 'ament_cmake'
[0.229s] INFO:colcon.colcon_cmake.task.cmake.build:Building CMake package in '/home/yuzhench/Desktop/Intership/smart_arm/arm_sim_ws/src/arm_sim_pkg'
[0.230s] INFO:colcon.colcon_core.plugin_system:Skipping extension 'colcon_core.shell.bat': Not used on non-Windows systems
[0.230s] INFO:colcon.colcon_core.shell:Skip shell extension 'powershell' for command environment: Not usable outside of PowerShell
[0.230s] DEBUG:colcon.colcon_core.shell:Skip shell extension 'dsv' for command environment
[0.234s] INFO:colcon.colcon_ros.task.ament_cmake.build:Building ROS package in '/home/yuzhench/Desktop/Intership/smart_arm/arm_sim_ws/src/my_arm_moveit_config' with build type 'ament_cmake'
[0.234s] INFO:colcon.colcon_cmake.task.cmake.build:Building CMake package in '/home/yuzhench/Desktop/Intership/smart_arm/arm_sim_ws/src/my_arm_moveit_config'
[0.234s] INFO:colcon.colcon_core.shell:Skip shell extension 'powershell' for command environment: Not usable outside of PowerShell
[0.234s] DEBUG:colcon.colcon_core.shell:Skip shell extension 'dsv' for command environment
[0.237s] INFO:colcon.colcon_ros.task.ament_cmake.build:Building ROS package in '/home/yuzhench/Desktop/Intership/smart_arm/arm_sim_ws/src/example_7' with build type 'ament_cmake'
[0.237s] INFO:colcon.colcon_cmake.task.cmake.build:Building CMake package in '/home/yuzhench/Desktop/Intership/smart_arm/arm_sim_ws/src/example_7'
[0.237s] INFO:colcon.colcon_core.shell:Skip shell extension 'powershell' for command environment: Not usable outside of PowerShell
[0.237s] DEBUG:colcon.colcon_core.shell:Skip shell extension 'dsv' for command environment
[0.246s] DEBUG:colcon.colcon_core.event_handler.log_command:Invoking command in '/home/yuzhench/Desktop/Intership/smart_arm/arm_sim_ws/build/arm_sim_pkg': CMAKE_PREFIX_PATH=${CMAKE_PREFIX_PATH}:/opt/ros/humble /usr/bin/cmake --build /home/yuzhench/Desktop/Intership/smart_arm/arm_sim_ws/build/arm_sim_pkg -- -j16 -l16
[0.248s] DEBUG:colcon.colcon_core.event_handler.log_command:Invoking command in '/home/yuzhench/Desktop/Intership/smart_arm/arm_sim_ws/build/my_arm_moveit_config': CMAKE_PREFIX_PATH=${CMAKE_PREFIX_PATH}:/opt/ros/humble /usr/bin/cmake --build /home/yuzhench/Desktop/Intership/smart_arm/arm_sim_ws/build/my_arm_moveit_config -- -j16 -l16
[0.250s] DEBUG:colcon.colcon_core.event_handler.log_command:Invoking command in '/home/yuzhench/Desktop/Intership/smart_arm/arm_sim_ws/build/ros2_control_demo_example_7': CMAKE_PREFIX_PATH=${CMAKE_PREFIX_PATH}:/opt/ros/humble /usr/bin/cmake --build /home/yuzhench/Desktop/Intership/smart_arm/arm_sim_ws/build/ros2_control_demo_example_7 -- -j16 -l16
[0.284s] DEBUG:colcon.colcon_core.event_handler.log_command:Invoked command in '/home/yuzhench/Desktop/Intership/smart_arm/arm_sim_ws/build/my_arm_moveit_config' returned '0': CMAKE_PREFIX_PATH=${CMAKE_PREFIX_PATH}:/opt/ros/humble /usr/bin/cmake --build /home/yuzhench/Desktop/Intership/smart_arm/arm_sim_ws/build/my_arm_moveit_config -- -j16 -l16
[0.293s] DEBUG:colcon.colcon_core.event_handler.log_command:Invoking command in '/home/yuzhench/Desktop/Intership/smart_arm/arm_sim_ws/build/my_arm_moveit_config': CMAKE_PREFIX_PATH=${CMAKE_PREFIX_PATH}:/opt/ros/humble /usr/bin/cmake --install /home/yuzhench/Desktop/Intership/smart_arm/arm_sim_ws/build/my_arm_moveit_config
[0.311s] Level 1:colcon.colcon_core.environment:create_environment_scripts_only(my_arm_moveit_config)
[0.311s] DEBUG:colcon.colcon_core.event_handler.log_command:Invoked command in '/home/yuzhench/Desktop/Intership/smart_arm/arm_sim_ws/build/my_arm_moveit_config' returned '0': CMAKE_PREFIX_PATH=${CMAKE_PREFIX_PATH}:/opt/ros/humble /usr/bin/cmake --install /home/yuzhench/Desktop/Intership/smart_arm/arm_sim_ws/build/my_arm_moveit_config
[0.312s] Level 1:colcon.colcon_core.environment:checking '/home/yuzhench/Desktop/Intership/smart_arm/arm_sim_ws/install/my_arm_moveit_config' for CMake module files
[0.313s] Level 1:colcon.colcon_core.environment:checking '/home/yuzhench/Desktop/Intership/smart_arm/arm_sim_ws/install/my_arm_moveit_config' for CMake config files
[0.313s] Level 1:colcon.colcon_core.shell:create_environment_hook('my_arm_moveit_config', 'cmake_prefix_path')
[0.313s] INFO:colcon.colcon_core.shell:Creating environment hook '/home/yuzhench/Desktop/Intership/smart_arm/arm_sim_ws/install/my_arm_moveit_config/share/my_arm_moveit_config/hook/cmake_prefix_path.ps1'
[0.313s] INFO:colcon.colcon_core.shell:Creating environment descriptor '/home/yuzhench/Desktop/Intership/smart_arm/arm_sim_ws/install/my_arm_moveit_config/share/my_arm_moveit_config/hook/cmake_prefix_path.dsv'
[0.313s] INFO:colcon.colcon_core.shell:Creating environment hook '/home/yuzhench/Desktop/Intership/smart_arm/arm_sim_ws/install/my_arm_moveit_config/share/my_arm_moveit_config/hook/cmake_prefix_path.sh'
[0.314s] Level 1:colcon.colcon_core.environment:checking '/home/yuzhench/Desktop/Intership/smart_arm/arm_sim_ws/install/my_arm_moveit_config/bin'
[0.314s] Level 1:colcon.colcon_core.environment:checking '/home/yuzhench/Desktop/Intership/smart_arm/arm_sim_ws/install/my_arm_moveit_config/lib/pkgconfig/my_arm_moveit_config.pc'
[0.314s] Level 1:colcon.colcon_core.environment:checking '/home/yuzhench/Desktop/Intership/smart_arm/arm_sim_ws/install/my_arm_moveit_config/lib/python3.10/site-packages'
[0.314s] Level 1:colcon.colcon_core.environment:checking '/home/yuzhench/Desktop/Intership/smart_arm/arm_sim_ws/install/my_arm_moveit_config/bin'
[0.314s] INFO:colcon.colcon_core.shell:Creating package script '/home/yuzhench/Desktop/Intership/smart_arm/arm_sim_ws/install/my_arm_moveit_config/share/my_arm_moveit_config/package.ps1'
[0.315s] INFO:colcon.colcon_core.shell:Creating package descriptor '/home/yuzhench/Desktop/Intership/smart_arm/arm_sim_ws/install/my_arm_moveit_config/share/my_arm_moveit_config/package.dsv'
[0.315s] INFO:colcon.colcon_core.shell:Creating package script '/home/yuzhench/Desktop/Intership/smart_arm/arm_sim_ws/install/my_arm_moveit_config/share/my_arm_moveit_config/package.sh'
[0.315s] INFO:colcon.colcon_core.shell:Creating package script '/home/yuzhench/Desktop/Intership/smart_arm/arm_sim_ws/install/my_arm_moveit_config/share/my_arm_moveit_config/package.bash'
[0.316s] INFO:colcon.colcon_core.shell:Creating package script '/home/yuzhench/Desktop/Intership/smart_arm/arm_sim_ws/install/my_arm_moveit_config/share/my_arm_moveit_config/package.zsh'
[0.316s] Level 1:colcon.colcon_core.environment:create_file_with_runtime_dependencies(/home/yuzhench/Desktop/Intership/smart_arm/arm_sim_ws/install/my_arm_moveit_config/share/colcon-core/packages/my_arm_moveit_config)
[0.316s] Level 1:colcon.colcon_core.environment:create_environment_scripts_only(my_arm_moveit_config)
[0.316s] Level 1:colcon.colcon_core.environment:checking '/home/yuzhench/Desktop/Intership/smart_arm/arm_sim_ws/install/my_arm_moveit_config' for CMake module files
[0.317s] Level 1:colcon.colcon_core.environment:checking '/home/yuzhench/Desktop/Intership/smart_arm/arm_sim_ws/install/my_arm_moveit_config' for CMake config files
[0.317s] Level 1:colcon.colcon_core.shell:create_environment_hook('my_arm_moveit_config', 'cmake_prefix_path')
[0.317s] INFO:colcon.colcon_core.shell:Creating environment hook '/home/yuzhench/Desktop/Intership/smart_arm/arm_sim_ws/install/my_arm_moveit_config/share/my_arm_moveit_config/hook/cmake_prefix_path.ps1'
[0.317s] INFO:colcon.colcon_core.shell:Creating environment descriptor '/home/yuzhench/Desktop/Intership/smart_arm/arm_sim_ws/install/my_arm_moveit_config/share/my_arm_moveit_config/hook/cmake_prefix_path.dsv'
[0.317s] INFO:colcon.colcon_core.shell:Creating environment hook '/home/yuzhench/Desktop/Intership/smart_arm/arm_sim_ws/install/my_arm_moveit_config/share/my_arm_moveit_config/hook/cmake_prefix_path.sh'
[0.318s] Level 1:colcon.colcon_core.environment:checking '/home/yuzhench/Desktop/Intership/smart_arm/arm_sim_ws/install/my_arm_moveit_config/bin'
[0.318s] Level 1:colcon.colcon_core.environment:checking '/home/yuzhench/Desktop/Intership/smart_arm/arm_sim_ws/install/my_arm_moveit_config/lib/pkgconfig/my_arm_moveit_config.pc'
[0.318s] Level 1:colcon.colcon_core.environment:checking '/home/yuzhench/Desktop/Intership/smart_arm/arm_sim_ws/install/my_arm_moveit_config/lib/python3.10/site-packages'
[0.318s] Level 1:colcon.colcon_core.environment:checking '/home/yuzhench/Desktop/Intership/smart_arm/arm_sim_ws/install/my_arm_moveit_config/bin'
[0.318s] INFO:colcon.colcon_core.shell:Creating package script '/home/yuzhench/Desktop/Intership/smart_arm/arm_sim_ws/install/my_arm_moveit_config/share/my_arm_moveit_config/package.ps1'
[0.318s] INFO:colcon.colcon_core.shell:Creating package descriptor '/home/yuzhench/Desktop/Intership/smart_arm/arm_sim_ws/install/my_arm_moveit_config/share/my_arm_moveit_config/package.dsv'
[0.318s] INFO:colcon.colcon_core.shell:Creating package script '/home/yuzhench/Desktop/Intership/smart_arm/arm_sim_ws/install/my_arm_moveit_config/share/my_arm_moveit_config/package.sh'
[0.319s] INFO:colcon.colcon_core.shell:Creating package script '/home/yuzhench/Desktop/Intership/smart_arm/arm_sim_ws/install/my_arm_moveit_config/share/my_arm_moveit_config/package.bash'
[0.319s] INFO:colcon.colcon_core.shell:Creating package script '/home/yuzhench/Desktop/Intership/smart_arm/arm_sim_ws/install/my_arm_moveit_config/share/my_arm_moveit_config/package.zsh'
[0.319s] Level 1:colcon.colcon_core.environment:create_file_with_runtime_dependencies(/home/yuzhench/Desktop/Intership/smart_arm/arm_sim_ws/install/my_arm_moveit_config/share/colcon-core/packages/my_arm_moveit_config)
[0.320s] DEBUG:colcon.colcon_core.event_handler.log_command:Invoked command in '/home/yuzhench/Desktop/Intership/smart_arm/arm_sim_ws/build/ros2_control_demo_example_7' returned '0': CMAKE_PREFIX_PATH=${CMAKE_PREFIX_PATH}:/opt/ros/humble /usr/bin/cmake --build /home/yuzhench/Desktop/Intership/smart_arm/arm_sim_ws/build/ros2_control_demo_example_7 -- -j16 -l16
[0.321s] DEBUG:colcon.colcon_core.event_handler.log_command:Invoking command in '/home/yuzhench/Desktop/Intership/smart_arm/arm_sim_ws/build/ros2_control_demo_example_7': CMAKE_PREFIX_PATH=${CMAKE_PREFIX_PATH}:/opt/ros/humble /usr/bin/cmake --install /home/yuzhench/Desktop/Intership/smart_arm/arm_sim_ws/build/ros2_control_demo_example_7
[0.343s] Level 1:colcon.colcon_core.environment:create_environment_scripts_only(ros2_control_demo_example_7)
[0.344s] Level 1:colcon.colcon_core.environment:checking '/home/yuzhench/Desktop/Intership/smart_arm/arm_sim_ws/install/ros2_control_demo_example_7' for CMake module files
[0.344s] DEBUG:colcon.colcon_core.event_handler.log_command:Invoked command in '/home/yuzhench/Desktop/Intership/smart_arm/arm_sim_ws/build/ros2_control_demo_example_7' returned '0': CMAKE_PREFIX_PATH=${CMAKE_PREFIX_PATH}:/opt/ros/humble /usr/bin/cmake --install /home/yuzhench/Desktop/Intership/smart_arm/arm_sim_ws/build/ros2_control_demo_example_7
[0.345s] Level 1:colcon.colcon_core.environment:checking '/home/yuzhench/Desktop/Intership/smart_arm/arm_sim_ws/install/ros2_control_demo_example_7' for CMake config files
[0.345s] Level 1:colcon.colcon_core.shell:create_environment_hook('ros2_control_demo_example_7', 'cmake_prefix_path')
[0.345s] INFO:colcon.colcon_core.shell:Creating environment hook '/home/yuzhench/Desktop/Intership/smart_arm/arm_sim_ws/install/ros2_control_demo_example_7/share/ros2_control_demo_example_7/hook/cmake_prefix_path.ps1'
[0.346s] INFO:colcon.colcon_core.shell:Creating environment descriptor '/home/yuzhench/Desktop/Intership/smart_arm/arm_sim_ws/install/ros2_control_demo_example_7/share/ros2_control_demo_example_7/hook/cmake_prefix_path.dsv'
[0.346s] INFO:colcon.colcon_core.shell:Creating environment hook '/home/yuzhench/Desktop/Intership/smart_arm/arm_sim_ws/install/ros2_control_demo_example_7/share/ros2_control_demo_example_7/hook/cmake_prefix_path.sh'
[0.346s] Level 1:colcon.colcon_core.environment:checking '/home/yuzhench/Desktop/Intership/smart_arm/arm_sim_ws/install/ros2_control_demo_example_7/lib'
[0.346s] Level 1:colcon.colcon_core.shell:create_environment_hook('ros2_control_demo_example_7', 'ld_library_path_lib')
[0.346s] INFO:colcon.colcon_core.shell:Creating environment hook '/home/yuzhench/Desktop/Intership/smart_arm/arm_sim_ws/install/ros2_control_demo_example_7/share/ros2_control_demo_example_7/hook/ld_library_path_lib.ps1'
[0.347s] INFO:colcon.colcon_core.shell:Creating environment descriptor '/home/yuzhench/Desktop/Intership/smart_arm/arm_sim_ws/install/ros2_control_demo_example_7/share/ros2_control_demo_example_7/hook/ld_library_path_lib.dsv'
[0.347s] INFO:colcon.colcon_core.shell:Creating environment hook '/home/yuzhench/Desktop/Intership/smart_arm/arm_sim_ws/install/ros2_control_demo_example_7/share/ros2_control_demo_example_7/hook/ld_library_path_lib.sh'
[0.347s] Level 1:colcon.colcon_core.environment:checking '/home/yuzhench/Desktop/Intership/smart_arm/arm_sim_ws/install/ros2_control_demo_example_7/bin'
[0.347s] Level 1:colcon.colcon_core.environment:checking '/home/yuzhench/Desktop/Intership/smart_arm/arm_sim_ws/install/ros2_control_demo_example_7/lib/pkgconfig/ros2_control_demo_example_7.pc'
[0.347s] Level 1:colcon.colcon_core.environment:checking '/home/yuzhench/Desktop/Intership/smart_arm/arm_sim_ws/install/ros2_control_demo_example_7/lib/python3.10/site-packages'
[0.347s] Level 1:colcon.colcon_core.environment:checking '/home/yuzhench/Desktop/Intership/smart_arm/arm_sim_ws/install/ros2_control_demo_example_7/bin'
[0.347s] INFO:colcon.colcon_core.shell:Creating package script '/home/yuzhench/Desktop/Intership/smart_arm/arm_sim_ws/install/ros2_control_demo_example_7/share/ros2_control_demo_example_7/package.ps1'
[0.348s] INFO:colcon.colcon_core.shell:Creating package descriptor '/home/yuzhench/Desktop/Intership/smart_arm/arm_sim_ws/install/ros2_control_demo_example_7/share/ros2_control_demo_example_7/package.dsv'
[0.348s] INFO:colcon.colcon_core.shell:Creating package script '/home/yuzhench/Desktop/Intership/smart_arm/arm_sim_ws/install/ros2_control_demo_example_7/share/ros2_control_demo_example_7/package.sh'
[0.348s] INFO:colcon.colcon_core.shell:Creating package script '/home/yuzhench/Desktop/Intership/smart_arm/arm_sim_ws/install/ros2_control_demo_example_7/share/ros2_control_demo_example_7/package.bash'
[0.348s] INFO:colcon.colcon_core.shell:Creating package script '/home/yuzhench/Desktop/Intership/smart_arm/arm_sim_ws/install/ros2_control_demo_example_7/share/ros2_control_demo_example_7/package.zsh'
[0.349s] Level 1:colcon.colcon_core.environment:create_file_with_runtime_dependencies(/home/yuzhench/Desktop/Intership/smart_arm/arm_sim_ws/install/ros2_control_demo_example_7/share/colcon-core/packages/ros2_control_demo_example_7)
[0.349s] Level 1:colcon.colcon_core.environment:create_environment_scripts_only(ros2_control_demo_example_7)
[0.349s] Level 1:colcon.colcon_core.environment:checking '/home/yuzhench/Desktop/Intership/smart_arm/arm_sim_ws/install/ros2_control_demo_example_7' for CMake module files
[0.349s] Level 1:colcon.colcon_core.environment:checking '/home/yuzhench/Desktop/Intership/smart_arm/arm_sim_ws/install/ros2_control_demo_example_7' for CMake config files
[0.350s] Level 1:colcon.colcon_core.shell:create_environment_hook('ros2_control_demo_example_7', 'cmake_prefix_path')
[0.350s] INFO:colcon.colcon_core.shell:Creating environment hook '/home/yuzhench/Desktop/Intership/smart_arm/arm_sim_ws/install/ros2_control_demo_example_7/share/ros2_control_demo_example_7/hook/cmake_prefix_path.ps1'
[0.350s] INFO:colcon.colcon_core.shell:Creating environment descriptor '/home/yuzhench/Desktop/Intership/smart_arm/arm_sim_ws/install/ros2_control_demo_example_7/share/ros2_control_demo_example_7/hook/cmake_prefix_path.dsv'
[0.350s] INFO:colcon.colcon_core.shell:Creating environment hook '/home/yuzhench/Desktop/Intership/smart_arm/arm_sim_ws/install/ros2_control_demo_example_7/share/ros2_control_demo_example_7/hook/cmake_prefix_path.sh'
[0.350s] Level 1:colcon.colcon_core.environment:checking '/home/yuzhench/Desktop/Intership/smart_arm/arm_sim_ws/install/ros2_control_demo_example_7/lib'
[0.350s] Level 1:colcon.colcon_core.shell:create_environment_hook('ros2_control_demo_example_7', 'ld_library_path_lib')
[0.350s] INFO:colcon.colcon_core.shell:Creating environment hook '/home/yuzhench/Desktop/Intership/smart_arm/arm_sim_ws/install/ros2_control_demo_example_7/share/ros2_control_demo_example_7/hook/ld_library_path_lib.ps1'
[0.351s] INFO:colcon.colcon_core.shell:Creating environment descriptor '/home/yuzhench/Desktop/Intership/smart_arm/arm_sim_ws/install/ros2_control_demo_example_7/share/ros2_control_demo_example_7/hook/ld_library_path_lib.dsv'
[0.351s] INFO:colcon.colcon_core.shell:Creating environment hook '/home/yuzhench/Desktop/Intership/smart_arm/arm_sim_ws/install/ros2_control_demo_example_7/share/ros2_control_demo_example_7/hook/ld_library_path_lib.sh'
[0.351s] Level 1:colcon.colcon_core.environment:checking '/home/yuzhench/Desktop/Intership/smart_arm/arm_sim_ws/install/ros2_control_demo_example_7/bin'
[0.351s] Level 1:colcon.colcon_core.environment:checking '/home/yuzhench/Desktop/Intership/smart_arm/arm_sim_ws/install/ros2_control_demo_example_7/lib/pkgconfig/ros2_control_demo_example_7.pc'
[0.351s] Level 1:colcon.colcon_core.environment:checking '/home/yuzhench/Desktop/Intership/smart_arm/arm_sim_ws/install/ros2_control_demo_example_7/lib/python3.10/site-packages'
[0.351s] Level 1:colcon.colcon_core.environment:checking '/home/yuzhench/Desktop/Intership/smart_arm/arm_sim_ws/install/ros2_control_demo_example_7/bin'
[0.351s] INFO:colcon.colcon_core.shell:Creating package script '/home/yuzhench/Desktop/Intership/smart_arm/arm_sim_ws/install/ros2_control_demo_example_7/share/ros2_control_demo_example_7/package.ps1'
[0.352s] INFO:colcon.colcon_core.shell:Creating package descriptor '/home/yuzhench/Desktop/Intership/smart_arm/arm_sim_ws/install/ros2_control_demo_example_7/share/ros2_control_demo_example_7/package.dsv'
[0.352s] INFO:colcon.colcon_core.shell:Creating package script '/home/yuzhench/Desktop/Intership/smart_arm/arm_sim_ws/install/ros2_control_demo_example_7/share/ros2_control_demo_example_7/package.sh'
[0.352s] INFO:colcon.colcon_core.shell:Creating package script '/home/yuzhench/Desktop/Intership/smart_arm/arm_sim_ws/install/ros2_control_demo_example_7/share/ros2_control_demo_example_7/package.bash'
[0.352s] INFO:colcon.colcon_core.shell:Creating package script '/home/yuzhench/Desktop/Intership/smart_arm/arm_sim_ws/install/ros2_control_demo_example_7/share/ros2_control_demo_example_7/package.zsh'
[0.353s] Level 1:colcon.colcon_core.environment:create_file_with_runtime_dependencies(/home/yuzhench/Desktop/Intership/smart_arm/arm_sim_ws/install/ros2_control_demo_example_7/share/colcon-core/packages/ros2_control_demo_example_7)
[3.128s] DEBUG:colcon.colcon_core.event_handler.log_command:Invoked command in '/home/yuzhench/Desktop/Intership/smart_arm/arm_sim_ws/build/arm_sim_pkg' returned '0': CMAKE_PREFIX_PATH=${CMAKE_PREFIX_PATH}:/opt/ros/humble /usr/bin/cmake --build /home/yuzhench/Desktop/Intership/smart_arm/arm_sim_ws/build/arm_sim_pkg -- -j16 -l16
[3.129s] DEBUG:colcon.colcon_core.event_handler.log_command:Invoking command in '/home/yuzhench/Desktop/Intership/smart_arm/arm_sim_ws/build/arm_sim_pkg': CMAKE_PREFIX_PATH=${CMAKE_PREFIX_PATH}:/opt/ros/humble /usr/bin/cmake --install /home/yuzhench/Desktop/Intership/smart_arm/arm_sim_ws/build/arm_sim_pkg
[3.150s] Level 1:colcon.colcon_core.environment:create_environment_scripts_only(arm_sim_pkg)
[3.150s] Level 1:colcon.colcon_core.environment:checking '/home/yuzhench/Desktop/Intership/smart_arm/arm_sim_ws/install/arm_sim_pkg' for CMake module files
[3.150s] DEBUG:colcon.colcon_core.event_handler.log_command:Invoked command in '/home/yuzhench/Desktop/Intership/smart_arm/arm_sim_ws/build/arm_sim_pkg' returned '0': CMAKE_PREFIX_PATH=${CMAKE_PREFIX_PATH}:/opt/ros/humble /usr/bin/cmake --install /home/yuzhench/Desktop/Intership/smart_arm/arm_sim_ws/build/arm_sim_pkg
[3.151s] Level 1:colcon.colcon_core.environment:checking '/home/yuzhench/Desktop/Intership/smart_arm/arm_sim_ws/install/arm_sim_pkg' for CMake config files
[3.151s] Level 1:colcon.colcon_core.shell:create_environment_hook('arm_sim_pkg', 'cmake_prefix_path')
[3.151s] INFO:colcon.colcon_core.shell:Creating environment hook '/home/yuzhench/Desktop/Intership/smart_arm/arm_sim_ws/install/arm_sim_pkg/share/arm_sim_pkg/hook/cmake_prefix_path.ps1'
[3.152s] INFO:colcon.colcon_core.shell:Creating environment descriptor '/home/yuzhench/Desktop/Intership/smart_arm/arm_sim_ws/install/arm_sim_pkg/share/arm_sim_pkg/hook/cmake_prefix_path.dsv'
[3.152s] INFO:colcon.colcon_core.shell:Creating environment hook '/home/yuzhench/Desktop/Intership/smart_arm/arm_sim_ws/install/arm_sim_pkg/share/arm_sim_pkg/hook/cmake_prefix_path.sh'
[3.153s] Level 1:colcon.colcon_core.environment:checking '/home/yuzhench/Desktop/Intership/smart_arm/arm_sim_ws/install/arm_sim_pkg/lib'
[3.153s] Level 1:colcon.colcon_core.shell:create_environment_hook('arm_sim_pkg', 'ld_library_path_lib')
[3.153s] INFO:colcon.colcon_core.shell:Creating environment hook '/home/yuzhench/Desktop/Intership/smart_arm/arm_sim_ws/install/arm_sim_pkg/share/arm_sim_pkg/hook/ld_library_path_lib.ps1'
[3.154s] INFO:colcon.colcon_core.shell:Creating environment descriptor '/home/yuzhench/Desktop/Intership/smart_arm/arm_sim_ws/install/arm_sim_pkg/share/arm_sim_pkg/hook/ld_library_path_lib.dsv'
[3.154s] INFO:colcon.colcon_core.shell:Creating environment hook '/home/yuzhench/Desktop/Intership/smart_arm/arm_sim_ws/install/arm_sim_pkg/share/arm_sim_pkg/hook/ld_library_path_lib.sh'
[3.155s] Level 1:colcon.colcon_core.environment:checking '/home/yuzhench/Desktop/Intership/smart_arm/arm_sim_ws/install/arm_sim_pkg/bin'
[3.155s] Level 1:colcon.colcon_core.environment:checking '/home/yuzhench/Desktop/Intership/smart_arm/arm_sim_ws/install/arm_sim_pkg/lib/pkgconfig/arm_sim_pkg.pc'
[3.155s] Level 1:colcon.colcon_core.environment:checking '/home/yuzhench/Desktop/Intership/smart_arm/arm_sim_ws/install/arm_sim_pkg/lib/python3.10/site-packages'
[3.155s] Level 1:colcon.colcon_core.environment:checking '/home/yuzhench/Desktop/Intership/smart_arm/arm_sim_ws/install/arm_sim_pkg/bin'
[3.156s] INFO:colcon.colcon_core.shell:Creating package script '/home/yuzhench/Desktop/Intership/smart_arm/arm_sim_ws/install/arm_sim_pkg/share/arm_sim_pkg/package.ps1'
[3.156s] INFO:colcon.colcon_core.shell:Creating package descriptor '/home/yuzhench/Desktop/Intership/smart_arm/arm_sim_ws/install/arm_sim_pkg/share/arm_sim_pkg/package.dsv'
[3.156s] INFO:colcon.colcon_core.shell:Creating package script '/home/yuzhench/Desktop/Intership/smart_arm/arm_sim_ws/install/arm_sim_pkg/share/arm_sim_pkg/package.sh'
[3.156s] INFO:colcon.colcon_core.shell:Creating package script '/home/yuzhench/Desktop/Intership/smart_arm/arm_sim_ws/install/arm_sim_pkg/share/arm_sim_pkg/package.bash'
[3.156s] INFO:colcon.colcon_core.shell:Creating package script '/home/yuzhench/Desktop/Intership/smart_arm/arm_sim_ws/install/arm_sim_pkg/share/arm_sim_pkg/package.zsh'
[3.157s] Level 1:colcon.colcon_core.environment:create_file_with_runtime_dependencies(/home/yuzhench/Desktop/Intership/smart_arm/arm_sim_ws/install/arm_sim_pkg/share/colcon-core/packages/arm_sim_pkg)
[3.157s] Level 1:colcon.colcon_core.environment:create_environment_scripts_only(arm_sim_pkg)
[3.157s] Level 1:colcon.colcon_core.environment:checking '/home/yuzhench/Desktop/Intership/smart_arm/arm_sim_ws/install/arm_sim_pkg' for CMake module files
[3.157s] Level 1:colcon.colcon_core.environment:checking '/home/yuzhench/Desktop/Intership/smart_arm/arm_sim_ws/install/arm_sim_pkg' for CMake config files
[3.157s] Level 1:colcon.colcon_core.shell:create_environment_hook('arm_sim_pkg', 'cmake_prefix_path')
[3.158s] INFO:colcon.colcon_core.shell:Creating environment hook '/home/yuzhench/Desktop/Intership/smart_arm/arm_sim_ws/install/arm_sim_pkg/share/arm_sim_pkg/hook/cmake_prefix_path.ps1'
[3.158s] INFO:colcon.colcon_core.shell:Creating environment descriptor '/home/yuzhench/Desktop/Intership/smart_arm/arm_sim_ws/install/arm_sim_pkg/share/arm_sim_pkg/hook/cmake_prefix_path.dsv'
[3.158s] INFO:colcon.colcon_core.shell:Creating environment hook '/home/yuzhench/Desktop/Intership/smart_arm/arm_sim_ws/install/arm_sim_pkg/share/arm_sim_pkg/hook/cmake_prefix_path.sh'
[3.158s] Level 1:colcon.colcon_core.environment:checking '/home/yuzhench/Desktop/Intership/smart_arm/arm_sim_ws/install/arm_sim_pkg/lib'
[3.158s] Level 1:colcon.colcon_core.shell:create_environment_hook('arm_sim_pkg', 'ld_library_path_lib')
[3.158s] INFO:colcon.colcon_core.shell:Creating environment hook '/home/yuzhench/Desktop/Intership/smart_arm/arm_sim_ws/install/arm_sim_pkg/share/arm_sim_pkg/hook/ld_library_path_lib.ps1'
[3.158s] INFO:colcon.colcon_core.shell:Creating environment descriptor '/home/yuzhench/Desktop/Intership/smart_arm/arm_sim_ws/install/arm_sim_pkg/share/arm_sim_pkg/hook/ld_library_path_lib.dsv'
[3.159s] INFO:colcon.colcon_core.shell:Creating environment hook '/home/yuzhench/Desktop/Intership/smart_arm/arm_sim_ws/install/arm_sim_pkg/share/arm_sim_pkg/hook/ld_library_path_lib.sh'
[3.159s] Level 1:colcon.colcon_core.environment:checking '/home/yuzhench/Desktop/Intership/smart_arm/arm_sim_ws/install/arm_sim_pkg/bin'
[3.159s] Level 1:colcon.colcon_core.environment:checking '/home/yuzhench/Desktop/Intership/smart_arm/arm_sim_ws/install/arm_sim_pkg/lib/pkgconfig/arm_sim_pkg.pc'
[3.159s] Level 1:colcon.colcon_core.environment:checking '/home/yuzhench/Desktop/Intership/smart_arm/arm_sim_ws/install/arm_sim_pkg/lib/python3.10/site-packages'
[3.159s] Level 1:colcon.colcon_core.environment:checking '/home/yuzhench/Desktop/Intership/smart_arm/arm_sim_ws/install/arm_sim_pkg/bin'
[3.159s] INFO:colcon.colcon_core.shell:Creating package script '/home/yuzhench/Desktop/Intership/smart_arm/arm_sim_ws/install/arm_sim_pkg/share/arm_sim_pkg/package.ps1'
[3.159s] INFO:colcon.colcon_core.shell:Creating package descriptor '/home/yuzhench/Desktop/Intership/smart_arm/arm_sim_ws/install/arm_sim_pkg/share/arm_sim_pkg/package.dsv'
[3.160s] INFO:colcon.colcon_core.shell:Creating package script '/home/yuzhench/Desktop/Intership/smart_arm/arm_sim_ws/install/arm_sim_pkg/share/arm_sim_pkg/package.sh'
[3.160s] INFO:colcon.colcon_core.shell:Creating package script '/home/yuzhench/Desktop/Intership/smart_arm/arm_sim_ws/install/arm_sim_pkg/share/arm_sim_pkg/package.bash'
[3.160s] INFO:colcon.colcon_core.shell:Creating package script '/home/yuzhench/Desktop/Intership/smart_arm/arm_sim_ws/install/arm_sim_pkg/share/arm_sim_pkg/package.zsh'
[3.160s] Level 1:colcon.colcon_core.environment:create_file_with_runtime_dependencies(/home/yuzhench/Desktop/Intership/smart_arm/arm_sim_ws/install/arm_sim_pkg/share/colcon-core/packages/arm_sim_pkg)
[3.161s] INFO:colcon.colcon_ros.task.ament_cmake.build:Building ROS package in '/home/yuzhench/Desktop/Intership/smart_arm/arm_sim_ws/src/movit_robot_arm_sim' with build type 'ament_cmake'
[3.161s] INFO:colcon.colcon_cmake.task.cmake.build:Building CMake package in '/home/yuzhench/Desktop/Intership/smart_arm/arm_sim_ws/src/movit_robot_arm_sim'
[3.161s] INFO:colcon.colcon_core.shell:Skip shell extension 'powershell' for command environment: Not usable outside of PowerShell
[3.161s] DEBUG:colcon.colcon_core.shell:Skip shell extension 'dsv' for command environment
[3.171s] DEBUG:colcon.colcon_core.event_handler.log_command:Invoking command in '/home/yuzhench/Desktop/Intership/smart_arm/arm_sim_ws/build/movit_robot_arm_sim': CMAKE_PREFIX_PATH=/home/yuzhench/Desktop/Intership/smart_arm/arm_sim_ws/install/arm_sim_pkg:/home/yuzhench/Desktop/Intership/smart_arm/arm_sim_ws/install/traj_demo:/home/yuzhench/Desktop/Intership/smart_arm/arm_sim_ws/install/ros2_control_demo_example_7:/home/yuzhench/Desktop/Intership/smart_arm/arm_sim_ws/install/my_arm_moveit_config:/home/yuzhench/Desktop/Intership/smart_arm/arm_sim_ws/install/movit_robot_arm_sim:/home/yuzhench/Desktop/Intership/smart_arm/Demo_arm_ws/install/ros2_control_demos:/home/yuzhench/Desktop/Intership/smart_arm/Demo_arm_ws/install/ros2_control_demo_example_9:/home/yuzhench/Desktop/Intership/smart_arm/Demo_arm_ws/install/ros2_control_demo_example_8:/home/yuzhench/Desktop/Intership/smart_arm/Demo_arm_ws/install/ros2_control_demo_example_7:/home/yuzhench/Desktop/Intership/smart_arm/Demo_arm_ws/install/ros2_control_demo_example_6:/home/yuzhench/Desktop/Intership/smart_arm/Demo_arm_ws/install/ros2_control_demo_example_15:/home/yuzhench/Desktop/Intership/smart_arm/Demo_arm_ws/install/ros2_control_demo_example_13:/home/yuzhench/Desktop/Intership/smart_arm/Demo_arm_ws/install/ros2_control_demo_example_5:/home/yuzhench/Desktop/Intership/smart_arm/Demo_arm_ws/install/ros2_control_demo_example_4:/home/yuzhench/Desktop/Intership/smart_arm/Demo_arm_ws/install/ros2_control_demo_example_3:/home/yuzhench/Desktop/Intership/smart_arm/Demo_arm_ws/install/ros2_control_demo_example_2:/home/yuzhench/Desktop/Intership/smart_arm/Demo_arm_ws/install/ros2_control_demo_example_14:/home/yuzhench/Desktop/Intership/smart_arm/Demo_arm_ws/install/ros2_control_demo_example_12:/home/yuzhench/Desktop/Intership/smart_arm/Demo_arm_ws/install/ros2_control_demo_example_11:/home/yuzhench/Desktop/Intership/smart_arm/Demo_arm_ws/install/ros2_control_demo_example_10:/home/yuzhench/Desktop/Intership/smart_arm/Demo_arm_ws/install/ros2_control_demo_example_1:/home/yuzhench/Desktop/Intership/smart_arm/Demo_arm_ws/install/ros2_control_demo_description:/opt/ros/humble /usr/bin/cmake --build /home/yuzhench/Desktop/Intership/smart_arm/arm_sim_ws/build/movit_robot_arm_sim -- -j16 -l16
[3.206s] DEBUG:colcon.colcon_core.event_handler.log_command:Invoked command in '/home/yuzhench/Desktop/Intership/smart_arm/arm_sim_ws/build/movit_robot_arm_sim' returned '0': CMAKE_PREFIX_PATH=/home/yuzhench/Desktop/Intership/smart_arm/arm_sim_ws/install/arm_sim_pkg:/home/yuzhench/Desktop/Intership/smart_arm/arm_sim_ws/install/traj_demo:/home/yuzhench/Desktop/Intership/smart_arm/arm_sim_ws/install/ros2_control_demo_example_7:/home/yuzhench/Desktop/Intership/smart_arm/arm_sim_ws/install/my_arm_moveit_config:/home/yuzhench/Desktop/Intership/smart_arm/arm_sim_ws/install/movit_robot_arm_sim:/home/yuzhench/Desktop/Intership/smart_arm/Demo_arm_ws/install/ros2_control_demos:/home/yuzhench/Desktop/Intership/smart_arm/Demo_arm_ws/install/ros2_control_demo_example_9:/home/yuzhench/Desktop/Intership/smart_arm/Demo_arm_ws/install/ros2_control_demo_example_8:/home/yuzhench/Desktop/Intership/smart_arm/Demo_arm_ws/install/ros2_control_demo_example_7:/home/yuzhench/Desktop/Intership/smart_arm/Demo_arm_ws/install/ros2_control_demo_example_6:/home/yuzhench/Desktop/Intership/smart_arm/Demo_arm_ws/install/ros2_control_demo_example_15:/home/yuzhench/Desktop/Intership/smart_arm/Demo_arm_ws/install/ros2_control_demo_example_13:/home/yuzhench/Desktop/Intership/smart_arm/Demo_arm_ws/install/ros2_control_demo_example_5:/home/yuzhench/Desktop/Intership/smart_arm/Demo_arm_ws/install/ros2_control_demo_example_4:/home/yuzhench/Desktop/Intership/smart_arm/Demo_arm_ws/install/ros2_control_demo_example_3:/home/yuzhench/Desktop/Intership/smart_arm/Demo_arm_ws/install/ros2_control_demo_example_2:/home/yuzhench/Desktop/Intership/smart_arm/Demo_arm_ws/install/ros2_control_demo_example_14:/home/yuzhench/Desktop/Intership/smart_arm/Demo_arm_ws/install/ros2_control_demo_example_12:/home/yuzhench/Desktop/Intership/smart_arm/Demo_arm_ws/install/ros2_control_demo_example_11:/home/yuzhench/Desktop/Intership/smart_arm/Demo_arm_ws/install/ros2_control_demo_example_10:/home/yuzhench/Desktop/Intership/smart_arm/Demo_arm_ws/install/ros2_control_demo_example_1:/home/yuzhench/Desktop/Intership/smart_arm/Demo_arm_ws/install/ros2_control_demo_description:/opt/ros/humble /usr/bin/cmake --build /home/yuzhench/Desktop/Intership/smart_arm/arm_sim_ws/build/movit_robot_arm_sim -- -j16 -l16
[3.208s] DEBUG:colcon.colcon_core.event_handler.log_command:Invoking command in '/home/yuzhench/Desktop/Intership/smart_arm/arm_sim_ws/build/movit_robot_arm_sim': CMAKE_PREFIX_PATH=/home/yuzhench/Desktop/Intership/smart_arm/arm_sim_ws/install/arm_sim_pkg:/home/yuzhench/Desktop/Intership/smart_arm/arm_sim_ws/install/traj_demo:/home/yuzhench/Desktop/Intership/smart_arm/arm_sim_ws/install/ros2_control_demo_example_7:/home/yuzhench/Desktop/Intership/smart_arm/arm_sim_ws/install/my_arm_moveit_config:/home/yuzhench/Desktop/Intership/smart_arm/arm_sim_ws/install/movit_robot_arm_sim:/home/yuzhench/Desktop/Intership/smart_arm/Demo_arm_ws/install/ros2_control_demos:/home/yuzhench/Desktop/Intership/smart_arm/Demo_arm_ws/install/ros2_control_demo_example_9:/home/yuzhench/Desktop/Intership/smart_arm/Demo_arm_ws/install/ros2_control_demo_example_8:/home/yuzhench/Desktop/Intership/smart_arm/Demo_arm_ws/install/ros2_control_demo_example_7:/home/yuzhench/Desktop/Intership/smart_arm/Demo_arm_ws/install/ros2_control_demo_example_6:/home/yuzhench/Desktop/Intership/smart_arm/Demo_arm_ws/install/ros2_control_demo_example_15:/home/yuzhench/Desktop/Intership/smart_arm/Demo_arm_ws/install/ros2_control_demo_example_13:/home/yuzhench/Desktop/Intership/smart_arm/Demo_arm_ws/install/ros2_control_demo_example_5:/home/yuzhench/Desktop/Intership/smart_arm/Demo_arm_ws/install/ros2_control_demo_example_4:/home/yuzhench/Desktop/Intership/smart_arm/Demo_arm_ws/install/ros2_control_demo_example_3:/home/yuzhench/Desktop/Intership/smart_arm/Demo_arm_ws/install/ros2_control_demo_example_2:/home/yuzhench/Desktop/Intership/smart_arm/Demo_arm_ws/install/ros2_control_demo_example_14:/home/yuzhench/Desktop/Intership/smart_arm/Demo_arm_ws/install/ros2_control_demo_example_12:/home/yuzhench/Desktop/Intership/smart_arm/Demo_arm_ws/install/ros2_control_demo_example_11:/home/yuzhench/Desktop/Intership/smart_arm/Demo_arm_ws/install/ros2_control_demo_example_10:/home/yuzhench/Desktop/Intership/smart_arm/Demo_arm_ws/install/ros2_control_demo_example_1:/home/yuzhench/Desktop/Intership/smart_arm/Demo_arm_ws/install/ros2_control_demo_description:/opt/ros/humble /usr/bin/cmake --install /home/yuzhench/Desktop/Intership/smart_arm/arm_sim_ws/build/movit_robot_arm_sim
[3.229s] Level 1:colcon.colcon_core.environment:create_environment_scripts_only(movit_robot_arm_sim)
[3.230s] Level 1:colcon.colcon_core.environment:checking '/home/yuzhench/Desktop/Intership/smart_arm/arm_sim_ws/install/movit_robot_arm_sim' for CMake module files
[3.230s] DEBUG:colcon.colcon_core.event_handler.log_command:Invoked command in '/home/yuzhench/Desktop/Intership/smart_arm/arm_sim_ws/build/movit_robot_arm_sim' returned '0': CMAKE_PREFIX_PATH=/home/yuzhench/Desktop/Intership/smart_arm/arm_sim_ws/install/arm_sim_pkg:/home/yuzhench/Desktop/Intership/smart_arm/arm_sim_ws/install/traj_demo:/home/yuzhench/Desktop/Intership/smart_arm/arm_sim_ws/install/ros2_control_demo_example_7:/home/yuzhench/Desktop/Intership/smart_arm/arm_sim_ws/install/my_arm_moveit_config:/home/yuzhench/Desktop/Intership/smart_arm/arm_sim_ws/install/movit_robot_arm_sim:/home/yuzhench/Desktop/Intership/smart_arm/Demo_arm_ws/install/ros2_control_demos:/home/yuzhench/Desktop/Intership/smart_arm/Demo_arm_ws/install/ros2_control_demo_example_9:/home/yuzhench/Desktop/Intership/smart_arm/Demo_arm_ws/install/ros2_control_demo_example_8:/home/yuzhench/Desktop/Intership/smart_arm/Demo_arm_ws/install/ros2_control_demo_example_7:/home/yuzhench/Desktop/Intership/smart_arm/Demo_arm_ws/install/ros2_control_demo_example_6:/home/yuzhench/Desktop/Intership/smart_arm/Demo_arm_ws/install/ros2_control_demo_example_15:/home/yuzhench/Desktop/Intership/smart_arm/Demo_arm_ws/install/ros2_control_demo_example_13:/home/yuzhench/Desktop/Intership/smart_arm/Demo_arm_ws/install/ros2_control_demo_example_5:/home/yuzhench/Desktop/Intership/smart_arm/Demo_arm_ws/install/ros2_control_demo_example_4:/home/yuzhench/Desktop/Intership/smart_arm/Demo_arm_ws/install/ros2_control_demo_example_3:/home/yuzhench/Desktop/Intership/smart_arm/Demo_arm_ws/install/ros2_control_demo_example_2:/home/yuzhench/Desktop/Intership/smart_arm/Demo_arm_ws/install/ros2_control_demo_example_14:/home/yuzhench/Desktop/Intership/smart_arm/Demo_arm_ws/install/ros2_control_demo_example_12:/home/yuzhench/Desktop/Intership/smart_arm/Demo_arm_ws/install/ros2_control_demo_example_11:/home/yuzhench/Desktop/Intership/smart_arm/Demo_arm_ws/install/ros2_control_demo_example_10:/home/yuzhench/Desktop/Intership/smart_arm/Demo_arm_ws/install/ros2_control_demo_example_1:/home/yuzhench/Desktop/Intership/smart_arm/Demo_arm_ws/install/ros2_control_demo_description:/opt/ros/humble /usr/bin/cmake --install /home/yuzhench/Desktop/Intership/smart_arm/arm_sim_ws/build/movit_robot_arm_sim
[3.231s] Level 1:colcon.colcon_core.environment:checking '/home/yuzhench/Desktop/Intership/smart_arm/arm_sim_ws/install/movit_robot_arm_sim' for CMake config files
[3.231s] Level 1:colcon.colcon_core.shell:create_environment_hook('movit_robot_arm_sim', 'cmake_prefix_path')
[3.232s] INFO:colcon.colcon_core.shell:Creating environment hook '/home/yuzhench/Desktop/Intership/smart_arm/arm_sim_ws/install/movit_robot_arm_sim/share/movit_robot_arm_sim/hook/cmake_prefix_path.ps1'
[3.232s] INFO:colcon.colcon_core.shell:Creating environment descriptor '/home/yuzhench/Desktop/Intership/smart_arm/arm_sim_ws/install/movit_robot_arm_sim/share/movit_robot_arm_sim/hook/cmake_prefix_path.dsv'
[3.233s] INFO:colcon.colcon_core.shell:Creating environment hook '/home/yuzhench/Desktop/Intership/smart_arm/arm_sim_ws/install/movit_robot_arm_sim/share/movit_robot_arm_sim/hook/cmake_prefix_path.sh'
[3.234s] Level 1:colcon.colcon_core.environment:checking '/home/yuzhench/Desktop/Intership/smart_arm/arm_sim_ws/install/movit_robot_arm_sim/bin'
[3.234s] Level 1:colcon.colcon_core.environment:checking '/home/yuzhench/Desktop/Intership/smart_arm/arm_sim_ws/install/movit_robot_arm_sim/lib/pkgconfig/movit_robot_arm_sim.pc'
[3.234s] Level 1:colcon.colcon_core.environment:checking '/home/yuzhench/Desktop/Intership/smart_arm/arm_sim_ws/install/movit_robot_arm_sim/lib/python3.10/site-packages'
[3.234s] Level 1:colcon.colcon_core.environment:checking '/home/yuzhench/Desktop/Intership/smart_arm/arm_sim_ws/install/movit_robot_arm_sim/bin'
[3.235s] INFO:colcon.colcon_core.shell:Creating package script '/home/yuzhench/Desktop/Intership/smart_arm/arm_sim_ws/install/movit_robot_arm_sim/share/movit_robot_arm_sim/package.ps1'
[3.235s] INFO:colcon.colcon_core.shell:Creating package descriptor '/home/yuzhench/Desktop/Intership/smart_arm/arm_sim_ws/install/movit_robot_arm_sim/share/movit_robot_arm_sim/package.dsv'
[3.236s] INFO:colcon.colcon_core.shell:Creating package script '/home/yuzhench/Desktop/Intership/smart_arm/arm_sim_ws/install/movit_robot_arm_sim/share/movit_robot_arm_sim/package.sh'
[3.236s] INFO:colcon.colcon_core.shell:Creating package script '/home/yuzhench/Desktop/Intership/smart_arm/arm_sim_ws/install/movit_robot_arm_sim/share/movit_robot_arm_sim/package.bash'
[3.237s] INFO:colcon.colcon_core.shell:Creating package script '/home/yuzhench/Desktop/Intership/smart_arm/arm_sim_ws/install/movit_robot_arm_sim/share/movit_robot_arm_sim/package.zsh'
[3.238s] Level 1:colcon.colcon_core.environment:create_file_with_runtime_dependencies(/home/yuzhench/Desktop/Intership/smart_arm/arm_sim_ws/install/movit_robot_arm_sim/share/colcon-core/packages/movit_robot_arm_sim)
[3.238s] Level 1:colcon.colcon_core.environment:create_environment_scripts_only(movit_robot_arm_sim)
[3.239s] Level 1:colcon.colcon_core.environment:checking '/home/yuzhench/Desktop/Intership/smart_arm/arm_sim_ws/install/movit_robot_arm_sim' for CMake module files
[3.239s] Level 1:colcon.colcon_core.environment:checking '/home/yuzhench/Desktop/Intership/smart_arm/arm_sim_ws/install/movit_robot_arm_sim' for CMake config files
[3.240s] Level 1:colcon.colcon_core.shell:create_environment_hook('movit_robot_arm_sim', 'cmake_prefix_path')
[3.241s] INFO:colcon.colcon_core.shell:Creating environment hook '/home/yuzhench/Desktop/Intership/smart_arm/arm_sim_ws/install/movit_robot_arm_sim/share/movit_robot_arm_sim/hook/cmake_prefix_path.ps1'
[3.241s] INFO:colcon.colcon_core.shell:Creating environment descriptor '/home/yuzhench/Desktop/Intership/smart_arm/arm_sim_ws/install/movit_robot_arm_sim/share/movit_robot_arm_sim/hook/cmake_prefix_path.dsv'
[3.242s] INFO:colcon.colcon_core.shell:Creating environment hook '/home/yuzhench/Desktop/Intership/smart_arm/arm_sim_ws/install/movit_robot_arm_sim/share/movit_robot_arm_sim/hook/cmake_prefix_path.sh'
[3.243s] Level 1:colcon.colcon_core.environment:checking '/home/yuzhench/Desktop/Intership/smart_arm/arm_sim_ws/install/movit_robot_arm_sim/bin'
[3.243s] Level 1:colcon.colcon_core.environment:checking '/home/yuzhench/Desktop/Intership/smart_arm/arm_sim_ws/install/movit_robot_arm_sim/lib/pkgconfig/movit_robot_arm_sim.pc'
[3.243s] Level 1:colcon.colcon_core.environment:checking '/home/yuzhench/Desktop/Intership/smart_arm/arm_sim_ws/install/movit_robot_arm_sim/lib/python3.10/site-packages'
[3.243s] Level 1:colcon.colcon_core.environment:checking '/home/yuzhench/Desktop/Intership/smart_arm/arm_sim_ws/install/movit_robot_arm_sim/bin'
[3.244s] INFO:colcon.colcon_core.shell:Creating package script '/home/yuzhench/Desktop/Intership/smart_arm/arm_sim_ws/install/movit_robot_arm_sim/share/movit_robot_arm_sim/package.ps1'
[3.244s] INFO:colcon.colcon_core.shell:Creating package descriptor '/home/yuzhench/Desktop/Intership/smart_arm/arm_sim_ws/install/movit_robot_arm_sim/share/movit_robot_arm_sim/package.dsv'
[3.245s] INFO:colcon.colcon_core.shell:Creating package script '/home/yuzhench/Desktop/Intership/smart_arm/arm_sim_ws/install/movit_robot_arm_sim/share/movit_robot_arm_sim/package.sh'
[3.245s] INFO:colcon.colcon_core.shell:Creating package script '/home/yuzhench/Desktop/Intership/smart_arm/arm_sim_ws/install/movit_robot_arm_sim/share/movit_robot_arm_sim/package.bash'
[3.246s] INFO:colcon.colcon_core.shell:Creating package script '/home/yuzhench/Desktop/Intership/smart_arm/arm_sim_ws/install/movit_robot_arm_sim/share/movit_robot_arm_sim/package.zsh'
[3.247s] Level 1:colcon.colcon_core.environment:create_file_with_runtime_dependencies(/home/yuzhench/Desktop/Intership/smart_arm/arm_sim_ws/install/movit_robot_arm_sim/share/colcon-core/packages/movit_robot_arm_sim)
[3.247s] INFO:colcon.colcon_ros.task.ament_cmake.build:Building ROS package in '/home/yuzhench/Desktop/Intership/smart_arm/arm_sim_ws/src/traj_demo' with build type 'ament_cmake'
[3.247s] INFO:colcon.colcon_cmake.task.cmake.build:Building CMake package in '/home/yuzhench/Desktop/Intership/smart_arm/arm_sim_ws/src/traj_demo'
[3.248s] INFO:colcon.colcon_core.shell:Skip shell extension 'powershell' for command environment: Not usable outside of PowerShell
[3.248s] DEBUG:colcon.colcon_core.shell:Skip shell extension 'dsv' for command environment
[3.263s] DEBUG:colcon.colcon_core.event_handler.log_command:Invoking command in '/home/yuzhench/Desktop/Intership/smart_arm/arm_sim_ws/build/traj_demo': CMAKE_PREFIX_PATH=/home/yuzhench/Desktop/Intership/smart_arm/arm_sim_ws/install/movit_robot_arm_sim:/home/yuzhench/Desktop/Intership/smart_arm/arm_sim_ws/install/arm_sim_pkg:/home/yuzhench/Desktop/Intership/smart_arm/arm_sim_ws/install/traj_demo:/home/yuzhench/Desktop/Intership/smart_arm/arm_sim_ws/install/ros2_control_demo_example_7:/home/yuzhench/Desktop/Intership/smart_arm/arm_sim_ws/install/my_arm_moveit_config:/home/yuzhench/Desktop/Intership/smart_arm/Demo_arm_ws/install/ros2_control_demos:/home/yuzhench/Desktop/Intership/smart_arm/Demo_arm_ws/install/ros2_control_demo_example_9:/home/yuzhench/Desktop/Intership/smart_arm/Demo_arm_ws/install/ros2_control_demo_example_8:/home/yuzhench/Desktop/Intership/smart_arm/Demo_arm_ws/install/ros2_control_demo_example_7:/home/yuzhench/Desktop/Intership/smart_arm/Demo_arm_ws/install/ros2_control_demo_example_6:/home/yuzhench/Desktop/Intership/smart_arm/Demo_arm_ws/install/ros2_control_demo_example_15:/home/yuzhench/Desktop/Intership/smart_arm/Demo_arm_ws/install/ros2_control_demo_example_13:/home/yuzhench/Desktop/Intership/smart_arm/Demo_arm_ws/install/ros2_control_demo_example_5:/home/yuzhench/Desktop/Intership/smart_arm/Demo_arm_ws/install/ros2_control_demo_example_4:/home/yuzhench/Desktop/Intership/smart_arm/Demo_arm_ws/install/ros2_control_demo_example_3:/home/yuzhench/Desktop/Intership/smart_arm/Demo_arm_ws/install/ros2_control_demo_example_2:/home/yuzhench/Desktop/Intership/smart_arm/Demo_arm_ws/install/ros2_control_demo_example_14:/home/yuzhench/Desktop/Intership/smart_arm/Demo_arm_ws/install/ros2_control_demo_example_12:/home/yuzhench/Desktop/Intership/smart_arm/Demo_arm_ws/install/ros2_control_demo_example_11:/home/yuzhench/Desktop/Intership/smart_arm/Demo_arm_ws/install/ros2_control_demo_example_10:/home/yuzhench/Desktop/Intership/smart_arm/Demo_arm_ws/install/ros2_control_demo_example_1:/home/yuzhench/Desktop/Intership/smart_arm/Demo_arm_ws/install/ros2_control_demo_description:/opt/ros/humble /usr/bin/cmake --build /home/yuzhench/Desktop/Intership/smart_arm/arm_sim_ws/build/traj_demo -- -j16 -l16
[3.342s] DEBUG:colcon.colcon_core.event_handler.log_command:Invoked command in '/home/yuzhench/Desktop/Intership/smart_arm/arm_sim_ws/build/traj_demo' returned '0': CMAKE_PREFIX_PATH=/home/yuzhench/Desktop/Intership/smart_arm/arm_sim_ws/install/movit_robot_arm_sim:/home/yuzhench/Desktop/Intership/smart_arm/arm_sim_ws/install/arm_sim_pkg:/home/yuzhench/Desktop/Intership/smart_arm/arm_sim_ws/install/traj_demo:/home/yuzhench/Desktop/Intership/smart_arm/arm_sim_ws/install/ros2_control_demo_example_7:/home/yuzhench/Desktop/Intership/smart_arm/arm_sim_ws/install/my_arm_moveit_config:/home/yuzhench/Desktop/Intership/smart_arm/Demo_arm_ws/install/ros2_control_demos:/home/yuzhench/Desktop/Intership/smart_arm/Demo_arm_ws/install/ros2_control_demo_example_9:/home/yuzhench/Desktop/Intership/smart_arm/Demo_arm_ws/install/ros2_control_demo_example_8:/home/yuzhench/Desktop/Intership/smart_arm/Demo_arm_ws/install/ros2_control_demo_example_7:/home/yuzhench/Desktop/Intership/smart_arm/Demo_arm_ws/install/ros2_control_demo_example_6:/home/yuzhench/Desktop/Intership/smart_arm/Demo_arm_ws/install/ros2_control_demo_example_15:/home/yuzhench/Desktop/Intership/smart_arm/Demo_arm_ws/install/ros2_control_demo_example_13:/home/yuzhench/Desktop/Intership/smart_arm/Demo_arm_ws/install/ros2_control_demo_example_5:/home/yuzhench/Desktop/Intership/smart_arm/Demo_arm_ws/install/ros2_control_demo_example_4:/home/yuzhench/Desktop/Intership/smart_arm/Demo_arm_ws/install/ros2_control_demo_example_3:/home/yuzhench/Desktop/Intership/smart_arm/Demo_arm_ws/install/ros2_control_demo_example_2:/home/yuzhench/Desktop/Intership/smart_arm/Demo_arm_ws/install/ros2_control_demo_example_14:/home/yuzhench/Desktop/Intership/smart_arm/Demo_arm_ws/install/ros2_control_demo_example_12:/home/yuzhench/Desktop/Intership/smart_arm/Demo_arm_ws/install/ros2_control_demo_example_11:/home/yuzhench/Desktop/Intership/smart_arm/Demo_arm_ws/install/ros2_control_demo_example_10:/home/yuzhench/Desktop/Intership/smart_arm/Demo_arm_ws/install/ros2_control_demo_example_1:/home/yuzhench/Desktop/Intership/smart_arm/Demo_arm_ws/install/ros2_control_demo_description:/opt/ros/humble /usr/bin/cmake --build /home/yuzhench/Desktop/Intership/smart_arm/arm_sim_ws/build/traj_demo -- -j16 -l16
[3.343s] DEBUG:colcon.colcon_core.event_handler.log_command:Invoking command in '/home/yuzhench/Desktop/Intership/smart_arm/arm_sim_ws/build/traj_demo': CMAKE_PREFIX_PATH=/home/yuzhench/Desktop/Intership/smart_arm/arm_sim_ws/install/movit_robot_arm_sim:/home/yuzhench/Desktop/Intership/smart_arm/arm_sim_ws/install/arm_sim_pkg:/home/yuzhench/Desktop/Intership/smart_arm/arm_sim_ws/install/traj_demo:/home/yuzhench/Desktop/Intership/smart_arm/arm_sim_ws/install/ros2_control_demo_example_7:/home/yuzhench/Desktop/Intership/smart_arm/arm_sim_ws/install/my_arm_moveit_config:/home/yuzhench/Desktop/Intership/smart_arm/Demo_arm_ws/install/ros2_control_demos:/home/yuzhench/Desktop/Intership/smart_arm/Demo_arm_ws/install/ros2_control_demo_example_9:/home/yuzhench/Desktop/Intership/smart_arm/Demo_arm_ws/install/ros2_control_demo_example_8:/home/yuzhench/Desktop/Intership/smart_arm/Demo_arm_ws/install/ros2_control_demo_example_7:/home/yuzhench/Desktop/Intership/smart_arm/Demo_arm_ws/install/ros2_control_demo_example_6:/home/yuzhench/Desktop/Intership/smart_arm/Demo_arm_ws/install/ros2_control_demo_example_15:/home/yuzhench/Desktop/Intership/smart_arm/Demo_arm_ws/install/ros2_control_demo_example_13:/home/yuzhench/Desktop/Intership/smart_arm/Demo_arm_ws/install/ros2_control_demo_example_5:/home/yuzhench/Desktop/Intership/smart_arm/Demo_arm_ws/install/ros2_control_demo_example_4:/home/yuzhench/Desktop/Intership/smart_arm/Demo_arm_ws/install/ros2_control_demo_example_3:/home/yuzhench/Desktop/Intership/smart_arm/Demo_arm_ws/install/ros2_control_demo_example_2:/home/yuzhench/Desktop/Intership/smart_arm/Demo_arm_ws/install/ros2_control_demo_example_14:/home/yuzhench/Desktop/Intership/smart_arm/Demo_arm_ws/install/ros2_control_demo_example_12:/home/yuzhench/Desktop/Intership/smart_arm/Demo_arm_ws/install/ros2_control_demo_example_11:/home/yuzhench/Desktop/Intership/smart_arm/Demo_arm_ws/install/ros2_control_demo_example_10:/home/yuzhench/Desktop/Intership/smart_arm/Demo_arm_ws/install/ros2_control_demo_example_1:/home/yuzhench/Desktop/Intership/smart_arm/Demo_arm_ws/install/ros2_control_demo_description:/opt/ros/humble /usr/bin/cmake --install /home/yuzhench/Desktop/Intership/smart_arm/arm_sim_ws/build/traj_demo
[3.362s] Level 1:colcon.colcon_core.environment:create_environment_scripts_only(traj_demo)
[3.363s] Level 1:colcon.colcon_core.environment:checking '/home/yuzhench/Desktop/Intership/smart_arm/arm_sim_ws/install/traj_demo' for CMake module files
[3.363s] DEBUG:colcon.colcon_core.event_handler.log_command:Invoked command in '/home/yuzhench/Desktop/Intership/smart_arm/arm_sim_ws/build/traj_demo' returned '0': CMAKE_PREFIX_PATH=/home/yuzhench/Desktop/Intership/smart_arm/arm_sim_ws/install/movit_robot_arm_sim:/home/yuzhench/Desktop/Intership/smart_arm/arm_sim_ws/install/arm_sim_pkg:/home/yuzhench/Desktop/Intership/smart_arm/arm_sim_ws/install/traj_demo:/home/yuzhench/Desktop/Intership/smart_arm/arm_sim_ws/install/ros2_control_demo_example_7:/home/yuzhench/Desktop/Intership/smart_arm/arm_sim_ws/install/my_arm_moveit_config:/home/yuzhench/Desktop/Intership/smart_arm/Demo_arm_ws/install/ros2_control_demos:/home/yuzhench/Desktop/Intership/smart_arm/Demo_arm_ws/install/ros2_control_demo_example_9:/home/yuzhench/Desktop/Intership/smart_arm/Demo_arm_ws/install/ros2_control_demo_example_8:/home/yuzhench/Desktop/Intership/smart_arm/Demo_arm_ws/install/ros2_control_demo_example_7:/home/yuzhench/Desktop/Intership/smart_arm/Demo_arm_ws/install/ros2_control_demo_example_6:/home/yuzhench/Desktop/Intership/smart_arm/Demo_arm_ws/install/ros2_control_demo_example_15:/home/yuzhench/Desktop/Intership/smart_arm/Demo_arm_ws/install/ros2_control_demo_example_13:/home/yuzhench/Desktop/Intership/smart_arm/Demo_arm_ws/install/ros2_control_demo_example_5:/home/yuzhench/Desktop/Intership/smart_arm/Demo_arm_ws/install/ros2_control_demo_example_4:/home/yuzhench/Desktop/Intership/smart_arm/Demo_arm_ws/install/ros2_control_demo_example_3:/home/yuzhench/Desktop/Intership/smart_arm/Demo_arm_ws/install/ros2_control_demo_example_2:/home/yuzhench/Desktop/Intership/smart_arm/Demo_arm_ws/install/ros2_control_demo_example_14:/home/yuzhench/Desktop/Intership/smart_arm/Demo_arm_ws/install/ros2_control_demo_example_12:/home/yuzhench/Desktop/Intership/smart_arm/Demo_arm_ws/install/ros2_control_demo_example_11:/home/yuzhench/Desktop/Intership/smart_arm/Demo_arm_ws/install/ros2_control_demo_example_10:/home/yuzhench/Desktop/Intership/smart_arm/Demo_arm_ws/install/ros2_control_demo_example_1:/home/yuzhench/Desktop/Intership/smart_arm/Demo_arm_ws/install/ros2_control_demo_description:/opt/ros/humble /usr/bin/cmake --install /home/yuzhench/Desktop/Intership/smart_arm/arm_sim_ws/build/traj_demo
[3.363s] Level 1:colcon.colcon_core.environment:checking '/home/yuzhench/Desktop/Intership/smart_arm/arm_sim_ws/install/traj_demo' for CMake config files
[3.363s] Level 1:colcon.colcon_core.shell:create_environment_hook('traj_demo', 'cmake_prefix_path')
[3.364s] INFO:colcon.colcon_core.shell:Creating environment hook '/home/yuzhench/Desktop/Intership/smart_arm/arm_sim_ws/install/traj_demo/share/traj_demo/hook/cmake_prefix_path.ps1'
[3.364s] INFO:colcon.colcon_core.shell:Creating environment descriptor '/home/yuzhench/Desktop/Intership/smart_arm/arm_sim_ws/install/traj_demo/share/traj_demo/hook/cmake_prefix_path.dsv'
[3.364s] INFO:colcon.colcon_core.shell:Creating environment hook '/home/yuzhench/Desktop/Intership/smart_arm/arm_sim_ws/install/traj_demo/share/traj_demo/hook/cmake_prefix_path.sh'
[3.365s] Level 1:colcon.colcon_core.environment:checking '/home/yuzhench/Desktop/Intership/smart_arm/arm_sim_ws/install/traj_demo/lib'
[3.365s] Level 1:colcon.colcon_core.environment:checking '/home/yuzhench/Desktop/Intership/smart_arm/arm_sim_ws/install/traj_demo/bin'
[3.365s] Level 1:colcon.colcon_core.environment:checking '/home/yuzhench/Desktop/Intership/smart_arm/arm_sim_ws/install/traj_demo/lib/pkgconfig/traj_demo.pc'
[3.365s] Level 1:colcon.colcon_core.environment:checking '/home/yuzhench/Desktop/Intership/smart_arm/arm_sim_ws/install/traj_demo/lib/python3.10/site-packages'
[3.365s] Level 1:colcon.colcon_core.environment:checking '/home/yuzhench/Desktop/Intership/smart_arm/arm_sim_ws/install/traj_demo/bin'
[3.366s] INFO:colcon.colcon_core.shell:Creating package script '/home/yuzhench/Desktop/Intership/smart_arm/arm_sim_ws/install/traj_demo/share/traj_demo/package.ps1'
[3.366s] INFO:colcon.colcon_core.shell:Creating package descriptor '/home/yuzhench/Desktop/Intership/smart_arm/arm_sim_ws/install/traj_demo/share/traj_demo/package.dsv'
[3.367s] INFO:colcon.colcon_core.shell:Creating package script '/home/yuzhench/Desktop/Intership/smart_arm/arm_sim_ws/install/traj_demo/share/traj_demo/package.sh'
[3.367s] INFO:colcon.colcon_core.shell:Creating package script '/home/yuzhench/Desktop/Intership/smart_arm/arm_sim_ws/install/traj_demo/share/traj_demo/package.bash'
[3.367s] INFO:colcon.colcon_core.shell:Creating package script '/home/yuzhench/Desktop/Intership/smart_arm/arm_sim_ws/install/traj_demo/share/traj_demo/package.zsh'
[3.368s] Level 1:colcon.colcon_core.environment:create_file_with_runtime_dependencies(/home/yuzhench/Desktop/Intership/smart_arm/arm_sim_ws/install/traj_demo/share/colcon-core/packages/traj_demo)
[3.368s] Level 1:colcon.colcon_core.environment:create_environment_scripts_only(traj_demo)
[3.368s] Level 1:colcon.colcon_core.environment:checking '/home/yuzhench/Desktop/Intership/smart_arm/arm_sim_ws/install/traj_demo' for CMake module files
[3.368s] Level 1:colcon.colcon_core.environment:checking '/home/yuzhench/Desktop/Intership/smart_arm/arm_sim_ws/install/traj_demo' for CMake config files
[3.368s] Level 1:colcon.colcon_core.shell:create_environment_hook('traj_demo', 'cmake_prefix_path')
[3.369s] INFO:colcon.colcon_core.shell:Creating environment hook '/home/yuzhench/Desktop/Intership/smart_arm/arm_sim_ws/install/traj_demo/share/traj_demo/hook/cmake_prefix_path.ps1'
[3.369s] INFO:colcon.colcon_core.shell:Creating environment descriptor '/home/yuzhench/Desktop/Intership/smart_arm/arm_sim_ws/install/traj_demo/share/traj_demo/hook/cmake_prefix_path.dsv'
[3.369s] INFO:colcon.colcon_core.shell:Creating environment hook '/home/yuzhench/Desktop/Intership/smart_arm/arm_sim_ws/install/traj_demo/share/traj_demo/hook/cmake_prefix_path.sh'
[3.369s] Level 1:colcon.colcon_core.environment:checking '/home/yuzhench/Desktop/Intership/smart_arm/arm_sim_ws/install/traj_demo/lib'
[3.369s] Level 1:colcon.colcon_core.environment:checking '/home/yuzhench/Desktop/Intership/smart_arm/arm_sim_ws/install/traj_demo/bin'
[3.369s] Level 1:colcon.colcon_core.environment:checking '/home/yuzhench/Desktop/Intership/smart_arm/arm_sim_ws/install/traj_demo/lib/pkgconfig/traj_demo.pc'
[3.369s] Level 1:colcon.colcon_core.environment:checking '/home/yuzhench/Desktop/Intership/smart_arm/arm_sim_ws/install/traj_demo/lib/python3.10/site-packages'
[3.369s] Level 1:colcon.colcon_core.environment:checking '/home/yuzhench/Desktop/Intership/smart_arm/arm_sim_ws/install/traj_demo/bin'
[3.370s] INFO:colcon.colcon_core.shell:Creating package script '/home/yuzhench/Desktop/Intership/smart_arm/arm_sim_ws/install/traj_demo/share/traj_demo/package.ps1'
[3.370s] INFO:colcon.colcon_core.shell:Creating package descriptor '/home/yuzhench/Desktop/Intership/smart_arm/arm_sim_ws/install/traj_demo/share/traj_demo/package.dsv'
[3.370s] INFO:colcon.colcon_core.shell:Creating package script '/home/yuzhench/Desktop/Intership/smart_arm/arm_sim_ws/install/traj_demo/share/traj_demo/package.sh'
[3.370s] INFO:colcon.colcon_core.shell:Creating package script '/home/yuzhench/Desktop/Intership/smart_arm/arm_sim_ws/install/traj_demo/share/traj_demo/package.bash'
[3.370s] INFO:colcon.colcon_core.shell:Creating package script '/home/yuzhench/Desktop/Intership/smart_arm/arm_sim_ws/install/traj_demo/share/traj_demo/package.zsh'
[3.371s] Level 1:colcon.colcon_core.environment:create_file_with_runtime_dependencies(/home/yuzhench/Desktop/Intership/smart_arm/arm_sim_ws/install/traj_demo/share/colcon-core/packages/traj_demo)
[3.371s] DEBUG:colcon.colcon_parallel_executor.executor.parallel:closing loop
[3.371s] DEBUG:colcon.colcon_parallel_executor.executor.parallel:loop closed
[3.371s] DEBUG:colcon.colcon_parallel_executor.executor.parallel:run_until_complete finished with '0'
[3.371s] DEBUG:colcon.colcon_core.event_reactor:joining thread
[3.379s] INFO:colcon.colcon_core.plugin_system:Skipping extension 'colcon_notification.desktop_notification.terminal_notifier': Not used on non-Darwin systems
[3.379s] INFO:colcon.colcon_core.plugin_system:Skipping extension 'colcon_notification.desktop_notification.win32': Not used on non-Windows systems
[3.379s] INFO:colcon.colcon_notification.desktop_notification:Sending desktop notification using 'notify2'
[3.393s] DEBUG:colcon.colcon_core.event_reactor:joined thread
[3.393s] INFO:colcon.colcon_core.shell:Creating prefix script '/home/yuzhench/Desktop/Intership/smart_arm/arm_sim_ws/install/local_setup.ps1'
[3.395s] INFO:colcon.colcon_core.shell:Creating prefix util module '/home/yuzhench/Desktop/Intership/smart_arm/arm_sim_ws/install/_local_setup_util_ps1.py'
[3.397s] INFO:colcon.colcon_core.shell:Creating prefix chain script '/home/yuzhench/Desktop/Intership/smart_arm/arm_sim_ws/install/setup.ps1'
[3.400s] INFO:colcon.colcon_core.shell:Creating prefix script '/home/yuzhench/Desktop/Intership/smart_arm/arm_sim_ws/install/local_setup.sh'
[3.400s] INFO:colcon.colcon_core.shell:Creating prefix util module '/home/yuzhench/Desktop/Intership/smart_arm/arm_sim_ws/install/_local_setup_util_sh.py'
[3.400s] INFO:colcon.colcon_core.shell:Creating prefix chain script '/home/yuzhench/Desktop/Intership/smart_arm/arm_sim_ws/install/setup.sh'
[3.401s] INFO:colcon.colcon_core.shell:Creating prefix script '/home/yuzhench/Desktop/Intership/smart_arm/arm_sim_ws/install/local_setup.bash'
[3.402s] INFO:colcon.colcon_core.shell:Creating prefix chain script '/home/yuzhench/Desktop/Intership/smart_arm/arm_sim_ws/install/setup.bash'
[3.403s] INFO:colcon.colcon_core.shell:Creating prefix script '/home/yuzhench/Desktop/Intership/smart_arm/arm_sim_ws/install/local_setup.zsh'
[3.403s] INFO:colcon.colcon_core.shell:Creating prefix chain script '/home/yuzhench/Desktop/Intership/smart_arm/arm_sim_ws/install/setup.zsh'
