[0.009s] Invoking command in '/home/yuzhench/Desktop/Intership/smart_arm/arm_sim_ws/build/traj_demo': CMAKE_PREFIX_PATH=/home/yuzhench/Desktop/Intership/smart_arm/arm_sim_ws/install/movit_robot_arm_sim:/home/yuzhench/Desktop/Intership/smart_arm/arm_sim_ws/install/arm_sim_pkg:/home/yuzhench/Desktop/Intership/smart_arm/arm_sim_ws/install/traj_demo:/home/yuzhench/Desktop/Intership/smart_arm/arm_sim_ws/install/ros2_control_demo_example_7:/home/yuzhench/Desktop/Intership/smart_arm/arm_sim_ws/install/robot_bringup:/opt/ros/humble LD_LIBRARY_PATH=/home/yuzhench/Desktop/Intership/smart_arm/arm_sim_ws/install/arm_sim_pkg/lib:/home/yuzhench/Desktop/Intership/smart_arm/arm_sim_ws/install/ros2_control_demo_example_7/lib:/opt/ros/humble/opt/rviz_ogre_vendor/lib:/opt/ros/humble/lib/x86_64-linux-gnu:/opt/ros/humble/lib /usr/bin/cmake --build /home/yuzhench/Desktop/Intership/smart_arm/arm_sim_ws/build/traj_demo -- -j16 -l16
[0.047s] [35m[1mConsolidate compiler generated dependencies of target plan_once[0m
[0.069s] [ 50%] [32mBuilding CXX object CMakeFiles/plan_once.dir/src/plan_once.cpp.o[0m
[5.167s] [100%] [32m[1mLinking CXX executable plan_once[0m
[5.361s] [100%] Built target plan_once
[5.370s] Invoked command in '/home/yuzhench/Desktop/Intership/smart_arm/arm_sim_ws/build/traj_demo' returned '0': CMAKE_PREFIX_PATH=/home/yuzhench/Desktop/Intership/smart_arm/arm_sim_ws/install/movit_robot_arm_sim:/home/yuzhench/Desktop/Intership/smart_arm/arm_sim_ws/install/arm_sim_pkg:/home/yuzhench/Desktop/Intership/smart_arm/arm_sim_ws/install/traj_demo:/home/yuzhench/Desktop/Intership/smart_arm/arm_sim_ws/install/ros2_control_demo_example_7:/home/yuzhench/Desktop/Intership/smart_arm/arm_sim_ws/install/robot_bringup:/opt/ros/humble LD_LIBRARY_PATH=/home/yuzhench/Desktop/Intership/smart_arm/arm_sim_ws/install/arm_sim_pkg/lib:/home/yuzhench/Desktop/Intership/smart_arm/arm_sim_ws/install/ros2_control_demo_example_7/lib:/opt/ros/humble/opt/rviz_ogre_vendor/lib:/opt/ros/humble/lib/x86_64-linux-gnu:/opt/ros/humble/lib /usr/bin/cmake --build /home/yuzhench/Desktop/Intership/smart_arm/arm_sim_ws/build/traj_demo -- -j16 -l16
[5.372s] Invoking command in '/home/yuzhench/Desktop/Intership/smart_arm/arm_sim_ws/build/traj_demo': CMAKE_PREFIX_PATH=/home/yuzhench/Desktop/Intership/smart_arm/arm_sim_ws/install/movit_robot_arm_sim:/home/yuzhench/Desktop/Intership/smart_arm/arm_sim_ws/install/arm_sim_pkg:/home/yuzhench/Desktop/Intership/smart_arm/arm_sim_ws/install/traj_demo:/home/yuzhench/Desktop/Intership/smart_arm/arm_sim_ws/install/ros2_control_demo_example_7:/home/yuzhench/Desktop/Intership/smart_arm/arm_sim_ws/install/robot_bringup:/opt/ros/humble LD_LIBRARY_PATH=/home/yuzhench/Desktop/Intership/smart_arm/arm_sim_ws/install/arm_sim_pkg/lib:/home/yuzhench/Desktop/Intership/smart_arm/arm_sim_ws/install/ros2_control_demo_example_7/lib:/opt/ros/humble/opt/rviz_ogre_vendor/lib:/opt/ros/humble/lib/x86_64-linux-gnu:/opt/ros/humble/lib /usr/bin/cmake --install /home/yuzhench/Desktop/Intership/smart_arm/arm_sim_ws/build/traj_demo
[5.379s] -- Install configuration: ""
[5.380s] -- Execute custom install script
[5.380s] -- Up-to-date symlink: /home/yuzhench/Desktop/Intership/smart_arm/arm_sim_ws/install/traj_demo/lib/traj_demo/plan_once
[5.380s] -- Up-to-date symlink: /home/yuzhench/Desktop/Intership/smart_arm/arm_sim_ws/install/traj_demo/share/traj_demo/launch/plan_once.launch.py
[5.380s] -- Up-to-date symlink: /home/yuzhench/Desktop/Intership/smart_arm/arm_sim_ws/install/traj_demo/share/ament_index/resource_index/package_run_dependencies/traj_demo
[5.380s] -- Up-to-date symlink: /home/yuzhench/Desktop/Intership/smart_arm/arm_sim_ws/install/traj_demo/share/ament_index/resource_index/parent_prefix_path/traj_demo
[5.380s] -- Up-to-date symlink: /home/yuzhench/Desktop/Intership/smart_arm/arm_sim_ws/install/traj_demo/share/traj_demo/environment/ament_prefix_path.sh
[5.380s] -- Up-to-date symlink: /home/yuzhench/Desktop/Intership/smart_arm/arm_sim_ws/install/traj_demo/share/traj_demo/environment/ament_prefix_path.dsv
[5.381s] -- Up-to-date symlink: /home/yuzhench/Desktop/Intership/smart_arm/arm_sim_ws/install/traj_demo/share/traj_demo/environment/path.sh
[5.381s] -- Up-to-date symlink: /home/yuzhench/Desktop/Intership/smart_arm/arm_sim_ws/install/traj_demo/share/traj_demo/environment/path.dsv
[5.381s] -- Up-to-date symlink: /home/yuzhench/Desktop/Intership/smart_arm/arm_sim_ws/install/traj_demo/share/traj_demo/local_setup.bash
[5.381s] -- Up-to-date symlink: /home/yuzhench/Desktop/Intership/smart_arm/arm_sim_ws/install/traj_demo/share/traj_demo/local_setup.sh
[5.381s] -- Up-to-date symlink: /home/yuzhench/Desktop/Intership/smart_arm/arm_sim_ws/install/traj_demo/share/traj_demo/local_setup.zsh
[5.381s] -- Up-to-date symlink: /home/yuzhench/Desktop/Intership/smart_arm/arm_sim_ws/install/traj_demo/share/traj_demo/local_setup.dsv
[5.381s] -- Symlinking: /home/yuzhench/Desktop/Intership/smart_arm/arm_sim_ws/install/traj_demo/share/traj_demo/package.dsv
[5.390s] -- Up-to-date symlink: /home/yuzhench/Desktop/Intership/smart_arm/arm_sim_ws/install/traj_demo/share/ament_index/resource_index/packages/traj_demo
[5.390s] -- Up-to-date symlink: /home/yuzhench/Desktop/Intership/smart_arm/arm_sim_ws/install/traj_demo/share/traj_demo/cmake/traj_demoConfig.cmake
[5.390s] -- Up-to-date symlink: /home/yuzhench/Desktop/Intership/smart_arm/arm_sim_ws/install/traj_demo/share/traj_demo/cmake/traj_demoConfig-version.cmake
[5.390s] -- Up-to-date symlink: /home/yuzhench/Desktop/Intership/smart_arm/arm_sim_ws/install/traj_demo/share/traj_demo/package.xml
[5.393s] Invoked command in '/home/yuzhench/Desktop/Intership/smart_arm/arm_sim_ws/build/traj_demo' returned '0': CMAKE_PREFIX_PATH=/home/yuzhench/Desktop/Intership/smart_arm/arm_sim_ws/install/movit_robot_arm_sim:/home/yuzhench/Desktop/Intership/smart_arm/arm_sim_ws/install/arm_sim_pkg:/home/yuzhench/Desktop/Intership/smart_arm/arm_sim_ws/install/traj_demo:/home/yuzhench/Desktop/Intership/smart_arm/arm_sim_ws/install/ros2_control_demo_example_7:/home/yuzhench/Desktop/Intership/smart_arm/arm_sim_ws/install/robot_bringup:/opt/ros/humble LD_LIBRARY_PATH=/home/yuzhench/Desktop/Intership/smart_arm/arm_sim_ws/install/arm_sim_pkg/lib:/home/yuzhench/Desktop/Intership/smart_arm/arm_sim_ws/install/ros2_control_demo_example_7/lib:/opt/ros/humble/opt/rviz_ogre_vendor/lib:/opt/ros/humble/lib/x86_64-linux-gnu:/opt/ros/humble/lib /usr/bin/cmake --install /home/yuzhench/Desktop/Intership/smart_arm/arm_sim_ws/build/traj_demo
