[0.008s] Invoking command in '/home/yuzhench/Desktop/Intership/smart_arm/arm_sim_ws/build/movit_robot_arm_sim': CMAKE_PREFIX_PATH=/home/yuzhench/Desktop/Intership/smart_arm/arm_sim_ws/install/arm_sim_pkg:/home/yuzhench/Desktop/Intership/smart_arm/arm_sim_ws/install/traj_demo:/home/yuzhench/Desktop/Intership/smart_arm/arm_sim_ws/install/ros2_control_demo_example_7:/home/yuzhench/Desktop/Intership/smart_arm/arm_sim_ws/install/movit_robot_arm_sim:/home/yuzhench/Desktop/Intership/smart_arm/arm_sim_ws/install/robot_bringup:/opt/ros/humble LD_LIBRARY_PATH=/home/yuzhench/Desktop/Intership/smart_arm/arm_sim_ws/install/arm_sim_pkg/lib:/home/yuzhench/Desktop/Intership/smart_arm/arm_sim_ws/install/ros2_control_demo_example_7/lib:/opt/ros/humble/opt/rviz_ogre_vendor/lib:/opt/ros/humble/lib/x86_64-linux-gnu:/opt/ros/humble/lib /usr/bin/cmake /home/yuzhench/Desktop/Intership/smart_arm/arm_sim_ws/src/movit_robot_arm_sim -DAMENT_CMAKE_SYMLINK_INSTALL=1 -DCMAKE_INSTALL_PREFIX=/home/yuzhench/Desktop/Intership/smart_arm/arm_sim_ws/install/movit_robot_arm_sim
[0.050s] -- The C compiler identification is GNU 11.4.0
[0.091s] -- The CXX compiler identification is GNU 11.4.0
[0.100s] -- Detecting C compiler ABI info
[0.157s] -- Detecting C compiler ABI info - done
[0.161s] -- Check for working C compiler: /usr/bin/cc - skipped
[0.161s] -- Detecting C compile features
[0.161s] -- Detecting C compile features - done
[0.163s] -- Detecting CXX compiler ABI info
[0.226s] -- Detecting CXX compiler ABI info - done
[0.230s] -- Check for working CXX compiler: /usr/bin/c++ - skipped
[0.230s] -- Detecting CXX compile features
[0.231s] -- Detecting CXX compile features - done
[0.232s] -- Found ament_cmake: 1.3.12 (/opt/ros/humble/share/ament_cmake/cmake)
[0.333s] -- Found Python3: /usr/bin/python3 (found version "3.10.12") found components: Interpreter 
[0.373s] -- Override CMake install command with custom implementation using symlinks instead of copying resources
[0.449s] -- Configuring done
[0.452s] -- Generating done
[0.453s] -- Build files have been written to: /home/yuzhench/Desktop/Intership/smart_arm/arm_sim_ws/build/movit_robot_arm_sim
[0.458s] Invoked command in '/home/yuzhench/Desktop/Intership/smart_arm/arm_sim_ws/build/movit_robot_arm_sim' returned '0': CMAKE_PREFIX_PATH=/home/yuzhench/Desktop/Intership/smart_arm/arm_sim_ws/install/arm_sim_pkg:/home/yuzhench/Desktop/Intership/smart_arm/arm_sim_ws/install/traj_demo:/home/yuzhench/Desktop/Intership/smart_arm/arm_sim_ws/install/ros2_control_demo_example_7:/home/yuzhench/Desktop/Intership/smart_arm/arm_sim_ws/install/movit_robot_arm_sim:/home/yuzhench/Desktop/Intership/smart_arm/arm_sim_ws/install/robot_bringup:/opt/ros/humble LD_LIBRARY_PATH=/home/yuzhench/Desktop/Intership/smart_arm/arm_sim_ws/install/arm_sim_pkg/lib:/home/yuzhench/Desktop/Intership/smart_arm/arm_sim_ws/install/ros2_control_demo_example_7/lib:/opt/ros/humble/opt/rviz_ogre_vendor/lib:/opt/ros/humble/lib/x86_64-linux-gnu:/opt/ros/humble/lib /usr/bin/cmake /home/yuzhench/Desktop/Intership/smart_arm/arm_sim_ws/src/movit_robot_arm_sim -DAMENT_CMAKE_SYMLINK_INSTALL=1 -DCMAKE_INSTALL_PREFIX=/home/yuzhench/Desktop/Intership/smart_arm/arm_sim_ws/install/movit_robot_arm_sim
[0.458s] Invoking command in '/home/yuzhench/Desktop/Intership/smart_arm/arm_sim_ws/build/movit_robot_arm_sim': CMAKE_PREFIX_PATH=/home/yuzhench/Desktop/Intership/smart_arm/arm_sim_ws/install/arm_sim_pkg:/home/yuzhench/Desktop/Intership/smart_arm/arm_sim_ws/install/traj_demo:/home/yuzhench/Desktop/Intership/smart_arm/arm_sim_ws/install/ros2_control_demo_example_7:/home/yuzhench/Desktop/Intership/smart_arm/arm_sim_ws/install/movit_robot_arm_sim:/home/yuzhench/Desktop/Intership/smart_arm/arm_sim_ws/install/robot_bringup:/opt/ros/humble LD_LIBRARY_PATH=/home/yuzhench/Desktop/Intership/smart_arm/arm_sim_ws/install/arm_sim_pkg/lib:/home/yuzhench/Desktop/Intership/smart_arm/arm_sim_ws/install/ros2_control_demo_example_7/lib:/opt/ros/humble/opt/rviz_ogre_vendor/lib:/opt/ros/humble/lib/x86_64-linux-gnu:/opt/ros/humble/lib /usr/bin/cmake --build /home/yuzhench/Desktop/Intership/smart_arm/arm_sim_ws/build/movit_robot_arm_sim -- -j16 -l16
[0.493s] Invoked command in '/home/yuzhench/Desktop/Intership/smart_arm/arm_sim_ws/build/movit_robot_arm_sim' returned '0': CMAKE_PREFIX_PATH=/home/yuzhench/Desktop/Intership/smart_arm/arm_sim_ws/install/arm_sim_pkg:/home/yuzhench/Desktop/Intership/smart_arm/arm_sim_ws/install/traj_demo:/home/yuzhench/Desktop/Intership/smart_arm/arm_sim_ws/install/ros2_control_demo_example_7:/home/yuzhench/Desktop/Intership/smart_arm/arm_sim_ws/install/movit_robot_arm_sim:/home/yuzhench/Desktop/Intership/smart_arm/arm_sim_ws/install/robot_bringup:/opt/ros/humble LD_LIBRARY_PATH=/home/yuzhench/Desktop/Intership/smart_arm/arm_sim_ws/install/arm_sim_pkg/lib:/home/yuzhench/Desktop/Intership/smart_arm/arm_sim_ws/install/ros2_control_demo_example_7/lib:/opt/ros/humble/opt/rviz_ogre_vendor/lib:/opt/ros/humble/lib/x86_64-linux-gnu:/opt/ros/humble/lib /usr/bin/cmake --build /home/yuzhench/Desktop/Intership/smart_arm/arm_sim_ws/build/movit_robot_arm_sim -- -j16 -l16
[0.494s] Invoking command in '/home/yuzhench/Desktop/Intership/smart_arm/arm_sim_ws/build/movit_robot_arm_sim': CMAKE_PREFIX_PATH=/home/yuzhench/Desktop/Intership/smart_arm/arm_sim_ws/install/arm_sim_pkg:/home/yuzhench/Desktop/Intership/smart_arm/arm_sim_ws/install/traj_demo:/home/yuzhench/Desktop/Intership/smart_arm/arm_sim_ws/install/ros2_control_demo_example_7:/home/yuzhench/Desktop/Intership/smart_arm/arm_sim_ws/install/movit_robot_arm_sim:/home/yuzhench/Desktop/Intership/smart_arm/arm_sim_ws/install/robot_bringup:/opt/ros/humble LD_LIBRARY_PATH=/home/yuzhench/Desktop/Intership/smart_arm/arm_sim_ws/install/arm_sim_pkg/lib:/home/yuzhench/Desktop/Intership/smart_arm/arm_sim_ws/install/ros2_control_demo_example_7/lib:/opt/ros/humble/opt/rviz_ogre_vendor/lib:/opt/ros/humble/lib/x86_64-linux-gnu:/opt/ros/humble/lib /usr/bin/cmake --install /home/yuzhench/Desktop/Intership/smart_arm/arm_sim_ws/build/movit_robot_arm_sim
[0.500s] -- Install configuration: ""
[0.500s] -- Execute custom install script
[0.501s] -- Symlinking: /home/yuzhench/Desktop/Intership/smart_arm/arm_sim_ws/install/movit_robot_arm_sim/share/ament_index/resource_index/package_run_dependencies/movit_robot_arm_sim
[0.508s] -- Symlinking: /home/yuzhench/Desktop/Intership/smart_arm/arm_sim_ws/install/movit_robot_arm_sim/share/ament_index/resource_index/parent_prefix_path/movit_robot_arm_sim
[0.515s] -- Symlinking: /home/yuzhench/Desktop/Intership/smart_arm/arm_sim_ws/install/movit_robot_arm_sim/share/movit_robot_arm_sim/environment/ament_prefix_path.sh
[0.522s] -- Symlinking: /home/yuzhench/Desktop/Intership/smart_arm/arm_sim_ws/install/movit_robot_arm_sim/share/movit_robot_arm_sim/environment/ament_prefix_path.dsv
[0.529s] -- Symlinking: /home/yuzhench/Desktop/Intership/smart_arm/arm_sim_ws/install/movit_robot_arm_sim/share/movit_robot_arm_sim/environment/path.sh
[0.537s] -- Symlinking: /home/yuzhench/Desktop/Intership/smart_arm/arm_sim_ws/install/movit_robot_arm_sim/share/movit_robot_arm_sim/environment/path.dsv
[0.545s] -- Symlinking: /home/yuzhench/Desktop/Intership/smart_arm/arm_sim_ws/install/movit_robot_arm_sim/share/movit_robot_arm_sim/local_setup.bash
[0.553s] -- Symlinking: /home/yuzhench/Desktop/Intership/smart_arm/arm_sim_ws/install/movit_robot_arm_sim/share/movit_robot_arm_sim/local_setup.sh
[0.561s] -- Symlinking: /home/yuzhench/Desktop/Intership/smart_arm/arm_sim_ws/install/movit_robot_arm_sim/share/movit_robot_arm_sim/local_setup.zsh
[0.568s] -- Symlinking: /home/yuzhench/Desktop/Intership/smart_arm/arm_sim_ws/install/movit_robot_arm_sim/share/movit_robot_arm_sim/local_setup.dsv
[0.575s] -- Symlinking: /home/yuzhench/Desktop/Intership/smart_arm/arm_sim_ws/install/movit_robot_arm_sim/share/movit_robot_arm_sim/package.dsv
[0.582s] -- Symlinking: /home/yuzhench/Desktop/Intership/smart_arm/arm_sim_ws/install/movit_robot_arm_sim/share/ament_index/resource_index/packages/movit_robot_arm_sim
[0.589s] -- Symlinking: /home/yuzhench/Desktop/Intership/smart_arm/arm_sim_ws/install/movit_robot_arm_sim/share/movit_robot_arm_sim/cmake/movit_robot_arm_simConfig.cmake
[0.600s] -- Symlinking: /home/yuzhench/Desktop/Intership/smart_arm/arm_sim_ws/install/movit_robot_arm_sim/share/movit_robot_arm_sim/cmake/movit_robot_arm_simConfig-version.cmake
[0.609s] -- Symlinking: /home/yuzhench/Desktop/Intership/smart_arm/arm_sim_ws/install/movit_robot_arm_sim/share/movit_robot_arm_sim/package.xml
[0.616s] -- Symlinking: /home/yuzhench/Desktop/Intership/smart_arm/arm_sim_ws/install/movit_robot_arm_sim/share/movit_robot_arm_sim/launch/demo.launch.py
[0.623s] -- Symlinking: /home/yuzhench/Desktop/Intership/smart_arm/arm_sim_ws/install/movit_robot_arm_sim/share/movit_robot_arm_sim/launch/move_group.launch.py
[0.630s] -- Symlinking: /home/yuzhench/Desktop/Intership/smart_arm/arm_sim_ws/install/movit_robot_arm_sim/share/movit_robot_arm_sim/launch/moveit_rviz.launch.py
[0.637s] -- Symlinking: /home/yuzhench/Desktop/Intership/smart_arm/arm_sim_ws/install/movit_robot_arm_sim/share/movit_robot_arm_sim/launch/rsp.launch.py
[0.645s] -- Symlinking: /home/yuzhench/Desktop/Intership/smart_arm/arm_sim_ws/install/movit_robot_arm_sim/share/movit_robot_arm_sim/launch/setup_assistant.launch.py
[0.653s] -- Symlinking: /home/yuzhench/Desktop/Intership/smart_arm/arm_sim_ws/install/movit_robot_arm_sim/share/movit_robot_arm_sim/launch/spawn_controllers.launch.py
[0.660s] -- Symlinking: /home/yuzhench/Desktop/Intership/smart_arm/arm_sim_ws/install/movit_robot_arm_sim/share/movit_robot_arm_sim/launch/static_virtual_joint_tfs.launch.py
[0.667s] -- Symlinking: /home/yuzhench/Desktop/Intership/smart_arm/arm_sim_ws/install/movit_robot_arm_sim/share/movit_robot_arm_sim/launch/warehouse_db.launch.py
[0.675s] -- Symlinking: /home/yuzhench/Desktop/Intership/smart_arm/arm_sim_ws/install/movit_robot_arm_sim/share/movit_robot_arm_sim/config/five_joint_arm.ros2_control.xacro
[0.682s] -- Symlinking: /home/yuzhench/Desktop/Intership/smart_arm/arm_sim_ws/install/movit_robot_arm_sim/share/movit_robot_arm_sim/config/five_joint_arm.srdf
[0.688s] -- Symlinking: /home/yuzhench/Desktop/Intership/smart_arm/arm_sim_ws/install/movit_robot_arm_sim/share/movit_robot_arm_sim/config/five_joint_arm.urdf.xacro
[0.698s] -- Symlinking: /home/yuzhench/Desktop/Intership/smart_arm/arm_sim_ws/install/movit_robot_arm_sim/share/movit_robot_arm_sim/config/initial_positions.yaml
[0.705s] -- Symlinking: /home/yuzhench/Desktop/Intership/smart_arm/arm_sim_ws/install/movit_robot_arm_sim/share/movit_robot_arm_sim/config/joint_limits.yaml
[0.712s] -- Symlinking: /home/yuzhench/Desktop/Intership/smart_arm/arm_sim_ws/install/movit_robot_arm_sim/share/movit_robot_arm_sim/config/kinematics.yaml
[0.719s] -- Symlinking: /home/yuzhench/Desktop/Intership/smart_arm/arm_sim_ws/install/movit_robot_arm_sim/share/movit_robot_arm_sim/config/moveit.rviz
[0.727s] -- Symlinking: /home/yuzhench/Desktop/Intership/smart_arm/arm_sim_ws/install/movit_robot_arm_sim/share/movit_robot_arm_sim/config/moveit_controllers.yaml
[0.735s] -- Symlinking: /home/yuzhench/Desktop/Intership/smart_arm/arm_sim_ws/install/movit_robot_arm_sim/share/movit_robot_arm_sim/config/pilz_cartesian_limits.yaml
[0.742s] -- Symlinking: /home/yuzhench/Desktop/Intership/smart_arm/arm_sim_ws/install/movit_robot_arm_sim/share/movit_robot_arm_sim/.setup_assistant
[0.752s] Invoked command in '/home/yuzhench/Desktop/Intership/smart_arm/arm_sim_ws/build/movit_robot_arm_sim' returned '0': CMAKE_PREFIX_PATH=/home/yuzhench/Desktop/Intership/smart_arm/arm_sim_ws/install/arm_sim_pkg:/home/yuzhench/Desktop/Intership/smart_arm/arm_sim_ws/install/traj_demo:/home/yuzhench/Desktop/Intership/smart_arm/arm_sim_ws/install/ros2_control_demo_example_7:/home/yuzhench/Desktop/Intership/smart_arm/arm_sim_ws/install/movit_robot_arm_sim:/home/yuzhench/Desktop/Intership/smart_arm/arm_sim_ws/install/robot_bringup:/opt/ros/humble LD_LIBRARY_PATH=/home/yuzhench/Desktop/Intership/smart_arm/arm_sim_ws/install/arm_sim_pkg/lib:/home/yuzhench/Desktop/Intership/smart_arm/arm_sim_ws/install/ros2_control_demo_example_7/lib:/opt/ros/humble/opt/rviz_ogre_vendor/lib:/opt/ros/humble/lib/x86_64-linux-gnu:/opt/ros/humble/lib /usr/bin/cmake --install /home/yuzhench/Desktop/Intership/smart_arm/arm_sim_ws/build/movit_robot_arm_sim
