-- Found ament_cmake: 1.3.12 (/opt/ros/humble/share/ament_cmake/cmake)
-- Override CMake install command with custom implementation using symlinks instead of copying resources
-- Found rclcpp: 16.0.14 (/opt/ros/humble/share/rclcpp/cmake)
-- Found rosidl_generator_c: 3.1.7 (/opt/ros/humble/share/rosidl_generator_c/cmake)
-- Found rosidl_adapter: 3.1.7 (/opt/ros/humble/share/rosidl_adapter/cmake)
-- Found rosidl_generator_cpp: 3.1.7 (/opt/ros/humble/share/rosidl_generator_cpp/cmake)
-- Using all available rosidl_typesupport_c: rosidl_typesupport_fastrtps_c;rosidl_typesupport_introspection_c
-- Using all available rosidl_typesupport_cpp: rosidl_typesupport_fastrtps_cpp;rosidl_typesupport_introspection_cpp
-- Found rmw_implementation_cmake: 6.1.2 (/opt/ros/humble/share/rmw_implementation_cmake/cmake)
-- Found rmw_fastrtps_cpp: 6.2.8 (/opt/ros/humble/share/rmw_fastrtps_cpp/cmake)
-- Using RMW implementation 'rmw_fastrtps_cpp' as default
-- Found controller_manager: 2.51.0 (/opt/ros/humble/share/controller_manager/cmake)
-- Found ros2_control: 2.51.0 (/opt/ros/humble/share/ros2_control/cmake)
-- Found ros2_controllers: 2.48.0 (/opt/ros/humble/share/ros2_controllers/cmake)
-- Found joint_state_broadcaster: 2.48.0 (/opt/ros/humble/share/joint_state_broadcaster/cmake)
-- Found joint_trajectory_controller: 2.48.0 (/opt/ros/humble/share/joint_trajectory_controller/cmake)
-- Found rviz2: 11.2.19 (/opt/ros/humble/share/rviz2/cmake)
-- Found xacro: 2.0.13 (/opt/ros/humble/share/xacro/cmake)
-- Found ament_lint_auto: 0.12.14 (/opt/ros/humble/share/ament_lint_auto/cmake)
-- Added test 'cppcheck' to perform static code analysis on C / C++ code
-- Configured cppcheck include dirs: /home/yuzhench/Desktop/Intership/smart_arm/arm_sim_ws/src/arm_sim_pkg/include
-- Configured cppcheck exclude dirs and/or files: 
-- Added test 'flake8' to check Python code syntax and style conventions
-- Added test 'lint_cmake' to check CMake code style
-- Added test 'pep257' to check Python code against some of the docstring style conventions in PEP 257
-- Added test 'uncrustify' to check C / C++ code style
-- Configured uncrustify additional arguments: 
-- Added test 'xmllint' to check XML markup files
-- Configuring done
-- Generating done
-- Build files have been written to: /home/yuzhench/Desktop/Intership/smart_arm/arm_sim_ws/src/build/arm_sim_pkg
[35m[1mConsolidate compiler generated dependencies of target arm_hw[0m
[ 66%] [32mBuilding CXX object CMakeFiles/arm_hw.dir/src/arm_hw.cpp.o[0m
[ 66%] [32mBuilding CXX object CMakeFiles/arm_hw.dir/src/motor_controller.cpp.o[0m
[100%] [32m[1mLinking CXX shared library libarm_hw.so[0m
[100%] Built target arm_hw
-- Install configuration: ""
-- Execute custom install script
-- Symlinking: /home/yuzhench/Desktop/Intership/smart_arm/arm_sim_ws/src/install/arm_sim_pkg/lib/arm_sim_pkg/simple_joint_control.py
-- Up-to-date symlink: /home/yuzhench/Desktop/Intership/smart_arm/arm_sim_ws/src/install/arm_sim_pkg/share/arm_sim_pkg//pluginlib.xml
-- Up-to-date symlink: /home/yuzhench/Desktop/Intership/smart_arm/arm_sim_ws/src/install/arm_sim_pkg/share/arm_sim_pkg/urdf/simple_arm.xacro
-- Up-to-date symlink: /home/yuzhench/Desktop/Intership/smart_arm/arm_sim_ws/src/install/arm_sim_pkg/share/arm_sim_pkg/config/controllers.yaml
-- Up-to-date symlink: /home/yuzhench/Desktop/Intership/smart_arm/arm_sim_ws/src/install/arm_sim_pkg/share/arm_sim_pkg/launch/display.launch.py
-- Up-to-date symlink: /home/yuzhench/Desktop/Intership/smart_arm/arm_sim_ws/src/install/arm_sim_pkg/share/arm_sim_pkg/meshes/BASE_LINKE_CP_STL.stl
-- Up-to-date symlink: /home/yuzhench/Desktop/Intership/smart_arm/arm_sim_ws/src/install/arm_sim_pkg/share/arm_sim_pkg/meshes/LINK_1_CP_STL.stl
-- Up-to-date symlink: /home/yuzhench/Desktop/Intership/smart_arm/arm_sim_ws/src/install/arm_sim_pkg/share/arm_sim_pkg/meshes/LINK_2_BIG_ARM_STL.stl
-- Up-to-date symlink: /home/yuzhench/Desktop/Intership/smart_arm/arm_sim_ws/src/install/arm_sim_pkg/share/arm_sim_pkg/meshes/LINK_3_SMALL_ARM_CP_STL.stl
-- Up-to-date symlink: /home/yuzhench/Desktop/Intership/smart_arm/arm_sim_ws/src/install/arm_sim_pkg/share/arm_sim_pkg/meshes/LINK_4_WRIST_CP_STL.stl
-- Up-to-date symlink: /home/yuzhench/Desktop/Intership/smart_arm/arm_sim_ws/src/install/arm_sim_pkg/share/arm_sim_pkg/meshes/LINK_5_HAND_CP_STL.stl
-- Up-to-date symlink: /home/yuzhench/Desktop/Intership/smart_arm/arm_sim_ws/src/install/arm_sim_pkg/lib/libarm_hw.so
-- Up-to-date symlink: /home/yuzhench/Desktop/Intership/smart_arm/arm_sim_ws/src/install/arm_sim_pkg/share/arm_sim_pkg/pluginlib.xml
-- Up-to-date symlink: /home/yuzhench/Desktop/Intership/smart_arm/arm_sim_ws/src/install/arm_sim_pkg/share/ament_index/resource_index/package_run_dependencies/arm_sim_pkg
-- Up-to-date symlink: /home/yuzhench/Desktop/Intership/smart_arm/arm_sim_ws/src/install/arm_sim_pkg/share/ament_index/resource_index/parent_prefix_path/arm_sim_pkg
-- Up-to-date symlink: /home/yuzhench/Desktop/Intership/smart_arm/arm_sim_ws/src/install/arm_sim_pkg/share/arm_sim_pkg/environment/ament_prefix_path.sh
-- Up-to-date symlink: /home/yuzhench/Desktop/Intership/smart_arm/arm_sim_ws/src/install/arm_sim_pkg/share/arm_sim_pkg/environment/ament_prefix_path.dsv
-- Up-to-date symlink: /home/yuzhench/Desktop/Intership/smart_arm/arm_sim_ws/src/install/arm_sim_pkg/share/arm_sim_pkg/environment/path.sh
-- Up-to-date symlink: /home/yuzhench/Desktop/Intership/smart_arm/arm_sim_ws/src/install/arm_sim_pkg/share/arm_sim_pkg/environment/path.dsv
-- Up-to-date symlink: /home/yuzhench/Desktop/Intership/smart_arm/arm_sim_ws/src/install/arm_sim_pkg/share/arm_sim_pkg/local_setup.bash
-- Up-to-date symlink: /home/yuzhench/Desktop/Intership/smart_arm/arm_sim_ws/src/install/arm_sim_pkg/share/arm_sim_pkg/local_setup.sh
-- Up-to-date symlink: /home/yuzhench/Desktop/Intership/smart_arm/arm_sim_ws/src/install/arm_sim_pkg/share/arm_sim_pkg/local_setup.zsh
-- Up-to-date symlink: /home/yuzhench/Desktop/Intership/smart_arm/arm_sim_ws/src/install/arm_sim_pkg/share/arm_sim_pkg/local_setup.dsv
-- Symlinking: /home/yuzhench/Desktop/Intership/smart_arm/arm_sim_ws/src/install/arm_sim_pkg/share/arm_sim_pkg/package.dsv
-- Up-to-date symlink: /home/yuzhench/Desktop/Intership/smart_arm/arm_sim_ws/src/install/arm_sim_pkg/share/ament_index/resource_index/packages/arm_sim_pkg
-- Up-to-date symlink: /home/yuzhench/Desktop/Intership/smart_arm/arm_sim_ws/src/install/arm_sim_pkg/share/ament_index/resource_index/hardware_interface__pluginlib__plugin/arm_sim_pkg
-- Up-to-date symlink: /home/yuzhench/Desktop/Intership/smart_arm/arm_sim_ws/src/install/arm_sim_pkg/share/arm_sim_pkg/cmake/arm_sim_pkgConfig.cmake
-- Up-to-date symlink: /home/yuzhench/Desktop/Intership/smart_arm/arm_sim_ws/src/install/arm_sim_pkg/share/arm_sim_pkg/cmake/arm_sim_pkgConfig-version.cmake
-- Up-to-date symlink: /home/yuzhench/Desktop/Intership/smart_arm/arm_sim_ws/src/install/arm_sim_pkg/share/arm_sim_pkg/package.xml
