[0.019s] Invoking command in '/home/yuzhench/Desktop/Intership/smart_arm/arm_sim_ws/src/build/arm_sim_pkg': CMAKE_PREFIX_PATH=${CMAKE_PREFIX_PATH}:/opt/ros/humble /usr/bin/cmake --build /home/yuzhench/Desktop/Intership/smart_arm/arm_sim_ws/src/build/arm_sim_pkg -- -j16 -l16
[0.042s] -- Found ament_cmake: 1.3.12 (/opt/ros/humble/share/ament_cmake/cmake)
[0.118s] -- Override CMake install command with custom implementation using symlinks instead of copying resources
[0.129s] -- Found rclcpp: 16.0.14 (/opt/ros/humble/share/rclcpp/cmake)
[0.163s] -- Found rosidl_generator_c: 3.1.7 (/opt/ros/humble/share/rosidl_generator_c/cmake)
[0.165s] -- Found rosidl_adapter: 3.1.7 (/opt/ros/humble/share/rosidl_adapter/cmake)
[0.168s] -- Found rosidl_generator_cpp: 3.1.7 (/opt/ros/humble/share/rosidl_generator_cpp/cmake)
[0.174s] -- Using all available rosidl_typesupport_c: rosidl_typesupport_fastrtps_c;rosidl_typesupport_introspection_c
[0.181s] -- Using all available rosidl_typesupport_cpp: rosidl_typesupport_fastrtps_cpp;rosidl_typesupport_introspection_cpp
[0.199s] -- Found rmw_implementation_cmake: 6.1.2 (/opt/ros/humble/share/rmw_implementation_cmake/cmake)
[0.200s] -- Found rmw_fastrtps_cpp: 6.2.8 (/opt/ros/humble/share/rmw_fastrtps_cpp/cmake)
[0.292s] -- Using RMW implementation 'rmw_fastrtps_cpp' as default
[0.319s] -- Found controller_manager: 2.51.0 (/opt/ros/humble/share/controller_manager/cmake)
[0.414s] -- Found ros2_control: 2.51.0 (/opt/ros/humble/share/ros2_control/cmake)
[0.414s] -- Found ros2_controllers: 2.48.0 (/opt/ros/humble/share/ros2_controllers/cmake)
[0.414s] -- Found joint_state_broadcaster: 2.48.0 (/opt/ros/humble/share/joint_state_broadcaster/cmake)
[0.426s] -- Found joint_trajectory_controller: 2.48.0 (/opt/ros/humble/share/joint_trajectory_controller/cmake)
[0.448s] -- Found rviz2: 11.2.19 (/opt/ros/humble/share/rviz2/cmake)
[0.448s] -- Found xacro: 2.0.13 (/opt/ros/humble/share/xacro/cmake)
[0.454s] -- Found ament_lint_auto: 0.12.14 (/opt/ros/humble/share/ament_lint_auto/cmake)
[0.501s] -- Added test 'cppcheck' to perform static code analysis on C / C++ code
[0.501s] -- Configured cppcheck include dirs: /home/yuzhench/Desktop/Intership/smart_arm/arm_sim_ws/src/arm_sim_pkg/include
[0.501s] -- Configured cppcheck exclude dirs and/or files: 
[0.501s] -- Added test 'flake8' to check Python code syntax and style conventions
[0.502s] -- Added test 'lint_cmake' to check CMake code style
[0.502s] -- Added test 'pep257' to check Python code against some of the docstring style conventions in PEP 257
[0.503s] -- Added test 'uncrustify' to check C / C++ code style
[0.503s] -- Configured uncrustify additional arguments: 
[0.503s] -- Added test 'xmllint' to check XML markup files
[0.504s] -- Configuring done
[0.520s] -- Generating done
[0.523s] -- Build files have been written to: /home/yuzhench/Desktop/Intership/smart_arm/arm_sim_ws/src/build/arm_sim_pkg
[0.556s] [35m[1mConsolidate compiler generated dependencies of target arm_hw[0m
[0.575s] [ 66%] [32mBuilding CXX object CMakeFiles/arm_hw.dir/src/arm_hw.cpp.o[0m
[0.576s] [ 66%] [32mBuilding CXX object CMakeFiles/arm_hw.dir/src/motor_controller.cpp.o[0m
[2.994s] [100%] [32m[1mLinking CXX shared library libarm_hw.so[0m
[3.113s] [100%] Built target arm_hw
[3.125s] Invoked command in '/home/yuzhench/Desktop/Intership/smart_arm/arm_sim_ws/src/build/arm_sim_pkg' returned '0': CMAKE_PREFIX_PATH=${CMAKE_PREFIX_PATH}:/opt/ros/humble /usr/bin/cmake --build /home/yuzhench/Desktop/Intership/smart_arm/arm_sim_ws/src/build/arm_sim_pkg -- -j16 -l16
[3.127s] Invoking command in '/home/yuzhench/Desktop/Intership/smart_arm/arm_sim_ws/src/build/arm_sim_pkg': CMAKE_PREFIX_PATH=${CMAKE_PREFIX_PATH}:/opt/ros/humble /usr/bin/cmake --install /home/yuzhench/Desktop/Intership/smart_arm/arm_sim_ws/src/build/arm_sim_pkg
[3.133s] -- Install configuration: ""
[3.133s] -- Execute custom install script
[3.133s] -- Symlinking: /home/yuzhench/Desktop/Intership/smart_arm/arm_sim_ws/src/install/arm_sim_pkg/lib/arm_sim_pkg/simple_joint_control.py
[3.145s] -- Up-to-date symlink: /home/yuzhench/Desktop/Intership/smart_arm/arm_sim_ws/src/install/arm_sim_pkg/share/arm_sim_pkg//pluginlib.xml
[3.145s] -- Up-to-date symlink: /home/yuzhench/Desktop/Intership/smart_arm/arm_sim_ws/src/install/arm_sim_pkg/share/arm_sim_pkg/urdf/simple_arm.xacro
[3.146s] -- Up-to-date symlink: /home/yuzhench/Desktop/Intership/smart_arm/arm_sim_ws/src/install/arm_sim_pkg/share/arm_sim_pkg/config/controllers.yaml
[3.146s] -- Up-to-date symlink: /home/yuzhench/Desktop/Intership/smart_arm/arm_sim_ws/src/install/arm_sim_pkg/share/arm_sim_pkg/launch/display.launch.py
[3.146s] -- Up-to-date symlink: /home/yuzhench/Desktop/Intership/smart_arm/arm_sim_ws/src/install/arm_sim_pkg/share/arm_sim_pkg/meshes/BASE_LINKE_CP_STL.stl
[3.146s] -- Up-to-date symlink: /home/yuzhench/Desktop/Intership/smart_arm/arm_sim_ws/src/install/arm_sim_pkg/share/arm_sim_pkg/meshes/LINK_1_CP_STL.stl
[3.146s] -- Up-to-date symlink: /home/yuzhench/Desktop/Intership/smart_arm/arm_sim_ws/src/install/arm_sim_pkg/share/arm_sim_pkg/meshes/LINK_2_BIG_ARM_STL.stl
[3.146s] -- Up-to-date symlink: /home/yuzhench/Desktop/Intership/smart_arm/arm_sim_ws/src/install/arm_sim_pkg/share/arm_sim_pkg/meshes/LINK_3_SMALL_ARM_CP_STL.stl
[3.146s] -- Up-to-date symlink: /home/yuzhench/Desktop/Intership/smart_arm/arm_sim_ws/src/install/arm_sim_pkg/share/arm_sim_pkg/meshes/LINK_4_WRIST_CP_STL.stl
[3.146s] -- Up-to-date symlink: /home/yuzhench/Desktop/Intership/smart_arm/arm_sim_ws/src/install/arm_sim_pkg/share/arm_sim_pkg/meshes/LINK_5_HAND_CP_STL.stl
[3.147s] -- Up-to-date symlink: /home/yuzhench/Desktop/Intership/smart_arm/arm_sim_ws/src/install/arm_sim_pkg/lib/libarm_hw.so
[3.147s] -- Up-to-date symlink: /home/yuzhench/Desktop/Intership/smart_arm/arm_sim_ws/src/install/arm_sim_pkg/share/arm_sim_pkg/pluginlib.xml
[3.147s] -- Up-to-date symlink: /home/yuzhench/Desktop/Intership/smart_arm/arm_sim_ws/src/install/arm_sim_pkg/share/ament_index/resource_index/package_run_dependencies/arm_sim_pkg
[3.147s] -- Up-to-date symlink: /home/yuzhench/Desktop/Intership/smart_arm/arm_sim_ws/src/install/arm_sim_pkg/share/ament_index/resource_index/parent_prefix_path/arm_sim_pkg
[3.147s] -- Up-to-date symlink: /home/yuzhench/Desktop/Intership/smart_arm/arm_sim_ws/src/install/arm_sim_pkg/share/arm_sim_pkg/environment/ament_prefix_path.sh
[3.147s] -- Up-to-date symlink: /home/yuzhench/Desktop/Intership/smart_arm/arm_sim_ws/src/install/arm_sim_pkg/share/arm_sim_pkg/environment/ament_prefix_path.dsv
[3.147s] -- Up-to-date symlink: /home/yuzhench/Desktop/Intership/smart_arm/arm_sim_ws/src/install/arm_sim_pkg/share/arm_sim_pkg/environment/path.sh
[3.147s] -- Up-to-date symlink: /home/yuzhench/Desktop/Intership/smart_arm/arm_sim_ws/src/install/arm_sim_pkg/share/arm_sim_pkg/environment/path.dsv
[3.147s] -- Up-to-date symlink: /home/yuzhench/Desktop/Intership/smart_arm/arm_sim_ws/src/install/arm_sim_pkg/share/arm_sim_pkg/local_setup.bash
[3.148s] -- Up-to-date symlink: /home/yuzhench/Desktop/Intership/smart_arm/arm_sim_ws/src/install/arm_sim_pkg/share/arm_sim_pkg/local_setup.sh
[3.148s] -- Up-to-date symlink: /home/yuzhench/Desktop/Intership/smart_arm/arm_sim_ws/src/install/arm_sim_pkg/share/arm_sim_pkg/local_setup.zsh
[3.148s] -- Up-to-date symlink: /home/yuzhench/Desktop/Intership/smart_arm/arm_sim_ws/src/install/arm_sim_pkg/share/arm_sim_pkg/local_setup.dsv
[3.148s] -- Symlinking: /home/yuzhench/Desktop/Intership/smart_arm/arm_sim_ws/src/install/arm_sim_pkg/share/arm_sim_pkg/package.dsv
[3.158s] -- Up-to-date symlink: /home/yuzhench/Desktop/Intership/smart_arm/arm_sim_ws/src/install/arm_sim_pkg/share/ament_index/resource_index/packages/arm_sim_pkg
[3.158s] -- Up-to-date symlink: /home/yuzhench/Desktop/Intership/smart_arm/arm_sim_ws/src/install/arm_sim_pkg/share/ament_index/resource_index/hardware_interface__pluginlib__plugin/arm_sim_pkg
[3.159s] -- Up-to-date symlink: /home/yuzhench/Desktop/Intership/smart_arm/arm_sim_ws/src/install/arm_sim_pkg/share/arm_sim_pkg/cmake/arm_sim_pkgConfig.cmake
[3.159s] -- Up-to-date symlink: /home/yuzhench/Desktop/Intership/smart_arm/arm_sim_ws/src/install/arm_sim_pkg/share/arm_sim_pkg/cmake/arm_sim_pkgConfig-version.cmake
[3.159s] -- Up-to-date symlink: /home/yuzhench/Desktop/Intership/smart_arm/arm_sim_ws/src/install/arm_sim_pkg/share/arm_sim_pkg/package.xml
[3.161s] Invoked command in '/home/yuzhench/Desktop/Intership/smart_arm/arm_sim_ws/src/build/arm_sim_pkg' returned '0': CMAKE_PREFIX_PATH=${CMAKE_PREFIX_PATH}:/opt/ros/humble /usr/bin/cmake --install /home/yuzhench/Desktop/Intership/smart_arm/arm_sim_ws/src/build/arm_sim_pkg
