[01m[K/home/yuzhench/Desktop/Intership/smart_arm/arm_sim_ws/src/arm_sim_pkg/src/arm_hw.cpp:27:3:[m[K [01;31m[Kerror: [m[Kempty character constant
   27 |   [01;31m[K''[m[K'
      |   [01;31m[K^~[m[K
[01m[K/home/yuzhench/Desktop/Intership/smart_arm/arm_sim_ws/src/arm_sim_pkg/src/arm_hw.cpp:27:5:[m[K [01;35m[Kwarning: [m[Kmissing terminating ' character
   27 |   ''[01;35m[K'[m[K
      |     [01;35m[K^[m[K
[01m[K/home/yuzhench/Desktop/Intership/smart_arm/arm_sim_ws/src/arm_sim_pkg/src/arm_hw.cpp:27:5:[m[K [01;31m[Kerror: [m[Kmissing terminating ' character
[01m[K/home/yuzhench/Desktop/Intership/smart_arm/arm_sim_ws/src/arm_sim_pkg/src/arm_hw.cpp:37:3:[m[K [01;31m[Kerror: [m[Kempty character constant
   37 |   [01;31m[K''[m[K'
      |   [01;31m[K^~[m[K
[01m[K/home/yuzhench/Desktop/Intership/smart_arm/arm_sim_ws/src/arm_sim_pkg/src/arm_hw.cpp:37:5:[m[K [01;35m[Kwarning: [m[Kmissing terminating ' character
   37 |   ''[01;35m[K'[m[K
      |     [01;35m[K^[m[K
[01m[K/home/yuzhench/Desktop/Intership/smart_arm/arm_sim_ws/src/arm_sim_pkg/src/arm_hw.cpp:37:5:[m[K [01;31m[Kerror: [m[Kmissing terminating ' character
[01m[K/home/yuzhench/Desktop/Intership/smart_arm/arm_sim_ws/src/arm_sim_pkg/src/arm_hw.cpp:[m[K In member function ‘[01m[Kvirtual hardware_interface::CallbackReturn arm_sim_pkg::ArmHW::on_init(const hardware_interface::HardwareInfo&)[m[K’:
[01m[K/home/yuzhench/Desktop/Intership/smart_arm/arm_sim_ws/src/arm_sim_pkg/src/arm_hw.cpp:27:5:[m[K [01;31m[Kerror: [m[Kexpected ‘[01m[K;[m[K’ before ‘[01m[KThe[m[K’
   27 |   ''[01;31m[K'[m[K
      |     [01;31m[K^[m[K
      |     [32m[K;[m[K
   28 |   [32m[KThe[m[K info_ member contains the hardware configuration
      |   [32m[K~~~[m[K
[01m[K/home/yuzhench/Desktop/Intership/smart_arm/arm_sim_ws/src/arm_sim_pkg/src/arm_hw.cpp:27:3:[m[K [01;35m[Kwarning: [m[Kstatement has no effect [[01;35m[K]8;;https://gcc.gnu.org/onlinedocs/gcc/Warning-Options.html#index-Wunused-value-Wunused-value]8;;[m[K]
   27 |   [01;35m[K''[m[K'
      |   [01;35m[K^~[m[K
[01m[K/home/yuzhench/Desktop/Intership/smart_arm/arm_sim_ws/src/arm_sim_pkg/src/arm_hw.cpp:41:5:[m[K [01;31m[Kerror: [m[Kexpected primary-expression before ‘[01m[Kcatch[m[K’
   41 |   } [01;31m[Kcatch[m[K (const std::exception &e) {
      |     [01;31m[K^~~~~[m[K
gmake[2]: *** [CMakeFiles/arm_hw.dir/build.make:76: CMakeFiles/arm_hw.dir/src/arm_hw.cpp.o] Error 1
gmake[1]: *** [CMakeFiles/Makefile2:137: CMakeFiles/arm_hw.dir/all] Error 2
gmake: *** [Makefile:146: all] Error 2
