[0.057s] DEBUG:colcon:Command line arguments: ['/usr/bin/colcon', 'build', '--symlink-install']
[0.057s] DEBUG:colcon:Parsed command line arguments: Namespace(log_base=None, log_level=None, verb_name='build', build_base='build', install_base='install', merge_install=False, symlink_install=True, test_result_base=None, continue_on_error=False, executor='parallel', parallel_workers=16, event_handlers=None, ignore_user_meta=False, metas=['./colcon.meta'], base_paths=['.'], packages_ignore=None, packages_ignore_regex=None, paths=None, packages_up_to=None, packages_up_to_regex=None, packages_above=None, packages_above_and_dependencies=None, packages_above_depth=None, packages_select_by_dep=None, packages_skip_by_dep=None, packages_skip_up_to=None, packages_select_build_failed=False, packages_skip_build_finished=False, packages_select_test_failures=False, packages_skip_test_passed=False, packages_select=None, packages_skip=None, packages_select_regex=None, packages_skip_regex=None, packages_start=None, packages_end=None, allow_overriding=[], cmake_args=None, cmake_target=None, cmake_target_skip_unavailable=False, cmake_clean_cache=False, cmake_clean_first=False, cmake_force_configure=False, ament_cmake_args=None, catkin_cmake_args=None, catkin_skip_building_tests=False, mixin_files=None, mixin=None, verb_parser=<colcon_mixin.mixin.mixin_argument.MixinArgumentDecorator object at 0x7981b394f790>, verb_extension=<colcon_core.verb.build.BuildVerb object at 0x7981b3909120>, main=<bound method BuildVerb.main of <colcon_core.verb.build.BuildVerb object at 0x7981b3909120>>, mixin_verb=('build',))
[0.144s] Level 1:colcon.colcon_core.package_discovery:discover_packages(colcon_meta) check parameters
[0.144s] Level 1:colcon.colcon_core.package_discovery:discover_packages(recursive) check parameters
[0.144s] Level 1:colcon.colcon_core.package_discovery:discover_packages(ignore) check parameters
[0.144s] Level 1:colcon.colcon_core.package_discovery:discover_packages(path) check parameters
[0.144s] Level 1:colcon.colcon_core.package_discovery:discover_packages(colcon_meta) discover
[0.144s] Level 1:colcon.colcon_core.package_discovery:discover_packages(recursive) discover
[0.144s] INFO:colcon.colcon_core.package_discovery:Crawling recursively for packages in '/home/yuzhench/Desktop/Intership/smart_arm/arm_sim_ws'
[0.144s] Level 1:colcon.colcon_core.package_identification:_identify(.) by extensions ['ignore', 'ignore_ament_install']
[0.144s] Level 1:colcon.colcon_core.package_identification:_identify(.) by extension 'ignore'
[0.144s] Level 1:colcon.colcon_core.package_identification:_identify(.) by extension 'ignore_ament_install'
[0.144s] Level 1:colcon.colcon_core.package_identification:_identify(.) by extensions ['colcon_pkg']
[0.144s] Level 1:colcon.colcon_core.package_identification:_identify(.) by extension 'colcon_pkg'
[0.144s] Level 1:colcon.colcon_core.package_identification:_identify(.) by extensions ['colcon_meta']
[0.144s] Level 1:colcon.colcon_core.package_identification:_identify(.) by extension 'colcon_meta'
[0.144s] Level 1:colcon.colcon_core.package_identification:_identify(.) by extensions ['ros']
[0.144s] Level 1:colcon.colcon_core.package_identification:_identify(.) by extension 'ros'
[0.150s] Level 1:colcon.colcon_core.package_identification:_identify(.) by extensions ['cmake', 'python']
[0.150s] Level 1:colcon.colcon_core.package_identification:_identify(.) by extension 'cmake'
[0.150s] Level 1:colcon.colcon_core.package_identification:_identify(.) by extension 'python'
[0.150s] Level 1:colcon.colcon_core.package_identification:_identify(.) by extensions ['python_setup_py']
[0.150s] Level 1:colcon.colcon_core.package_identification:_identify(.) by extension 'python_setup_py'
[0.150s] Level 1:colcon.colcon_core.package_identification:_identify(build) by extensions ['ignore', 'ignore_ament_install']
[0.150s] Level 1:colcon.colcon_core.package_identification:_identify(build) by extension 'ignore'
[0.150s] Level 1:colcon.colcon_core.package_identification:_identify(build) ignored
[0.150s] Level 1:colcon.colcon_core.package_identification:_identify(install) by extensions ['ignore', 'ignore_ament_install']
[0.150s] Level 1:colcon.colcon_core.package_identification:_identify(install) by extension 'ignore'
[0.150s] Level 1:colcon.colcon_core.package_identification:_identify(install) ignored
[0.150s] Level 1:colcon.colcon_core.package_identification:_identify(log) by extensions ['ignore', 'ignore_ament_install']
[0.150s] Level 1:colcon.colcon_core.package_identification:_identify(log) by extension 'ignore'
[0.150s] Level 1:colcon.colcon_core.package_identification:_identify(log) ignored
[0.150s] Level 1:colcon.colcon_core.package_identification:_identify(src) by extensions ['ignore', 'ignore_ament_install']
[0.150s] Level 1:colcon.colcon_core.package_identification:_identify(src) by extension 'ignore'
[0.150s] Level 1:colcon.colcon_core.package_identification:_identify(src) by extension 'ignore_ament_install'
[0.150s] Level 1:colcon.colcon_core.package_identification:_identify(src) by extensions ['colcon_pkg']
[0.150s] Level 1:colcon.colcon_core.package_identification:_identify(src) by extension 'colcon_pkg'
[0.150s] Level 1:colcon.colcon_core.package_identification:_identify(src) by extensions ['colcon_meta']
[0.150s] Level 1:colcon.colcon_core.package_identification:_identify(src) by extension 'colcon_meta'
[0.150s] Level 1:colcon.colcon_core.package_identification:_identify(src) by extensions ['ros']
[0.150s] Level 1:colcon.colcon_core.package_identification:_identify(src) by extension 'ros'
[0.150s] Level 1:colcon.colcon_core.package_identification:_identify(src) by extensions ['cmake', 'python']
[0.150s] Level 1:colcon.colcon_core.package_identification:_identify(src) by extension 'cmake'
[0.150s] Level 1:colcon.colcon_core.package_identification:_identify(src) by extension 'python'
[0.150s] Level 1:colcon.colcon_core.package_identification:_identify(src) by extensions ['python_setup_py']
[0.150s] Level 1:colcon.colcon_core.package_identification:_identify(src) by extension 'python_setup_py'
[0.150s] Level 1:colcon.colcon_core.package_identification:_identify(src/arm_sim_pkg) by extensions ['ignore', 'ignore_ament_install']
[0.150s] Level 1:colcon.colcon_core.package_identification:_identify(src/arm_sim_pkg) by extension 'ignore'
[0.150s] Level 1:colcon.colcon_core.package_identification:_identify(src/arm_sim_pkg) by extension 'ignore_ament_install'
[0.150s] Level 1:colcon.colcon_core.package_identification:_identify(src/arm_sim_pkg) by extensions ['colcon_pkg']
[0.150s] Level 1:colcon.colcon_core.package_identification:_identify(src/arm_sim_pkg) by extension 'colcon_pkg'
[0.150s] Level 1:colcon.colcon_core.package_identification:_identify(src/arm_sim_pkg) by extensions ['colcon_meta']
[0.150s] Level 1:colcon.colcon_core.package_identification:_identify(src/arm_sim_pkg) by extension 'colcon_meta'
[0.150s] Level 1:colcon.colcon_core.package_identification:_identify(src/arm_sim_pkg) by extensions ['ros']
[0.150s] Level 1:colcon.colcon_core.package_identification:_identify(src/arm_sim_pkg) by extension 'ros'
[0.152s] DEBUG:colcon.colcon_core.package_identification:Package 'src/arm_sim_pkg' with type 'ros.ament_cmake' and name 'arm_sim_pkg'
[0.152s] Level 1:colcon.colcon_core.package_identification:_identify(src/build) by extensions ['ignore', 'ignore_ament_install']
[0.153s] Level 1:colcon.colcon_core.package_identification:_identify(src/build) by extension 'ignore'
[0.153s] Level 1:colcon.colcon_core.package_identification:_identify(src/build) ignored
[0.153s] Level 1:colcon.colcon_core.package_identification:_identify(src/example_7) by extensions ['ignore', 'ignore_ament_install']
[0.153s] Level 1:colcon.colcon_core.package_identification:_identify(src/example_7) by extension 'ignore'
[0.153s] Level 1:colcon.colcon_core.package_identification:_identify(src/example_7) by extension 'ignore_ament_install'
[0.153s] Level 1:colcon.colcon_core.package_identification:_identify(src/example_7) by extensions ['colcon_pkg']
[0.153s] Level 1:colcon.colcon_core.package_identification:_identify(src/example_7) by extension 'colcon_pkg'
[0.153s] Level 1:colcon.colcon_core.package_identification:_identify(src/example_7) by extensions ['colcon_meta']
[0.153s] Level 1:colcon.colcon_core.package_identification:_identify(src/example_7) by extension 'colcon_meta'
[0.153s] Level 1:colcon.colcon_core.package_identification:_identify(src/example_7) by extensions ['ros']
[0.153s] Level 1:colcon.colcon_core.package_identification:_identify(src/example_7) by extension 'ros'
[0.153s] DEBUG:colcon.colcon_core.package_identification:Package 'src/example_7' with type 'ros.ament_cmake' and name 'ros2_control_demo_example_7'
[0.154s] Level 1:colcon.colcon_core.package_identification:_identify(src/install) by extensions ['ignore', 'ignore_ament_install']
[0.154s] Level 1:colcon.colcon_core.package_identification:_identify(src/install) by extension 'ignore'
[0.154s] Level 1:colcon.colcon_core.package_identification:_identify(src/install) ignored
[0.154s] Level 1:colcon.colcon_core.package_identification:_identify(src/log) by extensions ['ignore', 'ignore_ament_install']
[0.154s] Level 1:colcon.colcon_core.package_identification:_identify(src/log) by extension 'ignore'
[0.154s] Level 1:colcon.colcon_core.package_identification:_identify(src/log) ignored
[0.154s] Level 1:colcon.colcon_core.package_identification:_identify(src/movit_robot_arm_sim) by extensions ['ignore', 'ignore_ament_install']
[0.154s] Level 1:colcon.colcon_core.package_identification:_identify(src/movit_robot_arm_sim) by extension 'ignore'
[0.154s] Level 1:colcon.colcon_core.package_identification:_identify(src/movit_robot_arm_sim) by extension 'ignore_ament_install'
[0.154s] Level 1:colcon.colcon_core.package_identification:_identify(src/movit_robot_arm_sim) by extensions ['colcon_pkg']
[0.154s] Level 1:colcon.colcon_core.package_identification:_identify(src/movit_robot_arm_sim) by extension 'colcon_pkg'
[0.154s] Level 1:colcon.colcon_core.package_identification:_identify(src/movit_robot_arm_sim) by extensions ['colcon_meta']
[0.154s] Level 1:colcon.colcon_core.package_identification:_identify(src/movit_robot_arm_sim) by extension 'colcon_meta'
[0.154s] Level 1:colcon.colcon_core.package_identification:_identify(src/movit_robot_arm_sim) by extensions ['ros']
[0.154s] Level 1:colcon.colcon_core.package_identification:_identify(src/movit_robot_arm_sim) by extension 'ros'
[0.161s] DEBUG:colcon.colcon_core.package_identification:Package 'src/movit_robot_arm_sim' with type 'ros.ament_cmake' and name 'movit_robot_arm_sim'
[0.161s] Level 1:colcon.colcon_core.package_identification:_identify(src/robot_bringup) by extensions ['ignore', 'ignore_ament_install']
[0.161s] Level 1:colcon.colcon_core.package_identification:_identify(src/robot_bringup) by extension 'ignore'
[0.161s] Level 1:colcon.colcon_core.package_identification:_identify(src/robot_bringup) by extension 'ignore_ament_install'
[0.161s] Level 1:colcon.colcon_core.package_identification:_identify(src/robot_bringup) by extensions ['colcon_pkg']
[0.161s] Level 1:colcon.colcon_core.package_identification:_identify(src/robot_bringup) by extension 'colcon_pkg'
[0.161s] Level 1:colcon.colcon_core.package_identification:_identify(src/robot_bringup) by extensions ['colcon_meta']
[0.161s] Level 1:colcon.colcon_core.package_identification:_identify(src/robot_bringup) by extension 'colcon_meta'
[0.161s] Level 1:colcon.colcon_core.package_identification:_identify(src/robot_bringup) by extensions ['ros']
[0.162s] Level 1:colcon.colcon_core.package_identification:_identify(src/robot_bringup) by extension 'ros'
[0.162s] DEBUG:colcon.colcon_core.package_identification:Package 'src/robot_bringup' with type 'ros.ament_python' and name 'robot_bringup'
[0.162s] Level 1:colcon.colcon_core.package_identification:_identify(src/traj_demo) by extensions ['ignore', 'ignore_ament_install']
[0.162s] Level 1:colcon.colcon_core.package_identification:_identify(src/traj_demo) by extension 'ignore'
[0.162s] Level 1:colcon.colcon_core.package_identification:_identify(src/traj_demo) by extension 'ignore_ament_install'
[0.162s] Level 1:colcon.colcon_core.package_identification:_identify(src/traj_demo) by extensions ['colcon_pkg']
[0.162s] Level 1:colcon.colcon_core.package_identification:_identify(src/traj_demo) by extension 'colcon_pkg'
[0.162s] Level 1:colcon.colcon_core.package_identification:_identify(src/traj_demo) by extensions ['colcon_meta']
[0.162s] Level 1:colcon.colcon_core.package_identification:_identify(src/traj_demo) by extension 'colcon_meta'
[0.162s] Level 1:colcon.colcon_core.package_identification:_identify(src/traj_demo) by extensions ['ros']
[0.162s] Level 1:colcon.colcon_core.package_identification:_identify(src/traj_demo) by extension 'ros'
[0.162s] DEBUG:colcon.colcon_core.package_identification:Package 'src/traj_demo' with type 'ros.ament_cmake' and name 'traj_demo'
[0.162s] Level 1:colcon.colcon_core.package_discovery:discover_packages(recursive) using defaults
[0.162s] Level 1:colcon.colcon_core.package_discovery:discover_packages(ignore) discover
[0.162s] Level 1:colcon.colcon_core.package_discovery:discover_packages(ignore) using defaults
[0.162s] Level 1:colcon.colcon_core.package_discovery:discover_packages(path) discover
[0.162s] Level 1:colcon.colcon_core.package_discovery:discover_packages(path) using defaults
[0.173s] Level 1:colcon.colcon_core.package_discovery:discover_packages(prefix_path) check parameters
[0.173s] Level 1:colcon.colcon_core.package_discovery:discover_packages(prefix_path) discover
[0.173s] WARNING:colcon.colcon_ros.prefix_path.ament:The path '/home/yuzhench/Desktop/Intership/smart_arm/arm_sim_ws/install/robot_bringup' in the environment variable AMENT_PREFIX_PATH doesn't exist
[0.173s] WARNING:colcon.colcon_ros.prefix_path.ament:The path '/home/yuzhench/Desktop/Intership/smart_arm/arm_sim_ws/install/traj_demo' in the environment variable AMENT_PREFIX_PATH doesn't exist
[0.173s] WARNING:colcon.colcon_ros.prefix_path.ament:The path '/home/yuzhench/Desktop/Intership/smart_arm/arm_sim_ws/install/ros2_control_demo_example_7' in the environment variable AMENT_PREFIX_PATH doesn't exist
[0.173s] WARNING:colcon.colcon_ros.prefix_path.ament:The path '/home/yuzhench/Desktop/Intership/smart_arm/arm_sim_ws/install/movit_robot_arm_sim' in the environment variable AMENT_PREFIX_PATH doesn't exist
[0.174s] WARNING:colcon.colcon_ros.prefix_path.ament:The path '/home/yuzhench/Desktop/Intership/smart_arm/arm_sim_ws/install/arm_sim_pkg' in the environment variable AMENT_PREFIX_PATH doesn't exist
[0.174s] WARNING:colcon.colcon_ros.prefix_path.catkin:The path '/home/yuzhench/Desktop/Intership/smart_arm/arm_sim_ws/install/traj_demo' in the environment variable CMAKE_PREFIX_PATH doesn't exist
[0.174s] WARNING:colcon.colcon_ros.prefix_path.catkin:The path '/home/yuzhench/Desktop/Intership/smart_arm/arm_sim_ws/install/ros2_control_demo_example_7' in the environment variable CMAKE_PREFIX_PATH doesn't exist
[0.174s] WARNING:colcon.colcon_ros.prefix_path.catkin:The path '/home/yuzhench/Desktop/Intership/smart_arm/arm_sim_ws/install/movit_robot_arm_sim' in the environment variable CMAKE_PREFIX_PATH doesn't exist
[0.174s] WARNING:colcon.colcon_ros.prefix_path.catkin:The path '/home/yuzhench/Desktop/Intership/smart_arm/arm_sim_ws/install/arm_sim_pkg' in the environment variable CMAKE_PREFIX_PATH doesn't exist
[0.174s] DEBUG:colcon.colcon_installed_package_information.package_discovery:Found 0 installed packages in /home/yuzhench/Desktop/Intership/smart_arm/arm_sim_ws/install
[0.175s] DEBUG:colcon.colcon_installed_package_information.package_discovery:Found 364 installed packages in /opt/ros/humble
[0.176s] Level 1:colcon.colcon_core.package_discovery:discover_packages(prefix_path) using defaults
[0.200s] Level 5:colcon.colcon_core.verb:set package 'arm_sim_pkg' build argument 'cmake_args' from command line to 'None'
[0.200s] Level 5:colcon.colcon_core.verb:set package 'arm_sim_pkg' build argument 'cmake_target' from command line to 'None'
[0.200s] Level 5:colcon.colcon_core.verb:set package 'arm_sim_pkg' build argument 'cmake_target_skip_unavailable' from command line to 'False'
[0.200s] Level 5:colcon.colcon_core.verb:set package 'arm_sim_pkg' build argument 'cmake_clean_cache' from command line to 'False'
[0.200s] Level 5:colcon.colcon_core.verb:set package 'arm_sim_pkg' build argument 'cmake_clean_first' from command line to 'False'
[0.200s] Level 5:colcon.colcon_core.verb:set package 'arm_sim_pkg' build argument 'cmake_force_configure' from command line to 'False'
[0.200s] Level 5:colcon.colcon_core.verb:set package 'arm_sim_pkg' build argument 'ament_cmake_args' from command line to 'None'
[0.200s] Level 5:colcon.colcon_core.verb:set package 'arm_sim_pkg' build argument 'catkin_cmake_args' from command line to 'None'
[0.200s] Level 5:colcon.colcon_core.verb:set package 'arm_sim_pkg' build argument 'catkin_skip_building_tests' from command line to 'False'
[0.200s] DEBUG:colcon.colcon_core.verb:Building package 'arm_sim_pkg' with the following arguments: {'ament_cmake_args': None, 'build_base': '/home/yuzhench/Desktop/Intership/smart_arm/arm_sim_ws/build/arm_sim_pkg', 'catkin_cmake_args': None, 'catkin_skip_building_tests': False, 'cmake_args': None, 'cmake_clean_cache': False, 'cmake_clean_first': False, 'cmake_force_configure': False, 'cmake_target': None, 'cmake_target_skip_unavailable': False, 'install_base': '/home/yuzhench/Desktop/Intership/smart_arm/arm_sim_ws/install/arm_sim_pkg', 'merge_install': False, 'path': '/home/yuzhench/Desktop/Intership/smart_arm/arm_sim_ws/src/arm_sim_pkg', 'symlink_install': True, 'test_result_base': None}
[0.201s] Level 5:colcon.colcon_core.verb:set package 'robot_bringup' build argument 'cmake_args' from command line to 'None'
[0.201s] Level 5:colcon.colcon_core.verb:set package 'robot_bringup' build argument 'cmake_target' from command line to 'None'
[0.201s] Level 5:colcon.colcon_core.verb:set package 'robot_bringup' build argument 'cmake_target_skip_unavailable' from command line to 'False'
[0.201s] Level 5:colcon.colcon_core.verb:set package 'robot_bringup' build argument 'cmake_clean_cache' from command line to 'False'
[0.201s] Level 5:colcon.colcon_core.verb:set package 'robot_bringup' build argument 'cmake_clean_first' from command line to 'False'
[0.201s] Level 5:colcon.colcon_core.verb:set package 'robot_bringup' build argument 'cmake_force_configure' from command line to 'False'
[0.201s] Level 5:colcon.colcon_core.verb:set package 'robot_bringup' build argument 'ament_cmake_args' from command line to 'None'
[0.201s] Level 5:colcon.colcon_core.verb:set package 'robot_bringup' build argument 'catkin_cmake_args' from command line to 'None'
[0.201s] Level 5:colcon.colcon_core.verb:set package 'robot_bringup' build argument 'catkin_skip_building_tests' from command line to 'False'
[0.201s] DEBUG:colcon.colcon_core.verb:Building package 'robot_bringup' with the following arguments: {'ament_cmake_args': None, 'build_base': '/home/yuzhench/Desktop/Intership/smart_arm/arm_sim_ws/build/robot_bringup', 'catkin_cmake_args': None, 'catkin_skip_building_tests': False, 'cmake_args': None, 'cmake_clean_cache': False, 'cmake_clean_first': False, 'cmake_force_configure': False, 'cmake_target': None, 'cmake_target_skip_unavailable': False, 'install_base': '/home/yuzhench/Desktop/Intership/smart_arm/arm_sim_ws/install/robot_bringup', 'merge_install': False, 'path': '/home/yuzhench/Desktop/Intership/smart_arm/arm_sim_ws/src/robot_bringup', 'symlink_install': True, 'test_result_base': None}
[0.201s] Level 5:colcon.colcon_core.verb:set package 'ros2_control_demo_example_7' build argument 'cmake_args' from command line to 'None'
[0.201s] Level 5:colcon.colcon_core.verb:set package 'ros2_control_demo_example_7' build argument 'cmake_target' from command line to 'None'
[0.201s] Level 5:colcon.colcon_core.verb:set package 'ros2_control_demo_example_7' build argument 'cmake_target_skip_unavailable' from command line to 'False'
[0.201s] Level 5:colcon.colcon_core.verb:set package 'ros2_control_demo_example_7' build argument 'cmake_clean_cache' from command line to 'False'
[0.201s] Level 5:colcon.colcon_core.verb:set package 'ros2_control_demo_example_7' build argument 'cmake_clean_first' from command line to 'False'
[0.201s] Level 5:colcon.colcon_core.verb:set package 'ros2_control_demo_example_7' build argument 'cmake_force_configure' from command line to 'False'
[0.201s] Level 5:colcon.colcon_core.verb:set package 'ros2_control_demo_example_7' build argument 'ament_cmake_args' from command line to 'None'
[0.201s] Level 5:colcon.colcon_core.verb:set package 'ros2_control_demo_example_7' build argument 'catkin_cmake_args' from command line to 'None'
[0.201s] Level 5:colcon.colcon_core.verb:set package 'ros2_control_demo_example_7' build argument 'catkin_skip_building_tests' from command line to 'False'
[0.201s] DEBUG:colcon.colcon_core.verb:Building package 'ros2_control_demo_example_7' with the following arguments: {'ament_cmake_args': None, 'build_base': '/home/yuzhench/Desktop/Intership/smart_arm/arm_sim_ws/build/ros2_control_demo_example_7', 'catkin_cmake_args': None, 'catkin_skip_building_tests': False, 'cmake_args': None, 'cmake_clean_cache': False, 'cmake_clean_first': False, 'cmake_force_configure': False, 'cmake_target': None, 'cmake_target_skip_unavailable': False, 'install_base': '/home/yuzhench/Desktop/Intership/smart_arm/arm_sim_ws/install/ros2_control_demo_example_7', 'merge_install': False, 'path': '/home/yuzhench/Desktop/Intership/smart_arm/arm_sim_ws/src/example_7', 'symlink_install': True, 'test_result_base': None}
[0.201s] Level 5:colcon.colcon_core.verb:set package 'movit_robot_arm_sim' build argument 'cmake_args' from command line to 'None'
[0.201s] Level 5:colcon.colcon_core.verb:set package 'movit_robot_arm_sim' build argument 'cmake_target' from command line to 'None'
[0.201s] Level 5:colcon.colcon_core.verb:set package 'movit_robot_arm_sim' build argument 'cmake_target_skip_unavailable' from command line to 'False'
[0.201s] Level 5:colcon.colcon_core.verb:set package 'movit_robot_arm_sim' build argument 'cmake_clean_cache' from command line to 'False'
[0.201s] Level 5:colcon.colcon_core.verb:set package 'movit_robot_arm_sim' build argument 'cmake_clean_first' from command line to 'False'
[0.201s] Level 5:colcon.colcon_core.verb:set package 'movit_robot_arm_sim' build argument 'cmake_force_configure' from command line to 'False'
[0.201s] Level 5:colcon.colcon_core.verb:set package 'movit_robot_arm_sim' build argument 'ament_cmake_args' from command line to 'None'
[0.201s] Level 5:colcon.colcon_core.verb:set package 'movit_robot_arm_sim' build argument 'catkin_cmake_args' from command line to 'None'
[0.201s] Level 5:colcon.colcon_core.verb:set package 'movit_robot_arm_sim' build argument 'catkin_skip_building_tests' from command line to 'False'
[0.201s] DEBUG:colcon.colcon_core.verb:Building package 'movit_robot_arm_sim' with the following arguments: {'ament_cmake_args': None, 'build_base': '/home/yuzhench/Desktop/Intership/smart_arm/arm_sim_ws/build/movit_robot_arm_sim', 'catkin_cmake_args': None, 'catkin_skip_building_tests': False, 'cmake_args': None, 'cmake_clean_cache': False, 'cmake_clean_first': False, 'cmake_force_configure': False, 'cmake_target': None, 'cmake_target_skip_unavailable': False, 'install_base': '/home/yuzhench/Desktop/Intership/smart_arm/arm_sim_ws/install/movit_robot_arm_sim', 'merge_install': False, 'path': '/home/yuzhench/Desktop/Intership/smart_arm/arm_sim_ws/src/movit_robot_arm_sim', 'symlink_install': True, 'test_result_base': None}
[0.201s] Level 5:colcon.colcon_core.verb:set package 'traj_demo' build argument 'cmake_args' from command line to 'None'
[0.201s] Level 5:colcon.colcon_core.verb:set package 'traj_demo' build argument 'cmake_target' from command line to 'None'
[0.201s] Level 5:colcon.colcon_core.verb:set package 'traj_demo' build argument 'cmake_target_skip_unavailable' from command line to 'False'
[0.201s] Level 5:colcon.colcon_core.verb:set package 'traj_demo' build argument 'cmake_clean_cache' from command line to 'False'
[0.201s] Level 5:colcon.colcon_core.verb:set package 'traj_demo' build argument 'cmake_clean_first' from command line to 'False'
[0.201s] Level 5:colcon.colcon_core.verb:set package 'traj_demo' build argument 'cmake_force_configure' from command line to 'False'
[0.202s] Level 5:colcon.colcon_core.verb:set package 'traj_demo' build argument 'ament_cmake_args' from command line to 'None'
[0.202s] Level 5:colcon.colcon_core.verb:set package 'traj_demo' build argument 'catkin_cmake_args' from command line to 'None'
[0.202s] Level 5:colcon.colcon_core.verb:set package 'traj_demo' build argument 'catkin_skip_building_tests' from command line to 'False'
[0.202s] DEBUG:colcon.colcon_core.verb:Building package 'traj_demo' with the following arguments: {'ament_cmake_args': None, 'build_base': '/home/yuzhench/Desktop/Intership/smart_arm/arm_sim_ws/build/traj_demo', 'catkin_cmake_args': None, 'catkin_skip_building_tests': False, 'cmake_args': None, 'cmake_clean_cache': False, 'cmake_clean_first': False, 'cmake_force_configure': False, 'cmake_target': None, 'cmake_target_skip_unavailable': False, 'install_base': '/home/yuzhench/Desktop/Intership/smart_arm/arm_sim_ws/install/traj_demo', 'merge_install': False, 'path': '/home/yuzhench/Desktop/Intership/smart_arm/arm_sim_ws/src/traj_demo', 'symlink_install': True, 'test_result_base': None}
[0.202s] INFO:colcon.colcon_core.executor:Executing jobs using 'parallel' executor
[0.202s] DEBUG:colcon.colcon_parallel_executor.executor.parallel:run_until_complete
[0.203s] INFO:colcon.colcon_ros.task.ament_cmake.build:Building ROS package in '/home/yuzhench/Desktop/Intership/smart_arm/arm_sim_ws/src/arm_sim_pkg' with build type 'ament_cmake'
[0.203s] INFO:colcon.colcon_cmake.task.cmake.build:Building CMake package in '/home/yuzhench/Desktop/Intership/smart_arm/arm_sim_ws/src/arm_sim_pkg'
[0.204s] INFO:colcon.colcon_core.plugin_system:Skipping extension 'colcon_core.shell.bat': Not used on non-Windows systems
[0.204s] INFO:colcon.colcon_core.shell:Skip shell extension 'powershell' for command environment: Not usable outside of PowerShell
[0.204s] DEBUG:colcon.colcon_core.shell:Skip shell extension 'dsv' for command environment
[0.207s] INFO:colcon.colcon_ros.task.ament_python.build:Building ROS package in '/home/yuzhench/Desktop/Intership/smart_arm/arm_sim_ws/src/robot_bringup' with build type 'ament_python'
[0.207s] Level 1:colcon.colcon_core.shell:create_environment_hook('robot_bringup', 'ament_prefix_path')
[0.207s] INFO:colcon.colcon_core.shell:Creating environment hook '/home/yuzhench/Desktop/Intership/smart_arm/arm_sim_ws/install/robot_bringup/share/robot_bringup/hook/ament_prefix_path.ps1'
[0.207s] INFO:colcon.colcon_core.shell:Creating environment descriptor '/home/yuzhench/Desktop/Intership/smart_arm/arm_sim_ws/install/robot_bringup/share/robot_bringup/hook/ament_prefix_path.dsv'
[0.208s] INFO:colcon.colcon_core.shell:Creating environment hook '/home/yuzhench/Desktop/Intership/smart_arm/arm_sim_ws/install/robot_bringup/share/robot_bringup/hook/ament_prefix_path.sh'
[0.208s] INFO:colcon.colcon_core.shell:Skip shell extension 'powershell' for command environment: Not usable outside of PowerShell
[0.208s] DEBUG:colcon.colcon_core.shell:Skip shell extension 'dsv' for command environment
[0.210s] INFO:colcon.colcon_ros.task.ament_cmake.build:Building ROS package in '/home/yuzhench/Desktop/Intership/smart_arm/arm_sim_ws/src/example_7' with build type 'ament_cmake'
[0.210s] INFO:colcon.colcon_cmake.task.cmake.build:Building CMake package in '/home/yuzhench/Desktop/Intership/smart_arm/arm_sim_ws/src/example_7'
[0.211s] INFO:colcon.colcon_core.shell:Skip shell extension 'powershell' for command environment: Not usable outside of PowerShell
[0.211s] DEBUG:colcon.colcon_core.shell:Skip shell extension 'dsv' for command environment
[0.215s] DEBUG:colcon.colcon_core.event_handler.log_command:Invoking command in '/home/yuzhench/Desktop/Intership/smart_arm/arm_sim_ws/build/arm_sim_pkg': CMAKE_PREFIX_PATH=${CMAKE_PREFIX_PATH}:/home/yuzhench/Desktop/Intership/smart_arm/arm_sim_ws/install/robot_bringup:/opt/ros/humble /usr/bin/cmake /home/yuzhench/Desktop/Intership/smart_arm/arm_sim_ws/src/arm_sim_pkg -DAMENT_CMAKE_SYMLINK_INSTALL=1 -DCMAKE_INSTALL_PREFIX=/home/yuzhench/Desktop/Intership/smart_arm/arm_sim_ws/install/arm_sim_pkg
[0.363s] INFO:colcon.colcon_core.task.python.build:Building Python package in '/home/yuzhench/Desktop/Intership/smart_arm/arm_sim_ws/src/robot_bringup'
[0.364s] INFO:colcon.colcon_core.shell:Skip shell extension 'powershell' for command environment: Not usable outside of PowerShell
[0.364s] DEBUG:colcon.colcon_core.shell:Skip shell extension 'dsv' for command environment
[0.368s] DEBUG:colcon.colcon_core.event_handler.log_command:Invoking command in '/home/yuzhench/Desktop/Intership/smart_arm/arm_sim_ws/build/ros2_control_demo_example_7': CMAKE_PREFIX_PATH=${CMAKE_PREFIX_PATH}:/home/yuzhench/Desktop/Intership/smart_arm/arm_sim_ws/install/robot_bringup:/opt/ros/humble /usr/bin/cmake /home/yuzhench/Desktop/Intership/smart_arm/arm_sim_ws/src/example_7 -DAMENT_CMAKE_SYMLINK_INSTALL=1 -DCMAKE_INSTALL_PREFIX=/home/yuzhench/Desktop/Intership/smart_arm/arm_sim_ws/install/ros2_control_demo_example_7
[0.610s] DEBUG:colcon.colcon_core.event_handler.log_command:Invoking command in '/home/yuzhench/Desktop/Intership/smart_arm/arm_sim_ws/build/robot_bringup': PYTHONPATH=/home/yuzhench/Desktop/Intership/smart_arm/arm_sim_ws/build/robot_bringup/prefix_override:/usr/lib/python3/dist-packages/colcon_core/task/python/colcon_distutils_commands:/home/yuzhench/Desktop/Intership/smart_arm/arm_sim_ws/install/robot_bringup/lib/python3.10/site-packages:${PYTHONPATH} /usr/bin/python3 -W ignore:setup.py install is deprecated -W ignore:easy_install command is deprecated setup.py develop --editable --build-directory /home/yuzhench/Desktop/Intership/smart_arm/arm_sim_ws/build/robot_bringup/build --no-deps symlink_data
[0.878s] Level 1:colcon.colcon_core.shell:create_environment_hook('robot_bringup', 'pythonpath_develop')
[0.879s] DEBUG:colcon.colcon_core.event_handler.log_command:Invoked command in '/home/yuzhench/Desktop/Intership/smart_arm/arm_sim_ws/build/robot_bringup' returned '0': PYTHONPATH=/home/yuzhench/Desktop/Intership/smart_arm/arm_sim_ws/build/robot_bringup/prefix_override:/usr/lib/python3/dist-packages/colcon_core/task/python/colcon_distutils_commands:/home/yuzhench/Desktop/Intership/smart_arm/arm_sim_ws/install/robot_bringup/lib/python3.10/site-packages:${PYTHONPATH} /usr/bin/python3 -W ignore:setup.py install is deprecated -W ignore:easy_install command is deprecated setup.py develop --editable --build-directory /home/yuzhench/Desktop/Intership/smart_arm/arm_sim_ws/build/robot_bringup/build --no-deps symlink_data
[0.879s] INFO:colcon.colcon_core.shell:Creating environment hook '/home/yuzhench/Desktop/Intership/smart_arm/arm_sim_ws/build/robot_bringup/share/robot_bringup/hook/pythonpath_develop.ps1'
[0.880s] INFO:colcon.colcon_core.shell:Creating environment descriptor '/home/yuzhench/Desktop/Intership/smart_arm/arm_sim_ws/build/robot_bringup/share/robot_bringup/hook/pythonpath_develop.dsv'
[0.880s] INFO:colcon.colcon_core.shell:Creating environment hook '/home/yuzhench/Desktop/Intership/smart_arm/arm_sim_ws/build/robot_bringup/share/robot_bringup/hook/pythonpath_develop.sh'
[0.881s] Level 1:colcon.colcon_core.environment:checking '/home/yuzhench/Desktop/Intership/smart_arm/arm_sim_ws/install/robot_bringup' for CMake module files
[0.881s] Level 1:colcon.colcon_core.environment:checking '/home/yuzhench/Desktop/Intership/smart_arm/arm_sim_ws/install/robot_bringup' for CMake config files
[0.882s] Level 1:colcon.colcon_core.environment:checking '/home/yuzhench/Desktop/Intership/smart_arm/arm_sim_ws/install/robot_bringup/lib'
[0.882s] Level 1:colcon.colcon_core.environment:checking '/home/yuzhench/Desktop/Intership/smart_arm/arm_sim_ws/install/robot_bringup/bin'
[0.882s] Level 1:colcon.colcon_core.environment:checking '/home/yuzhench/Desktop/Intership/smart_arm/arm_sim_ws/install/robot_bringup/lib/pkgconfig/robot_bringup.pc'
[0.882s] Level 1:colcon.colcon_core.environment:checking '/home/yuzhench/Desktop/Intership/smart_arm/arm_sim_ws/install/robot_bringup/lib/python3.10/site-packages'
[0.882s] Level 1:colcon.colcon_core.shell:create_environment_hook('robot_bringup', 'pythonpath')
[0.882s] INFO:colcon.colcon_core.shell:Creating environment hook '/home/yuzhench/Desktop/Intership/smart_arm/arm_sim_ws/install/robot_bringup/share/robot_bringup/hook/pythonpath.ps1'
[0.882s] INFO:colcon.colcon_core.shell:Creating environment descriptor '/home/yuzhench/Desktop/Intership/smart_arm/arm_sim_ws/install/robot_bringup/share/robot_bringup/hook/pythonpath.dsv'
[0.883s] INFO:colcon.colcon_core.shell:Creating environment hook '/home/yuzhench/Desktop/Intership/smart_arm/arm_sim_ws/install/robot_bringup/share/robot_bringup/hook/pythonpath.sh'
[0.883s] Level 1:colcon.colcon_core.environment:checking '/home/yuzhench/Desktop/Intership/smart_arm/arm_sim_ws/install/robot_bringup/bin'
[0.883s] Level 1:colcon.colcon_core.environment:create_environment_scripts_only(robot_bringup)
[0.883s] INFO:colcon.colcon_core.shell:Creating package script '/home/yuzhench/Desktop/Intership/smart_arm/arm_sim_ws/install/robot_bringup/share/robot_bringup/package.ps1'
[0.883s] INFO:colcon.colcon_core.shell:Creating package descriptor '/home/yuzhench/Desktop/Intership/smart_arm/arm_sim_ws/install/robot_bringup/share/robot_bringup/package.dsv'
[0.884s] INFO:colcon.colcon_core.shell:Creating package script '/home/yuzhench/Desktop/Intership/smart_arm/arm_sim_ws/install/robot_bringup/share/robot_bringup/package.sh'
[0.884s] INFO:colcon.colcon_core.shell:Creating package script '/home/yuzhench/Desktop/Intership/smart_arm/arm_sim_ws/install/robot_bringup/share/robot_bringup/package.bash'
[0.884s] INFO:colcon.colcon_core.shell:Creating package script '/home/yuzhench/Desktop/Intership/smart_arm/arm_sim_ws/install/robot_bringup/share/robot_bringup/package.zsh'
[0.885s] Level 1:colcon.colcon_core.environment:create_file_with_runtime_dependencies(/home/yuzhench/Desktop/Intership/smart_arm/arm_sim_ws/install/robot_bringup/share/colcon-core/packages/robot_bringup)
[1.283s] DEBUG:colcon.colcon_core.event_handler.log_command:Invoked command in '/home/yuzhench/Desktop/Intership/smart_arm/arm_sim_ws/build/arm_sim_pkg' returned '0': CMAKE_PREFIX_PATH=${CMAKE_PREFIX_PATH}:/home/yuzhench/Desktop/Intership/smart_arm/arm_sim_ws/install/robot_bringup:/opt/ros/humble /usr/bin/cmake /home/yuzhench/Desktop/Intership/smart_arm/arm_sim_ws/src/arm_sim_pkg -DAMENT_CMAKE_SYMLINK_INSTALL=1 -DCMAKE_INSTALL_PREFIX=/home/yuzhench/Desktop/Intership/smart_arm/arm_sim_ws/install/arm_sim_pkg
[1.286s] DEBUG:colcon.colcon_core.event_handler.log_command:Invoking command in '/home/yuzhench/Desktop/Intership/smart_arm/arm_sim_ws/build/arm_sim_pkg': CMAKE_PREFIX_PATH=${CMAKE_PREFIX_PATH}:/home/yuzhench/Desktop/Intership/smart_arm/arm_sim_ws/install/robot_bringup:/opt/ros/humble /usr/bin/cmake --build /home/yuzhench/Desktop/Intership/smart_arm/arm_sim_ws/build/arm_sim_pkg -- -j16 -l16
[2.267s] DEBUG:colcon.colcon_core.event_handler.log_command:Invoked command in '/home/yuzhench/Desktop/Intership/smart_arm/arm_sim_ws/build/ros2_control_demo_example_7' returned '0': CMAKE_PREFIX_PATH=${CMAKE_PREFIX_PATH}:/home/yuzhench/Desktop/Intership/smart_arm/arm_sim_ws/install/robot_bringup:/opt/ros/humble /usr/bin/cmake /home/yuzhench/Desktop/Intership/smart_arm/arm_sim_ws/src/example_7 -DAMENT_CMAKE_SYMLINK_INSTALL=1 -DCMAKE_INSTALL_PREFIX=/home/yuzhench/Desktop/Intership/smart_arm/arm_sim_ws/install/ros2_control_demo_example_7
[2.268s] DEBUG:colcon.colcon_core.event_handler.log_command:Invoking command in '/home/yuzhench/Desktop/Intership/smart_arm/arm_sim_ws/build/ros2_control_demo_example_7': CMAKE_PREFIX_PATH=${CMAKE_PREFIX_PATH}:/home/yuzhench/Desktop/Intership/smart_arm/arm_sim_ws/install/robot_bringup:/opt/ros/humble /usr/bin/cmake --build /home/yuzhench/Desktop/Intership/smart_arm/arm_sim_ws/build/ros2_control_demo_example_7 -- -j16 -l16
[4.190s] DEBUG:colcon.colcon_core.event_handler.log_command:Invoked command in '/home/yuzhench/Desktop/Intership/smart_arm/arm_sim_ws/build/arm_sim_pkg' returned '0': CMAKE_PREFIX_PATH=${CMAKE_PREFIX_PATH}:/home/yuzhench/Desktop/Intership/smart_arm/arm_sim_ws/install/robot_bringup:/opt/ros/humble /usr/bin/cmake --build /home/yuzhench/Desktop/Intership/smart_arm/arm_sim_ws/build/arm_sim_pkg -- -j16 -l16
[4.199s] DEBUG:colcon.colcon_core.event_handler.log_command:Invoking command in '/home/yuzhench/Desktop/Intership/smart_arm/arm_sim_ws/build/arm_sim_pkg': CMAKE_PREFIX_PATH=${CMAKE_PREFIX_PATH}:/home/yuzhench/Desktop/Intership/smart_arm/arm_sim_ws/install/robot_bringup:/opt/ros/humble /usr/bin/cmake --install /home/yuzhench/Desktop/Intership/smart_arm/arm_sim_ws/build/arm_sim_pkg
[4.420s] Level 1:colcon.colcon_core.environment:create_environment_scripts_only(arm_sim_pkg)
[4.420s] Level 1:colcon.colcon_core.environment:checking '/home/yuzhench/Desktop/Intership/smart_arm/arm_sim_ws/install/arm_sim_pkg' for CMake module files
[4.421s] DEBUG:colcon.colcon_core.event_handler.log_command:Invoked command in '/home/yuzhench/Desktop/Intership/smart_arm/arm_sim_ws/build/arm_sim_pkg' returned '0': CMAKE_PREFIX_PATH=${CMAKE_PREFIX_PATH}:/home/yuzhench/Desktop/Intership/smart_arm/arm_sim_ws/install/robot_bringup:/opt/ros/humble /usr/bin/cmake --install /home/yuzhench/Desktop/Intership/smart_arm/arm_sim_ws/build/arm_sim_pkg
[4.422s] Level 1:colcon.colcon_core.environment:checking '/home/yuzhench/Desktop/Intership/smart_arm/arm_sim_ws/install/arm_sim_pkg' for CMake config files
[4.422s] Level 1:colcon.colcon_core.shell:create_environment_hook('arm_sim_pkg', 'cmake_prefix_path')
[4.423s] INFO:colcon.colcon_core.shell:Creating environment hook '/home/yuzhench/Desktop/Intership/smart_arm/arm_sim_ws/install/arm_sim_pkg/share/arm_sim_pkg/hook/cmake_prefix_path.ps1'
[4.423s] INFO:colcon.colcon_core.shell:Creating environment descriptor '/home/yuzhench/Desktop/Intership/smart_arm/arm_sim_ws/install/arm_sim_pkg/share/arm_sim_pkg/hook/cmake_prefix_path.dsv'
[4.424s] INFO:colcon.colcon_core.shell:Creating environment hook '/home/yuzhench/Desktop/Intership/smart_arm/arm_sim_ws/install/arm_sim_pkg/share/arm_sim_pkg/hook/cmake_prefix_path.sh'
[4.424s] Level 1:colcon.colcon_core.environment:checking '/home/yuzhench/Desktop/Intership/smart_arm/arm_sim_ws/install/arm_sim_pkg/lib'
[4.425s] Level 1:colcon.colcon_core.shell:create_environment_hook('arm_sim_pkg', 'ld_library_path_lib')
[4.425s] INFO:colcon.colcon_core.shell:Creating environment hook '/home/yuzhench/Desktop/Intership/smart_arm/arm_sim_ws/install/arm_sim_pkg/share/arm_sim_pkg/hook/ld_library_path_lib.ps1'
[4.425s] INFO:colcon.colcon_core.shell:Creating environment descriptor '/home/yuzhench/Desktop/Intership/smart_arm/arm_sim_ws/install/arm_sim_pkg/share/arm_sim_pkg/hook/ld_library_path_lib.dsv'
[4.426s] INFO:colcon.colcon_core.shell:Creating environment hook '/home/yuzhench/Desktop/Intership/smart_arm/arm_sim_ws/install/arm_sim_pkg/share/arm_sim_pkg/hook/ld_library_path_lib.sh'
[4.426s] Level 1:colcon.colcon_core.environment:checking '/home/yuzhench/Desktop/Intership/smart_arm/arm_sim_ws/install/arm_sim_pkg/bin'
[4.426s] Level 1:colcon.colcon_core.environment:checking '/home/yuzhench/Desktop/Intership/smart_arm/arm_sim_ws/install/arm_sim_pkg/lib/pkgconfig/arm_sim_pkg.pc'
[4.426s] Level 1:colcon.colcon_core.environment:checking '/home/yuzhench/Desktop/Intership/smart_arm/arm_sim_ws/install/arm_sim_pkg/lib/python3.10/site-packages'
[4.427s] Level 1:colcon.colcon_core.environment:checking '/home/yuzhench/Desktop/Intership/smart_arm/arm_sim_ws/install/arm_sim_pkg/bin'
[4.427s] INFO:colcon.colcon_core.shell:Creating package script '/home/yuzhench/Desktop/Intership/smart_arm/arm_sim_ws/install/arm_sim_pkg/share/arm_sim_pkg/package.ps1'
[4.428s] INFO:colcon.colcon_core.shell:Creating package descriptor '/home/yuzhench/Desktop/Intership/smart_arm/arm_sim_ws/install/arm_sim_pkg/share/arm_sim_pkg/package.dsv'
[4.428s] INFO:colcon.colcon_core.shell:Creating package script '/home/yuzhench/Desktop/Intership/smart_arm/arm_sim_ws/install/arm_sim_pkg/share/arm_sim_pkg/package.sh'
[4.428s] INFO:colcon.colcon_core.shell:Creating package script '/home/yuzhench/Desktop/Intership/smart_arm/arm_sim_ws/install/arm_sim_pkg/share/arm_sim_pkg/package.bash'
[4.429s] INFO:colcon.colcon_core.shell:Creating package script '/home/yuzhench/Desktop/Intership/smart_arm/arm_sim_ws/install/arm_sim_pkg/share/arm_sim_pkg/package.zsh'
[4.429s] Level 1:colcon.colcon_core.environment:create_file_with_runtime_dependencies(/home/yuzhench/Desktop/Intership/smart_arm/arm_sim_ws/install/arm_sim_pkg/share/colcon-core/packages/arm_sim_pkg)
[4.430s] Level 1:colcon.colcon_core.environment:create_environment_scripts_only(arm_sim_pkg)
[4.430s] Level 1:colcon.colcon_core.environment:checking '/home/yuzhench/Desktop/Intership/smart_arm/arm_sim_ws/install/arm_sim_pkg' for CMake module files
[4.431s] Level 1:colcon.colcon_core.environment:checking '/home/yuzhench/Desktop/Intership/smart_arm/arm_sim_ws/install/arm_sim_pkg' for CMake config files
[4.431s] Level 1:colcon.colcon_core.shell:create_environment_hook('arm_sim_pkg', 'cmake_prefix_path')
[4.432s] INFO:colcon.colcon_core.shell:Creating environment hook '/home/yuzhench/Desktop/Intership/smart_arm/arm_sim_ws/install/arm_sim_pkg/share/arm_sim_pkg/hook/cmake_prefix_path.ps1'
[4.432s] INFO:colcon.colcon_core.shell:Creating environment descriptor '/home/yuzhench/Desktop/Intership/smart_arm/arm_sim_ws/install/arm_sim_pkg/share/arm_sim_pkg/hook/cmake_prefix_path.dsv'
[4.433s] INFO:colcon.colcon_core.shell:Creating environment hook '/home/yuzhench/Desktop/Intership/smart_arm/arm_sim_ws/install/arm_sim_pkg/share/arm_sim_pkg/hook/cmake_prefix_path.sh'
[4.433s] Level 1:colcon.colcon_core.environment:checking '/home/yuzhench/Desktop/Intership/smart_arm/arm_sim_ws/install/arm_sim_pkg/lib'
[4.433s] Level 1:colcon.colcon_core.shell:create_environment_hook('arm_sim_pkg', 'ld_library_path_lib')
[4.434s] INFO:colcon.colcon_core.shell:Creating environment hook '/home/yuzhench/Desktop/Intership/smart_arm/arm_sim_ws/install/arm_sim_pkg/share/arm_sim_pkg/hook/ld_library_path_lib.ps1'
[4.434s] INFO:colcon.colcon_core.shell:Creating environment descriptor '/home/yuzhench/Desktop/Intership/smart_arm/arm_sim_ws/install/arm_sim_pkg/share/arm_sim_pkg/hook/ld_library_path_lib.dsv'
[4.434s] INFO:colcon.colcon_core.shell:Creating environment hook '/home/yuzhench/Desktop/Intership/smart_arm/arm_sim_ws/install/arm_sim_pkg/share/arm_sim_pkg/hook/ld_library_path_lib.sh'
[4.435s] Level 1:colcon.colcon_core.environment:checking '/home/yuzhench/Desktop/Intership/smart_arm/arm_sim_ws/install/arm_sim_pkg/bin'
[4.435s] Level 1:colcon.colcon_core.environment:checking '/home/yuzhench/Desktop/Intership/smart_arm/arm_sim_ws/install/arm_sim_pkg/lib/pkgconfig/arm_sim_pkg.pc'
[4.435s] Level 1:colcon.colcon_core.environment:checking '/home/yuzhench/Desktop/Intership/smart_arm/arm_sim_ws/install/arm_sim_pkg/lib/python3.10/site-packages'
[4.436s] Level 1:colcon.colcon_core.environment:checking '/home/yuzhench/Desktop/Intership/smart_arm/arm_sim_ws/install/arm_sim_pkg/bin'
[4.436s] INFO:colcon.colcon_core.shell:Creating package script '/home/yuzhench/Desktop/Intership/smart_arm/arm_sim_ws/install/arm_sim_pkg/share/arm_sim_pkg/package.ps1'
[4.437s] INFO:colcon.colcon_core.shell:Creating package descriptor '/home/yuzhench/Desktop/Intership/smart_arm/arm_sim_ws/install/arm_sim_pkg/share/arm_sim_pkg/package.dsv'
[4.437s] INFO:colcon.colcon_core.shell:Creating package script '/home/yuzhench/Desktop/Intership/smart_arm/arm_sim_ws/install/arm_sim_pkg/share/arm_sim_pkg/package.sh'
[4.438s] INFO:colcon.colcon_core.shell:Creating package script '/home/yuzhench/Desktop/Intership/smart_arm/arm_sim_ws/install/arm_sim_pkg/share/arm_sim_pkg/package.bash'
[4.438s] INFO:colcon.colcon_core.shell:Creating package script '/home/yuzhench/Desktop/Intership/smart_arm/arm_sim_ws/install/arm_sim_pkg/share/arm_sim_pkg/package.zsh'
[4.439s] Level 1:colcon.colcon_core.environment:create_file_with_runtime_dependencies(/home/yuzhench/Desktop/Intership/smart_arm/arm_sim_ws/install/arm_sim_pkg/share/colcon-core/packages/arm_sim_pkg)
[4.439s] INFO:colcon.colcon_ros.task.ament_cmake.build:Building ROS package in '/home/yuzhench/Desktop/Intership/smart_arm/arm_sim_ws/src/movit_robot_arm_sim' with build type 'ament_cmake'
[4.439s] INFO:colcon.colcon_cmake.task.cmake.build:Building CMake package in '/home/yuzhench/Desktop/Intership/smart_arm/arm_sim_ws/src/movit_robot_arm_sim'
[4.440s] INFO:colcon.colcon_core.shell:Skip shell extension 'powershell' for command environment: Not usable outside of PowerShell
[4.440s] DEBUG:colcon.colcon_core.shell:Skip shell extension 'dsv' for command environment
[4.452s] DEBUG:colcon.colcon_core.event_handler.log_command:Invoking command in '/home/yuzhench/Desktop/Intership/smart_arm/arm_sim_ws/build/movit_robot_arm_sim': CMAKE_PREFIX_PATH=/home/yuzhench/Desktop/Intership/smart_arm/arm_sim_ws/install/arm_sim_pkg:/home/yuzhench/Desktop/Intership/smart_arm/arm_sim_ws/install/traj_demo:/home/yuzhench/Desktop/Intership/smart_arm/arm_sim_ws/install/ros2_control_demo_example_7:/home/yuzhench/Desktop/Intership/smart_arm/arm_sim_ws/install/movit_robot_arm_sim:/home/yuzhench/Desktop/Intership/smart_arm/arm_sim_ws/install/robot_bringup:/opt/ros/humble LD_LIBRARY_PATH=/home/yuzhench/Desktop/Intership/smart_arm/arm_sim_ws/install/arm_sim_pkg/lib:/home/yuzhench/Desktop/Intership/smart_arm/arm_sim_ws/install/ros2_control_demo_example_7/lib:/opt/ros/humble/opt/rviz_ogre_vendor/lib:/opt/ros/humble/lib/x86_64-linux-gnu:/opt/ros/humble/lib /usr/bin/cmake /home/yuzhench/Desktop/Intership/smart_arm/arm_sim_ws/src/movit_robot_arm_sim -DAMENT_CMAKE_SYMLINK_INSTALL=1 -DCMAKE_INSTALL_PREFIX=/home/yuzhench/Desktop/Intership/smart_arm/arm_sim_ws/install/movit_robot_arm_sim
[4.950s] DEBUG:colcon.colcon_core.event_handler.log_command:Invoked command in '/home/yuzhench/Desktop/Intership/smart_arm/arm_sim_ws/build/movit_robot_arm_sim' returned '0': CMAKE_PREFIX_PATH=/home/yuzhench/Desktop/Intership/smart_arm/arm_sim_ws/install/arm_sim_pkg:/home/yuzhench/Desktop/Intership/smart_arm/arm_sim_ws/install/traj_demo:/home/yuzhench/Desktop/Intership/smart_arm/arm_sim_ws/install/ros2_control_demo_example_7:/home/yuzhench/Desktop/Intership/smart_arm/arm_sim_ws/install/movit_robot_arm_sim:/home/yuzhench/Desktop/Intership/smart_arm/arm_sim_ws/install/robot_bringup:/opt/ros/humble LD_LIBRARY_PATH=/home/yuzhench/Desktop/Intership/smart_arm/arm_sim_ws/install/arm_sim_pkg/lib:/home/yuzhench/Desktop/Intership/smart_arm/arm_sim_ws/install/ros2_control_demo_example_7/lib:/opt/ros/humble/opt/rviz_ogre_vendor/lib:/opt/ros/humble/lib/x86_64-linux-gnu:/opt/ros/humble/lib /usr/bin/cmake /home/yuzhench/Desktop/Intership/smart_arm/arm_sim_ws/src/movit_robot_arm_sim -DAMENT_CMAKE_SYMLINK_INSTALL=1 -DCMAKE_INSTALL_PREFIX=/home/yuzhench/Desktop/Intership/smart_arm/arm_sim_ws/install/movit_robot_arm_sim
[4.951s] DEBUG:colcon.colcon_core.event_handler.log_command:Invoking command in '/home/yuzhench/Desktop/Intership/smart_arm/arm_sim_ws/build/movit_robot_arm_sim': CMAKE_PREFIX_PATH=/home/yuzhench/Desktop/Intership/smart_arm/arm_sim_ws/install/arm_sim_pkg:/home/yuzhench/Desktop/Intership/smart_arm/arm_sim_ws/install/traj_demo:/home/yuzhench/Desktop/Intership/smart_arm/arm_sim_ws/install/ros2_control_demo_example_7:/home/yuzhench/Desktop/Intership/smart_arm/arm_sim_ws/install/movit_robot_arm_sim:/home/yuzhench/Desktop/Intership/smart_arm/arm_sim_ws/install/robot_bringup:/opt/ros/humble LD_LIBRARY_PATH=/home/yuzhench/Desktop/Intership/smart_arm/arm_sim_ws/install/arm_sim_pkg/lib:/home/yuzhench/Desktop/Intership/smart_arm/arm_sim_ws/install/ros2_control_demo_example_7/lib:/opt/ros/humble/opt/rviz_ogre_vendor/lib:/opt/ros/humble/lib/x86_64-linux-gnu:/opt/ros/humble/lib /usr/bin/cmake --build /home/yuzhench/Desktop/Intership/smart_arm/arm_sim_ws/build/movit_robot_arm_sim -- -j16 -l16
[4.988s] DEBUG:colcon.colcon_core.event_handler.log_command:Invoked command in '/home/yuzhench/Desktop/Intership/smart_arm/arm_sim_ws/build/movit_robot_arm_sim' returned '0': CMAKE_PREFIX_PATH=/home/yuzhench/Desktop/Intership/smart_arm/arm_sim_ws/install/arm_sim_pkg:/home/yuzhench/Desktop/Intership/smart_arm/arm_sim_ws/install/traj_demo:/home/yuzhench/Desktop/Intership/smart_arm/arm_sim_ws/install/ros2_control_demo_example_7:/home/yuzhench/Desktop/Intership/smart_arm/arm_sim_ws/install/movit_robot_arm_sim:/home/yuzhench/Desktop/Intership/smart_arm/arm_sim_ws/install/robot_bringup:/opt/ros/humble LD_LIBRARY_PATH=/home/yuzhench/Desktop/Intership/smart_arm/arm_sim_ws/install/arm_sim_pkg/lib:/home/yuzhench/Desktop/Intership/smart_arm/arm_sim_ws/install/ros2_control_demo_example_7/lib:/opt/ros/humble/opt/rviz_ogre_vendor/lib:/opt/ros/humble/lib/x86_64-linux-gnu:/opt/ros/humble/lib /usr/bin/cmake --build /home/yuzhench/Desktop/Intership/smart_arm/arm_sim_ws/build/movit_robot_arm_sim -- -j16 -l16
[4.989s] DEBUG:colcon.colcon_core.event_handler.log_command:Invoking command in '/home/yuzhench/Desktop/Intership/smart_arm/arm_sim_ws/build/movit_robot_arm_sim': CMAKE_PREFIX_PATH=/home/yuzhench/Desktop/Intership/smart_arm/arm_sim_ws/install/arm_sim_pkg:/home/yuzhench/Desktop/Intership/smart_arm/arm_sim_ws/install/traj_demo:/home/yuzhench/Desktop/Intership/smart_arm/arm_sim_ws/install/ros2_control_demo_example_7:/home/yuzhench/Desktop/Intership/smart_arm/arm_sim_ws/install/movit_robot_arm_sim:/home/yuzhench/Desktop/Intership/smart_arm/arm_sim_ws/install/robot_bringup:/opt/ros/humble LD_LIBRARY_PATH=/home/yuzhench/Desktop/Intership/smart_arm/arm_sim_ws/install/arm_sim_pkg/lib:/home/yuzhench/Desktop/Intership/smart_arm/arm_sim_ws/install/ros2_control_demo_example_7/lib:/opt/ros/humble/opt/rviz_ogre_vendor/lib:/opt/ros/humble/lib/x86_64-linux-gnu:/opt/ros/humble/lib /usr/bin/cmake --install /home/yuzhench/Desktop/Intership/smart_arm/arm_sim_ws/build/movit_robot_arm_sim
[5.250s] Level 1:colcon.colcon_core.environment:create_environment_scripts_only(movit_robot_arm_sim)
[5.250s] Level 1:colcon.colcon_core.environment:checking '/home/yuzhench/Desktop/Intership/smart_arm/arm_sim_ws/install/movit_robot_arm_sim' for CMake module files
[5.251s] DEBUG:colcon.colcon_core.event_handler.log_command:Invoked command in '/home/yuzhench/Desktop/Intership/smart_arm/arm_sim_ws/build/movit_robot_arm_sim' returned '0': CMAKE_PREFIX_PATH=/home/yuzhench/Desktop/Intership/smart_arm/arm_sim_ws/install/arm_sim_pkg:/home/yuzhench/Desktop/Intership/smart_arm/arm_sim_ws/install/traj_demo:/home/yuzhench/Desktop/Intership/smart_arm/arm_sim_ws/install/ros2_control_demo_example_7:/home/yuzhench/Desktop/Intership/smart_arm/arm_sim_ws/install/movit_robot_arm_sim:/home/yuzhench/Desktop/Intership/smart_arm/arm_sim_ws/install/robot_bringup:/opt/ros/humble LD_LIBRARY_PATH=/home/yuzhench/Desktop/Intership/smart_arm/arm_sim_ws/install/arm_sim_pkg/lib:/home/yuzhench/Desktop/Intership/smart_arm/arm_sim_ws/install/ros2_control_demo_example_7/lib:/opt/ros/humble/opt/rviz_ogre_vendor/lib:/opt/ros/humble/lib/x86_64-linux-gnu:/opt/ros/humble/lib /usr/bin/cmake --install /home/yuzhench/Desktop/Intership/smart_arm/arm_sim_ws/build/movit_robot_arm_sim
[5.251s] Level 1:colcon.colcon_core.environment:checking '/home/yuzhench/Desktop/Intership/smart_arm/arm_sim_ws/install/movit_robot_arm_sim' for CMake config files
[5.251s] Level 1:colcon.colcon_core.shell:create_environment_hook('movit_robot_arm_sim', 'cmake_prefix_path')
[5.252s] INFO:colcon.colcon_core.shell:Creating environment hook '/home/yuzhench/Desktop/Intership/smart_arm/arm_sim_ws/install/movit_robot_arm_sim/share/movit_robot_arm_sim/hook/cmake_prefix_path.ps1'
[5.252s] INFO:colcon.colcon_core.shell:Creating environment descriptor '/home/yuzhench/Desktop/Intership/smart_arm/arm_sim_ws/install/movit_robot_arm_sim/share/movit_robot_arm_sim/hook/cmake_prefix_path.dsv'
[5.252s] INFO:colcon.colcon_core.shell:Creating environment hook '/home/yuzhench/Desktop/Intership/smart_arm/arm_sim_ws/install/movit_robot_arm_sim/share/movit_robot_arm_sim/hook/cmake_prefix_path.sh'
[5.253s] Level 1:colcon.colcon_core.environment:checking '/home/yuzhench/Desktop/Intership/smart_arm/arm_sim_ws/install/movit_robot_arm_sim/bin'
[5.253s] Level 1:colcon.colcon_core.environment:checking '/home/yuzhench/Desktop/Intership/smart_arm/arm_sim_ws/install/movit_robot_arm_sim/lib/pkgconfig/movit_robot_arm_sim.pc'
[5.253s] Level 1:colcon.colcon_core.environment:checking '/home/yuzhench/Desktop/Intership/smart_arm/arm_sim_ws/install/movit_robot_arm_sim/lib/python3.10/site-packages'
[5.253s] Level 1:colcon.colcon_core.environment:checking '/home/yuzhench/Desktop/Intership/smart_arm/arm_sim_ws/install/movit_robot_arm_sim/bin'
[5.253s] INFO:colcon.colcon_core.shell:Creating package script '/home/yuzhench/Desktop/Intership/smart_arm/arm_sim_ws/install/movit_robot_arm_sim/share/movit_robot_arm_sim/package.ps1'
[5.254s] INFO:colcon.colcon_core.shell:Creating package descriptor '/home/yuzhench/Desktop/Intership/smart_arm/arm_sim_ws/install/movit_robot_arm_sim/share/movit_robot_arm_sim/package.dsv'
[5.254s] INFO:colcon.colcon_core.shell:Creating package script '/home/yuzhench/Desktop/Intership/smart_arm/arm_sim_ws/install/movit_robot_arm_sim/share/movit_robot_arm_sim/package.sh'
[5.254s] INFO:colcon.colcon_core.shell:Creating package script '/home/yuzhench/Desktop/Intership/smart_arm/arm_sim_ws/install/movit_robot_arm_sim/share/movit_robot_arm_sim/package.bash'
[5.254s] INFO:colcon.colcon_core.shell:Creating package script '/home/yuzhench/Desktop/Intership/smart_arm/arm_sim_ws/install/movit_robot_arm_sim/share/movit_robot_arm_sim/package.zsh'
[5.255s] Level 1:colcon.colcon_core.environment:create_file_with_runtime_dependencies(/home/yuzhench/Desktop/Intership/smart_arm/arm_sim_ws/install/movit_robot_arm_sim/share/colcon-core/packages/movit_robot_arm_sim)
[5.255s] Level 1:colcon.colcon_core.environment:create_environment_scripts_only(movit_robot_arm_sim)
[5.255s] Level 1:colcon.colcon_core.environment:checking '/home/yuzhench/Desktop/Intership/smart_arm/arm_sim_ws/install/movit_robot_arm_sim' for CMake module files
[5.256s] Level 1:colcon.colcon_core.environment:checking '/home/yuzhench/Desktop/Intership/smart_arm/arm_sim_ws/install/movit_robot_arm_sim' for CMake config files
[5.256s] Level 1:colcon.colcon_core.shell:create_environment_hook('movit_robot_arm_sim', 'cmake_prefix_path')
[5.256s] INFO:colcon.colcon_core.shell:Creating environment hook '/home/yuzhench/Desktop/Intership/smart_arm/arm_sim_ws/install/movit_robot_arm_sim/share/movit_robot_arm_sim/hook/cmake_prefix_path.ps1'
[5.256s] INFO:colcon.colcon_core.shell:Creating environment descriptor '/home/yuzhench/Desktop/Intership/smart_arm/arm_sim_ws/install/movit_robot_arm_sim/share/movit_robot_arm_sim/hook/cmake_prefix_path.dsv'
[5.257s] INFO:colcon.colcon_core.shell:Creating environment hook '/home/yuzhench/Desktop/Intership/smart_arm/arm_sim_ws/install/movit_robot_arm_sim/share/movit_robot_arm_sim/hook/cmake_prefix_path.sh'
[5.257s] Level 1:colcon.colcon_core.environment:checking '/home/yuzhench/Desktop/Intership/smart_arm/arm_sim_ws/install/movit_robot_arm_sim/bin'
[5.257s] Level 1:colcon.colcon_core.environment:checking '/home/yuzhench/Desktop/Intership/smart_arm/arm_sim_ws/install/movit_robot_arm_sim/lib/pkgconfig/movit_robot_arm_sim.pc'
[5.257s] Level 1:colcon.colcon_core.environment:checking '/home/yuzhench/Desktop/Intership/smart_arm/arm_sim_ws/install/movit_robot_arm_sim/lib/python3.10/site-packages'
[5.257s] Level 1:colcon.colcon_core.environment:checking '/home/yuzhench/Desktop/Intership/smart_arm/arm_sim_ws/install/movit_robot_arm_sim/bin'
[5.258s] INFO:colcon.colcon_core.shell:Creating package script '/home/yuzhench/Desktop/Intership/smart_arm/arm_sim_ws/install/movit_robot_arm_sim/share/movit_robot_arm_sim/package.ps1'
[5.258s] INFO:colcon.colcon_core.shell:Creating package descriptor '/home/yuzhench/Desktop/Intership/smart_arm/arm_sim_ws/install/movit_robot_arm_sim/share/movit_robot_arm_sim/package.dsv'
[5.258s] INFO:colcon.colcon_core.shell:Creating package script '/home/yuzhench/Desktop/Intership/smart_arm/arm_sim_ws/install/movit_robot_arm_sim/share/movit_robot_arm_sim/package.sh'
[5.259s] INFO:colcon.colcon_core.shell:Creating package script '/home/yuzhench/Desktop/Intership/smart_arm/arm_sim_ws/install/movit_robot_arm_sim/share/movit_robot_arm_sim/package.bash'
[5.259s] INFO:colcon.colcon_core.shell:Creating package script '/home/yuzhench/Desktop/Intership/smart_arm/arm_sim_ws/install/movit_robot_arm_sim/share/movit_robot_arm_sim/package.zsh'
[5.259s] Level 1:colcon.colcon_core.environment:create_file_with_runtime_dependencies(/home/yuzhench/Desktop/Intership/smart_arm/arm_sim_ws/install/movit_robot_arm_sim/share/colcon-core/packages/movit_robot_arm_sim)
[5.260s] INFO:colcon.colcon_ros.task.ament_cmake.build:Building ROS package in '/home/yuzhench/Desktop/Intership/smart_arm/arm_sim_ws/src/traj_demo' with build type 'ament_cmake'
[5.260s] INFO:colcon.colcon_cmake.task.cmake.build:Building CMake package in '/home/yuzhench/Desktop/Intership/smart_arm/arm_sim_ws/src/traj_demo'
[5.260s] INFO:colcon.colcon_core.shell:Skip shell extension 'powershell' for command environment: Not usable outside of PowerShell
[5.260s] DEBUG:colcon.colcon_core.shell:Skip shell extension 'dsv' for command environment
[5.270s] DEBUG:colcon.colcon_core.event_handler.log_command:Invoking command in '/home/yuzhench/Desktop/Intership/smart_arm/arm_sim_ws/build/traj_demo': CMAKE_PREFIX_PATH=/home/yuzhench/Desktop/Intership/smart_arm/arm_sim_ws/install/movit_robot_arm_sim:/home/yuzhench/Desktop/Intership/smart_arm/arm_sim_ws/install/arm_sim_pkg:/home/yuzhench/Desktop/Intership/smart_arm/arm_sim_ws/install/traj_demo:/home/yuzhench/Desktop/Intership/smart_arm/arm_sim_ws/install/ros2_control_demo_example_7:/home/yuzhench/Desktop/Intership/smart_arm/arm_sim_ws/install/robot_bringup:/opt/ros/humble LD_LIBRARY_PATH=/home/yuzhench/Desktop/Intership/smart_arm/arm_sim_ws/install/arm_sim_pkg/lib:/home/yuzhench/Desktop/Intership/smart_arm/arm_sim_ws/install/ros2_control_demo_example_7/lib:/opt/ros/humble/opt/rviz_ogre_vendor/lib:/opt/ros/humble/lib/x86_64-linux-gnu:/opt/ros/humble/lib /usr/bin/cmake /home/yuzhench/Desktop/Intership/smart_arm/arm_sim_ws/src/traj_demo -DAMENT_CMAKE_SYMLINK_INSTALL=1 -DCMAKE_INSTALL_PREFIX=/home/yuzhench/Desktop/Intership/smart_arm/arm_sim_ws/install/traj_demo
[6.652s] DEBUG:colcon.colcon_core.event_handler.log_command:Invoked command in '/home/yuzhench/Desktop/Intership/smart_arm/arm_sim_ws/build/traj_demo' returned '0': CMAKE_PREFIX_PATH=/home/yuzhench/Desktop/Intership/smart_arm/arm_sim_ws/install/movit_robot_arm_sim:/home/yuzhench/Desktop/Intership/smart_arm/arm_sim_ws/install/arm_sim_pkg:/home/yuzhench/Desktop/Intership/smart_arm/arm_sim_ws/install/traj_demo:/home/yuzhench/Desktop/Intership/smart_arm/arm_sim_ws/install/ros2_control_demo_example_7:/home/yuzhench/Desktop/Intership/smart_arm/arm_sim_ws/install/robot_bringup:/opt/ros/humble LD_LIBRARY_PATH=/home/yuzhench/Desktop/Intership/smart_arm/arm_sim_ws/install/arm_sim_pkg/lib:/home/yuzhench/Desktop/Intership/smart_arm/arm_sim_ws/install/ros2_control_demo_example_7/lib:/opt/ros/humble/opt/rviz_ogre_vendor/lib:/opt/ros/humble/lib/x86_64-linux-gnu:/opt/ros/humble/lib /usr/bin/cmake /home/yuzhench/Desktop/Intership/smart_arm/arm_sim_ws/src/traj_demo -DAMENT_CMAKE_SYMLINK_INSTALL=1 -DCMAKE_INSTALL_PREFIX=/home/yuzhench/Desktop/Intership/smart_arm/arm_sim_ws/install/traj_demo
[6.653s] DEBUG:colcon.colcon_core.event_handler.log_command:Invoking command in '/home/yuzhench/Desktop/Intership/smart_arm/arm_sim_ws/build/traj_demo': CMAKE_PREFIX_PATH=/home/yuzhench/Desktop/Intership/smart_arm/arm_sim_ws/install/movit_robot_arm_sim:/home/yuzhench/Desktop/Intership/smart_arm/arm_sim_ws/install/arm_sim_pkg:/home/yuzhench/Desktop/Intership/smart_arm/arm_sim_ws/install/traj_demo:/home/yuzhench/Desktop/Intership/smart_arm/arm_sim_ws/install/ros2_control_demo_example_7:/home/yuzhench/Desktop/Intership/smart_arm/arm_sim_ws/install/robot_bringup:/opt/ros/humble LD_LIBRARY_PATH=/home/yuzhench/Desktop/Intership/smart_arm/arm_sim_ws/install/arm_sim_pkg/lib:/home/yuzhench/Desktop/Intership/smart_arm/arm_sim_ws/install/ros2_control_demo_example_7/lib:/opt/ros/humble/opt/rviz_ogre_vendor/lib:/opt/ros/humble/lib/x86_64-linux-gnu:/opt/ros/humble/lib /usr/bin/cmake --build /home/yuzhench/Desktop/Intership/smart_arm/arm_sim_ws/build/traj_demo -- -j16 -l16
[8.814s] DEBUG:colcon.colcon_core.event_handler.log_command:Invoked command in '/home/yuzhench/Desktop/Intership/smart_arm/arm_sim_ws/build/ros2_control_demo_example_7' returned '0': CMAKE_PREFIX_PATH=${CMAKE_PREFIX_PATH}:/home/yuzhench/Desktop/Intership/smart_arm/arm_sim_ws/install/robot_bringup:/opt/ros/humble /usr/bin/cmake --build /home/yuzhench/Desktop/Intership/smart_arm/arm_sim_ws/build/ros2_control_demo_example_7 -- -j16 -l16
[8.815s] DEBUG:colcon.colcon_core.event_handler.log_command:Invoking command in '/home/yuzhench/Desktop/Intership/smart_arm/arm_sim_ws/build/ros2_control_demo_example_7': CMAKE_PREFIX_PATH=${CMAKE_PREFIX_PATH}:/home/yuzhench/Desktop/Intership/smart_arm/arm_sim_ws/install/robot_bringup:/opt/ros/humble /usr/bin/cmake --install /home/yuzhench/Desktop/Intership/smart_arm/arm_sim_ws/build/ros2_control_demo_example_7
[9.074s] Level 1:colcon.colcon_core.environment:create_environment_scripts_only(ros2_control_demo_example_7)
[9.075s] Level 1:colcon.colcon_core.environment:checking '/home/yuzhench/Desktop/Intership/smart_arm/arm_sim_ws/install/ros2_control_demo_example_7' for CMake module files
[9.075s] DEBUG:colcon.colcon_core.event_handler.log_command:Invoked command in '/home/yuzhench/Desktop/Intership/smart_arm/arm_sim_ws/build/ros2_control_demo_example_7' returned '0': CMAKE_PREFIX_PATH=${CMAKE_PREFIX_PATH}:/home/yuzhench/Desktop/Intership/smart_arm/arm_sim_ws/install/robot_bringup:/opt/ros/humble /usr/bin/cmake --install /home/yuzhench/Desktop/Intership/smart_arm/arm_sim_ws/build/ros2_control_demo_example_7
[9.076s] Level 1:colcon.colcon_core.environment:checking '/home/yuzhench/Desktop/Intership/smart_arm/arm_sim_ws/install/ros2_control_demo_example_7' for CMake config files
[9.077s] Level 1:colcon.colcon_core.shell:create_environment_hook('ros2_control_demo_example_7', 'cmake_prefix_path')
[9.077s] INFO:colcon.colcon_core.shell:Creating environment hook '/home/yuzhench/Desktop/Intership/smart_arm/arm_sim_ws/install/ros2_control_demo_example_7/share/ros2_control_demo_example_7/hook/cmake_prefix_path.ps1'
[9.078s] INFO:colcon.colcon_core.shell:Creating environment descriptor '/home/yuzhench/Desktop/Intership/smart_arm/arm_sim_ws/install/ros2_control_demo_example_7/share/ros2_control_demo_example_7/hook/cmake_prefix_path.dsv'
[9.078s] INFO:colcon.colcon_core.shell:Creating environment hook '/home/yuzhench/Desktop/Intership/smart_arm/arm_sim_ws/install/ros2_control_demo_example_7/share/ros2_control_demo_example_7/hook/cmake_prefix_path.sh'
[9.079s] Level 1:colcon.colcon_core.environment:checking '/home/yuzhench/Desktop/Intership/smart_arm/arm_sim_ws/install/ros2_control_demo_example_7/lib'
[9.079s] Level 1:colcon.colcon_core.shell:create_environment_hook('ros2_control_demo_example_7', 'ld_library_path_lib')
[9.079s] INFO:colcon.colcon_core.shell:Creating environment hook '/home/yuzhench/Desktop/Intership/smart_arm/arm_sim_ws/install/ros2_control_demo_example_7/share/ros2_control_demo_example_7/hook/ld_library_path_lib.ps1'
[9.080s] INFO:colcon.colcon_core.shell:Creating environment descriptor '/home/yuzhench/Desktop/Intership/smart_arm/arm_sim_ws/install/ros2_control_demo_example_7/share/ros2_control_demo_example_7/hook/ld_library_path_lib.dsv'
[9.080s] INFO:colcon.colcon_core.shell:Creating environment hook '/home/yuzhench/Desktop/Intership/smart_arm/arm_sim_ws/install/ros2_control_demo_example_7/share/ros2_control_demo_example_7/hook/ld_library_path_lib.sh'
[9.080s] Level 1:colcon.colcon_core.environment:checking '/home/yuzhench/Desktop/Intership/smart_arm/arm_sim_ws/install/ros2_control_demo_example_7/bin'
[9.080s] Level 1:colcon.colcon_core.environment:checking '/home/yuzhench/Desktop/Intership/smart_arm/arm_sim_ws/install/ros2_control_demo_example_7/lib/pkgconfig/ros2_control_demo_example_7.pc'
[9.081s] Level 1:colcon.colcon_core.environment:checking '/home/yuzhench/Desktop/Intership/smart_arm/arm_sim_ws/install/ros2_control_demo_example_7/lib/python3.10/site-packages'
[9.081s] Level 1:colcon.colcon_core.environment:checking '/home/yuzhench/Desktop/Intership/smart_arm/arm_sim_ws/install/ros2_control_demo_example_7/bin'
[9.081s] INFO:colcon.colcon_core.shell:Creating package script '/home/yuzhench/Desktop/Intership/smart_arm/arm_sim_ws/install/ros2_control_demo_example_7/share/ros2_control_demo_example_7/package.ps1'
[9.082s] INFO:colcon.colcon_core.shell:Creating package descriptor '/home/yuzhench/Desktop/Intership/smart_arm/arm_sim_ws/install/ros2_control_demo_example_7/share/ros2_control_demo_example_7/package.dsv'
[9.082s] INFO:colcon.colcon_core.shell:Creating package script '/home/yuzhench/Desktop/Intership/smart_arm/arm_sim_ws/install/ros2_control_demo_example_7/share/ros2_control_demo_example_7/package.sh'
[9.083s] INFO:colcon.colcon_core.shell:Creating package script '/home/yuzhench/Desktop/Intership/smart_arm/arm_sim_ws/install/ros2_control_demo_example_7/share/ros2_control_demo_example_7/package.bash'
[9.083s] INFO:colcon.colcon_core.shell:Creating package script '/home/yuzhench/Desktop/Intership/smart_arm/arm_sim_ws/install/ros2_control_demo_example_7/share/ros2_control_demo_example_7/package.zsh'
[9.083s] Level 1:colcon.colcon_core.environment:create_file_with_runtime_dependencies(/home/yuzhench/Desktop/Intership/smart_arm/arm_sim_ws/install/ros2_control_demo_example_7/share/colcon-core/packages/ros2_control_demo_example_7)
[9.084s] Level 1:colcon.colcon_core.environment:create_environment_scripts_only(ros2_control_demo_example_7)
[9.084s] Level 1:colcon.colcon_core.environment:checking '/home/yuzhench/Desktop/Intership/smart_arm/arm_sim_ws/install/ros2_control_demo_example_7' for CMake module files
[9.085s] Level 1:colcon.colcon_core.environment:checking '/home/yuzhench/Desktop/Intership/smart_arm/arm_sim_ws/install/ros2_control_demo_example_7' for CMake config files
[9.086s] Level 1:colcon.colcon_core.shell:create_environment_hook('ros2_control_demo_example_7', 'cmake_prefix_path')
[9.086s] INFO:colcon.colcon_core.shell:Creating environment hook '/home/yuzhench/Desktop/Intership/smart_arm/arm_sim_ws/install/ros2_control_demo_example_7/share/ros2_control_demo_example_7/hook/cmake_prefix_path.ps1'
[9.087s] INFO:colcon.colcon_core.shell:Creating environment descriptor '/home/yuzhench/Desktop/Intership/smart_arm/arm_sim_ws/install/ros2_control_demo_example_7/share/ros2_control_demo_example_7/hook/cmake_prefix_path.dsv'
[9.087s] INFO:colcon.colcon_core.shell:Creating environment hook '/home/yuzhench/Desktop/Intership/smart_arm/arm_sim_ws/install/ros2_control_demo_example_7/share/ros2_control_demo_example_7/hook/cmake_prefix_path.sh'
[9.088s] Level 1:colcon.colcon_core.environment:checking '/home/yuzhench/Desktop/Intership/smart_arm/arm_sim_ws/install/ros2_control_demo_example_7/lib'
[9.088s] Level 1:colcon.colcon_core.shell:create_environment_hook('ros2_control_demo_example_7', 'ld_library_path_lib')
[9.088s] INFO:colcon.colcon_core.shell:Creating environment hook '/home/yuzhench/Desktop/Intership/smart_arm/arm_sim_ws/install/ros2_control_demo_example_7/share/ros2_control_demo_example_7/hook/ld_library_path_lib.ps1'
[9.089s] INFO:colcon.colcon_core.shell:Creating environment descriptor '/home/yuzhench/Desktop/Intership/smart_arm/arm_sim_ws/install/ros2_control_demo_example_7/share/ros2_control_demo_example_7/hook/ld_library_path_lib.dsv'
[9.089s] INFO:colcon.colcon_core.shell:Creating environment hook '/home/yuzhench/Desktop/Intership/smart_arm/arm_sim_ws/install/ros2_control_demo_example_7/share/ros2_control_demo_example_7/hook/ld_library_path_lib.sh'
[9.090s] Level 1:colcon.colcon_core.environment:checking '/home/yuzhench/Desktop/Intership/smart_arm/arm_sim_ws/install/ros2_control_demo_example_7/bin'
[9.090s] Level 1:colcon.colcon_core.environment:checking '/home/yuzhench/Desktop/Intership/smart_arm/arm_sim_ws/install/ros2_control_demo_example_7/lib/pkgconfig/ros2_control_demo_example_7.pc'
[9.090s] Level 1:colcon.colcon_core.environment:checking '/home/yuzhench/Desktop/Intership/smart_arm/arm_sim_ws/install/ros2_control_demo_example_7/lib/python3.10/site-packages'
[9.090s] Level 1:colcon.colcon_core.environment:checking '/home/yuzhench/Desktop/Intership/smart_arm/arm_sim_ws/install/ros2_control_demo_example_7/bin'
[9.091s] INFO:colcon.colcon_core.shell:Creating package script '/home/yuzhench/Desktop/Intership/smart_arm/arm_sim_ws/install/ros2_control_demo_example_7/share/ros2_control_demo_example_7/package.ps1'
[9.091s] INFO:colcon.colcon_core.shell:Creating package descriptor '/home/yuzhench/Desktop/Intership/smart_arm/arm_sim_ws/install/ros2_control_demo_example_7/share/ros2_control_demo_example_7/package.dsv'
[9.092s] INFO:colcon.colcon_core.shell:Creating package script '/home/yuzhench/Desktop/Intership/smart_arm/arm_sim_ws/install/ros2_control_demo_example_7/share/ros2_control_demo_example_7/package.sh'
[9.093s] INFO:colcon.colcon_core.shell:Creating package script '/home/yuzhench/Desktop/Intership/smart_arm/arm_sim_ws/install/ros2_control_demo_example_7/share/ros2_control_demo_example_7/package.bash'
[9.093s] INFO:colcon.colcon_core.shell:Creating package script '/home/yuzhench/Desktop/Intership/smart_arm/arm_sim_ws/install/ros2_control_demo_example_7/share/ros2_control_demo_example_7/package.zsh'
[9.093s] Level 1:colcon.colcon_core.environment:create_file_with_runtime_dependencies(/home/yuzhench/Desktop/Intership/smart_arm/arm_sim_ws/install/ros2_control_demo_example_7/share/colcon-core/packages/ros2_control_demo_example_7)
[12.426s] DEBUG:colcon.colcon_core.event_handler.log_command:Invoked command in '/home/yuzhench/Desktop/Intership/smart_arm/arm_sim_ws/build/traj_demo' returned '0': CMAKE_PREFIX_PATH=/home/yuzhench/Desktop/Intership/smart_arm/arm_sim_ws/install/movit_robot_arm_sim:/home/yuzhench/Desktop/Intership/smart_arm/arm_sim_ws/install/arm_sim_pkg:/home/yuzhench/Desktop/Intership/smart_arm/arm_sim_ws/install/traj_demo:/home/yuzhench/Desktop/Intership/smart_arm/arm_sim_ws/install/ros2_control_demo_example_7:/home/yuzhench/Desktop/Intership/smart_arm/arm_sim_ws/install/robot_bringup:/opt/ros/humble LD_LIBRARY_PATH=/home/yuzhench/Desktop/Intership/smart_arm/arm_sim_ws/install/arm_sim_pkg/lib:/home/yuzhench/Desktop/Intership/smart_arm/arm_sim_ws/install/ros2_control_demo_example_7/lib:/opt/ros/humble/opt/rviz_ogre_vendor/lib:/opt/ros/humble/lib/x86_64-linux-gnu:/opt/ros/humble/lib /usr/bin/cmake --build /home/yuzhench/Desktop/Intership/smart_arm/arm_sim_ws/build/traj_demo -- -j16 -l16
[12.427s] DEBUG:colcon.colcon_core.event_handler.log_command:Invoking command in '/home/yuzhench/Desktop/Intership/smart_arm/arm_sim_ws/build/traj_demo': CMAKE_PREFIX_PATH=/home/yuzhench/Desktop/Intership/smart_arm/arm_sim_ws/install/movit_robot_arm_sim:/home/yuzhench/Desktop/Intership/smart_arm/arm_sim_ws/install/arm_sim_pkg:/home/yuzhench/Desktop/Intership/smart_arm/arm_sim_ws/install/traj_demo:/home/yuzhench/Desktop/Intership/smart_arm/arm_sim_ws/install/ros2_control_demo_example_7:/home/yuzhench/Desktop/Intership/smart_arm/arm_sim_ws/install/robot_bringup:/opt/ros/humble LD_LIBRARY_PATH=/home/yuzhench/Desktop/Intership/smart_arm/arm_sim_ws/install/arm_sim_pkg/lib:/home/yuzhench/Desktop/Intership/smart_arm/arm_sim_ws/install/ros2_control_demo_example_7/lib:/opt/ros/humble/opt/rviz_ogre_vendor/lib:/opt/ros/humble/lib/x86_64-linux-gnu:/opt/ros/humble/lib /usr/bin/cmake --install /home/yuzhench/Desktop/Intership/smart_arm/arm_sim_ws/build/traj_demo
[12.554s] Level 1:colcon.colcon_core.environment:create_environment_scripts_only(traj_demo)
[12.555s] Level 1:colcon.colcon_core.environment:checking '/home/yuzhench/Desktop/Intership/smart_arm/arm_sim_ws/install/traj_demo' for CMake module files
[12.556s] DEBUG:colcon.colcon_core.event_handler.log_command:Invoked command in '/home/yuzhench/Desktop/Intership/smart_arm/arm_sim_ws/build/traj_demo' returned '0': CMAKE_PREFIX_PATH=/home/yuzhench/Desktop/Intership/smart_arm/arm_sim_ws/install/movit_robot_arm_sim:/home/yuzhench/Desktop/Intership/smart_arm/arm_sim_ws/install/arm_sim_pkg:/home/yuzhench/Desktop/Intership/smart_arm/arm_sim_ws/install/traj_demo:/home/yuzhench/Desktop/Intership/smart_arm/arm_sim_ws/install/ros2_control_demo_example_7:/home/yuzhench/Desktop/Intership/smart_arm/arm_sim_ws/install/robot_bringup:/opt/ros/humble LD_LIBRARY_PATH=/home/yuzhench/Desktop/Intership/smart_arm/arm_sim_ws/install/arm_sim_pkg/lib:/home/yuzhench/Desktop/Intership/smart_arm/arm_sim_ws/install/ros2_control_demo_example_7/lib:/opt/ros/humble/opt/rviz_ogre_vendor/lib:/opt/ros/humble/lib/x86_64-linux-gnu:/opt/ros/humble/lib /usr/bin/cmake --install /home/yuzhench/Desktop/Intership/smart_arm/arm_sim_ws/build/traj_demo
[12.556s] Level 1:colcon.colcon_core.environment:checking '/home/yuzhench/Desktop/Intership/smart_arm/arm_sim_ws/install/traj_demo' for CMake config files
[12.557s] Level 1:colcon.colcon_core.shell:create_environment_hook('traj_demo', 'cmake_prefix_path')
[12.558s] INFO:colcon.colcon_core.shell:Creating environment hook '/home/yuzhench/Desktop/Intership/smart_arm/arm_sim_ws/install/traj_demo/share/traj_demo/hook/cmake_prefix_path.ps1'
[12.558s] INFO:colcon.colcon_core.shell:Creating environment descriptor '/home/yuzhench/Desktop/Intership/smart_arm/arm_sim_ws/install/traj_demo/share/traj_demo/hook/cmake_prefix_path.dsv'
[12.559s] INFO:colcon.colcon_core.shell:Creating environment hook '/home/yuzhench/Desktop/Intership/smart_arm/arm_sim_ws/install/traj_demo/share/traj_demo/hook/cmake_prefix_path.sh'
[12.560s] Level 1:colcon.colcon_core.environment:checking '/home/yuzhench/Desktop/Intership/smart_arm/arm_sim_ws/install/traj_demo/lib'
[12.560s] Level 1:colcon.colcon_core.environment:checking '/home/yuzhench/Desktop/Intership/smart_arm/arm_sim_ws/install/traj_demo/bin'
[12.560s] Level 1:colcon.colcon_core.environment:checking '/home/yuzhench/Desktop/Intership/smart_arm/arm_sim_ws/install/traj_demo/lib/pkgconfig/traj_demo.pc'
[12.560s] Level 1:colcon.colcon_core.environment:checking '/home/yuzhench/Desktop/Intership/smart_arm/arm_sim_ws/install/traj_demo/lib/python3.10/site-packages'
[12.561s] Level 1:colcon.colcon_core.environment:checking '/home/yuzhench/Desktop/Intership/smart_arm/arm_sim_ws/install/traj_demo/bin'
[12.561s] INFO:colcon.colcon_core.shell:Creating package script '/home/yuzhench/Desktop/Intership/smart_arm/arm_sim_ws/install/traj_demo/share/traj_demo/package.ps1'
[12.562s] INFO:colcon.colcon_core.shell:Creating package descriptor '/home/yuzhench/Desktop/Intership/smart_arm/arm_sim_ws/install/traj_demo/share/traj_demo/package.dsv'
[12.562s] INFO:colcon.colcon_core.shell:Creating package script '/home/yuzhench/Desktop/Intership/smart_arm/arm_sim_ws/install/traj_demo/share/traj_demo/package.sh'
[12.563s] INFO:colcon.colcon_core.shell:Creating package script '/home/yuzhench/Desktop/Intership/smart_arm/arm_sim_ws/install/traj_demo/share/traj_demo/package.bash'
[12.563s] INFO:colcon.colcon_core.shell:Creating package script '/home/yuzhench/Desktop/Intership/smart_arm/arm_sim_ws/install/traj_demo/share/traj_demo/package.zsh'
[12.564s] Level 1:colcon.colcon_core.environment:create_file_with_runtime_dependencies(/home/yuzhench/Desktop/Intership/smart_arm/arm_sim_ws/install/traj_demo/share/colcon-core/packages/traj_demo)
[12.565s] Level 1:colcon.colcon_core.environment:create_environment_scripts_only(traj_demo)
[12.565s] Level 1:colcon.colcon_core.environment:checking '/home/yuzhench/Desktop/Intership/smart_arm/arm_sim_ws/install/traj_demo' for CMake module files
[12.566s] Level 1:colcon.colcon_core.environment:checking '/home/yuzhench/Desktop/Intership/smart_arm/arm_sim_ws/install/traj_demo' for CMake config files
[12.566s] Level 1:colcon.colcon_core.shell:create_environment_hook('traj_demo', 'cmake_prefix_path')
[12.567s] INFO:colcon.colcon_core.shell:Creating environment hook '/home/yuzhench/Desktop/Intership/smart_arm/arm_sim_ws/install/traj_demo/share/traj_demo/hook/cmake_prefix_path.ps1'
[12.567s] INFO:colcon.colcon_core.shell:Creating environment descriptor '/home/yuzhench/Desktop/Intership/smart_arm/arm_sim_ws/install/traj_demo/share/traj_demo/hook/cmake_prefix_path.dsv'
[12.568s] INFO:colcon.colcon_core.shell:Creating environment hook '/home/yuzhench/Desktop/Intership/smart_arm/arm_sim_ws/install/traj_demo/share/traj_demo/hook/cmake_prefix_path.sh'
[12.569s] Level 1:colcon.colcon_core.environment:checking '/home/yuzhench/Desktop/Intership/smart_arm/arm_sim_ws/install/traj_demo/lib'
[12.569s] Level 1:colcon.colcon_core.environment:checking '/home/yuzhench/Desktop/Intership/smart_arm/arm_sim_ws/install/traj_demo/bin'
[12.569s] Level 1:colcon.colcon_core.environment:checking '/home/yuzhench/Desktop/Intership/smart_arm/arm_sim_ws/install/traj_demo/lib/pkgconfig/traj_demo.pc'
[12.569s] Level 1:colcon.colcon_core.environment:checking '/home/yuzhench/Desktop/Intership/smart_arm/arm_sim_ws/install/traj_demo/lib/python3.10/site-packages'
[12.569s] Level 1:colcon.colcon_core.environment:checking '/home/yuzhench/Desktop/Intership/smart_arm/arm_sim_ws/install/traj_demo/bin'
[12.570s] INFO:colcon.colcon_core.shell:Creating package script '/home/yuzhench/Desktop/Intership/smart_arm/arm_sim_ws/install/traj_demo/share/traj_demo/package.ps1'
[12.570s] INFO:colcon.colcon_core.shell:Creating package descriptor '/home/yuzhench/Desktop/Intership/smart_arm/arm_sim_ws/install/traj_demo/share/traj_demo/package.dsv'
[12.571s] INFO:colcon.colcon_core.shell:Creating package script '/home/yuzhench/Desktop/Intership/smart_arm/arm_sim_ws/install/traj_demo/share/traj_demo/package.sh'
[12.572s] INFO:colcon.colcon_core.shell:Creating package script '/home/yuzhench/Desktop/Intership/smart_arm/arm_sim_ws/install/traj_demo/share/traj_demo/package.bash'
[12.572s] INFO:colcon.colcon_core.shell:Creating package script '/home/yuzhench/Desktop/Intership/smart_arm/arm_sim_ws/install/traj_demo/share/traj_demo/package.zsh'
[12.573s] Level 1:colcon.colcon_core.environment:create_file_with_runtime_dependencies(/home/yuzhench/Desktop/Intership/smart_arm/arm_sim_ws/install/traj_demo/share/colcon-core/packages/traj_demo)
[12.574s] DEBUG:colcon.colcon_parallel_executor.executor.parallel:closing loop
[12.574s] DEBUG:colcon.colcon_parallel_executor.executor.parallel:loop closed
[12.574s] DEBUG:colcon.colcon_parallel_executor.executor.parallel:run_until_complete finished with '0'
[12.574s] DEBUG:colcon.colcon_core.event_reactor:joining thread
[12.582s] INFO:colcon.colcon_core.plugin_system:Skipping extension 'colcon_notification.desktop_notification.terminal_notifier': Not used on non-Darwin systems
[12.582s] INFO:colcon.colcon_core.plugin_system:Skipping extension 'colcon_notification.desktop_notification.win32': Not used on non-Windows systems
[12.582s] INFO:colcon.colcon_notification.desktop_notification:Sending desktop notification using 'notify2'
[12.598s] DEBUG:colcon.colcon_core.event_reactor:joined thread
[12.599s] INFO:colcon.colcon_core.shell:Creating prefix script '/home/yuzhench/Desktop/Intership/smart_arm/arm_sim_ws/install/local_setup.ps1'
[12.600s] INFO:colcon.colcon_core.shell:Creating prefix util module '/home/yuzhench/Desktop/Intership/smart_arm/arm_sim_ws/install/_local_setup_util_ps1.py'
[12.603s] INFO:colcon.colcon_core.shell:Creating prefix chain script '/home/yuzhench/Desktop/Intership/smart_arm/arm_sim_ws/install/setup.ps1'
[12.604s] INFO:colcon.colcon_core.shell:Creating prefix script '/home/yuzhench/Desktop/Intership/smart_arm/arm_sim_ws/install/local_setup.sh'
[12.605s] INFO:colcon.colcon_core.shell:Creating prefix util module '/home/yuzhench/Desktop/Intership/smart_arm/arm_sim_ws/install/_local_setup_util_sh.py'
[12.605s] INFO:colcon.colcon_core.shell:Creating prefix chain script '/home/yuzhench/Desktop/Intership/smart_arm/arm_sim_ws/install/setup.sh'
[12.607s] INFO:colcon.colcon_core.shell:Creating prefix script '/home/yuzhench/Desktop/Intership/smart_arm/arm_sim_ws/install/local_setup.bash'
[12.607s] INFO:colcon.colcon_core.shell:Creating prefix chain script '/home/yuzhench/Desktop/Intership/smart_arm/arm_sim_ws/install/setup.bash'
[12.609s] INFO:colcon.colcon_core.shell:Creating prefix script '/home/yuzhench/Desktop/Intership/smart_arm/arm_sim_ws/install/local_setup.zsh'
[12.610s] INFO:colcon.colcon_core.shell:Creating prefix chain script '/home/yuzhench/Desktop/Intership/smart_arm/arm_sim_ws/install/setup.zsh'
