[01m[K/home/yuzhench/Desktop/Intership/smart_arm/arm_sim_ws/src/traj_demo/src/dynamic_send_target.cpp:[m[K In member function ‘[01m[Kvoid PlanFromTopic::onGoal(trajectory_msgs::msg::JointTrajectoryPoint_<std::allocator<void> >::SharedPtr)[m[K’:
[01m[K/home/yuzhench/Desktop/Intership/smart_arm/arm_sim_ws/src/traj_demo/src/dynamic_send_target.cpp:45:11:[m[K [01;31m[Kerror: [m[K‘[01m[Kclass moveit::planning_interface::MoveGroupInterface[m[K’ has no member named ‘[01m[KwaitForCurrentState[m[K’; did you mean ‘[01m[KgetCurrentState[m[K’?
   45 |     mgi_->[01;31m[KwaitForCurrentState[m[K(rclcpp::Duration::from_seconds(2.0));
      |           [01;31m[K^~~~~~~~~~~~~~~~~~~[m[K
      |           [32m[KgetCurrentState[m[K
In file included from [01m[K/usr/include/x86_64-linux-gnu/c++/11/bits/c++allocator.h:33[m[K,
                 from [01m[K/usr/include/c++/11/bits/allocator.h:46[m[K,
                 from [01m[K/usr/include/c++/11/memory:64[m[K,
                 from [01m[K/opt/ros/humble/include/rclcpp/rclcpp/rclcpp.hpp:153[m[K,
                 from [01m[K/home/yuzhench/Desktop/Intership/smart_arm/arm_sim_ws/src/traj_demo/src/dynamic_send_target.cpp:1[m[K:
/usr/include/c++/11/ext/new_allocator.h: In instantiation of ‘[01m[Kvoid __gnu_cxx::new_allocator<_Tp>::construct(_Up*, _Args&& ...) [with _Up = PlanFromTopic; _Args = {rclcpp::NodeOptions&}; _Tp = PlanFromTopic][m[K’:
[01m[K/usr/include/c++/11/bits/alloc_traits.h:516:17:[m[K   required from ‘[01m[Kstatic void std::allocator_traits<std::allocator<_Tp1> >::construct(std::allocator_traits<std::allocator<_Tp1> >::allocator_type&, _Up*, _Args&& ...) [with _Up = PlanFromTopic; _Args = {rclcpp::NodeOptions&}; _Tp = PlanFromTopic; std::allocator_traits<std::allocator<_Tp1> >::allocator_type = std::allocator<PlanFromTopic>][m[K’
[01m[K/usr/include/c++/11/bits/shared_ptr_base.h:519:39:[m[K   required from ‘[01m[Kstd::_Sp_counted_ptr_inplace<_Tp, _Alloc, _Lp>::_Sp_counted_ptr_inplace(_Alloc, _Args&& ...) [with _Args = {rclcpp::NodeOptions&}; _Tp = PlanFromTopic; _Alloc = std::allocator<PlanFromTopic>; __gnu_cxx::_Lock_policy _Lp = __gnu_cxx::_S_atomic][m[K’
[01m[K/usr/include/c++/11/bits/shared_ptr_base.h:650:16:[m[K   required from ‘[01m[Kstd::__shared_count<_Lp>::__shared_count(_Tp*&, std::_Sp_alloc_shared_tag<_Alloc>, _Args&& ...) [with _Tp = PlanFromTopic; _Alloc = std::allocator<PlanFromTopic>; _Args = {rclcpp::NodeOptions&}; __gnu_cxx::_Lock_policy _Lp = __gnu_cxx::_S_atomic][m[K’
[01m[K/usr/include/c++/11/bits/shared_ptr_base.h:1342:14:[m[K   required from ‘[01m[Kstd::__shared_ptr<_Tp, _Lp>::__shared_ptr(std::_Sp_alloc_shared_tag<_Tp>, _Args&& ...) [with _Alloc = std::allocator<PlanFromTopic>; _Args = {rclcpp::NodeOptions&}; _Tp = PlanFromTopic; __gnu_cxx::_Lock_policy _Lp = __gnu_cxx::_S_atomic][m[K’
[01m[K/usr/include/c++/11/bits/shared_ptr.h:409:59:[m[K   required from ‘[01m[Kstd::shared_ptr<_Tp>::shared_ptr(std::_Sp_alloc_shared_tag<_Tp>, _Args&& ...) [with _Alloc = std::allocator<PlanFromTopic>; _Args = {rclcpp::NodeOptions&}; _Tp = PlanFromTopic][m[K’
[01m[K/usr/include/c++/11/bits/shared_ptr.h:862:14:[m[K   required from ‘[01m[Kstd::shared_ptr<_Tp> std::allocate_shared(const _Alloc&, _Args&& ...) [with _Tp = PlanFromTopic; _Alloc = std::allocator<PlanFromTopic>; _Args = {rclcpp::NodeOptions&}][m[K’
[01m[K/usr/include/c++/11/bits/shared_ptr.h:878:39:[m[K   required from ‘[01m[Kstd::shared_ptr<_Tp> std::make_shared(_Args&& ...) [with _Tp = PlanFromTopic; _Args = {rclcpp::NodeOptions&}][m[K’
[01m[K/home/yuzhench/Desktop/Intership/smart_arm/arm_sim_ws/src/traj_demo/src/dynamic_send_target.cpp:74:47:[m[K   required from here
[01m[K/usr/include/c++/11/ext/new_allocator.h:162:11:[m[K [01;31m[Kerror: [m[Kno matching function for call to ‘[01m[KPlanFromTopic::PlanFromTopic(rclcpp::NodeOptions&)[m[K’
  162 |         { [01;31m[K::new((void *)__p) _Up(std::forward<_Args>(__args)...)[m[K; }
      |           [01;31m[K^~~~~~~~~~~~~~~~~~~~~~~~~~~~~~~~~~~~~~~~~~~~~~~~~~~~~~[m[K
[01m[K/home/yuzhench/Desktop/Intership/smart_arm/arm_sim_ws/src/traj_demo/src/dynamic_send_target.cpp:8:3:[m[K [01;36m[Knote: [m[Kcandidate: ‘[01m[KPlanFromTopic::PlanFromTopic()[m[K’
    8 |   [01;36m[KPlanFromTopic[m[K()
      |   [01;36m[K^~~~~~~~~~~~~[m[K
[01m[K/home/yuzhench/Desktop/Intership/smart_arm/arm_sim_ws/src/traj_demo/src/dynamic_send_target.cpp:8:3:[m[K [01;36m[Knote: [m[K  candidate expects 0 arguments, 1 provided
gmake[2]: *** [CMakeFiles/dynamic_send_target.dir/build.make:76: CMakeFiles/dynamic_send_target.dir/src/dynamic_send_target.cpp.o] Error 1
gmake[1]: *** [CMakeFiles/Makefile2:165: CMakeFiles/dynamic_send_target.dir/all] Error 2
gmake: *** [Makefile:146: all] Error 2
