-- Found ament_cmake: 1.3.12 (/opt/ros/humble/share/ament_cmake/cmake)
-- Override CMake install command with custom implementation using symlinks instead of copying resources
-- Found rclcpp: 16.0.14 (/opt/ros/humble/share/rclcpp/cmake)
-- Found rosidl_generator_c: 3.1.7 (/opt/ros/humble/share/rosidl_generator_c/cmake)
-- Found rosidl_adapter: 3.1.7 (/opt/ros/humble/share/rosidl_adapter/cmake)
-- Found rosidl_generator_cpp: 3.1.7 (/opt/ros/humble/share/rosidl_generator_cpp/cmake)
-- Using all available rosidl_typesupport_c: rosidl_typesupport_fastrtps_c;rosidl_typesupport_introspection_c
-- Using all available rosidl_typesupport_cpp: rosidl_typesupport_fastrtps_cpp;rosidl_typesupport_introspection_cpp
-- Found rmw_implementation_cmake: 6.1.2 (/opt/ros/humble/share/rmw_implementation_cmake/cmake)
-- Found rmw_fastrtps_cpp: 6.2.8 (/opt/ros/humble/share/rmw_fastrtps_cpp/cmake)
-- Using RMW implementation 'rmw_fastrtps_cpp' as default
-- Found geometry_msgs: 4.9.0 (/opt/ros/humble/share/geometry_msgs/cmake)
-- Found moveit_ros_planning_interface: 2.5.9 (/opt/ros/humble/share/moveit_ros_planning_interface/cmake)
-- Found Boost: /usr/lib/x86_64-linux-gnu/cmake/Boost-1.74.0/BoostConfig.cmake (found version "1.74.0") found components: date_time filesystem program_options system thread 
-- Found Boost: /usr/lib/x86_64-linux-gnu/cmake/Boost-1.74.0/BoostConfig.cmake (found version "1.74.0") found components: chrono date_time filesystem iostreams program_options regex serialization system thread 
-- Found parameter_traits: 0.5.0 (/opt/ros/humble/share/parameter_traits/cmake)
-- Found rclcpp_lifecycle: 16.0.14 (/opt/ros/humble/share/rclcpp_lifecycle/cmake)
-- Found Boost: /usr/lib/x86_64-linux-gnu/cmake/Boost-1.74.0/BoostConfig.cmake (found version "1.74.0") found components: filesystem 
-- library: /usr/lib/x86_64-linux-gnu/libcurl.so
-- Ensuring Eigen3 include directory is part of orocos-kdl CMake target
-- Found Boost: /usr/lib/x86_64-linux-gnu/cmake/Boost-1.74.0/BoostConfig.cmake (found version "1.74.0") found components: system filesystem date_time program_options thread chrono 
-- Found Boost: /usr/lib/x86_64-linux-gnu/cmake/Boost-1.74.0/BoostConfig.cmake (found version "1.74.0") found components: thread system filesystem regex date_time program_options 
-- Found Boost: /usr/lib/x86_64-linux-gnu/cmake/Boost-1.74.0/BoostConfig.cmake (found version "1.74.0") found components: system filesystem date_time program_options thread 
-- Found ament_lint_auto: 0.12.14 (/opt/ros/humble/share/ament_lint_auto/cmake)
-- Added test 'cppcheck' to perform static code analysis on C / C++ code
-- Configured cppcheck include dirs: 
-- Configured cppcheck exclude dirs and/or files: 
-- Added test 'flake8' to check Python code syntax and style conventions
-- Added test 'lint_cmake' to check CMake code style
-- Added test 'pep257' to check Python code against some of the docstring style conventions in PEP 257
-- Added test 'uncrustify' to check C / C++ code style
-- Configured uncrustify additional arguments: 
-- Added test 'xmllint' to check XML markup files
-- Configuring done
-- Generating done
-- Build files have been written to: /home/yuzhench/Desktop/Intership/smart_arm/arm_sim_ws/build/traj_demo
[35m[1mConsolidate compiler generated dependencies of target plan_once[0m
[ 25%] [32mBuilding CXX object CMakeFiles/dynamic_send_target.dir/src/dynamic_send_target.cpp.o[0m
[ 75%] Built target plan_once
[01m[K/home/yuzhench/Desktop/Intership/smart_arm/arm_sim_ws/src/traj_demo/src/dynamic_send_target.cpp:[m[K In member function ‘[01m[Kvoid PlanFromTopic::onGoal(trajectory_msgs::msg::JointTrajectoryPoint_<std::allocator<void> >::SharedPtr)[m[K’:
[01m[K/home/yuzhench/Desktop/Intership/smart_arm/arm_sim_ws/src/traj_demo/src/dynamic_send_target.cpp:45:11:[m[K [01;31m[Kerror: [m[K‘[01m[Kclass moveit::planning_interface::MoveGroupInterface[m[K’ has no member named ‘[01m[KwaitForCurrentState[m[K’; did you mean ‘[01m[KgetCurrentState[m[K’?
   45 |     mgi_->[01;31m[KwaitForCurrentState[m[K(rclcpp::Duration::from_seconds(2.0));
      |           [01;31m[K^~~~~~~~~~~~~~~~~~~[m[K
      |           [32m[KgetCurrentState[m[K
In file included from [01m[K/usr/include/x86_64-linux-gnu/c++/11/bits/c++allocator.h:33[m[K,
                 from [01m[K/usr/include/c++/11/bits/allocator.h:46[m[K,
                 from [01m[K/usr/include/c++/11/memory:64[m[K,
                 from [01m[K/opt/ros/humble/include/rclcpp/rclcpp/rclcpp.hpp:153[m[K,
                 from [01m[K/home/yuzhench/Desktop/Intership/smart_arm/arm_sim_ws/src/traj_demo/src/dynamic_send_target.cpp:1[m[K:
/usr/include/c++/11/ext/new_allocator.h: In instantiation of ‘[01m[Kvoid __gnu_cxx::new_allocator<_Tp>::construct(_Up*, _Args&& ...) [with _Up = PlanFromTopic; _Args = {rclcpp::NodeOptions&}; _Tp = PlanFromTopic][m[K’:
[01m[K/usr/include/c++/11/bits/alloc_traits.h:516:17:[m[K   required from ‘[01m[Kstatic void std::allocator_traits<std::allocator<_Tp1> >::construct(std::allocator_traits<std::allocator<_Tp1> >::allocator_type&, _Up*, _Args&& ...) [with _Up = PlanFromTopic; _Args = {rclcpp::NodeOptions&}; _Tp = PlanFromTopic; std::allocator_traits<std::allocator<_Tp1> >::allocator_type = std::allocator<PlanFromTopic>][m[K’
[01m[K/usr/include/c++/11/bits/shared_ptr_base.h:519:39:[m[K   required from ‘[01m[Kstd::_Sp_counted_ptr_inplace<_Tp, _Alloc, _Lp>::_Sp_counted_ptr_inplace(_Alloc, _Args&& ...) [with _Args = {rclcpp::NodeOptions&}; _Tp = PlanFromTopic; _Alloc = std::allocator<PlanFromTopic>; __gnu_cxx::_Lock_policy _Lp = __gnu_cxx::_S_atomic][m[K’
[01m[K/usr/include/c++/11/bits/shared_ptr_base.h:650:16:[m[K   required from ‘[01m[Kstd::__shared_count<_Lp>::__shared_count(_Tp*&, std::_Sp_alloc_shared_tag<_Alloc>, _Args&& ...) [with _Tp = PlanFromTopic; _Alloc = std::allocator<PlanFromTopic>; _Args = {rclcpp::NodeOptions&}; __gnu_cxx::_Lock_policy _Lp = __gnu_cxx::_S_atomic][m[K’
[01m[K/usr/include/c++/11/bits/shared_ptr_base.h:1342:14:[m[K   required from ‘[01m[Kstd::__shared_ptr<_Tp, _Lp>::__shared_ptr(std::_Sp_alloc_shared_tag<_Tp>, _Args&& ...) [with _Alloc = std::allocator<PlanFromTopic>; _Args = {rclcpp::NodeOptions&}; _Tp = PlanFromTopic; __gnu_cxx::_Lock_policy _Lp = __gnu_cxx::_S_atomic][m[K’
[01m[K/usr/include/c++/11/bits/shared_ptr.h:409:59:[m[K   required from ‘[01m[Kstd::shared_ptr<_Tp>::shared_ptr(std::_Sp_alloc_shared_tag<_Tp>, _Args&& ...) [with _Alloc = std::allocator<PlanFromTopic>; _Args = {rclcpp::NodeOptions&}; _Tp = PlanFromTopic][m[K’
[01m[K/usr/include/c++/11/bits/shared_ptr.h:862:14:[m[K   required from ‘[01m[Kstd::shared_ptr<_Tp> std::allocate_shared(const _Alloc&, _Args&& ...) [with _Tp = PlanFromTopic; _Alloc = std::allocator<PlanFromTopic>; _Args = {rclcpp::NodeOptions&}][m[K’
[01m[K/usr/include/c++/11/bits/shared_ptr.h:878:39:[m[K   required from ‘[01m[Kstd::shared_ptr<_Tp> std::make_shared(_Args&& ...) [with _Tp = PlanFromTopic; _Args = {rclcpp::NodeOptions&}][m[K’
[01m[K/home/yuzhench/Desktop/Intership/smart_arm/arm_sim_ws/src/traj_demo/src/dynamic_send_target.cpp:74:47:[m[K   required from here
[01m[K/usr/include/c++/11/ext/new_allocator.h:162:11:[m[K [01;31m[Kerror: [m[Kno matching function for call to ‘[01m[KPlanFromTopic::PlanFromTopic(rclcpp::NodeOptions&)[m[K’
  162 |         { [01;31m[K::new((void *)__p) _Up(std::forward<_Args>(__args)...)[m[K; }
      |           [01;31m[K^~~~~~~~~~~~~~~~~~~~~~~~~~~~~~~~~~~~~~~~~~~~~~~~~~~~~~[m[K
[01m[K/home/yuzhench/Desktop/Intership/smart_arm/arm_sim_ws/src/traj_demo/src/dynamic_send_target.cpp:8:3:[m[K [01;36m[Knote: [m[Kcandidate: ‘[01m[KPlanFromTopic::PlanFromTopic()[m[K’
    8 |   [01;36m[KPlanFromTopic[m[K()
      |   [01;36m[K^~~~~~~~~~~~~[m[K
[01m[K/home/yuzhench/Desktop/Intership/smart_arm/arm_sim_ws/src/traj_demo/src/dynamic_send_target.cpp:8:3:[m[K [01;36m[Knote: [m[K  candidate expects 0 arguments, 1 provided
gmake[2]: *** [CMakeFiles/dynamic_send_target.dir/build.make:76: CMakeFiles/dynamic_send_target.dir/src/dynamic_send_target.cpp.o] Error 1
gmake[1]: *** [CMakeFiles/Makefile2:165: CMakeFiles/dynamic_send_target.dir/all] Error 2
gmake: *** [Makefile:146: all] Error 2
